11-Apr-2024 14:10:51.894 情報 [main] org.apache.catalina.startup.VersionLoggerListener.log Server version:        Apache Tomcat/8.5.11
11-Apr-2024 14:10:51.904 情報 [main] org.apache.catalina.startup.VersionLoggerListener.log Server built:          Jan 10 2017 21:02:52 UTC
11-Apr-2024 14:10:51.905 情報 [main] org.apache.catalina.startup.VersionLoggerListener.log Server number:         8.5.11.0
11-Apr-2024 14:10:51.905 情報 [main] org.apache.catalina.startup.VersionLoggerListener.log OS Name:               Windows 10
11-Apr-2024 14:10:51.905 情報 [main] org.apache.catalina.startup.VersionLoggerListener.log OS Version:            10.0
11-Apr-2024 14:10:51.905 情報 [main] org.apache.catalina.startup.VersionLoggerListener.log Architecture:          x86
11-Apr-2024 14:10:51.905 情報 [main] org.apache.catalina.startup.VersionLoggerListener.log Java Home:             C:\Program Files (x86)\Java\jdk1.8.0_121\jre
11-Apr-2024 14:10:51.905 情報 [main] org.apache.catalina.startup.VersionLoggerListener.log JVM Version:           1.8.0_121-b13
11-Apr-2024 14:10:51.906 情報 [main] org.apache.catalina.startup.VersionLoggerListener.log JVM Vendor:            Oracle Corporation
11-Apr-2024 14:10:51.906 情報 [main] org.apache.catalina.startup.VersionLoggerListener.log CATALINA_BASE:         C:\work\tomcat
11-Apr-2024 14:10:51.906 情報 [main] org.apache.catalina.startup.VersionLoggerListener.log CATALINA_HOME:         C:\work\tomcat
11-Apr-2024 14:10:51.907 情報 [main] org.apache.catalina.startup.VersionLoggerListener.log Command line argument: -Djava.util.logging.config.file=C:\work\tomcat\conf\logging.properties
11-Apr-2024 14:10:51.907 情報 [main] org.apache.catalina.startup.VersionLoggerListener.log Command line argument: -Djava.util.logging.manager=org.apache.juli.ClassLoaderLogManager
11-Apr-2024 14:10:51.908 情報 [main] org.apache.catalina.startup.VersionLoggerListener.log Command line argument: -Djdk.tls.ephemeralDHKeySize=2048
11-Apr-2024 14:10:51.908 情報 [main] org.apache.catalina.startup.VersionLoggerListener.log Command line argument: -Djava.protocol.handler.pkgs=org.apache.catalina.webresources
11-Apr-2024 14:10:51.908 情報 [main] org.apache.catalina.startup.VersionLoggerListener.log Command line argument: -Dfile.encoding=UTF-8
11-Apr-2024 14:10:51.908 情報 [main] org.apache.catalina.startup.VersionLoggerListener.log Command line argument: -Dcatalina.base=C:\work\tomcat
11-Apr-2024 14:10:51.908 情報 [main] org.apache.catalina.startup.VersionLoggerListener.log Command line argument: -Dcatalina.home=C:\work\tomcat
11-Apr-2024 14:10:51.908 情報 [main] org.apache.catalina.startup.VersionLoggerListener.log Command line argument: -Djava.io.tmpdir=C:\work\tomcat\temp
11-Apr-2024 14:10:51.910 情報 [main] org.apache.catalina.core.AprLifecycleListener.lifecycleEvent The APR based Apache Tomcat Native library which allows optimal performance in production environments was not found on the java.library.path: C:\Program Files (x86)\Java\jdk1.8.0_121\bin;C:\Windows\Sun\Java\bin;C:\Windows\system32;C:\Windows;C:\Program Files (x86)\Java\jdk1.8.0_121\bin;C:\Program Files (x86)\Common Files\Oracle\Java\javapath;C:\Windows\system32;C:\Windows;C:\Windows\System32\Wbem;C:\Windows\System32\WindowsPowerShell\v1.0\;C:\Windows\System32\OpenSSH\;C:\Program Files\Java\jdk-14\bin;C:\Program Files\nodejs\;C:\Users\y_oohara\AppData\Local\Programs\Python\Python39\Scripts\;C:\Users\y_oohara\AppData\Local\Programs\Python\Python39\;C:\Users\y_oohara\AppData\Local\Microsoft\WindowsApps;C:\Users\y_oohara\AppData\Local\Programs\Microsoft VS Code\bin;C:MinGW\bin;C:\Users\y_oohara\AppData\Roaming\npm;.
11-Apr-2024 14:10:52.161 情報 [main] org.apache.coyote.AbstractProtocol.init Initializing ProtocolHandler ["http-nio-8080"]
11-Apr-2024 14:10:52.717 情報 [main] org.apache.tomcat.util.net.NioSelectorPool.getSharedSelector Using a shared selector for servlet write/read
11-Apr-2024 14:10:52.725 情報 [main] org.apache.coyote.AbstractProtocol.init Initializing ProtocolHandler ["ajp-nio-8009"]
11-Apr-2024 14:10:52.728 情報 [main] org.apache.tomcat.util.net.NioSelectorPool.getSharedSelector Using a shared selector for servlet write/read
11-Apr-2024 14:10:52.729 情報 [main] org.apache.catalina.startup.Catalina.load Initialization processed in 1313 ms
11-Apr-2024 14:10:52.774 情報 [main] org.apache.catalina.core.StandardService.startInternal サービス Catalina を起動します
11-Apr-2024 14:10:52.774 情報 [main] org.apache.catalina.core.StandardEngine.startInternal Starting Servlet Engine: Apache Tomcat/8.5.11
11-Apr-2024 14:10:52.791 情報 [localhost-startStop-1] org.apache.catalina.startup.HostConfig.deployDirectory Webアプリケーションディレクトリ C:\work\tomcat\webapps\book を配備します
11-Apr-2024 14:10:53.521 重大 [localhost-startStop-1] org.apache.tomcat.util.digester.Digester.fatalError Parse Fatal Error at line 32 column 42: 要素タイプ"filter-pattern"は、対応する終了タグ"</filter-pattern>"で終了する必要があります。
 org.xml.sax.SAXParseException; systemId: file:/C:/work/tomcat/webapps/book/WEB-INF/web.xml; lineNumber: 32; columnNumber: 42; 要素タイプ"filter-pattern"は、対応する終了タグ"</filter-pattern>"で終了する必要があります。
	at com.sun.org.apache.xerces.internal.util.ErrorHandlerWrapper.createSAXParseException(ErrorHandlerWrapper.java:203)
	at com.sun.org.apache.xerces.internal.util.ErrorHandlerWrapper.fatalError(ErrorHandlerWrapper.java:177)
	at com.sun.org.apache.xerces.internal.impl.XMLErrorReporter.reportError(XMLErrorReporter.java:400)
	at com.sun.org.apache.xerces.internal.impl.XMLErrorReporter.reportError(XMLErrorReporter.java:327)
	at com.sun.org.apache.xerces.internal.impl.XMLScanner.reportFatalError(XMLScanner.java:1472)
	at com.sun.org.apache.xerces.internal.impl.XMLDocumentFragmentScannerImpl.scanEndElement(XMLDocumentFragmentScannerImpl.java:1749)
	at com.sun.org.apache.xerces.internal.impl.XMLDocumentFragmentScannerImpl$FragmentContentDriver.next(XMLDocumentFragmentScannerImpl.java:2967)
	at com.sun.org.apache.xerces.internal.impl.XMLDocumentScannerImpl.next(XMLDocumentScannerImpl.java:602)
	at com.sun.org.apache.xerces.internal.impl.XMLDocumentFragmentScannerImpl.scanDocument(XMLDocumentFragmentScannerImpl.java:505)
	at com.sun.org.apache.xerces.internal.parsers.XML11Configuration.parse(XML11Configuration.java:841)
	at com.sun.org.apache.xerces.internal.parsers.XML11Configuration.parse(XML11Configuration.java:770)
	at com.sun.org.apache.xerces.internal.parsers.XMLParser.parse(XMLParser.java:141)
	at com.sun.org.apache.xerces.internal.parsers.AbstractSAXParser.parse(AbstractSAXParser.java:1213)
	at com.sun.org.apache.xerces.internal.jaxp.SAXParserImpl$JAXPSAXParser.parse(SAXParserImpl.java:643)
	at org.apache.tomcat.util.digester.Digester.parse(Digester.java:1458)
	at org.apache.tomcat.util.descriptor.web.WebXmlParser.parseWebXml(WebXmlParser.java:119)
	at org.apache.catalina.startup.ContextConfig.webConfig(ContextConfig.java:1114)
	at org.apache.catalina.startup.ContextConfig.configureStart(ContextConfig.java:775)
	at org.apache.catalina.startup.ContextConfig.lifecycleEvent(ContextConfig.java:299)
	at org.apache.catalina.util.LifecycleBase.fireLifecycleEvent(LifecycleBase.java:94)
	at org.apache.catalina.core.StandardContext.startInternal(StandardContext.java:5087)
	at org.apache.catalina.util.LifecycleBase.start(LifecycleBase.java:150)
	at org.apache.catalina.core.ContainerBase.addChildInternal(ContainerBase.java:752)
	at org.apache.catalina.core.ContainerBase.addChild(ContainerBase.java:728)
	at org.apache.catalina.core.StandardHost.addChild(StandardHost.java:734)
	at org.apache.catalina.startup.HostConfig.deployDirectory(HostConfig.java:1107)
	at org.apache.catalina.startup.HostConfig$DeployDirectory.run(HostConfig.java:1841)
	at java.util.concurrent.Executors$RunnableAdapter.call(Executors.java:511)
	at java.util.concurrent.FutureTask.run(FutureTask.java:266)
	at java.util.concurrent.ThreadPoolExecutor.runWorker(ThreadPoolExecutor.java:1142)
	at java.util.concurrent.ThreadPoolExecutor$Worker.run(ThreadPoolExecutor.java:617)
	at java.lang.Thread.run(Thread.java:745)

11-Apr-2024 14:10:53.524 重大 [localhost-startStop-1] org.apache.tomcat.util.descriptor.web.WebXmlParser.parseWebXml Parse error in application web.xml file at file:/C:/work/tomcat/webapps/book/WEB-INF/web.xml
 org.xml.sax.SAXParseException; systemId: file:/C:/work/tomcat/webapps/book/WEB-INF/web.xml; lineNumber: 32; columnNumber: 42; 要素タイプ"filter-pattern"は、対応する終了タグ"</filter-pattern>"で終了する必要があります。
	at com.sun.org.apache.xerces.internal.util.ErrorHandlerWrapper.createSAXParseException(ErrorHandlerWrapper.java:203)
	at com.sun.org.apache.xerces.internal.util.ErrorHandlerWrapper.fatalError(ErrorHandlerWrapper.java:177)
	at com.sun.org.apache.xerces.internal.impl.XMLErrorReporter.reportError(XMLErrorReporter.java:400)
	at com.sun.org.apache.xerces.internal.impl.XMLErrorReporter.reportError(XMLErrorReporter.java:327)
	at com.sun.org.apache.xerces.internal.impl.XMLScanner.reportFatalError(XMLScanner.java:1472)
	at com.sun.org.apache.xerces.internal.impl.XMLDocumentFragmentScannerImpl.scanEndElement(XMLDocumentFragmentScannerImpl.java:1749)
	at com.sun.org.apache.xerces.internal.impl.XMLDocumentFragmentScannerImpl$FragmentContentDriver.next(XMLDocumentFragmentScannerImpl.java:2967)
	at com.sun.org.apache.xerces.internal.impl.XMLDocumentScannerImpl.next(XMLDocumentScannerImpl.java:602)
	at com.sun.org.apache.xerces.internal.impl.XMLDocumentFragmentScannerImpl.scanDocument(XMLDocumentFragmentScannerImpl.java:505)
	at com.sun.org.apache.xerces.internal.parsers.XML11Configuration.parse(XML11Configuration.java:841)
	at com.sun.org.apache.xerces.internal.parsers.XML11Configuration.parse(XML11Configuration.java:770)
	at com.sun.org.apache.xerces.internal.parsers.XMLParser.parse(XMLParser.java:141)
	at com.sun.org.apache.xerces.internal.parsers.AbstractSAXParser.parse(AbstractSAXParser.java:1213)
	at com.sun.org.apache.xerces.internal.jaxp.SAXParserImpl$JAXPSAXParser.parse(SAXParserImpl.java:643)
	at org.apache.tomcat.util.digester.Digester.parse(Digester.java:1458)
	at org.apache.tomcat.util.descriptor.web.WebXmlParser.parseWebXml(WebXmlParser.java:119)
	at org.apache.catalina.startup.ContextConfig.webConfig(ContextConfig.java:1114)
	at org.apache.catalina.startup.ContextConfig.configureStart(ContextConfig.java:775)
	at org.apache.catalina.startup.ContextConfig.lifecycleEvent(ContextConfig.java:299)
	at org.apache.catalina.util.LifecycleBase.fireLifecycleEvent(LifecycleBase.java:94)
	at org.apache.catalina.core.StandardContext.startInternal(StandardContext.java:5087)
	at org.apache.catalina.util.LifecycleBase.start(LifecycleBase.java:150)
	at org.apache.catalina.core.ContainerBase.addChildInternal(ContainerBase.java:752)
	at org.apache.catalina.core.ContainerBase.addChild(ContainerBase.java:728)
	at org.apache.catalina.core.StandardHost.addChild(StandardHost.java:734)
	at org.apache.catalina.startup.HostConfig.deployDirectory(HostConfig.java:1107)
	at org.apache.catalina.startup.HostConfig$DeployDirectory.run(HostConfig.java:1841)
	at java.util.concurrent.Executors$RunnableAdapter.call(Executors.java:511)
	at java.util.concurrent.FutureTask.run(FutureTask.java:266)
	at java.util.concurrent.ThreadPoolExecutor.runWorker(ThreadPoolExecutor.java:1142)
	at java.util.concurrent.ThreadPoolExecutor$Worker.run(ThreadPoolExecutor.java:617)
	at java.lang.Thread.run(Thread.java:745)

11-Apr-2024 14:10:53.525 重大 [localhost-startStop-1] org.apache.tomcat.util.descriptor.web.WebXmlParser.parseWebXml Occurred at line 32 column 42
11-Apr-2024 14:10:53.547 重大 [localhost-startStop-1] org.apache.catalina.startup.ContextConfig.configureStart 前のエラーのためにこのアプリケーションは利用できないようにマークします
11-Apr-2024 14:10:53.561 重大 [localhost-startStop-1] org.apache.catalina.core.StandardContext.startInternal One or more components marked the context as not correctly configured
11-Apr-2024 14:10:53.565 重大 [localhost-startStop-1] org.apache.catalina.core.StandardContext.startInternal 以前のエラーのためにコンテキストの起動が失敗しました [/book]
11-Apr-2024 14:10:53.586 情報 [localhost-startStop-1] org.apache.catalina.startup.HostConfig.deployDirectory Deployment of web application directory C:\work\tomcat\webapps\book has finished in 793 ms
11-Apr-2024 14:10:53.587 情報 [localhost-startStop-1] org.apache.catalina.startup.HostConfig.deployDirectory Webアプリケーションディレクトリ C:\work\tomcat\webapps\docs を配備します
11-Apr-2024 14:10:53.772 情報 [localhost-startStop-1] org.apache.catalina.startup.HostConfig.deployDirectory Deployment of web application directory C:\work\tomcat\webapps\docs has finished in 185 ms
11-Apr-2024 14:10:53.772 情報 [localhost-startStop-1] org.apache.catalina.startup.HostConfig.deployDirectory Webアプリケーションディレクトリ C:\work\tomcat\webapps\examples を配備します
11-Apr-2024 14:10:54.945 情報 [localhost-startStop-1] org.apache.catalina.startup.HostConfig.deployDirectory Deployment of web application directory C:\work\tomcat\webapps\examples has finished in 1,173 ms
11-Apr-2024 14:10:54.945 情報 [localhost-startStop-1] org.apache.catalina.startup.HostConfig.deployDirectory Webアプリケーションディレクトリ C:\work\tomcat\webapps\host-manager を配備します
11-Apr-2024 14:10:54.989 情報 [localhost-startStop-1] org.apache.catalina.startup.HostConfig.deployDirectory Deployment of web application directory C:\work\tomcat\webapps\host-manager has finished in 44 ms
11-Apr-2024 14:10:54.990 情報 [localhost-startStop-1] org.apache.catalina.startup.HostConfig.deployDirectory Webアプリケーションディレクトリ C:\work\tomcat\webapps\manager を配備します
11-Apr-2024 14:10:55.025 情報 [localhost-startStop-1] org.apache.catalina.startup.HostConfig.deployDirectory Deployment of web application directory C:\work\tomcat\webapps\manager has finished in 35 ms
11-Apr-2024 14:10:55.026 情報 [localhost-startStop-1] org.apache.catalina.startup.HostConfig.deployDirectory Webアプリケーションディレクトリ C:\work\tomcat\webapps\ROOT を配備します
11-Apr-2024 14:10:55.052 情報 [localhost-startStop-1] org.apache.catalina.startup.HostConfig.deployDirectory Deployment of web application directory C:\work\tomcat\webapps\ROOT has finished in 26 ms
11-Apr-2024 14:10:55.062 情報 [main] org.apache.coyote.AbstractProtocol.start Starting ProtocolHandler [http-nio-8080]
11-Apr-2024 14:10:55.083 情報 [main] org.apache.coyote.AbstractProtocol.start Starting ProtocolHandler [ajp-nio-8009]
11-Apr-2024 14:10:55.087 情報 [main] org.apache.catalina.startup.Catalina.start Server startup in 2357 ms
11-Apr-2024 14:16:44.497 情報 [main] org.apache.catalina.startup.VersionLoggerListener.log Server version:        Apache Tomcat/8.5.11
11-Apr-2024 14:16:44.500 情報 [main] org.apache.catalina.startup.VersionLoggerListener.log Server built:          Jan 10 2017 21:02:52 UTC
11-Apr-2024 14:16:44.502 情報 [main] org.apache.catalina.startup.VersionLoggerListener.log Server number:         8.5.11.0
11-Apr-2024 14:16:44.502 情報 [main] org.apache.catalina.startup.VersionLoggerListener.log OS Name:               Windows 10
11-Apr-2024 14:16:44.502 情報 [main] org.apache.catalina.startup.VersionLoggerListener.log OS Version:            10.0
11-Apr-2024 14:16:44.502 情報 [main] org.apache.catalina.startup.VersionLoggerListener.log Architecture:          x86
11-Apr-2024 14:16:44.502 情報 [main] org.apache.catalina.startup.VersionLoggerListener.log Java Home:             C:\Program Files (x86)\Java\jdk1.8.0_121\jre
11-Apr-2024 14:16:44.502 情報 [main] org.apache.catalina.startup.VersionLoggerListener.log JVM Version:           1.8.0_121-b13
11-Apr-2024 14:16:44.502 情報 [main] org.apache.catalina.startup.VersionLoggerListener.log JVM Vendor:            Oracle Corporation
11-Apr-2024 14:16:44.502 情報 [main] org.apache.catalina.startup.VersionLoggerListener.log CATALINA_BASE:         C:\work\tomcat
11-Apr-2024 14:16:44.502 情報 [main] org.apache.catalina.startup.VersionLoggerListener.log CATALINA_HOME:         C:\work\tomcat
11-Apr-2024 14:16:44.503 情報 [main] org.apache.catalina.startup.VersionLoggerListener.log Command line argument: -Djava.util.logging.config.file=C:\work\tomcat\conf\logging.properties
11-Apr-2024 14:16:44.503 情報 [main] org.apache.catalina.startup.VersionLoggerListener.log Command line argument: -Djava.util.logging.manager=org.apache.juli.ClassLoaderLogManager
11-Apr-2024 14:16:44.503 情報 [main] org.apache.catalina.startup.VersionLoggerListener.log Command line argument: -Djdk.tls.ephemeralDHKeySize=2048
11-Apr-2024 14:16:44.504 情報 [main] org.apache.catalina.startup.VersionLoggerListener.log Command line argument: -Djava.protocol.handler.pkgs=org.apache.catalina.webresources
11-Apr-2024 14:16:44.504 情報 [main] org.apache.catalina.startup.VersionLoggerListener.log Command line argument: -Dfile.encoding=UTF-8
11-Apr-2024 14:16:44.504 情報 [main] org.apache.catalina.startup.VersionLoggerListener.log Command line argument: -Dcatalina.base=C:\work\tomcat
11-Apr-2024 14:16:44.504 情報 [main] org.apache.catalina.startup.VersionLoggerListener.log Command line argument: -Dcatalina.home=C:\work\tomcat
11-Apr-2024 14:16:44.505 情報 [main] org.apache.catalina.startup.VersionLoggerListener.log Command line argument: -Djava.io.tmpdir=C:\work\tomcat\temp
11-Apr-2024 14:16:44.505 情報 [main] org.apache.catalina.core.AprLifecycleListener.lifecycleEvent The APR based Apache Tomcat Native library which allows optimal performance in production environments was not found on the java.library.path: C:\Program Files (x86)\Java\jdk1.8.0_121\bin;C:\Windows\Sun\Java\bin;C:\Windows\system32;C:\Windows;C:\Program Files (x86)\Java\jdk1.8.0_121\bin;C:\Program Files (x86)\Common Files\Oracle\Java\javapath;C:\Windows\system32;C:\Windows;C:\Windows\System32\Wbem;C:\Windows\System32\WindowsPowerShell\v1.0\;C:\Windows\System32\OpenSSH\;C:\Program Files\Java\jdk-14\bin;C:\Program Files\nodejs\;C:\Users\y_oohara\AppData\Local\Programs\Python\Python39\Scripts\;C:\Users\y_oohara\AppData\Local\Programs\Python\Python39\;C:\Users\y_oohara\AppData\Local\Microsoft\WindowsApps;C:\Users\y_oohara\AppData\Local\Programs\Microsoft VS Code\bin;C:MinGW\bin;C:\Users\y_oohara\AppData\Roaming\npm;.
11-Apr-2024 14:16:44.625 情報 [main] org.apache.coyote.AbstractProtocol.init Initializing ProtocolHandler ["http-nio-8080"]
11-Apr-2024 14:16:45.062 情報 [main] org.apache.tomcat.util.net.NioSelectorPool.getSharedSelector Using a shared selector for servlet write/read
11-Apr-2024 14:16:45.065 情報 [main] org.apache.coyote.AbstractProtocol.init Initializing ProtocolHandler ["ajp-nio-8009"]
11-Apr-2024 14:16:45.069 情報 [main] org.apache.tomcat.util.net.NioSelectorPool.getSharedSelector Using a shared selector for servlet write/read
11-Apr-2024 14:16:45.069 情報 [main] org.apache.catalina.startup.Catalina.load Initialization processed in 954 ms
11-Apr-2024 14:16:45.105 情報 [main] org.apache.catalina.core.StandardService.startInternal サービス Catalina を起動します
11-Apr-2024 14:16:45.105 情報 [main] org.apache.catalina.core.StandardEngine.startInternal Starting Servlet Engine: Apache Tomcat/8.5.11
11-Apr-2024 14:16:45.118 情報 [localhost-startStop-1] org.apache.catalina.startup.HostConfig.deployDirectory Webアプリケーションディレクトリ C:\work\tomcat\webapps\book を配備します
11-Apr-2024 14:16:45.374 重大 [localhost-startStop-1] org.apache.tomcat.util.digester.Digester.fatalError Parse Fatal Error at line 32 column 42: 要素タイプ"filter-pattern"は、対応する終了タグ"</filter-pattern>"で終了する必要があります。
 org.xml.sax.SAXParseException; systemId: file:/C:/work/tomcat/webapps/book/WEB-INF/web.xml; lineNumber: 32; columnNumber: 42; 要素タイプ"filter-pattern"は、対応する終了タグ"</filter-pattern>"で終了する必要があります。
	at com.sun.org.apache.xerces.internal.util.ErrorHandlerWrapper.createSAXParseException(ErrorHandlerWrapper.java:203)
	at com.sun.org.apache.xerces.internal.util.ErrorHandlerWrapper.fatalError(ErrorHandlerWrapper.java:177)
	at com.sun.org.apache.xerces.internal.impl.XMLErrorReporter.reportError(XMLErrorReporter.java:400)
	at com.sun.org.apache.xerces.internal.impl.XMLErrorReporter.reportError(XMLErrorReporter.java:327)
	at com.sun.org.apache.xerces.internal.impl.XMLScanner.reportFatalError(XMLScanner.java:1472)
	at com.sun.org.apache.xerces.internal.impl.XMLDocumentFragmentScannerImpl.scanEndElement(XMLDocumentFragmentScannerImpl.java:1749)
	at com.sun.org.apache.xerces.internal.impl.XMLDocumentFragmentScannerImpl$FragmentContentDriver.next(XMLDocumentFragmentScannerImpl.java:2967)
	at com.sun.org.apache.xerces.internal.impl.XMLDocumentScannerImpl.next(XMLDocumentScannerImpl.java:602)
	at com.sun.org.apache.xerces.internal.impl.XMLDocumentFragmentScannerImpl.scanDocument(XMLDocumentFragmentScannerImpl.java:505)
	at com.sun.org.apache.xerces.internal.parsers.XML11Configuration.parse(XML11Configuration.java:841)
	at com.sun.org.apache.xerces.internal.parsers.XML11Configuration.parse(XML11Configuration.java:770)
	at com.sun.org.apache.xerces.internal.parsers.XMLParser.parse(XMLParser.java:141)
	at com.sun.org.apache.xerces.internal.parsers.AbstractSAXParser.parse(AbstractSAXParser.java:1213)
	at com.sun.org.apache.xerces.internal.jaxp.SAXParserImpl$JAXPSAXParser.parse(SAXParserImpl.java:643)
	at org.apache.tomcat.util.digester.Digester.parse(Digester.java:1458)
	at org.apache.tomcat.util.descriptor.web.WebXmlParser.parseWebXml(WebXmlParser.java:119)
	at org.apache.catalina.startup.ContextConfig.webConfig(ContextConfig.java:1114)
	at org.apache.catalina.startup.ContextConfig.configureStart(ContextConfig.java:775)
	at org.apache.catalina.startup.ContextConfig.lifecycleEvent(ContextConfig.java:299)
	at org.apache.catalina.util.LifecycleBase.fireLifecycleEvent(LifecycleBase.java:94)
	at org.apache.catalina.core.StandardContext.startInternal(StandardContext.java:5087)
	at org.apache.catalina.util.LifecycleBase.start(LifecycleBase.java:150)
	at org.apache.catalina.core.ContainerBase.addChildInternal(ContainerBase.java:752)
	at org.apache.catalina.core.ContainerBase.addChild(ContainerBase.java:728)
	at org.apache.catalina.core.StandardHost.addChild(StandardHost.java:734)
	at org.apache.catalina.startup.HostConfig.deployDirectory(HostConfig.java:1107)
	at org.apache.catalina.startup.HostConfig$DeployDirectory.run(HostConfig.java:1841)
	at java.util.concurrent.Executors$RunnableAdapter.call(Executors.java:511)
	at java.util.concurrent.FutureTask.run(FutureTask.java:266)
	at java.util.concurrent.ThreadPoolExecutor.runWorker(ThreadPoolExecutor.java:1142)
	at java.util.concurrent.ThreadPoolExecutor$Worker.run(ThreadPoolExecutor.java:617)
	at java.lang.Thread.run(Thread.java:745)

11-Apr-2024 14:16:45.376 重大 [localhost-startStop-1] org.apache.tomcat.util.descriptor.web.WebXmlParser.parseWebXml Parse error in application web.xml file at file:/C:/work/tomcat/webapps/book/WEB-INF/web.xml
 org.xml.sax.SAXParseException; systemId: file:/C:/work/tomcat/webapps/book/WEB-INF/web.xml; lineNumber: 32; columnNumber: 42; 要素タイプ"filter-pattern"は、対応する終了タグ"</filter-pattern>"で終了する必要があります。
	at com.sun.org.apache.xerces.internal.util.ErrorHandlerWrapper.createSAXParseException(ErrorHandlerWrapper.java:203)
	at com.sun.org.apache.xerces.internal.util.ErrorHandlerWrapper.fatalError(ErrorHandlerWrapper.java:177)
	at com.sun.org.apache.xerces.internal.impl.XMLErrorReporter.reportError(XMLErrorReporter.java:400)
	at com.sun.org.apache.xerces.internal.impl.XMLErrorReporter.reportError(XMLErrorReporter.java:327)
	at com.sun.org.apache.xerces.internal.impl.XMLScanner.reportFatalError(XMLScanner.java:1472)
	at com.sun.org.apache.xerces.internal.impl.XMLDocumentFragmentScannerImpl.scanEndElement(XMLDocumentFragmentScannerImpl.java:1749)
	at com.sun.org.apache.xerces.internal.impl.XMLDocumentFragmentScannerImpl$FragmentContentDriver.next(XMLDocumentFragmentScannerImpl.java:2967)
	at com.sun.org.apache.xerces.internal.impl.XMLDocumentScannerImpl.next(XMLDocumentScannerImpl.java:602)
	at com.sun.org.apache.xerces.internal.impl.XMLDocumentFragmentScannerImpl.scanDocument(XMLDocumentFragmentScannerImpl.java:505)
	at com.sun.org.apache.xerces.internal.parsers.XML11Configuration.parse(XML11Configuration.java:841)
	at com.sun.org.apache.xerces.internal.parsers.XML11Configuration.parse(XML11Configuration.java:770)
	at com.sun.org.apache.xerces.internal.parsers.XMLParser.parse(XMLParser.java:141)
	at com.sun.org.apache.xerces.internal.parsers.AbstractSAXParser.parse(AbstractSAXParser.java:1213)
	at com.sun.org.apache.xerces.internal.jaxp.SAXParserImpl$JAXPSAXParser.parse(SAXParserImpl.java:643)
	at org.apache.tomcat.util.digester.Digester.parse(Digester.java:1458)
	at org.apache.tomcat.util.descriptor.web.WebXmlParser.parseWebXml(WebXmlParser.java:119)
	at org.apache.catalina.startup.ContextConfig.webConfig(ContextConfig.java:1114)
	at org.apache.catalina.startup.ContextConfig.configureStart(ContextConfig.java:775)
	at org.apache.catalina.startup.ContextConfig.lifecycleEvent(ContextConfig.java:299)
	at org.apache.catalina.util.LifecycleBase.fireLifecycleEvent(LifecycleBase.java:94)
	at org.apache.catalina.core.StandardContext.startInternal(StandardContext.java:5087)
	at org.apache.catalina.util.LifecycleBase.start(LifecycleBase.java:150)
	at org.apache.catalina.core.ContainerBase.addChildInternal(ContainerBase.java:752)
	at org.apache.catalina.core.ContainerBase.addChild(ContainerBase.java:728)
	at org.apache.catalina.core.StandardHost.addChild(StandardHost.java:734)
	at org.apache.catalina.startup.HostConfig.deployDirectory(HostConfig.java:1107)
	at org.apache.catalina.startup.HostConfig$DeployDirectory.run(HostConfig.java:1841)
	at java.util.concurrent.Executors$RunnableAdapter.call(Executors.java:511)
	at java.util.concurrent.FutureTask.run(FutureTask.java:266)
	at java.util.concurrent.ThreadPoolExecutor.runWorker(ThreadPoolExecutor.java:1142)
	at java.util.concurrent.ThreadPoolExecutor$Worker.run(ThreadPoolExecutor.java:617)
	at java.lang.Thread.run(Thread.java:745)

11-Apr-2024 14:16:45.377 重大 [localhost-startStop-1] org.apache.tomcat.util.descriptor.web.WebXmlParser.parseWebXml Occurred at line 32 column 42
11-Apr-2024 14:16:45.392 重大 [localhost-startStop-1] org.apache.catalina.startup.ContextConfig.configureStart 前のエラーのためにこのアプリケーションは利用できないようにマークします
11-Apr-2024 14:16:45.400 重大 [localhost-startStop-1] org.apache.catalina.core.StandardContext.startInternal One or more components marked the context as not correctly configured
11-Apr-2024 14:16:45.403 重大 [localhost-startStop-1] org.apache.catalina.core.StandardContext.startInternal 以前のエラーのためにコンテキストの起動が失敗しました [/book]
11-Apr-2024 14:16:45.422 情報 [localhost-startStop-1] org.apache.catalina.startup.HostConfig.deployDirectory Deployment of web application directory C:\work\tomcat\webapps\book has finished in 302 ms
11-Apr-2024 14:16:45.422 情報 [localhost-startStop-1] org.apache.catalina.startup.HostConfig.deployDirectory Webアプリケーションディレクトリ C:\work\tomcat\webapps\docs を配備します
11-Apr-2024 14:16:45.549 情報 [localhost-startStop-1] org.apache.catalina.startup.HostConfig.deployDirectory Deployment of web application directory C:\work\tomcat\webapps\docs has finished in 126 ms
11-Apr-2024 14:16:45.549 情報 [localhost-startStop-1] org.apache.catalina.startup.HostConfig.deployDirectory Webアプリケーションディレクトリ C:\work\tomcat\webapps\examples を配備します
11-Apr-2024 14:16:46.059 情報 [localhost-startStop-1] org.apache.catalina.startup.HostConfig.deployDirectory Deployment of web application directory C:\work\tomcat\webapps\examples has finished in 509 ms
11-Apr-2024 14:16:46.059 情報 [localhost-startStop-1] org.apache.catalina.startup.HostConfig.deployDirectory Webアプリケーションディレクトリ C:\work\tomcat\webapps\host-manager を配備します
11-Apr-2024 14:16:46.095 情報 [localhost-startStop-1] org.apache.catalina.startup.HostConfig.deployDirectory Deployment of web application directory C:\work\tomcat\webapps\host-manager has finished in 36 ms
11-Apr-2024 14:16:46.095 情報 [localhost-startStop-1] org.apache.catalina.startup.HostConfig.deployDirectory Webアプリケーションディレクトリ C:\work\tomcat\webapps\manager を配備します
11-Apr-2024 14:16:46.127 情報 [localhost-startStop-1] org.apache.catalina.startup.HostConfig.deployDirectory Deployment of web application directory C:\work\tomcat\webapps\manager has finished in 32 ms
11-Apr-2024 14:16:46.127 情報 [localhost-startStop-1] org.apache.catalina.startup.HostConfig.deployDirectory Webアプリケーションディレクトリ C:\work\tomcat\webapps\ROOT を配備します
11-Apr-2024 14:16:46.150 情報 [localhost-startStop-1] org.apache.catalina.startup.HostConfig.deployDirectory Deployment of web application directory C:\work\tomcat\webapps\ROOT has finished in 23 ms
11-Apr-2024 14:16:46.160 情報 [main] org.apache.coyote.AbstractProtocol.start Starting ProtocolHandler [http-nio-8080]
11-Apr-2024 14:16:46.167 情報 [main] org.apache.coyote.AbstractProtocol.start Starting ProtocolHandler [ajp-nio-8009]
11-Apr-2024 14:16:46.169 情報 [main] org.apache.catalina.startup.Catalina.start Server startup in 1100 ms
11-Apr-2024 14:21:46.283 情報 [Thread-5] org.apache.coyote.AbstractProtocol.pause Pausing ProtocolHandler ["http-nio-8080"]
11-Apr-2024 14:21:46.682 情報 [Thread-5] org.apache.coyote.AbstractProtocol.pause Pausing ProtocolHandler ["ajp-nio-8009"]
11-Apr-2024 14:21:47.100 情報 [Thread-5] org.apache.catalina.core.StandardService.stopInternal サービス Catalina を停止します
11-Apr-2024 14:21:47.138 情報 [Thread-5] org.apache.coyote.AbstractProtocol.stop Stopping ProtocolHandler ["http-nio-8080"]
11-Apr-2024 14:21:47.144 情報 [Thread-5] org.apache.coyote.AbstractProtocol.stop Stopping ProtocolHandler ["ajp-nio-8009"]
11-Apr-2024 14:21:47.145 情報 [Thread-5] org.apache.coyote.AbstractProtocol.destroy Destroying ProtocolHandler ["http-nio-8080"]
11-Apr-2024 14:21:47.147 情報 [Thread-5] org.apache.coyote.AbstractProtocol.destroy Destroying ProtocolHandler ["ajp-nio-8009"]
11-Apr-2024 14:21:49.245 情報 [main] org.apache.catalina.startup.VersionLoggerListener.log Server version:        Apache Tomcat/8.5.11
11-Apr-2024 14:21:49.249 情報 [main] org.apache.catalina.startup.VersionLoggerListener.log Server built:          Jan 10 2017 21:02:52 UTC
11-Apr-2024 14:21:49.250 情報 [main] org.apache.catalina.startup.VersionLoggerListener.log Server number:         8.5.11.0
11-Apr-2024 14:21:49.250 情報 [main] org.apache.catalina.startup.VersionLoggerListener.log OS Name:               Windows 10
11-Apr-2024 14:21:49.250 情報 [main] org.apache.catalina.startup.VersionLoggerListener.log OS Version:            10.0
11-Apr-2024 14:21:49.251 情報 [main] org.apache.catalina.startup.VersionLoggerListener.log Architecture:          x86
11-Apr-2024 14:21:49.251 情報 [main] org.apache.catalina.startup.VersionLoggerListener.log Java Home:             C:\Program Files (x86)\Java\jdk1.8.0_121\jre
11-Apr-2024 14:21:49.251 情報 [main] org.apache.catalina.startup.VersionLoggerListener.log JVM Version:           1.8.0_121-b13
11-Apr-2024 14:21:49.251 情報 [main] org.apache.catalina.startup.VersionLoggerListener.log JVM Vendor:            Oracle Corporation
11-Apr-2024 14:21:49.252 情報 [main] org.apache.catalina.startup.VersionLoggerListener.log CATALINA_BASE:         C:\work\tomcat
11-Apr-2024 14:21:49.252 情報 [main] org.apache.catalina.startup.VersionLoggerListener.log CATALINA_HOME:         C:\work\tomcat
11-Apr-2024 14:21:49.252 情報 [main] org.apache.catalina.startup.VersionLoggerListener.log Command line argument: -Djava.util.logging.config.file=C:\work\tomcat\conf\logging.properties
11-Apr-2024 14:21:49.253 情報 [main] org.apache.catalina.startup.VersionLoggerListener.log Command line argument: -Djava.util.logging.manager=org.apache.juli.ClassLoaderLogManager
11-Apr-2024 14:21:49.253 情報 [main] org.apache.catalina.startup.VersionLoggerListener.log Command line argument: -Djdk.tls.ephemeralDHKeySize=2048
11-Apr-2024 14:21:49.253 情報 [main] org.apache.catalina.startup.VersionLoggerListener.log Command line argument: -Djava.protocol.handler.pkgs=org.apache.catalina.webresources
11-Apr-2024 14:21:49.253 情報 [main] org.apache.catalina.startup.VersionLoggerListener.log Command line argument: -Dfile.encoding=UTF-8
11-Apr-2024 14:21:49.254 情報 [main] org.apache.catalina.startup.VersionLoggerListener.log Command line argument: -Dcatalina.base=C:\work\tomcat
11-Apr-2024 14:21:49.254 情報 [main] org.apache.catalina.startup.VersionLoggerListener.log Command line argument: -Dcatalina.home=C:\work\tomcat
11-Apr-2024 14:21:49.254 情報 [main] org.apache.catalina.startup.VersionLoggerListener.log Command line argument: -Djava.io.tmpdir=C:\work\tomcat\temp
11-Apr-2024 14:21:49.254 情報 [main] org.apache.catalina.core.AprLifecycleListener.lifecycleEvent The APR based Apache Tomcat Native library which allows optimal performance in production environments was not found on the java.library.path: C:\Program Files (x86)\Java\jdk1.8.0_121\bin;C:\Windows\Sun\Java\bin;C:\Windows\system32;C:\Windows;C:\Program Files (x86)\Java\jdk1.8.0_121\bin;C:\Program Files (x86)\Common Files\Oracle\Java\javapath;C:\Windows\system32;C:\Windows;C:\Windows\System32\Wbem;C:\Windows\System32\WindowsPowerShell\v1.0\;C:\Windows\System32\OpenSSH\;C:\Program Files\Java\jdk-14\bin;C:\Program Files\nodejs\;C:\Users\y_oohara\AppData\Local\Programs\Python\Python39\Scripts\;C:\Users\y_oohara\AppData\Local\Programs\Python\Python39\;C:\Users\y_oohara\AppData\Local\Microsoft\WindowsApps;C:\Users\y_oohara\AppData\Local\Programs\Microsoft VS Code\bin;C:MinGW\bin;C:\Users\y_oohara\AppData\Roaming\npm;.
11-Apr-2024 14:21:49.385 情報 [main] org.apache.coyote.AbstractProtocol.init Initializing ProtocolHandler ["http-nio-8080"]
11-Apr-2024 14:21:49.827 情報 [main] org.apache.tomcat.util.net.NioSelectorPool.getSharedSelector Using a shared selector for servlet write/read
11-Apr-2024 14:21:49.831 情報 [main] org.apache.coyote.AbstractProtocol.init Initializing ProtocolHandler ["ajp-nio-8009"]
11-Apr-2024 14:21:49.834 情報 [main] org.apache.tomcat.util.net.NioSelectorPool.getSharedSelector Using a shared selector for servlet write/read
11-Apr-2024 14:21:49.834 情報 [main] org.apache.catalina.startup.Catalina.load Initialization processed in 907 ms
11-Apr-2024 14:21:49.863 情報 [main] org.apache.catalina.core.StandardService.startInternal サービス Catalina を起動します
11-Apr-2024 14:21:49.863 情報 [main] org.apache.catalina.core.StandardEngine.startInternal Starting Servlet Engine: Apache Tomcat/8.5.11
11-Apr-2024 14:21:49.872 情報 [localhost-startStop-1] org.apache.catalina.startup.HostConfig.deployDirectory Webアプリケーションディレクトリ C:\work\tomcat\webapps\book を配備します
11-Apr-2024 14:21:50.068 重大 [localhost-startStop-1] org.apache.tomcat.util.digester.Digester.fatalError Parse Fatal Error at line 32 column 42: 要素タイプ"filter-pattern"は、対応する終了タグ"</filter-pattern>"で終了する必要があります。
 org.xml.sax.SAXParseException; systemId: file:/C:/work/tomcat/webapps/book/WEB-INF/web.xml; lineNumber: 32; columnNumber: 42; 要素タイプ"filter-pattern"は、対応する終了タグ"</filter-pattern>"で終了する必要があります。
	at com.sun.org.apache.xerces.internal.util.ErrorHandlerWrapper.createSAXParseException(ErrorHandlerWrapper.java:203)
	at com.sun.org.apache.xerces.internal.util.ErrorHandlerWrapper.fatalError(ErrorHandlerWrapper.java:177)
	at com.sun.org.apache.xerces.internal.impl.XMLErrorReporter.reportError(XMLErrorReporter.java:400)
	at com.sun.org.apache.xerces.internal.impl.XMLErrorReporter.reportError(XMLErrorReporter.java:327)
	at com.sun.org.apache.xerces.internal.impl.XMLScanner.reportFatalError(XMLScanner.java:1472)
	at com.sun.org.apache.xerces.internal.impl.XMLDocumentFragmentScannerImpl.scanEndElement(XMLDocumentFragmentScannerImpl.java:1749)
	at com.sun.org.apache.xerces.internal.impl.XMLDocumentFragmentScannerImpl$FragmentContentDriver.next(XMLDocumentFragmentScannerImpl.java:2967)
	at com.sun.org.apache.xerces.internal.impl.XMLDocumentScannerImpl.next(XMLDocumentScannerImpl.java:602)
	at com.sun.org.apache.xerces.internal.impl.XMLDocumentFragmentScannerImpl.scanDocument(XMLDocumentFragmentScannerImpl.java:505)
	at com.sun.org.apache.xerces.internal.parsers.XML11Configuration.parse(XML11Configuration.java:841)
	at com.sun.org.apache.xerces.internal.parsers.XML11Configuration.parse(XML11Configuration.java:770)
	at com.sun.org.apache.xerces.internal.parsers.XMLParser.parse(XMLParser.java:141)
	at com.sun.org.apache.xerces.internal.parsers.AbstractSAXParser.parse(AbstractSAXParser.java:1213)
	at com.sun.org.apache.xerces.internal.jaxp.SAXParserImpl$JAXPSAXParser.parse(SAXParserImpl.java:643)
	at org.apache.tomcat.util.digester.Digester.parse(Digester.java:1458)
	at org.apache.tomcat.util.descriptor.web.WebXmlParser.parseWebXml(WebXmlParser.java:119)
	at org.apache.catalina.startup.ContextConfig.webConfig(ContextConfig.java:1114)
	at org.apache.catalina.startup.ContextConfig.configureStart(ContextConfig.java:775)
	at org.apache.catalina.startup.ContextConfig.lifecycleEvent(ContextConfig.java:299)
	at org.apache.catalina.util.LifecycleBase.fireLifecycleEvent(LifecycleBase.java:94)
	at org.apache.catalina.core.StandardContext.startInternal(StandardContext.java:5087)
	at org.apache.catalina.util.LifecycleBase.start(LifecycleBase.java:150)
	at org.apache.catalina.core.ContainerBase.addChildInternal(ContainerBase.java:752)
	at org.apache.catalina.core.ContainerBase.addChild(ContainerBase.java:728)
	at org.apache.catalina.core.StandardHost.addChild(StandardHost.java:734)
	at org.apache.catalina.startup.HostConfig.deployDirectory(HostConfig.java:1107)
	at org.apache.catalina.startup.HostConfig$DeployDirectory.run(HostConfig.java:1841)
	at java.util.concurrent.Executors$RunnableAdapter.call(Executors.java:511)
	at java.util.concurrent.FutureTask.run(FutureTask.java:266)
	at java.util.concurrent.ThreadPoolExecutor.runWorker(ThreadPoolExecutor.java:1142)
	at java.util.concurrent.ThreadPoolExecutor$Worker.run(ThreadPoolExecutor.java:617)
	at java.lang.Thread.run(Thread.java:745)

11-Apr-2024 14:21:50.069 重大 [localhost-startStop-1] org.apache.tomcat.util.descriptor.web.WebXmlParser.parseWebXml Parse error in application web.xml file at file:/C:/work/tomcat/webapps/book/WEB-INF/web.xml
 org.xml.sax.SAXParseException; systemId: file:/C:/work/tomcat/webapps/book/WEB-INF/web.xml; lineNumber: 32; columnNumber: 42; 要素タイプ"filter-pattern"は、対応する終了タグ"</filter-pattern>"で終了する必要があります。
	at com.sun.org.apache.xerces.internal.util.ErrorHandlerWrapper.createSAXParseException(ErrorHandlerWrapper.java:203)
	at com.sun.org.apache.xerces.internal.util.ErrorHandlerWrapper.fatalError(ErrorHandlerWrapper.java:177)
	at com.sun.org.apache.xerces.internal.impl.XMLErrorReporter.reportError(XMLErrorReporter.java:400)
	at com.sun.org.apache.xerces.internal.impl.XMLErrorReporter.reportError(XMLErrorReporter.java:327)
	at com.sun.org.apache.xerces.internal.impl.XMLScanner.reportFatalError(XMLScanner.java:1472)
	at com.sun.org.apache.xerces.internal.impl.XMLDocumentFragmentScannerImpl.scanEndElement(XMLDocumentFragmentScannerImpl.java:1749)
	at com.sun.org.apache.xerces.internal.impl.XMLDocumentFragmentScannerImpl$FragmentContentDriver.next(XMLDocumentFragmentScannerImpl.java:2967)
	at com.sun.org.apache.xerces.internal.impl.XMLDocumentScannerImpl.next(XMLDocumentScannerImpl.java:602)
	at com.sun.org.apache.xerces.internal.impl.XMLDocumentFragmentScannerImpl.scanDocument(XMLDocumentFragmentScannerImpl.java:505)
	at com.sun.org.apache.xerces.internal.parsers.XML11Configuration.parse(XML11Configuration.java:841)
	at com.sun.org.apache.xerces.internal.parsers.XML11Configuration.parse(XML11Configuration.java:770)
	at com.sun.org.apache.xerces.internal.parsers.XMLParser.parse(XMLParser.java:141)
	at com.sun.org.apache.xerces.internal.parsers.AbstractSAXParser.parse(AbstractSAXParser.java:1213)
	at com.sun.org.apache.xerces.internal.jaxp.SAXParserImpl$JAXPSAXParser.parse(SAXParserImpl.java:643)
	at org.apache.tomcat.util.digester.Digester.parse(Digester.java:1458)
	at org.apache.tomcat.util.descriptor.web.WebXmlParser.parseWebXml(WebXmlParser.java:119)
	at org.apache.catalina.startup.ContextConfig.webConfig(ContextConfig.java:1114)
	at org.apache.catalina.startup.ContextConfig.configureStart(ContextConfig.java:775)
	at org.apache.catalina.startup.ContextConfig.lifecycleEvent(ContextConfig.java:299)
	at org.apache.catalina.util.LifecycleBase.fireLifecycleEvent(LifecycleBase.java:94)
	at org.apache.catalina.core.StandardContext.startInternal(StandardContext.java:5087)
	at org.apache.catalina.util.LifecycleBase.start(LifecycleBase.java:150)
	at org.apache.catalina.core.ContainerBase.addChildInternal(ContainerBase.java:752)
	at org.apache.catalina.core.ContainerBase.addChild(ContainerBase.java:728)
	at org.apache.catalina.core.StandardHost.addChild(StandardHost.java:734)
	at org.apache.catalina.startup.HostConfig.deployDirectory(HostConfig.java:1107)
	at org.apache.catalina.startup.HostConfig$DeployDirectory.run(HostConfig.java:1841)
	at java.util.concurrent.Executors$RunnableAdapter.call(Executors.java:511)
	at java.util.concurrent.FutureTask.run(FutureTask.java:266)
	at java.util.concurrent.ThreadPoolExecutor.runWorker(ThreadPoolExecutor.java:1142)
	at java.util.concurrent.ThreadPoolExecutor$Worker.run(ThreadPoolExecutor.java:617)
	at java.lang.Thread.run(Thread.java:745)

11-Apr-2024 14:21:50.070 重大 [localhost-startStop-1] org.apache.tomcat.util.descriptor.web.WebXmlParser.parseWebXml Occurred at line 32 column 42
11-Apr-2024 14:21:50.085 重大 [localhost-startStop-1] org.apache.catalina.startup.ContextConfig.configureStart 前のエラーのためにこのアプリケーションは利用できないようにマークします
11-Apr-2024 14:21:50.093 重大 [localhost-startStop-1] org.apache.catalina.core.StandardContext.startInternal One or more components marked the context as not correctly configured
11-Apr-2024 14:21:50.097 重大 [localhost-startStop-1] org.apache.catalina.core.StandardContext.startInternal 以前のエラーのためにコンテキストの起動が失敗しました [/book]
11-Apr-2024 14:21:50.104 情報 [localhost-startStop-1] org.apache.catalina.startup.HostConfig.deployDirectory Deployment of web application directory C:\work\tomcat\webapps\book has finished in 231 ms
11-Apr-2024 14:21:50.105 情報 [localhost-startStop-1] org.apache.catalina.startup.HostConfig.deployDirectory Webアプリケーションディレクトリ C:\work\tomcat\webapps\docs を配備します
11-Apr-2024 14:21:50.231 情報 [localhost-startStop-1] org.apache.catalina.startup.HostConfig.deployDirectory Deployment of web application directory C:\work\tomcat\webapps\docs has finished in 127 ms
11-Apr-2024 14:21:50.231 情報 [localhost-startStop-1] org.apache.catalina.startup.HostConfig.deployDirectory Webアプリケーションディレクトリ C:\work\tomcat\webapps\examples を配備します
11-Apr-2024 14:21:50.650 情報 [localhost-startStop-1] org.apache.catalina.startup.HostConfig.deployDirectory Deployment of web application directory C:\work\tomcat\webapps\examples has finished in 419 ms
11-Apr-2024 14:21:50.652 情報 [localhost-startStop-1] org.apache.catalina.startup.HostConfig.deployDirectory Webアプリケーションディレクトリ C:\work\tomcat\webapps\host-manager を配備します
11-Apr-2024 14:21:50.686 情報 [localhost-startStop-1] org.apache.catalina.startup.HostConfig.deployDirectory Deployment of web application directory C:\work\tomcat\webapps\host-manager has finished in 34 ms
11-Apr-2024 14:21:50.687 情報 [localhost-startStop-1] org.apache.catalina.startup.HostConfig.deployDirectory Webアプリケーションディレクトリ C:\work\tomcat\webapps\manager を配備します
11-Apr-2024 14:21:50.716 情報 [localhost-startStop-1] org.apache.catalina.startup.HostConfig.deployDirectory Deployment of web application directory C:\work\tomcat\webapps\manager has finished in 30 ms
11-Apr-2024 14:21:50.716 情報 [localhost-startStop-1] org.apache.catalina.startup.HostConfig.deployDirectory Webアプリケーションディレクトリ C:\work\tomcat\webapps\ROOT を配備します
11-Apr-2024 14:21:50.743 情報 [localhost-startStop-1] org.apache.catalina.startup.HostConfig.deployDirectory Deployment of web application directory C:\work\tomcat\webapps\ROOT has finished in 27 ms
11-Apr-2024 14:21:50.746 情報 [main] org.apache.coyote.AbstractProtocol.start Starting ProtocolHandler [http-nio-8080]
11-Apr-2024 14:21:50.754 情報 [main] org.apache.coyote.AbstractProtocol.start Starting ProtocolHandler [ajp-nio-8009]
11-Apr-2024 14:21:50.756 情報 [main] org.apache.catalina.startup.Catalina.start Server startup in 922 ms
11-Apr-2024 14:26:26.667 情報 [Thread-5] org.apache.coyote.AbstractProtocol.pause Pausing ProtocolHandler ["http-nio-8080"]
11-Apr-2024 14:26:27.123 情報 [Thread-5] org.apache.coyote.AbstractProtocol.pause Pausing ProtocolHandler ["ajp-nio-8009"]
11-Apr-2024 14:26:27.558 情報 [Thread-5] org.apache.catalina.core.StandardService.stopInternal サービス Catalina を停止します
11-Apr-2024 14:26:27.586 情報 [Thread-5] org.apache.coyote.AbstractProtocol.stop Stopping ProtocolHandler ["http-nio-8080"]
11-Apr-2024 14:26:27.589 情報 [Thread-5] org.apache.coyote.AbstractProtocol.stop Stopping ProtocolHandler ["ajp-nio-8009"]
11-Apr-2024 14:26:27.591 情報 [Thread-5] org.apache.coyote.AbstractProtocol.destroy Destroying ProtocolHandler ["http-nio-8080"]
11-Apr-2024 14:26:27.593 情報 [Thread-5] org.apache.coyote.AbstractProtocol.destroy Destroying ProtocolHandler ["ajp-nio-8009"]
11-Apr-2024 14:27:11.322 情報 [main] org.apache.catalina.startup.VersionLoggerListener.log Server version:        Apache Tomcat/8.5.11
11-Apr-2024 14:27:11.327 情報 [main] org.apache.catalina.startup.VersionLoggerListener.log Server built:          Jan 10 2017 21:02:52 UTC
11-Apr-2024 14:27:11.327 情報 [main] org.apache.catalina.startup.VersionLoggerListener.log Server number:         8.5.11.0
11-Apr-2024 14:27:11.328 情報 [main] org.apache.catalina.startup.VersionLoggerListener.log OS Name:               Windows 10
11-Apr-2024 14:27:11.328 情報 [main] org.apache.catalina.startup.VersionLoggerListener.log OS Version:            10.0
11-Apr-2024 14:27:11.328 情報 [main] org.apache.catalina.startup.VersionLoggerListener.log Architecture:          x86
11-Apr-2024 14:27:11.328 情報 [main] org.apache.catalina.startup.VersionLoggerListener.log Java Home:             C:\Program Files (x86)\Java\jdk1.8.0_121\jre
11-Apr-2024 14:27:11.329 情報 [main] org.apache.catalina.startup.VersionLoggerListener.log JVM Version:           1.8.0_121-b13
11-Apr-2024 14:27:11.329 情報 [main] org.apache.catalina.startup.VersionLoggerListener.log JVM Vendor:            Oracle Corporation
11-Apr-2024 14:27:11.329 情報 [main] org.apache.catalina.startup.VersionLoggerListener.log CATALINA_BASE:         C:\work\tomcat
11-Apr-2024 14:27:11.330 情報 [main] org.apache.catalina.startup.VersionLoggerListener.log CATALINA_HOME:         C:\work\tomcat
11-Apr-2024 14:27:11.330 情報 [main] org.apache.catalina.startup.VersionLoggerListener.log Command line argument: -Djava.util.logging.config.file=C:\work\tomcat\conf\logging.properties
11-Apr-2024 14:27:11.330 情報 [main] org.apache.catalina.startup.VersionLoggerListener.log Command line argument: -Djava.util.logging.manager=org.apache.juli.ClassLoaderLogManager
11-Apr-2024 14:27:11.331 情報 [main] org.apache.catalina.startup.VersionLoggerListener.log Command line argument: -Djdk.tls.ephemeralDHKeySize=2048
11-Apr-2024 14:27:11.331 情報 [main] org.apache.catalina.startup.VersionLoggerListener.log Command line argument: -Djava.protocol.handler.pkgs=org.apache.catalina.webresources
11-Apr-2024 14:27:11.331 情報 [main] org.apache.catalina.startup.VersionLoggerListener.log Command line argument: -Dfile.encoding=UTF-8
11-Apr-2024 14:27:11.331 情報 [main] org.apache.catalina.startup.VersionLoggerListener.log Command line argument: -Dcatalina.base=C:\work\tomcat
11-Apr-2024 14:27:11.331 情報 [main] org.apache.catalina.startup.VersionLoggerListener.log Command line argument: -Dcatalina.home=C:\work\tomcat
11-Apr-2024 14:27:11.333 情報 [main] org.apache.catalina.startup.VersionLoggerListener.log Command line argument: -Djava.io.tmpdir=C:\work\tomcat\temp
11-Apr-2024 14:27:11.333 情報 [main] org.apache.catalina.core.AprLifecycleListener.lifecycleEvent The APR based Apache Tomcat Native library which allows optimal performance in production environments was not found on the java.library.path: C:\Program Files (x86)\Java\jdk1.8.0_121\bin;C:\Windows\Sun\Java\bin;C:\Windows\system32;C:\Windows;C:\Program Files (x86)\Java\jdk1.8.0_121\bin;C:\Program Files (x86)\Common Files\Oracle\Java\javapath;C:\Windows\system32;C:\Windows;C:\Windows\System32\Wbem;C:\Windows\System32\WindowsPowerShell\v1.0\;C:\Windows\System32\OpenSSH\;C:\Program Files\Java\jdk-14\bin;C:\Program Files\nodejs\;C:\Users\y_oohara\AppData\Local\Programs\Python\Python39\Scripts\;C:\Users\y_oohara\AppData\Local\Programs\Python\Python39\;C:\Users\y_oohara\AppData\Local\Microsoft\WindowsApps;C:\Users\y_oohara\AppData\Local\Programs\Microsoft VS Code\bin;C:MinGW\bin;C:\Users\y_oohara\AppData\Roaming\npm;.
11-Apr-2024 14:27:11.453 情報 [main] org.apache.coyote.AbstractProtocol.init Initializing ProtocolHandler ["http-nio-8080"]
11-Apr-2024 14:27:11.859 情報 [main] org.apache.tomcat.util.net.NioSelectorPool.getSharedSelector Using a shared selector for servlet write/read
11-Apr-2024 14:27:11.863 情報 [main] org.apache.coyote.AbstractProtocol.init Initializing ProtocolHandler ["ajp-nio-8009"]
11-Apr-2024 14:27:11.866 情報 [main] org.apache.tomcat.util.net.NioSelectorPool.getSharedSelector Using a shared selector for servlet write/read
11-Apr-2024 14:27:11.866 情報 [main] org.apache.catalina.startup.Catalina.load Initialization processed in 843 ms
11-Apr-2024 14:27:11.893 情報 [main] org.apache.catalina.core.StandardService.startInternal サービス Catalina を起動します
11-Apr-2024 14:27:11.893 情報 [main] org.apache.catalina.core.StandardEngine.startInternal Starting Servlet Engine: Apache Tomcat/8.5.11
11-Apr-2024 14:27:11.903 情報 [localhost-startStop-1] org.apache.catalina.startup.HostConfig.deployDirectory Webアプリケーションディレクトリ C:\work\tomcat\webapps\book を配備します
11-Apr-2024 14:27:12.115 重大 [localhost-startStop-1] org.apache.tomcat.util.digester.Digester.fatalError Parse Fatal Error at line 32 column 42: 要素タイプ"filter-pattern"は、対応する終了タグ"</filter-pattern>"で終了する必要があります。
 org.xml.sax.SAXParseException; systemId: file:/C:/work/tomcat/webapps/book/WEB-INF/web.xml; lineNumber: 32; columnNumber: 42; 要素タイプ"filter-pattern"は、対応する終了タグ"</filter-pattern>"で終了する必要があります。
	at com.sun.org.apache.xerces.internal.util.ErrorHandlerWrapper.createSAXParseException(ErrorHandlerWrapper.java:203)
	at com.sun.org.apache.xerces.internal.util.ErrorHandlerWrapper.fatalError(ErrorHandlerWrapper.java:177)
	at com.sun.org.apache.xerces.internal.impl.XMLErrorReporter.reportError(XMLErrorReporter.java:400)
	at com.sun.org.apache.xerces.internal.impl.XMLErrorReporter.reportError(XMLErrorReporter.java:327)
	at com.sun.org.apache.xerces.internal.impl.XMLScanner.reportFatalError(XMLScanner.java:1472)
	at com.sun.org.apache.xerces.internal.impl.XMLDocumentFragmentScannerImpl.scanEndElement(XMLDocumentFragmentScannerImpl.java:1749)
	at com.sun.org.apache.xerces.internal.impl.XMLDocumentFragmentScannerImpl$FragmentContentDriver.next(XMLDocumentFragmentScannerImpl.java:2967)
	at com.sun.org.apache.xerces.internal.impl.XMLDocumentScannerImpl.next(XMLDocumentScannerImpl.java:602)
	at com.sun.org.apache.xerces.internal.impl.XMLDocumentFragmentScannerImpl.scanDocument(XMLDocumentFragmentScannerImpl.java:505)
	at com.sun.org.apache.xerces.internal.parsers.XML11Configuration.parse(XML11Configuration.java:841)
	at com.sun.org.apache.xerces.internal.parsers.XML11Configuration.parse(XML11Configuration.java:770)
	at com.sun.org.apache.xerces.internal.parsers.XMLParser.parse(XMLParser.java:141)
	at com.sun.org.apache.xerces.internal.parsers.AbstractSAXParser.parse(AbstractSAXParser.java:1213)
	at com.sun.org.apache.xerces.internal.jaxp.SAXParserImpl$JAXPSAXParser.parse(SAXParserImpl.java:643)
	at org.apache.tomcat.util.digester.Digester.parse(Digester.java:1458)
	at org.apache.tomcat.util.descriptor.web.WebXmlParser.parseWebXml(WebXmlParser.java:119)
	at org.apache.catalina.startup.ContextConfig.webConfig(ContextConfig.java:1114)
	at org.apache.catalina.startup.ContextConfig.configureStart(ContextConfig.java:775)
	at org.apache.catalina.startup.ContextConfig.lifecycleEvent(ContextConfig.java:299)
	at org.apache.catalina.util.LifecycleBase.fireLifecycleEvent(LifecycleBase.java:94)
	at org.apache.catalina.core.StandardContext.startInternal(StandardContext.java:5087)
	at org.apache.catalina.util.LifecycleBase.start(LifecycleBase.java:150)
	at org.apache.catalina.core.ContainerBase.addChildInternal(ContainerBase.java:752)
	at org.apache.catalina.core.ContainerBase.addChild(ContainerBase.java:728)
	at org.apache.catalina.core.StandardHost.addChild(StandardHost.java:734)
	at org.apache.catalina.startup.HostConfig.deployDirectory(HostConfig.java:1107)
	at org.apache.catalina.startup.HostConfig$DeployDirectory.run(HostConfig.java:1841)
	at java.util.concurrent.Executors$RunnableAdapter.call(Executors.java:511)
	at java.util.concurrent.FutureTask.run(FutureTask.java:266)
	at java.util.concurrent.ThreadPoolExecutor.runWorker(ThreadPoolExecutor.java:1142)
	at java.util.concurrent.ThreadPoolExecutor$Worker.run(ThreadPoolExecutor.java:617)
	at java.lang.Thread.run(Thread.java:745)

11-Apr-2024 14:27:12.117 重大 [localhost-startStop-1] org.apache.tomcat.util.descriptor.web.WebXmlParser.parseWebXml Parse error in application web.xml file at file:/C:/work/tomcat/webapps/book/WEB-INF/web.xml
 org.xml.sax.SAXParseException; systemId: file:/C:/work/tomcat/webapps/book/WEB-INF/web.xml; lineNumber: 32; columnNumber: 42; 要素タイプ"filter-pattern"は、対応する終了タグ"</filter-pattern>"で終了する必要があります。
	at com.sun.org.apache.xerces.internal.util.ErrorHandlerWrapper.createSAXParseException(ErrorHandlerWrapper.java:203)
	at com.sun.org.apache.xerces.internal.util.ErrorHandlerWrapper.fatalError(ErrorHandlerWrapper.java:177)
	at com.sun.org.apache.xerces.internal.impl.XMLErrorReporter.reportError(XMLErrorReporter.java:400)
	at com.sun.org.apache.xerces.internal.impl.XMLErrorReporter.reportError(XMLErrorReporter.java:327)
	at com.sun.org.apache.xerces.internal.impl.XMLScanner.reportFatalError(XMLScanner.java:1472)
	at com.sun.org.apache.xerces.internal.impl.XMLDocumentFragmentScannerImpl.scanEndElement(XMLDocumentFragmentScannerImpl.java:1749)
	at com.sun.org.apache.xerces.internal.impl.XMLDocumentFragmentScannerImpl$FragmentContentDriver.next(XMLDocumentFragmentScannerImpl.java:2967)
	at com.sun.org.apache.xerces.internal.impl.XMLDocumentScannerImpl.next(XMLDocumentScannerImpl.java:602)
	at com.sun.org.apache.xerces.internal.impl.XMLDocumentFragmentScannerImpl.scanDocument(XMLDocumentFragmentScannerImpl.java:505)
	at com.sun.org.apache.xerces.internal.parsers.XML11Configuration.parse(XML11Configuration.java:841)
	at com.sun.org.apache.xerces.internal.parsers.XML11Configuration.parse(XML11Configuration.java:770)
	at com.sun.org.apache.xerces.internal.parsers.XMLParser.parse(XMLParser.java:141)
	at com.sun.org.apache.xerces.internal.parsers.AbstractSAXParser.parse(AbstractSAXParser.java:1213)
	at com.sun.org.apache.xerces.internal.jaxp.SAXParserImpl$JAXPSAXParser.parse(SAXParserImpl.java:643)
	at org.apache.tomcat.util.digester.Digester.parse(Digester.java:1458)
	at org.apache.tomcat.util.descriptor.web.WebXmlParser.parseWebXml(WebXmlParser.java:119)
	at org.apache.catalina.startup.ContextConfig.webConfig(ContextConfig.java:1114)
	at org.apache.catalina.startup.ContextConfig.configureStart(ContextConfig.java:775)
	at org.apache.catalina.startup.ContextConfig.lifecycleEvent(ContextConfig.java:299)
	at org.apache.catalina.util.LifecycleBase.fireLifecycleEvent(LifecycleBase.java:94)
	at org.apache.catalina.core.StandardContext.startInternal(StandardContext.java:5087)
	at org.apache.catalina.util.LifecycleBase.start(LifecycleBase.java:150)
	at org.apache.catalina.core.ContainerBase.addChildInternal(ContainerBase.java:752)
	at org.apache.catalina.core.ContainerBase.addChild(ContainerBase.java:728)
	at org.apache.catalina.core.StandardHost.addChild(StandardHost.java:734)
	at org.apache.catalina.startup.HostConfig.deployDirectory(HostConfig.java:1107)
	at org.apache.catalina.startup.HostConfig$DeployDirectory.run(HostConfig.java:1841)
	at java.util.concurrent.Executors$RunnableAdapter.call(Executors.java:511)
	at java.util.concurrent.FutureTask.run(FutureTask.java:266)
	at java.util.concurrent.ThreadPoolExecutor.runWorker(ThreadPoolExecutor.java:1142)
	at java.util.concurrent.ThreadPoolExecutor$Worker.run(ThreadPoolExecutor.java:617)
	at java.lang.Thread.run(Thread.java:745)

11-Apr-2024 14:27:12.118 重大 [localhost-startStop-1] org.apache.tomcat.util.descriptor.web.WebXmlParser.parseWebXml Occurred at line 32 column 42
11-Apr-2024 14:27:12.134 重大 [localhost-startStop-1] org.apache.catalina.startup.ContextConfig.configureStart 前のエラーのためにこのアプリケーションは利用できないようにマークします
11-Apr-2024 14:27:12.141 重大 [localhost-startStop-1] org.apache.catalina.core.StandardContext.startInternal One or more components marked the context as not correctly configured
11-Apr-2024 14:27:12.144 重大 [localhost-startStop-1] org.apache.catalina.core.StandardContext.startInternal 以前のエラーのためにコンテキストの起動が失敗しました [/book]
11-Apr-2024 14:27:12.153 情報 [localhost-startStop-1] org.apache.catalina.startup.HostConfig.deployDirectory Deployment of web application directory C:\work\tomcat\webapps\book has finished in 249 ms
11-Apr-2024 14:27:12.154 情報 [localhost-startStop-1] org.apache.catalina.startup.HostConfig.deployDirectory Webアプリケーションディレクトリ C:\work\tomcat\webapps\docs を配備します
11-Apr-2024 14:27:12.278 情報 [localhost-startStop-1] org.apache.catalina.startup.HostConfig.deployDirectory Deployment of web application directory C:\work\tomcat\webapps\docs has finished in 125 ms
11-Apr-2024 14:27:12.278 情報 [localhost-startStop-1] org.apache.catalina.startup.HostConfig.deployDirectory Webアプリケーションディレクトリ C:\work\tomcat\webapps\examples を配備します
11-Apr-2024 14:27:12.705 情報 [localhost-startStop-1] org.apache.catalina.startup.HostConfig.deployDirectory Deployment of web application directory C:\work\tomcat\webapps\examples has finished in 427 ms
11-Apr-2024 14:27:12.705 情報 [localhost-startStop-1] org.apache.catalina.startup.HostConfig.deployDirectory Webアプリケーションディレクトリ C:\work\tomcat\webapps\host-manager を配備します
11-Apr-2024 14:27:12.741 情報 [localhost-startStop-1] org.apache.catalina.startup.HostConfig.deployDirectory Deployment of web application directory C:\work\tomcat\webapps\host-manager has finished in 36 ms
11-Apr-2024 14:27:12.741 情報 [localhost-startStop-1] org.apache.catalina.startup.HostConfig.deployDirectory Webアプリケーションディレクトリ C:\work\tomcat\webapps\manager を配備します
11-Apr-2024 14:27:12.772 情報 [localhost-startStop-1] org.apache.catalina.startup.HostConfig.deployDirectory Deployment of web application directory C:\work\tomcat\webapps\manager has finished in 31 ms
11-Apr-2024 14:27:12.773 情報 [localhost-startStop-1] org.apache.catalina.startup.HostConfig.deployDirectory Webアプリケーションディレクトリ C:\work\tomcat\webapps\ROOT を配備します
11-Apr-2024 14:27:12.795 情報 [localhost-startStop-1] org.apache.catalina.startup.HostConfig.deployDirectory Deployment of web application directory C:\work\tomcat\webapps\ROOT has finished in 22 ms
11-Apr-2024 14:27:12.804 情報 [main] org.apache.coyote.AbstractProtocol.start Starting ProtocolHandler [http-nio-8080]
11-Apr-2024 14:27:12.814 情報 [main] org.apache.coyote.AbstractProtocol.start Starting ProtocolHandler [ajp-nio-8009]
11-Apr-2024 14:27:12.817 情報 [main] org.apache.catalina.startup.Catalina.start Server startup in 950 ms
11-Apr-2024 14:35:00.631 情報 [Thread-5] org.apache.coyote.AbstractProtocol.pause Pausing ProtocolHandler ["http-nio-8080"]
11-Apr-2024 14:35:01.078 情報 [Thread-5] org.apache.coyote.AbstractProtocol.pause Pausing ProtocolHandler ["ajp-nio-8009"]
11-Apr-2024 14:35:01.448 情報 [Thread-5] org.apache.catalina.core.StandardService.stopInternal サービス Catalina を停止します
11-Apr-2024 14:35:01.483 情報 [Thread-5] org.apache.coyote.AbstractProtocol.stop Stopping ProtocolHandler ["http-nio-8080"]
11-Apr-2024 14:35:01.487 情報 [Thread-5] org.apache.coyote.AbstractProtocol.stop Stopping ProtocolHandler ["ajp-nio-8009"]
11-Apr-2024 14:35:01.488 情報 [Thread-5] org.apache.coyote.AbstractProtocol.destroy Destroying ProtocolHandler ["http-nio-8080"]
11-Apr-2024 14:35:01.490 情報 [Thread-5] org.apache.coyote.AbstractProtocol.destroy Destroying ProtocolHandler ["ajp-nio-8009"]
11-Apr-2024 14:35:03.070 情報 [main] org.apache.catalina.startup.VersionLoggerListener.log Server version:        Apache Tomcat/8.5.11
11-Apr-2024 14:35:03.074 情報 [main] org.apache.catalina.startup.VersionLoggerListener.log Server built:          Jan 10 2017 21:02:52 UTC
11-Apr-2024 14:35:03.075 情報 [main] org.apache.catalina.startup.VersionLoggerListener.log Server number:         8.5.11.0
11-Apr-2024 14:35:03.075 情報 [main] org.apache.catalina.startup.VersionLoggerListener.log OS Name:               Windows 10
11-Apr-2024 14:35:03.075 情報 [main] org.apache.catalina.startup.VersionLoggerListener.log OS Version:            10.0
11-Apr-2024 14:35:03.076 情報 [main] org.apache.catalina.startup.VersionLoggerListener.log Architecture:          x86
11-Apr-2024 14:35:03.076 情報 [main] org.apache.catalina.startup.VersionLoggerListener.log Java Home:             C:\Program Files (x86)\Java\jdk1.8.0_121\jre
11-Apr-2024 14:35:03.076 情報 [main] org.apache.catalina.startup.VersionLoggerListener.log JVM Version:           1.8.0_121-b13
11-Apr-2024 14:35:03.076 情報 [main] org.apache.catalina.startup.VersionLoggerListener.log JVM Vendor:            Oracle Corporation
11-Apr-2024 14:35:03.077 情報 [main] org.apache.catalina.startup.VersionLoggerListener.log CATALINA_BASE:         C:\work\tomcat
11-Apr-2024 14:35:03.077 情報 [main] org.apache.catalina.startup.VersionLoggerListener.log CATALINA_HOME:         C:\work\tomcat
11-Apr-2024 14:35:03.077 情報 [main] org.apache.catalina.startup.VersionLoggerListener.log Command line argument: -Djava.util.logging.config.file=C:\work\tomcat\conf\logging.properties
11-Apr-2024 14:35:03.078 情報 [main] org.apache.catalina.startup.VersionLoggerListener.log Command line argument: -Djava.util.logging.manager=org.apache.juli.ClassLoaderLogManager
11-Apr-2024 14:35:03.078 情報 [main] org.apache.catalina.startup.VersionLoggerListener.log Command line argument: -Djdk.tls.ephemeralDHKeySize=2048
11-Apr-2024 14:35:03.078 情報 [main] org.apache.catalina.startup.VersionLoggerListener.log Command line argument: -Djava.protocol.handler.pkgs=org.apache.catalina.webresources
11-Apr-2024 14:35:03.079 情報 [main] org.apache.catalina.startup.VersionLoggerListener.log Command line argument: -Dfile.encoding=UTF-8
11-Apr-2024 14:35:03.079 情報 [main] org.apache.catalina.startup.VersionLoggerListener.log Command line argument: -Dcatalina.base=C:\work\tomcat
11-Apr-2024 14:35:03.079 情報 [main] org.apache.catalina.startup.VersionLoggerListener.log Command line argument: -Dcatalina.home=C:\work\tomcat
11-Apr-2024 14:35:03.079 情報 [main] org.apache.catalina.startup.VersionLoggerListener.log Command line argument: -Djava.io.tmpdir=C:\work\tomcat\temp
11-Apr-2024 14:35:03.080 情報 [main] org.apache.catalina.core.AprLifecycleListener.lifecycleEvent The APR based Apache Tomcat Native library which allows optimal performance in production environments was not found on the java.library.path: C:\Program Files (x86)\Java\jdk1.8.0_121\bin;C:\Windows\Sun\Java\bin;C:\Windows\system32;C:\Windows;C:\Program Files (x86)\Java\jdk1.8.0_121\bin;C:\Program Files (x86)\Common Files\Oracle\Java\javapath;C:\Windows\system32;C:\Windows;C:\Windows\System32\Wbem;C:\Windows\System32\WindowsPowerShell\v1.0\;C:\Windows\System32\OpenSSH\;C:\Program Files\Java\jdk-14\bin;C:\Program Files\nodejs\;C:\Users\y_oohara\AppData\Local\Programs\Python\Python39\Scripts\;C:\Users\y_oohara\AppData\Local\Programs\Python\Python39\;C:\Users\y_oohara\AppData\Local\Microsoft\WindowsApps;C:\Users\y_oohara\AppData\Local\Programs\Microsoft VS Code\bin;C:MinGW\bin;C:\Users\y_oohara\AppData\Roaming\npm;.
11-Apr-2024 14:35:03.201 情報 [main] org.apache.coyote.AbstractProtocol.init Initializing ProtocolHandler ["http-nio-8080"]
11-Apr-2024 14:35:03.606 情報 [main] org.apache.tomcat.util.net.NioSelectorPool.getSharedSelector Using a shared selector for servlet write/read
11-Apr-2024 14:35:03.609 情報 [main] org.apache.coyote.AbstractProtocol.init Initializing ProtocolHandler ["ajp-nio-8009"]
11-Apr-2024 14:35:03.612 情報 [main] org.apache.tomcat.util.net.NioSelectorPool.getSharedSelector Using a shared selector for servlet write/read
11-Apr-2024 14:35:03.612 情報 [main] org.apache.catalina.startup.Catalina.load Initialization processed in 840 ms
11-Apr-2024 14:35:03.640 情報 [main] org.apache.catalina.core.StandardService.startInternal サービス Catalina を起動します
11-Apr-2024 14:35:03.640 情報 [main] org.apache.catalina.core.StandardEngine.startInternal Starting Servlet Engine: Apache Tomcat/8.5.11
11-Apr-2024 14:35:03.650 情報 [localhost-startStop-1] org.apache.catalina.startup.HostConfig.deployDirectory Webアプリケーションディレクトリ C:\work\tomcat\webapps\book を配備します
11-Apr-2024 14:35:04.347 情報 [localhost-startStop-1] org.apache.catalina.startup.HostConfig.deployDirectory Deployment of web application directory C:\work\tomcat\webapps\book has finished in 696 ms
11-Apr-2024 14:35:04.348 情報 [localhost-startStop-1] org.apache.catalina.startup.HostConfig.deployDirectory Webアプリケーションディレクトリ C:\work\tomcat\webapps\docs を配備します
11-Apr-2024 14:35:04.374 情報 [localhost-startStop-1] org.apache.catalina.startup.HostConfig.deployDirectory Deployment of web application directory C:\work\tomcat\webapps\docs has finished in 25 ms
11-Apr-2024 14:35:04.374 情報 [localhost-startStop-1] org.apache.catalina.startup.HostConfig.deployDirectory Webアプリケーションディレクトリ C:\work\tomcat\webapps\examples を配備します
11-Apr-2024 14:35:04.759 情報 [localhost-startStop-1] org.apache.catalina.startup.HostConfig.deployDirectory Deployment of web application directory C:\work\tomcat\webapps\examples has finished in 385 ms
11-Apr-2024 14:35:04.760 情報 [localhost-startStop-1] org.apache.catalina.startup.HostConfig.deployDirectory Webアプリケーションディレクトリ C:\work\tomcat\webapps\host-manager を配備します
11-Apr-2024 14:35:04.795 情報 [localhost-startStop-1] org.apache.catalina.startup.HostConfig.deployDirectory Deployment of web application directory C:\work\tomcat\webapps\host-manager has finished in 35 ms
11-Apr-2024 14:35:04.796 情報 [localhost-startStop-1] org.apache.catalina.startup.HostConfig.deployDirectory Webアプリケーションディレクトリ C:\work\tomcat\webapps\manager を配備します
11-Apr-2024 14:35:04.826 情報 [localhost-startStop-1] org.apache.catalina.startup.HostConfig.deployDirectory Deployment of web application directory C:\work\tomcat\webapps\manager has finished in 30 ms
11-Apr-2024 14:35:04.826 情報 [localhost-startStop-1] org.apache.catalina.startup.HostConfig.deployDirectory Webアプリケーションディレクトリ C:\work\tomcat\webapps\ROOT を配備します
11-Apr-2024 14:35:04.849 情報 [localhost-startStop-1] org.apache.catalina.startup.HostConfig.deployDirectory Deployment of web application directory C:\work\tomcat\webapps\ROOT has finished in 22 ms
11-Apr-2024 14:35:04.851 情報 [main] org.apache.coyote.AbstractProtocol.start Starting ProtocolHandler [http-nio-8080]
11-Apr-2024 14:35:04.864 情報 [main] org.apache.coyote.AbstractProtocol.start Starting ProtocolHandler [ajp-nio-8009]
11-Apr-2024 14:35:04.866 情報 [main] org.apache.catalina.startup.Catalina.start Server startup in 1254 ms
11-Apr-2024 14:35:55.132 情報 [ContainerBackgroundProcessor[StandardEngine[Catalina]]] org.apache.catalina.core.StandardContext.reload このコンテキストの再ロードを開始しました
11-Apr-2024 14:35:55.451 情報 [ContainerBackgroundProcessor[StandardEngine[Catalina]]] org.apache.catalina.core.StandardContext.reload このコンテキストの再ロードが完了しました
11-Apr-2024 14:43:20.005 情報 [Thread-5] org.apache.coyote.AbstractProtocol.pause Pausing ProtocolHandler ["http-nio-8080"]
11-Apr-2024 14:43:20.359 情報 [Thread-5] org.apache.coyote.AbstractProtocol.pause Pausing ProtocolHandler ["ajp-nio-8009"]
11-Apr-2024 14:43:20.748 情報 [Thread-5] org.apache.catalina.core.StandardService.stopInternal サービス Catalina を停止します
11-Apr-2024 14:43:20.787 情報 [Thread-5] org.apache.coyote.AbstractProtocol.stop Stopping ProtocolHandler ["http-nio-8080"]
11-Apr-2024 14:43:20.790 情報 [Thread-5] org.apache.coyote.AbstractProtocol.stop Stopping ProtocolHandler ["ajp-nio-8009"]
11-Apr-2024 14:43:20.791 情報 [Thread-5] org.apache.coyote.AbstractProtocol.destroy Destroying ProtocolHandler ["http-nio-8080"]
11-Apr-2024 14:43:20.793 情報 [Thread-5] org.apache.coyote.AbstractProtocol.destroy Destroying ProtocolHandler ["ajp-nio-8009"]
11-Apr-2024 14:43:22.385 情報 [main] org.apache.catalina.startup.VersionLoggerListener.log Server version:        Apache Tomcat/8.5.11
11-Apr-2024 14:43:22.391 情報 [main] org.apache.catalina.startup.VersionLoggerListener.log Server built:          Jan 10 2017 21:02:52 UTC
11-Apr-2024 14:43:22.391 情報 [main] org.apache.catalina.startup.VersionLoggerListener.log Server number:         8.5.11.0
11-Apr-2024 14:43:22.391 情報 [main] org.apache.catalina.startup.VersionLoggerListener.log OS Name:               Windows 10
11-Apr-2024 14:43:22.391 情報 [main] org.apache.catalina.startup.VersionLoggerListener.log OS Version:            10.0
11-Apr-2024 14:43:22.391 情報 [main] org.apache.catalina.startup.VersionLoggerListener.log Architecture:          x86
11-Apr-2024 14:43:22.392 情報 [main] org.apache.catalina.startup.VersionLoggerListener.log Java Home:             C:\Program Files (x86)\Java\jdk1.8.0_121\jre
11-Apr-2024 14:43:22.392 情報 [main] org.apache.catalina.startup.VersionLoggerListener.log JVM Version:           1.8.0_121-b13
11-Apr-2024 14:43:22.392 情報 [main] org.apache.catalina.startup.VersionLoggerListener.log JVM Vendor:            Oracle Corporation
11-Apr-2024 14:43:22.392 情報 [main] org.apache.catalina.startup.VersionLoggerListener.log CATALINA_BASE:         C:\work\tomcat
11-Apr-2024 14:43:22.393 情報 [main] org.apache.catalina.startup.VersionLoggerListener.log CATALINA_HOME:         C:\work\tomcat
11-Apr-2024 14:43:22.393 情報 [main] org.apache.catalina.startup.VersionLoggerListener.log Command line argument: -Djava.util.logging.config.file=C:\work\tomcat\conf\logging.properties
11-Apr-2024 14:43:22.393 情報 [main] org.apache.catalina.startup.VersionLoggerListener.log Command line argument: -Djava.util.logging.manager=org.apache.juli.ClassLoaderLogManager
11-Apr-2024 14:43:22.393 情報 [main] org.apache.catalina.startup.VersionLoggerListener.log Command line argument: -Djdk.tls.ephemeralDHKeySize=2048
11-Apr-2024 14:43:22.394 情報 [main] org.apache.catalina.startup.VersionLoggerListener.log Command line argument: -Djava.protocol.handler.pkgs=org.apache.catalina.webresources
11-Apr-2024 14:43:22.394 情報 [main] org.apache.catalina.startup.VersionLoggerListener.log Command line argument: -Dfile.encoding=UTF-8
11-Apr-2024 14:43:22.394 情報 [main] org.apache.catalina.startup.VersionLoggerListener.log Command line argument: -Dcatalina.base=C:\work\tomcat
11-Apr-2024 14:43:22.394 情報 [main] org.apache.catalina.startup.VersionLoggerListener.log Command line argument: -Dcatalina.home=C:\work\tomcat
11-Apr-2024 14:43:22.395 情報 [main] org.apache.catalina.startup.VersionLoggerListener.log Command line argument: -Djava.io.tmpdir=C:\work\tomcat\temp
11-Apr-2024 14:43:22.395 情報 [main] org.apache.catalina.core.AprLifecycleListener.lifecycleEvent The APR based Apache Tomcat Native library which allows optimal performance in production environments was not found on the java.library.path: C:\Program Files (x86)\Java\jdk1.8.0_121\bin;C:\Windows\Sun\Java\bin;C:\Windows\system32;C:\Windows;C:\Program Files (x86)\Java\jdk1.8.0_121\bin;C:\Program Files (x86)\Common Files\Oracle\Java\javapath;C:\Windows\system32;C:\Windows;C:\Windows\System32\Wbem;C:\Windows\System32\WindowsPowerShell\v1.0\;C:\Windows\System32\OpenSSH\;C:\Program Files\Java\jdk-14\bin;C:\Program Files\nodejs\;C:\Users\y_oohara\AppData\Local\Programs\Python\Python39\Scripts\;C:\Users\y_oohara\AppData\Local\Programs\Python\Python39\;C:\Users\y_oohara\AppData\Local\Microsoft\WindowsApps;C:\Users\y_oohara\AppData\Local\Programs\Microsoft VS Code\bin;C:MinGW\bin;C:\Users\y_oohara\AppData\Roaming\npm;.
11-Apr-2024 14:43:22.512 情報 [main] org.apache.coyote.AbstractProtocol.init Initializing ProtocolHandler ["http-nio-8080"]
11-Apr-2024 14:43:22.908 情報 [main] org.apache.tomcat.util.net.NioSelectorPool.getSharedSelector Using a shared selector for servlet write/read
11-Apr-2024 14:43:22.911 情報 [main] org.apache.coyote.AbstractProtocol.init Initializing ProtocolHandler ["ajp-nio-8009"]
11-Apr-2024 14:43:22.914 情報 [main] org.apache.tomcat.util.net.NioSelectorPool.getSharedSelector Using a shared selector for servlet write/read
11-Apr-2024 14:43:22.915 情報 [main] org.apache.catalina.startup.Catalina.load Initialization processed in 829 ms
11-Apr-2024 14:43:22.944 情報 [main] org.apache.catalina.core.StandardService.startInternal サービス Catalina を起動します
11-Apr-2024 14:43:22.945 情報 [main] org.apache.catalina.core.StandardEngine.startInternal Starting Servlet Engine: Apache Tomcat/8.5.11
11-Apr-2024 14:43:22.954 情報 [localhost-startStop-1] org.apache.catalina.startup.HostConfig.deployDirectory Webアプリケーションディレクトリ C:\work\tomcat\webapps\book を配備します
11-Apr-2024 14:43:23.641 情報 [localhost-startStop-1] org.apache.catalina.startup.HostConfig.deployDirectory Deployment of web application directory C:\work\tomcat\webapps\book has finished in 683 ms
11-Apr-2024 14:43:23.641 情報 [localhost-startStop-1] org.apache.catalina.startup.HostConfig.deployDirectory Webアプリケーションディレクトリ C:\work\tomcat\webapps\docs を配備します
11-Apr-2024 14:43:23.676 情報 [localhost-startStop-1] org.apache.catalina.startup.HostConfig.deployDirectory Deployment of web application directory C:\work\tomcat\webapps\docs has finished in 35 ms
11-Apr-2024 14:43:23.676 情報 [localhost-startStop-1] org.apache.catalina.startup.HostConfig.deployDirectory Webアプリケーションディレクトリ C:\work\tomcat\webapps\examples を配備します
11-Apr-2024 14:43:24.094 情報 [localhost-startStop-1] org.apache.catalina.startup.HostConfig.deployDirectory Deployment of web application directory C:\work\tomcat\webapps\examples has finished in 417 ms
11-Apr-2024 14:43:24.094 情報 [localhost-startStop-1] org.apache.catalina.startup.HostConfig.deployDirectory Webアプリケーションディレクトリ C:\work\tomcat\webapps\host-manager を配備します
11-Apr-2024 14:43:24.140 情報 [localhost-startStop-1] org.apache.catalina.startup.HostConfig.deployDirectory Deployment of web application directory C:\work\tomcat\webapps\host-manager has finished in 46 ms
11-Apr-2024 14:43:24.141 情報 [localhost-startStop-1] org.apache.catalina.startup.HostConfig.deployDirectory Webアプリケーションディレクトリ C:\work\tomcat\webapps\manager を配備します
11-Apr-2024 14:43:24.172 情報 [localhost-startStop-1] org.apache.catalina.startup.HostConfig.deployDirectory Deployment of web application directory C:\work\tomcat\webapps\manager has finished in 31 ms
11-Apr-2024 14:43:24.172 情報 [localhost-startStop-1] org.apache.catalina.startup.HostConfig.deployDirectory Webアプリケーションディレクトリ C:\work\tomcat\webapps\ROOT を配備します
11-Apr-2024 14:43:24.205 情報 [localhost-startStop-1] org.apache.catalina.startup.HostConfig.deployDirectory Deployment of web application directory C:\work\tomcat\webapps\ROOT has finished in 33 ms
11-Apr-2024 14:43:24.213 情報 [main] org.apache.coyote.AbstractProtocol.start Starting ProtocolHandler [http-nio-8080]
11-Apr-2024 14:43:24.222 情報 [main] org.apache.coyote.AbstractProtocol.start Starting ProtocolHandler [ajp-nio-8009]
11-Apr-2024 14:43:24.226 情報 [main] org.apache.catalina.startup.Catalina.start Server startup in 1309 ms
11-Apr-2024 15:06:04.462 情報 [Thread-5] org.apache.coyote.AbstractProtocol.pause Pausing ProtocolHandler ["http-nio-8080"]
11-Apr-2024 15:06:04.910 情報 [Thread-5] org.apache.coyote.AbstractProtocol.pause Pausing ProtocolHandler ["ajp-nio-8009"]
11-Apr-2024 15:06:05.315 情報 [Thread-5] org.apache.catalina.core.StandardService.stopInternal サービス Catalina を停止します
11-Apr-2024 15:06:05.363 情報 [Thread-5] org.apache.coyote.AbstractProtocol.stop Stopping ProtocolHandler ["http-nio-8080"]
11-Apr-2024 15:06:05.365 情報 [Thread-5] org.apache.coyote.AbstractProtocol.stop Stopping ProtocolHandler ["ajp-nio-8009"]
11-Apr-2024 15:06:05.368 情報 [Thread-5] org.apache.coyote.AbstractProtocol.destroy Destroying ProtocolHandler ["http-nio-8080"]
11-Apr-2024 15:06:05.369 情報 [Thread-5] org.apache.coyote.AbstractProtocol.destroy Destroying ProtocolHandler ["ajp-nio-8009"]
