18-Jul-2024 09:20:05.505 情報 [main] org.apache.catalina.startup.VersionLoggerListener.log Server version:        Apache Tomcat/8.5.11
18-Jul-2024 09:20:05.510 情報 [main] org.apache.catalina.startup.VersionLoggerListener.log Server built:          Jan 10 2017 21:02:52 UTC
18-Jul-2024 09:20:05.511 情報 [main] org.apache.catalina.startup.VersionLoggerListener.log Server number:         8.5.11.0
18-Jul-2024 09:20:05.511 情報 [main] org.apache.catalina.startup.VersionLoggerListener.log OS Name:               Windows 10
18-Jul-2024 09:20:05.511 情報 [main] org.apache.catalina.startup.VersionLoggerListener.log OS Version:            10.0
18-Jul-2024 09:20:05.511 情報 [main] org.apache.catalina.startup.VersionLoggerListener.log Architecture:          x86
18-Jul-2024 09:20:05.512 情報 [main] org.apache.catalina.startup.VersionLoggerListener.log Java Home:             C:\Program Files (x86)\Java\jdk1.8.0_121\jre
18-Jul-2024 09:20:05.512 情報 [main] org.apache.catalina.startup.VersionLoggerListener.log JVM Version:           1.8.0_121-b13
18-Jul-2024 09:20:05.512 情報 [main] org.apache.catalina.startup.VersionLoggerListener.log JVM Vendor:            Oracle Corporation
18-Jul-2024 09:20:05.512 情報 [main] org.apache.catalina.startup.VersionLoggerListener.log CATALINA_BASE:         C:\ScoreManagement\tomcat
18-Jul-2024 09:20:05.512 情報 [main] org.apache.catalina.startup.VersionLoggerListener.log CATALINA_HOME:         C:\ScoreManagement\tomcat
18-Jul-2024 09:20:05.513 情報 [main] org.apache.catalina.startup.VersionLoggerListener.log Command line argument: -Djava.util.logging.config.file=C:\ScoreManagement\tomcat\conf\logging.properties
18-Jul-2024 09:20:05.513 情報 [main] org.apache.catalina.startup.VersionLoggerListener.log Command line argument: -Djava.util.logging.manager=org.apache.juli.ClassLoaderLogManager
18-Jul-2024 09:20:05.514 情報 [main] org.apache.catalina.startup.VersionLoggerListener.log Command line argument: -Djdk.tls.ephemeralDHKeySize=2048
18-Jul-2024 09:20:05.514 情報 [main] org.apache.catalina.startup.VersionLoggerListener.log Command line argument: -Djava.protocol.handler.pkgs=org.apache.catalina.webresources
18-Jul-2024 09:20:05.514 情報 [main] org.apache.catalina.startup.VersionLoggerListener.log Command line argument: -Dfile.encoding=UTF-8
18-Jul-2024 09:20:05.515 情報 [main] org.apache.catalina.startup.VersionLoggerListener.log Command line argument: -Dcatalina.base=C:\ScoreManagement\tomcat
18-Jul-2024 09:20:05.515 情報 [main] org.apache.catalina.startup.VersionLoggerListener.log Command line argument: -Dcatalina.home=C:\ScoreManagement\tomcat
18-Jul-2024 09:20:05.515 情報 [main] org.apache.catalina.startup.VersionLoggerListener.log Command line argument: -Djava.io.tmpdir=C:\ScoreManagement\tomcat\temp
18-Jul-2024 09:20:05.515 情報 [main] org.apache.catalina.core.AprLifecycleListener.lifecycleEvent The APR based Apache Tomcat Native library which allows optimal performance in production environments was not found on the java.library.path: C:\Program Files (x86)\Java\jdk1.8.0_121\bin;C:\Windows\Sun\Java\bin;C:\Windows\system32;C:\Windows;C:\Program Files (x86)\Java\jdk1.8.0_121\bin;C:\ProgramData\Oracle\Java\javapath;C:\Program Files (x86)\Common Files\Oracle\Java\java8path;C:\Program Files (x86)\Common Files\Oracle\Java\javapath;C:\Windows\system32;C:\Windows;C:\Windows\System32\Wbem;C:\Windows\System32\WindowsPowerShell\v1.0\;C:\Windows\System32\OpenSSH\;"C:\Program Files\Java\jdk-14\bin;C:\ProgramData\Oracle\Java\javapath;C:\Program Files (x86)\Common Files\Oracle\Java\java8path;C:\Program Files (x86)\Common Files\Oracle\Java\javapath;C:\Windows\system32;C:\Windows;C:\Windows\System32\Wbem;C:\Windows\System32\WindowsPowerShell\v1.0\;C:\Windows\System32\OpenSSH\;"C:\Program Files\Java\jdk-14\bin;C:\ProgramData\Oracle\Java\javapath;C:\Program Files (x86)\Common Files\Oracle\Java\java8path;C:\Program Files (x86)\Common Files\Oracle\Java\javapath;C:\Windows\system32;C:\Windows;C:\Windows\System32\Wbem;C:\Windows\System32\WindowsPowerShell\v1.0\;C:\Windows\System32\OpenSSH\;"C:\Program Files\Java\jdk-14\bin;C:\Windows\System32";C:\Program Files\nodejs\;C:\Program Files\Git\cmd";C:\Program Files\nodejs\;C:\Program Files\Git\cmd";C:\Program Files\nodejs\;C:\Program Files\Git\cmd;C:\Users\y_oohara\AppData\Local\Programs\Python\Python39\Scripts\;C:\Users\y_oohara\AppData\Local\Programs\Python\Python39\;C:\Users\y_oohara\AppData\Local\Microsoft\WindowsApps;C:\Users\y_oohara\AppData\Local\Programs\Microsoft VS Code\bin;C:MinGW\bin;C:\Users\y_oohara\AppData\Roaming\npm;.
18-Jul-2024 09:20:05.741 情報 [main] org.apache.coyote.AbstractProtocol.init Initializing ProtocolHandler ["http-nio-8080"]
18-Jul-2024 09:20:06.209 情報 [main] org.apache.tomcat.util.net.NioSelectorPool.getSharedSelector Using a shared selector for servlet write/read
18-Jul-2024 09:20:06.214 情報 [main] org.apache.coyote.AbstractProtocol.init Initializing ProtocolHandler ["ajp-nio-8009"]
18-Jul-2024 09:20:06.219 情報 [main] org.apache.tomcat.util.net.NioSelectorPool.getSharedSelector Using a shared selector for servlet write/read
18-Jul-2024 09:20:06.219 情報 [main] org.apache.catalina.startup.Catalina.load Initialization processed in 1300 ms
18-Jul-2024 09:20:06.274 情報 [main] org.apache.catalina.core.StandardService.startInternal サービス Catalina を起動します
18-Jul-2024 09:20:06.275 情報 [main] org.apache.catalina.core.StandardEngine.startInternal Starting Servlet Engine: Apache Tomcat/8.5.11
18-Jul-2024 09:20:06.293 情報 [localhost-startStop-1] org.apache.catalina.startup.HostConfig.deployDirectory Webアプリケーションディレクトリ C:\ScoreManagement\tomcat\webapps\docs を配備します
18-Jul-2024 09:20:06.738 情報 [localhost-startStop-1] org.apache.catalina.startup.HostConfig.deployDirectory Deployment of web application directory C:\ScoreManagement\tomcat\webapps\docs has finished in 443 ms
18-Jul-2024 09:20:06.739 情報 [localhost-startStop-1] org.apache.catalina.startup.HostConfig.deployDirectory Webアプリケーションディレクトリ C:\ScoreManagement\tomcat\webapps\exam を配備します
