02-Jul-2024 09:56:45.622 情報 [main] org.apache.catalina.startup.VersionLoggerListener.log Server version:        Apache Tomcat/8.5.11
02-Jul-2024 09:56:45.627 情報 [main] org.apache.catalina.startup.VersionLoggerListener.log Server built:          Jan 10 2017 21:02:52 UTC
02-Jul-2024 09:56:45.627 情報 [main] org.apache.catalina.startup.VersionLoggerListener.log Server number:         8.5.11.0
02-Jul-2024 09:56:45.627 情報 [main] org.apache.catalina.startup.VersionLoggerListener.log OS Name:               Windows 10
02-Jul-2024 09:56:45.628 情報 [main] org.apache.catalina.startup.VersionLoggerListener.log OS Version:            10.0
02-Jul-2024 09:56:45.628 情報 [main] org.apache.catalina.startup.VersionLoggerListener.log Architecture:          x86
02-Jul-2024 09:56:45.628 情報 [main] org.apache.catalina.startup.VersionLoggerListener.log Java Home:             C:\Program Files (x86)\Java\jdk1.8.0_121\jre
02-Jul-2024 09:56:45.628 情報 [main] org.apache.catalina.startup.VersionLoggerListener.log JVM Version:           1.8.0_121-b13
02-Jul-2024 09:56:45.629 情報 [main] org.apache.catalina.startup.VersionLoggerListener.log JVM Vendor:            Oracle Corporation
02-Jul-2024 09:56:45.629 情報 [main] org.apache.catalina.startup.VersionLoggerListener.log CATALINA_BASE:         C:\ScoreManagement\tomcat
02-Jul-2024 09:56:45.629 情報 [main] org.apache.catalina.startup.VersionLoggerListener.log CATALINA_HOME:         C:\ScoreManagement\tomcat
02-Jul-2024 09:56:45.630 情報 [main] org.apache.catalina.startup.VersionLoggerListener.log Command line argument: -Djava.util.logging.config.file=C:\ScoreManagement\tomcat\conf\logging.properties
02-Jul-2024 09:56:45.630 情報 [main] org.apache.catalina.startup.VersionLoggerListener.log Command line argument: -Djava.util.logging.manager=org.apache.juli.ClassLoaderLogManager
02-Jul-2024 09:56:45.631 情報 [main] org.apache.catalina.startup.VersionLoggerListener.log Command line argument: -Djdk.tls.ephemeralDHKeySize=2048
02-Jul-2024 09:56:45.631 情報 [main] org.apache.catalina.startup.VersionLoggerListener.log Command line argument: -Djava.protocol.handler.pkgs=org.apache.catalina.webresources
02-Jul-2024 09:56:45.631 情報 [main] org.apache.catalina.startup.VersionLoggerListener.log Command line argument: -Dfile.encoding=UTF-8
02-Jul-2024 09:56:45.631 情報 [main] org.apache.catalina.startup.VersionLoggerListener.log Command line argument: -Dcatalina.base=C:\ScoreManagement\tomcat
02-Jul-2024 09:56:45.631 情報 [main] org.apache.catalina.startup.VersionLoggerListener.log Command line argument: -Dcatalina.home=C:\ScoreManagement\tomcat
02-Jul-2024 09:56:45.632 情報 [main] org.apache.catalina.startup.VersionLoggerListener.log Command line argument: -Djava.io.tmpdir=C:\ScoreManagement\tomcat\temp
02-Jul-2024 09:56:45.632 情報 [main] org.apache.catalina.core.AprLifecycleListener.lifecycleEvent The APR based Apache Tomcat Native library which allows optimal performance in production environments was not found on the java.library.path: C:\Program Files (x86)\Java\jdk1.8.0_121\bin;C:\Windows\Sun\Java\bin;C:\Windows\system32;C:\Windows;C:\Program Files (x86)\Java\jdk1.8.0_121\bin;C:\ProgramData\Oracle\Java\javapath;C:\Program Files (x86)\Common Files\Oracle\Java\java8path;C:\Program Files (x86)\Common Files\Oracle\Java\javapath;C:\Windows\system32;C:\Windows;C:\Windows\System32\Wbem;C:\Windows\System32\WindowsPowerShell\v1.0\;C:\Windows\System32\OpenSSH\;"C:\Program Files\Java\jdk-14\bin;C:\ProgramData\Oracle\Java\javapath;C:\Program Files (x86)\Common Files\Oracle\Java\java8path;C:\Program Files (x86)\Common Files\Oracle\Java\javapath;C:\Windows\system32;C:\Windows;C:\Windows\System32\Wbem;C:\Windows\System32\WindowsPowerShell\v1.0\;C:\Windows\System32\OpenSSH\;"C:\Program Files\Java\jdk-14\bin;C:\ProgramData\Oracle\Java\javapath;C:\Program Files (x86)\Common Files\Oracle\Java\java8path;C:\Program Files (x86)\Common Files\Oracle\Java\javapath;C:\Windows\system32;C:\Windows;C:\Windows\System32\Wbem;C:\Windows\System32\WindowsPowerShell\v1.0\;C:\Windows\System32\OpenSSH\;"C:\Program Files\Java\jdk-14\bin;C:\Windows\System32";C:\Program Files\nodejs\;";C:\Program Files\nodejs\;";C:\Program Files\nodejs\;C:\Users\y_oohara\AppData\Local\Programs\Python\Python39\Scripts\;C:\Users\y_oohara\AppData\Local\Programs\Python\Python39\;C:\Users\y_oohara\AppData\Local\Microsoft\WindowsApps;C:\Users\y_oohara\AppData\Local\Programs\Microsoft VS Code\bin;C:MinGW\bin;C:\Users\y_oohara\AppData\Roaming\npm;.
02-Jul-2024 09:56:45.761 情報 [main] org.apache.coyote.AbstractProtocol.init Initializing ProtocolHandler ["http-nio-8080"]
02-Jul-2024 09:56:46.119 情報 [main] org.apache.tomcat.util.net.NioSelectorPool.getSharedSelector Using a shared selector for servlet write/read
02-Jul-2024 09:56:46.129 情報 [main] org.apache.coyote.AbstractProtocol.init Initializing ProtocolHandler ["ajp-nio-8009"]
02-Jul-2024 09:56:46.134 情報 [main] org.apache.tomcat.util.net.NioSelectorPool.getSharedSelector Using a shared selector for servlet write/read
02-Jul-2024 09:56:46.135 情報 [main] org.apache.catalina.startup.Catalina.load Initialization processed in 880 ms
02-Jul-2024 09:56:46.196 情報 [main] org.apache.catalina.core.StandardService.startInternal サービス Catalina を起動します
02-Jul-2024 09:56:46.196 情報 [main] org.apache.catalina.core.StandardEngine.startInternal Starting Servlet Engine: Apache Tomcat/8.5.11
02-Jul-2024 09:56:46.212 情報 [localhost-startStop-1] org.apache.catalina.startup.HostConfig.deployDirectory Webアプリケーションディレクトリ C:\ScoreManagement\tomcat\webapps\book を配備します
02-Jul-2024 09:56:47.008 情報 [localhost-startStop-1] org.apache.catalina.startup.HostConfig.deployDirectory Deployment of web application directory C:\ScoreManagement\tomcat\webapps\book has finished in 795 ms
02-Jul-2024 09:56:47.008 情報 [localhost-startStop-1] org.apache.catalina.startup.HostConfig.deployDirectory Webアプリケーションディレクトリ C:\ScoreManagement\tomcat\webapps\docs を配備します
02-Jul-2024 09:56:47.036 情報 [localhost-startStop-1] org.apache.catalina.startup.HostConfig.deployDirectory Deployment of web application directory C:\ScoreManagement\tomcat\webapps\docs has finished in 28 ms
02-Jul-2024 09:56:47.036 情報 [localhost-startStop-1] org.apache.catalina.startup.HostConfig.deployDirectory Webアプリケーションディレクトリ C:\ScoreManagement\tomcat\webapps\examples を配備します
02-Jul-2024 09:56:47.468 情報 [localhost-startStop-1] org.apache.catalina.startup.HostConfig.deployDirectory Deployment of web application directory C:\ScoreManagement\tomcat\webapps\examples has finished in 432 ms
02-Jul-2024 09:56:47.469 情報 [localhost-startStop-1] org.apache.catalina.startup.HostConfig.deployDirectory Webアプリケーションディレクトリ C:\ScoreManagement\tomcat\webapps\host-manager を配備します
02-Jul-2024 09:56:47.498 情報 [localhost-startStop-1] org.apache.catalina.startup.HostConfig.deployDirectory Deployment of web application directory C:\ScoreManagement\tomcat\webapps\host-manager has finished in 29 ms
02-Jul-2024 09:56:47.498 情報 [localhost-startStop-1] org.apache.catalina.startup.HostConfig.deployDirectory Webアプリケーションディレクトリ C:\ScoreManagement\tomcat\webapps\manager を配備します
02-Jul-2024 09:56:47.529 情報 [localhost-startStop-1] org.apache.catalina.startup.HostConfig.deployDirectory Deployment of web application directory C:\ScoreManagement\tomcat\webapps\manager has finished in 31 ms
02-Jul-2024 09:56:47.530 情報 [localhost-startStop-1] org.apache.catalina.startup.HostConfig.deployDirectory Webアプリケーションディレクトリ C:\ScoreManagement\tomcat\webapps\ROOT を配備します
02-Jul-2024 09:56:47.551 情報 [localhost-startStop-1] org.apache.catalina.startup.HostConfig.deployDirectory Deployment of web application directory C:\ScoreManagement\tomcat\webapps\ROOT has finished in 21 ms
02-Jul-2024 09:56:47.551 情報 [localhost-startStop-1] org.apache.catalina.startup.HostConfig.deployDirectory Webアプリケーションディレクトリ C:\ScoreManagement\tomcat\webapps\Sample を配備します
02-Jul-2024 09:56:47.877 情報 [localhost-startStop-1] org.apache.catalina.startup.HostConfig.deployDirectory Deployment of web application directory C:\ScoreManagement\tomcat\webapps\Sample has finished in 326 ms
02-Jul-2024 09:56:47.881 情報 [main] org.apache.coyote.AbstractProtocol.start Starting ProtocolHandler [http-nio-8080]
02-Jul-2024 09:56:47.889 情報 [main] org.apache.coyote.AbstractProtocol.start Starting ProtocolHandler [ajp-nio-8009]
02-Jul-2024 09:56:47.891 情報 [main] org.apache.catalina.startup.Catalina.start Server startup in 1756 ms
02-Jul-2024 09:59:39.673 情報 [Thread-5] org.apache.coyote.AbstractProtocol.pause Pausing ProtocolHandler ["http-nio-8080"]
02-Jul-2024 09:59:40.035 情報 [Thread-5] org.apache.coyote.AbstractProtocol.pause Pausing ProtocolHandler ["ajp-nio-8009"]
02-Jul-2024 09:59:40.395 情報 [Thread-5] org.apache.catalina.core.StandardService.stopInternal サービス Catalina を停止します
02-Jul-2024 09:59:40.470 情報 [Thread-5] org.apache.coyote.AbstractProtocol.stop Stopping ProtocolHandler ["http-nio-8080"]
02-Jul-2024 09:59:40.471 情報 [Thread-5] org.apache.coyote.AbstractProtocol.stop Stopping ProtocolHandler ["ajp-nio-8009"]
02-Jul-2024 09:59:40.472 情報 [Thread-5] org.apache.coyote.AbstractProtocol.destroy Destroying ProtocolHandler ["http-nio-8080"]
02-Jul-2024 09:59:40.473 情報 [Thread-5] org.apache.coyote.AbstractProtocol.destroy Destroying ProtocolHandler ["ajp-nio-8009"]
02-Jul-2024 10:05:45.061 情報 [main] org.apache.catalina.startup.VersionLoggerListener.log Server version:        Apache Tomcat/8.5.11
02-Jul-2024 10:05:45.065 情報 [main] org.apache.catalina.startup.VersionLoggerListener.log Server built:          Jan 10 2017 21:02:52 UTC
02-Jul-2024 10:05:45.065 情報 [main] org.apache.catalina.startup.VersionLoggerListener.log Server number:         8.5.11.0
02-Jul-2024 10:05:45.065 情報 [main] org.apache.catalina.startup.VersionLoggerListener.log OS Name:               Windows 10
02-Jul-2024 10:05:45.065 情報 [main] org.apache.catalina.startup.VersionLoggerListener.log OS Version:            10.0
02-Jul-2024 10:05:45.065 情報 [main] org.apache.catalina.startup.VersionLoggerListener.log Architecture:          x86
02-Jul-2024 10:05:45.065 情報 [main] org.apache.catalina.startup.VersionLoggerListener.log Java Home:             C:\Program Files (x86)\Java\jdk1.8.0_121\jre
02-Jul-2024 10:05:45.065 情報 [main] org.apache.catalina.startup.VersionLoggerListener.log JVM Version:           1.8.0_121-b13
02-Jul-2024 10:05:45.066 情報 [main] org.apache.catalina.startup.VersionLoggerListener.log JVM Vendor:            Oracle Corporation
02-Jul-2024 10:05:45.066 情報 [main] org.apache.catalina.startup.VersionLoggerListener.log CATALINA_BASE:         C:\ScoreManagement\tomcat
02-Jul-2024 10:05:45.066 情報 [main] org.apache.catalina.startup.VersionLoggerListener.log CATALINA_HOME:         C:\ScoreManagement\tomcat
02-Jul-2024 10:05:45.067 情報 [main] org.apache.catalina.startup.VersionLoggerListener.log Command line argument: -Djava.util.logging.config.file=C:\ScoreManagement\tomcat\conf\logging.properties
02-Jul-2024 10:05:45.067 情報 [main] org.apache.catalina.startup.VersionLoggerListener.log Command line argument: -Djava.util.logging.manager=org.apache.juli.ClassLoaderLogManager
02-Jul-2024 10:05:45.068 情報 [main] org.apache.catalina.startup.VersionLoggerListener.log Command line argument: -Djdk.tls.ephemeralDHKeySize=2048
02-Jul-2024 10:05:45.068 情報 [main] org.apache.catalina.startup.VersionLoggerListener.log Command line argument: -Djava.protocol.handler.pkgs=org.apache.catalina.webresources
02-Jul-2024 10:05:45.068 情報 [main] org.apache.catalina.startup.VersionLoggerListener.log Command line argument: -Dfile.encoding=UTF-8
02-Jul-2024 10:05:45.068 情報 [main] org.apache.catalina.startup.VersionLoggerListener.log Command line argument: -Dcatalina.base=C:\ScoreManagement\tomcat
02-Jul-2024 10:05:45.069 情報 [main] org.apache.catalina.startup.VersionLoggerListener.log Command line argument: -Dcatalina.home=C:\ScoreManagement\tomcat
02-Jul-2024 10:05:45.069 情報 [main] org.apache.catalina.startup.VersionLoggerListener.log Command line argument: -Djava.io.tmpdir=C:\ScoreManagement\tomcat\temp
02-Jul-2024 10:05:45.069 情報 [main] org.apache.catalina.core.AprLifecycleListener.lifecycleEvent The APR based Apache Tomcat Native library which allows optimal performance in production environments was not found on the java.library.path: C:\Program Files (x86)\Java\jdk1.8.0_121\bin;C:\Windows\Sun\Java\bin;C:\Windows\system32;C:\Windows;C:\Program Files (x86)\Java\jdk1.8.0_121\bin;C:\ProgramData\Oracle\Java\javapath;C:\Program Files (x86)\Common Files\Oracle\Java\java8path;C:\Program Files (x86)\Common Files\Oracle\Java\javapath;C:\Windows\system32;C:\Windows;C:\Windows\System32\Wbem;C:\Windows\System32\WindowsPowerShell\v1.0\;C:\Windows\System32\OpenSSH\;"C:\Program Files\Java\jdk-14\bin;C:\ProgramData\Oracle\Java\javapath;C:\Program Files (x86)\Common Files\Oracle\Java\java8path;C:\Program Files (x86)\Common Files\Oracle\Java\javapath;C:\Windows\system32;C:\Windows;C:\Windows\System32\Wbem;C:\Windows\System32\WindowsPowerShell\v1.0\;C:\Windows\System32\OpenSSH\;"C:\Program Files\Java\jdk-14\bin;C:\ProgramData\Oracle\Java\javapath;C:\Program Files (x86)\Common Files\Oracle\Java\java8path;C:\Program Files (x86)\Common Files\Oracle\Java\javapath;C:\Windows\system32;C:\Windows;C:\Windows\System32\Wbem;C:\Windows\System32\WindowsPowerShell\v1.0\;C:\Windows\System32\OpenSSH\;"C:\Program Files\Java\jdk-14\bin;C:\Windows\System32";C:\Program Files\nodejs\;";C:\Program Files\nodejs\;";C:\Program Files\nodejs\;C:\Users\y_oohara\AppData\Local\Programs\Python\Python39\Scripts\;C:\Users\y_oohara\AppData\Local\Programs\Python\Python39\;C:\Users\y_oohara\AppData\Local\Microsoft\WindowsApps;C:\Users\y_oohara\AppData\Local\Programs\Microsoft VS Code\bin;C:MinGW\bin;C:\Users\y_oohara\AppData\Roaming\npm;.
02-Jul-2024 10:05:45.191 情報 [main] org.apache.coyote.AbstractProtocol.init Initializing ProtocolHandler ["http-nio-8080"]
02-Jul-2024 10:05:45.543 情報 [main] org.apache.tomcat.util.net.NioSelectorPool.getSharedSelector Using a shared selector for servlet write/read
02-Jul-2024 10:05:45.548 情報 [main] org.apache.coyote.AbstractProtocol.init Initializing ProtocolHandler ["ajp-nio-8009"]
02-Jul-2024 10:05:45.551 情報 [main] org.apache.tomcat.util.net.NioSelectorPool.getSharedSelector Using a shared selector for servlet write/read
02-Jul-2024 10:05:45.552 情報 [main] org.apache.catalina.startup.Catalina.load Initialization processed in 835 ms
02-Jul-2024 10:05:45.595 情報 [main] org.apache.catalina.core.StandardService.startInternal サービス Catalina を起動します
02-Jul-2024 10:05:45.596 情報 [main] org.apache.catalina.core.StandardEngine.startInternal Starting Servlet Engine: Apache Tomcat/8.5.11
02-Jul-2024 10:05:45.609 情報 [localhost-startStop-1] org.apache.catalina.startup.HostConfig.deployDirectory Webアプリケーションディレクトリ C:\ScoreManagement\tomcat\webapps\docs を配備します
02-Jul-2024 10:05:45.995 情報 [localhost-startStop-1] org.apache.catalina.startup.HostConfig.deployDirectory Deployment of web application directory C:\ScoreManagement\tomcat\webapps\docs has finished in 383 ms
02-Jul-2024 10:05:45.995 情報 [localhost-startStop-1] org.apache.catalina.startup.HostConfig.deployDirectory Webアプリケーションディレクトリ C:\ScoreManagement\tomcat\webapps\exam を配備します
02-Jul-2024 10:05:46.341 情報 [localhost-startStop-1] org.apache.catalina.startup.HostConfig.deployDirectory Deployment of web application directory C:\ScoreManagement\tomcat\webapps\exam has finished in 346 ms
02-Jul-2024 10:05:46.341 情報 [localhost-startStop-1] org.apache.catalina.startup.HostConfig.deployDirectory Webアプリケーションディレクトリ C:\ScoreManagement\tomcat\webapps\examples を配備します
02-Jul-2024 10:05:46.685 情報 [localhost-startStop-1] org.apache.catalina.startup.HostConfig.deployDirectory Deployment of web application directory C:\ScoreManagement\tomcat\webapps\examples has finished in 344 ms
02-Jul-2024 10:05:46.685 情報 [localhost-startStop-1] org.apache.catalina.startup.HostConfig.deployDirectory Webアプリケーションディレクトリ C:\ScoreManagement\tomcat\webapps\host-manager を配備します
02-Jul-2024 10:05:46.716 情報 [localhost-startStop-1] org.apache.catalina.startup.HostConfig.deployDirectory Deployment of web application directory C:\ScoreManagement\tomcat\webapps\host-manager has finished in 31 ms
02-Jul-2024 10:05:46.716 情報 [localhost-startStop-1] org.apache.catalina.startup.HostConfig.deployDirectory Webアプリケーションディレクトリ C:\ScoreManagement\tomcat\webapps\manager を配備します
02-Jul-2024 10:05:46.745 情報 [localhost-startStop-1] org.apache.catalina.startup.HostConfig.deployDirectory Deployment of web application directory C:\ScoreManagement\tomcat\webapps\manager has finished in 29 ms
02-Jul-2024 10:05:46.745 情報 [localhost-startStop-1] org.apache.catalina.startup.HostConfig.deployDirectory Webアプリケーションディレクトリ C:\ScoreManagement\tomcat\webapps\ROOT を配備します
02-Jul-2024 10:05:46.764 情報 [localhost-startStop-1] org.apache.catalina.startup.HostConfig.deployDirectory Deployment of web application directory C:\ScoreManagement\tomcat\webapps\ROOT has finished in 18 ms
02-Jul-2024 10:05:46.764 情報 [localhost-startStop-1] org.apache.catalina.startup.HostConfig.deployDirectory Webアプリケーションディレクトリ C:\ScoreManagement\tomcat\webapps\Sample を配備します
02-Jul-2024 10:05:47.027 情報 [localhost-startStop-1] org.apache.catalina.startup.HostConfig.deployDirectory Deployment of web application directory C:\ScoreManagement\tomcat\webapps\Sample has finished in 263 ms
02-Jul-2024 10:05:47.030 情報 [main] org.apache.coyote.AbstractProtocol.start Starting ProtocolHandler [http-nio-8080]
02-Jul-2024 10:05:47.038 情報 [main] org.apache.coyote.AbstractProtocol.start Starting ProtocolHandler [ajp-nio-8009]
02-Jul-2024 10:05:47.039 情報 [main] org.apache.catalina.startup.Catalina.start Server startup in 1488 ms
02-Jul-2024 10:18:22.661 情報 [ContainerBackgroundProcessor[StandardEngine[Catalina]]] org.apache.catalina.core.StandardContext.reload このコンテキストの再ロードを開始しました
02-Jul-2024 10:18:23.011 情報 [ContainerBackgroundProcessor[StandardEngine[Catalina]]] org.apache.catalina.core.StandardContext.reload このコンテキストの再ロードが完了しました
02-Jul-2024 10:18:36.954 情報 [Thread-5] org.apache.coyote.AbstractProtocol.pause Pausing ProtocolHandler ["http-nio-8080"]
02-Jul-2024 10:18:37.297 情報 [Thread-5] org.apache.coyote.AbstractProtocol.pause Pausing ProtocolHandler ["ajp-nio-8009"]
02-Jul-2024 10:18:37.675 情報 [Thread-5] org.apache.catalina.core.StandardService.stopInternal サービス Catalina を停止します
02-Jul-2024 10:18:37.713 情報 [Thread-5] org.apache.coyote.AbstractProtocol.stop Stopping ProtocolHandler ["http-nio-8080"]
02-Jul-2024 10:18:37.716 情報 [Thread-5] org.apache.coyote.AbstractProtocol.stop Stopping ProtocolHandler ["ajp-nio-8009"]
02-Jul-2024 10:18:37.717 情報 [Thread-5] org.apache.coyote.AbstractProtocol.destroy Destroying ProtocolHandler ["http-nio-8080"]
02-Jul-2024 10:18:37.729 情報 [Thread-5] org.apache.coyote.AbstractProtocol.destroy Destroying ProtocolHandler ["ajp-nio-8009"]
02-Jul-2024 10:18:39.283 情報 [main] org.apache.catalina.startup.VersionLoggerListener.log Server version:        Apache Tomcat/8.5.11
02-Jul-2024 10:18:39.287 情報 [main] org.apache.catalina.startup.VersionLoggerListener.log Server built:          Jan 10 2017 21:02:52 UTC
02-Jul-2024 10:18:39.287 情報 [main] org.apache.catalina.startup.VersionLoggerListener.log Server number:         8.5.11.0
02-Jul-2024 10:18:39.288 情報 [main] org.apache.catalina.startup.VersionLoggerListener.log OS Name:               Windows 10
02-Jul-2024 10:18:39.288 情報 [main] org.apache.catalina.startup.VersionLoggerListener.log OS Version:            10.0
02-Jul-2024 10:18:39.288 情報 [main] org.apache.catalina.startup.VersionLoggerListener.log Architecture:          x86
02-Jul-2024 10:18:39.288 情報 [main] org.apache.catalina.startup.VersionLoggerListener.log Java Home:             C:\Program Files (x86)\Java\jdk1.8.0_121\jre
02-Jul-2024 10:18:39.289 情報 [main] org.apache.catalina.startup.VersionLoggerListener.log JVM Version:           1.8.0_121-b13
02-Jul-2024 10:18:39.289 情報 [main] org.apache.catalina.startup.VersionLoggerListener.log JVM Vendor:            Oracle Corporation
02-Jul-2024 10:18:39.290 情報 [main] org.apache.catalina.startup.VersionLoggerListener.log CATALINA_BASE:         C:\ScoreManagement\tomcat
02-Jul-2024 10:18:39.290 情報 [main] org.apache.catalina.startup.VersionLoggerListener.log CATALINA_HOME:         C:\ScoreManagement\tomcat
02-Jul-2024 10:18:39.290 情報 [main] org.apache.catalina.startup.VersionLoggerListener.log Command line argument: -Djava.util.logging.config.file=C:\ScoreManagement\tomcat\conf\logging.properties
02-Jul-2024 10:18:39.291 情報 [main] org.apache.catalina.startup.VersionLoggerListener.log Command line argument: -Djava.util.logging.manager=org.apache.juli.ClassLoaderLogManager
02-Jul-2024 10:18:39.291 情報 [main] org.apache.catalina.startup.VersionLoggerListener.log Command line argument: -Djdk.tls.ephemeralDHKeySize=2048
02-Jul-2024 10:18:39.291 情報 [main] org.apache.catalina.startup.VersionLoggerListener.log Command line argument: -Djava.protocol.handler.pkgs=org.apache.catalina.webresources
02-Jul-2024 10:18:39.292 情報 [main] org.apache.catalina.startup.VersionLoggerListener.log Command line argument: -Dfile.encoding=UTF-8
02-Jul-2024 10:18:39.292 情報 [main] org.apache.catalina.startup.VersionLoggerListener.log Command line argument: -Dcatalina.base=C:\ScoreManagement\tomcat
02-Jul-2024 10:18:39.293 情報 [main] org.apache.catalina.startup.VersionLoggerListener.log Command line argument: -Dcatalina.home=C:\ScoreManagement\tomcat
02-Jul-2024 10:18:39.293 情報 [main] org.apache.catalina.startup.VersionLoggerListener.log Command line argument: -Djava.io.tmpdir=C:\ScoreManagement\tomcat\temp
02-Jul-2024 10:18:39.293 情報 [main] org.apache.catalina.core.AprLifecycleListener.lifecycleEvent The APR based Apache Tomcat Native library which allows optimal performance in production environments was not found on the java.library.path: C:\Program Files (x86)\Java\jdk1.8.0_121\bin;C:\Windows\Sun\Java\bin;C:\Windows\system32;C:\Windows;C:\Program Files (x86)\Java\jdk1.8.0_121\bin;C:\ProgramData\Oracle\Java\javapath;C:\Program Files (x86)\Common Files\Oracle\Java\java8path;C:\Program Files (x86)\Common Files\Oracle\Java\javapath;C:\Windows\system32;C:\Windows;C:\Windows\System32\Wbem;C:\Windows\System32\WindowsPowerShell\v1.0\;C:\Windows\System32\OpenSSH\;"C:\Program Files\Java\jdk-14\bin;C:\ProgramData\Oracle\Java\javapath;C:\Program Files (x86)\Common Files\Oracle\Java\java8path;C:\Program Files (x86)\Common Files\Oracle\Java\javapath;C:\Windows\system32;C:\Windows;C:\Windows\System32\Wbem;C:\Windows\System32\WindowsPowerShell\v1.0\;C:\Windows\System32\OpenSSH\;"C:\Program Files\Java\jdk-14\bin;C:\ProgramData\Oracle\Java\javapath;C:\Program Files (x86)\Common Files\Oracle\Java\java8path;C:\Program Files (x86)\Common Files\Oracle\Java\javapath;C:\Windows\system32;C:\Windows;C:\Windows\System32\Wbem;C:\Windows\System32\WindowsPowerShell\v1.0\;C:\Windows\System32\OpenSSH\;"C:\Program Files\Java\jdk-14\bin;C:\Windows\System32";C:\Program Files\nodejs\;";C:\Program Files\nodejs\;";C:\Program Files\nodejs\;C:\Users\y_oohara\AppData\Local\Programs\Python\Python39\Scripts\;C:\Users\y_oohara\AppData\Local\Programs\Python\Python39\;C:\Users\y_oohara\AppData\Local\Microsoft\WindowsApps;C:\Users\y_oohara\AppData\Local\Programs\Microsoft VS Code\bin;C:MinGW\bin;C:\Users\y_oohara\AppData\Roaming\npm;.
02-Jul-2024 10:18:39.421 情報 [main] org.apache.coyote.AbstractProtocol.init Initializing ProtocolHandler ["http-nio-8080"]
02-Jul-2024 10:18:39.798 情報 [main] org.apache.tomcat.util.net.NioSelectorPool.getSharedSelector Using a shared selector for servlet write/read
02-Jul-2024 10:18:39.801 情報 [main] org.apache.coyote.AbstractProtocol.init Initializing ProtocolHandler ["ajp-nio-8009"]
02-Jul-2024 10:18:39.805 情報 [main] org.apache.tomcat.util.net.NioSelectorPool.getSharedSelector Using a shared selector for servlet write/read
02-Jul-2024 10:18:39.805 情報 [main] org.apache.catalina.startup.Catalina.load Initialization processed in 832 ms
02-Jul-2024 10:18:39.845 情報 [main] org.apache.catalina.core.StandardService.startInternal サービス Catalina を起動します
02-Jul-2024 10:18:39.846 情報 [main] org.apache.catalina.core.StandardEngine.startInternal Starting Servlet Engine: Apache Tomcat/8.5.11
02-Jul-2024 10:18:39.858 情報 [localhost-startStop-1] org.apache.catalina.startup.HostConfig.deployDirectory Webアプリケーションディレクトリ C:\ScoreManagement\tomcat\webapps\docs を配備します
02-Jul-2024 10:18:40.208 情報 [localhost-startStop-1] org.apache.catalina.startup.HostConfig.deployDirectory Deployment of web application directory C:\ScoreManagement\tomcat\webapps\docs has finished in 349 ms
02-Jul-2024 10:18:40.208 情報 [localhost-startStop-1] org.apache.catalina.startup.HostConfig.deployDirectory Webアプリケーションディレクトリ C:\ScoreManagement\tomcat\webapps\exam を配備します
02-Jul-2024 10:18:40.531 情報 [localhost-startStop-1] org.apache.catalina.startup.HostConfig.deployDirectory Deployment of web application directory C:\ScoreManagement\tomcat\webapps\exam has finished in 323 ms
02-Jul-2024 10:18:40.532 情報 [localhost-startStop-1] org.apache.catalina.startup.HostConfig.deployDirectory Webアプリケーションディレクトリ C:\ScoreManagement\tomcat\webapps\examples を配備します
02-Jul-2024 10:18:40.817 情報 [localhost-startStop-1] org.apache.catalina.startup.HostConfig.deployDirectory Deployment of web application directory C:\ScoreManagement\tomcat\webapps\examples has finished in 285 ms
02-Jul-2024 10:18:40.818 情報 [localhost-startStop-1] org.apache.catalina.startup.HostConfig.deployDirectory Webアプリケーションディレクトリ C:\ScoreManagement\tomcat\webapps\host-manager を配備します
02-Jul-2024 10:18:40.845 情報 [localhost-startStop-1] org.apache.catalina.startup.HostConfig.deployDirectory Deployment of web application directory C:\ScoreManagement\tomcat\webapps\host-manager has finished in 27 ms
02-Jul-2024 10:18:40.846 情報 [localhost-startStop-1] org.apache.catalina.startup.HostConfig.deployDirectory Webアプリケーションディレクトリ C:\ScoreManagement\tomcat\webapps\manager を配備します
02-Jul-2024 10:18:40.883 情報 [localhost-startStop-1] org.apache.catalina.startup.HostConfig.deployDirectory Deployment of web application directory C:\ScoreManagement\tomcat\webapps\manager has finished in 37 ms
02-Jul-2024 10:18:40.883 情報 [localhost-startStop-1] org.apache.catalina.startup.HostConfig.deployDirectory Webアプリケーションディレクトリ C:\ScoreManagement\tomcat\webapps\ROOT を配備します
02-Jul-2024 10:18:40.905 情報 [localhost-startStop-1] org.apache.catalina.startup.HostConfig.deployDirectory Deployment of web application directory C:\ScoreManagement\tomcat\webapps\ROOT has finished in 22 ms
02-Jul-2024 10:18:40.906 情報 [localhost-startStop-1] org.apache.catalina.startup.HostConfig.deployDirectory Webアプリケーションディレクトリ C:\ScoreManagement\tomcat\webapps\Sample を配備します
02-Jul-2024 10:18:41.198 情報 [localhost-startStop-1] org.apache.catalina.startup.HostConfig.deployDirectory Deployment of web application directory C:\ScoreManagement\tomcat\webapps\Sample has finished in 292 ms
02-Jul-2024 10:18:41.202 情報 [main] org.apache.coyote.AbstractProtocol.start Starting ProtocolHandler [http-nio-8080]
02-Jul-2024 10:18:41.211 情報 [main] org.apache.coyote.AbstractProtocol.start Starting ProtocolHandler [ajp-nio-8009]
02-Jul-2024 10:18:41.214 情報 [main] org.apache.catalina.startup.Catalina.start Server startup in 1408 ms
02-Jul-2024 10:20:59.993 情報 [Thread-5] org.apache.coyote.AbstractProtocol.pause Pausing ProtocolHandler ["http-nio-8080"]
02-Jul-2024 10:21:00.365 情報 [Thread-5] org.apache.coyote.AbstractProtocol.pause Pausing ProtocolHandler ["ajp-nio-8009"]
02-Jul-2024 10:21:00.689 情報 [Thread-5] org.apache.catalina.core.StandardService.stopInternal サービス Catalina を停止します
02-Jul-2024 10:21:00.740 情報 [Thread-5] org.apache.coyote.AbstractProtocol.stop Stopping ProtocolHandler ["http-nio-8080"]
02-Jul-2024 10:21:00.741 情報 [Thread-5] org.apache.coyote.AbstractProtocol.stop Stopping ProtocolHandler ["ajp-nio-8009"]
02-Jul-2024 10:21:00.742 情報 [Thread-5] org.apache.coyote.AbstractProtocol.destroy Destroying ProtocolHandler ["http-nio-8080"]
02-Jul-2024 10:21:00.743 情報 [Thread-5] org.apache.coyote.AbstractProtocol.destroy Destroying ProtocolHandler ["ajp-nio-8009"]
02-Jul-2024 10:21:03.067 情報 [main] org.apache.catalina.startup.VersionLoggerListener.log Server version:        Apache Tomcat/8.5.11
02-Jul-2024 10:21:03.071 情報 [main] org.apache.catalina.startup.VersionLoggerListener.log Server built:          Jan 10 2017 21:02:52 UTC
02-Jul-2024 10:21:03.071 情報 [main] org.apache.catalina.startup.VersionLoggerListener.log Server number:         8.5.11.0
02-Jul-2024 10:21:03.071 情報 [main] org.apache.catalina.startup.VersionLoggerListener.log OS Name:               Windows 10
02-Jul-2024 10:21:03.071 情報 [main] org.apache.catalina.startup.VersionLoggerListener.log OS Version:            10.0
02-Jul-2024 10:21:03.072 情報 [main] org.apache.catalina.startup.VersionLoggerListener.log Architecture:          x86
02-Jul-2024 10:21:03.072 情報 [main] org.apache.catalina.startup.VersionLoggerListener.log Java Home:             C:\Program Files (x86)\Java\jdk1.8.0_121\jre
02-Jul-2024 10:21:03.072 情報 [main] org.apache.catalina.startup.VersionLoggerListener.log JVM Version:           1.8.0_121-b13
02-Jul-2024 10:21:03.072 情報 [main] org.apache.catalina.startup.VersionLoggerListener.log JVM Vendor:            Oracle Corporation
02-Jul-2024 10:21:03.072 情報 [main] org.apache.catalina.startup.VersionLoggerListener.log CATALINA_BASE:         C:\ScoreManagement\tomcat
02-Jul-2024 10:21:03.073 情報 [main] org.apache.catalina.startup.VersionLoggerListener.log CATALINA_HOME:         C:\ScoreManagement\tomcat
02-Jul-2024 10:21:03.073 情報 [main] org.apache.catalina.startup.VersionLoggerListener.log Command line argument: -Djava.util.logging.config.file=C:\ScoreManagement\tomcat\conf\logging.properties
02-Jul-2024 10:21:03.073 情報 [main] org.apache.catalina.startup.VersionLoggerListener.log Command line argument: -Djava.util.logging.manager=org.apache.juli.ClassLoaderLogManager
02-Jul-2024 10:21:03.073 情報 [main] org.apache.catalina.startup.VersionLoggerListener.log Command line argument: -Djdk.tls.ephemeralDHKeySize=2048
02-Jul-2024 10:21:03.074 情報 [main] org.apache.catalina.startup.VersionLoggerListener.log Command line argument: -Djava.protocol.handler.pkgs=org.apache.catalina.webresources
02-Jul-2024 10:21:03.074 情報 [main] org.apache.catalina.startup.VersionLoggerListener.log Command line argument: -Dfile.encoding=UTF-8
02-Jul-2024 10:21:03.074 情報 [main] org.apache.catalina.startup.VersionLoggerListener.log Command line argument: -Dcatalina.base=C:\ScoreManagement\tomcat
02-Jul-2024 10:21:03.074 情報 [main] org.apache.catalina.startup.VersionLoggerListener.log Command line argument: -Dcatalina.home=C:\ScoreManagement\tomcat
02-Jul-2024 10:21:03.074 情報 [main] org.apache.catalina.startup.VersionLoggerListener.log Command line argument: -Djava.io.tmpdir=C:\ScoreManagement\tomcat\temp
02-Jul-2024 10:21:03.074 情報 [main] org.apache.catalina.core.AprLifecycleListener.lifecycleEvent The APR based Apache Tomcat Native library which allows optimal performance in production environments was not found on the java.library.path: C:\Program Files (x86)\Java\jdk1.8.0_121\bin;C:\Windows\Sun\Java\bin;C:\Windows\system32;C:\Windows;C:\Program Files (x86)\Java\jdk1.8.0_121\bin;C:\ProgramData\Oracle\Java\javapath;C:\Program Files (x86)\Common Files\Oracle\Java\java8path;C:\Program Files (x86)\Common Files\Oracle\Java\javapath;C:\Windows\system32;C:\Windows;C:\Windows\System32\Wbem;C:\Windows\System32\WindowsPowerShell\v1.0\;C:\Windows\System32\OpenSSH\;"C:\Program Files\Java\jdk-14\bin;C:\ProgramData\Oracle\Java\javapath;C:\Program Files (x86)\Common Files\Oracle\Java\java8path;C:\Program Files (x86)\Common Files\Oracle\Java\javapath;C:\Windows\system32;C:\Windows;C:\Windows\System32\Wbem;C:\Windows\System32\WindowsPowerShell\v1.0\;C:\Windows\System32\OpenSSH\;"C:\Program Files\Java\jdk-14\bin;C:\ProgramData\Oracle\Java\javapath;C:\Program Files (x86)\Common Files\Oracle\Java\java8path;C:\Program Files (x86)\Common Files\Oracle\Java\javapath;C:\Windows\system32;C:\Windows;C:\Windows\System32\Wbem;C:\Windows\System32\WindowsPowerShell\v1.0\;C:\Windows\System32\OpenSSH\;"C:\Program Files\Java\jdk-14\bin;C:\Windows\System32";C:\Program Files\nodejs\;";C:\Program Files\nodejs\;";C:\Program Files\nodejs\;C:\Users\y_oohara\AppData\Local\Programs\Python\Python39\Scripts\;C:\Users\y_oohara\AppData\Local\Programs\Python\Python39\;C:\Users\y_oohara\AppData\Local\Microsoft\WindowsApps;C:\Users\y_oohara\AppData\Local\Programs\Microsoft VS Code\bin;C:MinGW\bin;C:\Users\y_oohara\AppData\Roaming\npm;.
02-Jul-2024 10:21:03.203 情報 [main] org.apache.coyote.AbstractProtocol.init Initializing ProtocolHandler ["http-nio-8080"]
02-Jul-2024 10:21:03.527 情報 [main] org.apache.tomcat.util.net.NioSelectorPool.getSharedSelector Using a shared selector for servlet write/read
02-Jul-2024 10:21:03.529 情報 [main] org.apache.coyote.AbstractProtocol.init Initializing ProtocolHandler ["ajp-nio-8009"]
02-Jul-2024 10:21:03.531 情報 [main] org.apache.tomcat.util.net.NioSelectorPool.getSharedSelector Using a shared selector for servlet write/read
02-Jul-2024 10:21:03.532 情報 [main] org.apache.catalina.startup.Catalina.load Initialization processed in 780 ms
02-Jul-2024 10:21:03.561 情報 [main] org.apache.catalina.core.StandardService.startInternal サービス Catalina を起動します
02-Jul-2024 10:21:03.561 情報 [main] org.apache.catalina.core.StandardEngine.startInternal Starting Servlet Engine: Apache Tomcat/8.5.11
02-Jul-2024 10:21:03.572 情報 [localhost-startStop-1] org.apache.catalina.startup.HostConfig.deployDirectory Webアプリケーションディレクトリ C:\ScoreManagement\tomcat\webapps\docs を配備します
02-Jul-2024 10:21:03.852 情報 [localhost-startStop-1] org.apache.catalina.startup.HostConfig.deployDirectory Deployment of web application directory C:\ScoreManagement\tomcat\webapps\docs has finished in 278 ms
02-Jul-2024 10:21:03.852 情報 [localhost-startStop-1] org.apache.catalina.startup.HostConfig.deployDirectory Webアプリケーションディレクトリ C:\ScoreManagement\tomcat\webapps\exam を配備します
02-Jul-2024 10:21:04.154 情報 [localhost-startStop-1] org.apache.catalina.startup.HostConfig.deployDirectory Deployment of web application directory C:\ScoreManagement\tomcat\webapps\exam has finished in 301 ms
02-Jul-2024 10:21:04.154 情報 [localhost-startStop-1] org.apache.catalina.startup.HostConfig.deployDirectory Webアプリケーションディレクトリ C:\ScoreManagement\tomcat\webapps\examples を配備します
02-Jul-2024 10:21:04.425 情報 [localhost-startStop-1] org.apache.catalina.startup.HostConfig.deployDirectory Deployment of web application directory C:\ScoreManagement\tomcat\webapps\examples has finished in 271 ms
02-Jul-2024 10:21:04.426 情報 [localhost-startStop-1] org.apache.catalina.startup.HostConfig.deployDirectory Webアプリケーションディレクトリ C:\ScoreManagement\tomcat\webapps\host-manager を配備します
02-Jul-2024 10:21:04.451 情報 [localhost-startStop-1] org.apache.catalina.startup.HostConfig.deployDirectory Deployment of web application directory C:\ScoreManagement\tomcat\webapps\host-manager has finished in 24 ms
02-Jul-2024 10:21:04.451 情報 [localhost-startStop-1] org.apache.catalina.startup.HostConfig.deployDirectory Webアプリケーションディレクトリ C:\ScoreManagement\tomcat\webapps\manager を配備します
02-Jul-2024 10:21:04.478 情報 [localhost-startStop-1] org.apache.catalina.startup.HostConfig.deployDirectory Deployment of web application directory C:\ScoreManagement\tomcat\webapps\manager has finished in 27 ms
02-Jul-2024 10:21:04.478 情報 [localhost-startStop-1] org.apache.catalina.startup.HostConfig.deployDirectory Webアプリケーションディレクトリ C:\ScoreManagement\tomcat\webapps\ROOT を配備します
02-Jul-2024 10:21:04.494 情報 [localhost-startStop-1] org.apache.catalina.startup.HostConfig.deployDirectory Deployment of web application directory C:\ScoreManagement\tomcat\webapps\ROOT has finished in 16 ms
02-Jul-2024 10:21:04.495 情報 [localhost-startStop-1] org.apache.catalina.startup.HostConfig.deployDirectory Webアプリケーションディレクトリ C:\ScoreManagement\tomcat\webapps\Sample を配備します
02-Jul-2024 10:21:04.729 情報 [localhost-startStop-1] org.apache.catalina.startup.HostConfig.deployDirectory Deployment of web application directory C:\ScoreManagement\tomcat\webapps\Sample has finished in 234 ms
02-Jul-2024 10:21:04.732 情報 [main] org.apache.coyote.AbstractProtocol.start Starting ProtocolHandler [http-nio-8080]
02-Jul-2024 10:21:04.740 情報 [main] org.apache.coyote.AbstractProtocol.start Starting ProtocolHandler [ajp-nio-8009]
02-Jul-2024 10:21:04.742 情報 [main] org.apache.catalina.startup.Catalina.start Server startup in 1209 ms
02-Jul-2024 10:21:50.141 情報 [Thread-5] org.apache.coyote.AbstractProtocol.pause Pausing ProtocolHandler ["http-nio-8080"]
02-Jul-2024 10:21:50.441 情報 [Thread-5] org.apache.coyote.AbstractProtocol.pause Pausing ProtocolHandler ["ajp-nio-8009"]
02-Jul-2024 10:21:50.751 情報 [Thread-5] org.apache.catalina.core.StandardService.stopInternal サービス Catalina を停止します
02-Jul-2024 10:21:50.797 情報 [Thread-5] org.apache.coyote.AbstractProtocol.stop Stopping ProtocolHandler ["http-nio-8080"]
02-Jul-2024 10:21:50.800 情報 [Thread-5] org.apache.coyote.AbstractProtocol.stop Stopping ProtocolHandler ["ajp-nio-8009"]
02-Jul-2024 10:21:50.802 情報 [Thread-5] org.apache.coyote.AbstractProtocol.destroy Destroying ProtocolHandler ["http-nio-8080"]
02-Jul-2024 10:21:50.803 情報 [Thread-5] org.apache.coyote.AbstractProtocol.destroy Destroying ProtocolHandler ["ajp-nio-8009"]
02-Jul-2024 10:21:52.131 情報 [main] org.apache.catalina.startup.VersionLoggerListener.log Server version:        Apache Tomcat/8.5.11
02-Jul-2024 10:21:52.136 情報 [main] org.apache.catalina.startup.VersionLoggerListener.log Server built:          Jan 10 2017 21:02:52 UTC
02-Jul-2024 10:21:52.136 情報 [main] org.apache.catalina.startup.VersionLoggerListener.log Server number:         8.5.11.0
02-Jul-2024 10:21:52.136 情報 [main] org.apache.catalina.startup.VersionLoggerListener.log OS Name:               Windows 10
02-Jul-2024 10:21:52.137 情報 [main] org.apache.catalina.startup.VersionLoggerListener.log OS Version:            10.0
02-Jul-2024 10:21:52.137 情報 [main] org.apache.catalina.startup.VersionLoggerListener.log Architecture:          x86
02-Jul-2024 10:21:52.137 情報 [main] org.apache.catalina.startup.VersionLoggerListener.log Java Home:             C:\Program Files (x86)\Java\jdk1.8.0_121\jre
02-Jul-2024 10:21:52.137 情報 [main] org.apache.catalina.startup.VersionLoggerListener.log JVM Version:           1.8.0_121-b13
02-Jul-2024 10:21:52.138 情報 [main] org.apache.catalina.startup.VersionLoggerListener.log JVM Vendor:            Oracle Corporation
02-Jul-2024 10:21:52.138 情報 [main] org.apache.catalina.startup.VersionLoggerListener.log CATALINA_BASE:         C:\ScoreManagement\tomcat
02-Jul-2024 10:21:52.138 情報 [main] org.apache.catalina.startup.VersionLoggerListener.log CATALINA_HOME:         C:\ScoreManagement\tomcat
02-Jul-2024 10:21:52.139 情報 [main] org.apache.catalina.startup.VersionLoggerListener.log Command line argument: -Djava.util.logging.config.file=C:\ScoreManagement\tomcat\conf\logging.properties
02-Jul-2024 10:21:52.139 情報 [main] org.apache.catalina.startup.VersionLoggerListener.log Command line argument: -Djava.util.logging.manager=org.apache.juli.ClassLoaderLogManager
02-Jul-2024 10:21:52.139 情報 [main] org.apache.catalina.startup.VersionLoggerListener.log Command line argument: -Djdk.tls.ephemeralDHKeySize=2048
02-Jul-2024 10:21:52.139 情報 [main] org.apache.catalina.startup.VersionLoggerListener.log Command line argument: -Djava.protocol.handler.pkgs=org.apache.catalina.webresources
02-Jul-2024 10:21:52.139 情報 [main] org.apache.catalina.startup.VersionLoggerListener.log Command line argument: -Dfile.encoding=UTF-8
02-Jul-2024 10:21:52.140 情報 [main] org.apache.catalina.startup.VersionLoggerListener.log Command line argument: -Dcatalina.base=C:\ScoreManagement\tomcat
02-Jul-2024 10:21:52.140 情報 [main] org.apache.catalina.startup.VersionLoggerListener.log Command line argument: -Dcatalina.home=C:\ScoreManagement\tomcat
02-Jul-2024 10:21:52.140 情報 [main] org.apache.catalina.startup.VersionLoggerListener.log Command line argument: -Djava.io.tmpdir=C:\ScoreManagement\tomcat\temp
02-Jul-2024 10:21:52.140 情報 [main] org.apache.catalina.core.AprLifecycleListener.lifecycleEvent The APR based Apache Tomcat Native library which allows optimal performance in production environments was not found on the java.library.path: C:\Program Files (x86)\Java\jdk1.8.0_121\bin;C:\Windows\Sun\Java\bin;C:\Windows\system32;C:\Windows;C:\Program Files (x86)\Java\jdk1.8.0_121\bin;C:\ProgramData\Oracle\Java\javapath;C:\Program Files (x86)\Common Files\Oracle\Java\java8path;C:\Program Files (x86)\Common Files\Oracle\Java\javapath;C:\Windows\system32;C:\Windows;C:\Windows\System32\Wbem;C:\Windows\System32\WindowsPowerShell\v1.0\;C:\Windows\System32\OpenSSH\;"C:\Program Files\Java\jdk-14\bin;C:\ProgramData\Oracle\Java\javapath;C:\Program Files (x86)\Common Files\Oracle\Java\java8path;C:\Program Files (x86)\Common Files\Oracle\Java\javapath;C:\Windows\system32;C:\Windows;C:\Windows\System32\Wbem;C:\Windows\System32\WindowsPowerShell\v1.0\;C:\Windows\System32\OpenSSH\;"C:\Program Files\Java\jdk-14\bin;C:\ProgramData\Oracle\Java\javapath;C:\Program Files (x86)\Common Files\Oracle\Java\java8path;C:\Program Files (x86)\Common Files\Oracle\Java\javapath;C:\Windows\system32;C:\Windows;C:\Windows\System32\Wbem;C:\Windows\System32\WindowsPowerShell\v1.0\;C:\Windows\System32\OpenSSH\;"C:\Program Files\Java\jdk-14\bin;C:\Windows\System32";C:\Program Files\nodejs\;";C:\Program Files\nodejs\;";C:\Program Files\nodejs\;C:\Users\y_oohara\AppData\Local\Programs\Python\Python39\Scripts\;C:\Users\y_oohara\AppData\Local\Programs\Python\Python39\;C:\Users\y_oohara\AppData\Local\Microsoft\WindowsApps;C:\Users\y_oohara\AppData\Local\Programs\Microsoft VS Code\bin;C:MinGW\bin;C:\Users\y_oohara\AppData\Roaming\npm;.
02-Jul-2024 10:21:52.262 情報 [main] org.apache.coyote.AbstractProtocol.init Initializing ProtocolHandler ["http-nio-8080"]
02-Jul-2024 10:21:52.590 情報 [main] org.apache.tomcat.util.net.NioSelectorPool.getSharedSelector Using a shared selector for servlet write/read
02-Jul-2024 10:21:52.594 情報 [main] org.apache.coyote.AbstractProtocol.init Initializing ProtocolHandler ["ajp-nio-8009"]
02-Jul-2024 10:21:52.597 情報 [main] org.apache.tomcat.util.net.NioSelectorPool.getSharedSelector Using a shared selector for servlet write/read
02-Jul-2024 10:21:52.598 情報 [main] org.apache.catalina.startup.Catalina.load Initialization processed in 772 ms
02-Jul-2024 10:21:52.625 情報 [main] org.apache.catalina.core.StandardService.startInternal サービス Catalina を起動します
02-Jul-2024 10:21:52.625 情報 [main] org.apache.catalina.core.StandardEngine.startInternal Starting Servlet Engine: Apache Tomcat/8.5.11
02-Jul-2024 10:21:52.634 情報 [localhost-startStop-1] org.apache.catalina.startup.HostConfig.deployDirectory Webアプリケーションディレクトリ C:\ScoreManagement\tomcat\webapps\docs を配備します
02-Jul-2024 10:21:52.919 情報 [localhost-startStop-1] org.apache.catalina.startup.HostConfig.deployDirectory Deployment of web application directory C:\ScoreManagement\tomcat\webapps\docs has finished in 284 ms
02-Jul-2024 10:21:52.920 情報 [localhost-startStop-1] org.apache.catalina.startup.HostConfig.deployDirectory Webアプリケーションディレクトリ C:\ScoreManagement\tomcat\webapps\exam を配備します
02-Jul-2024 10:21:53.233 情報 [localhost-startStop-1] org.apache.catalina.startup.HostConfig.deployDirectory Deployment of web application directory C:\ScoreManagement\tomcat\webapps\exam has finished in 313 ms
02-Jul-2024 10:21:53.233 情報 [localhost-startStop-1] org.apache.catalina.startup.HostConfig.deployDirectory Webアプリケーションディレクトリ C:\ScoreManagement\tomcat\webapps\examples を配備します
02-Jul-2024 10:21:53.492 情報 [localhost-startStop-1] org.apache.catalina.startup.HostConfig.deployDirectory Deployment of web application directory C:\ScoreManagement\tomcat\webapps\examples has finished in 259 ms
02-Jul-2024 10:21:53.493 情報 [localhost-startStop-1] org.apache.catalina.startup.HostConfig.deployDirectory Webアプリケーションディレクトリ C:\ScoreManagement\tomcat\webapps\host-manager を配備します
02-Jul-2024 10:21:53.520 情報 [localhost-startStop-1] org.apache.catalina.startup.HostConfig.deployDirectory Deployment of web application directory C:\ScoreManagement\tomcat\webapps\host-manager has finished in 27 ms
02-Jul-2024 10:21:53.520 情報 [localhost-startStop-1] org.apache.catalina.startup.HostConfig.deployDirectory Webアプリケーションディレクトリ C:\ScoreManagement\tomcat\webapps\manager を配備します
02-Jul-2024 10:21:53.548 情報 [localhost-startStop-1] org.apache.catalina.startup.HostConfig.deployDirectory Deployment of web application directory C:\ScoreManagement\tomcat\webapps\manager has finished in 27 ms
02-Jul-2024 10:21:53.548 情報 [localhost-startStop-1] org.apache.catalina.startup.HostConfig.deployDirectory Webアプリケーションディレクトリ C:\ScoreManagement\tomcat\webapps\ROOT を配備します
02-Jul-2024 10:21:53.565 情報 [localhost-startStop-1] org.apache.catalina.startup.HostConfig.deployDirectory Deployment of web application directory C:\ScoreManagement\tomcat\webapps\ROOT has finished in 17 ms
02-Jul-2024 10:21:53.566 情報 [localhost-startStop-1] org.apache.catalina.startup.HostConfig.deployDirectory Webアプリケーションディレクトリ C:\ScoreManagement\tomcat\webapps\Sample を配備します
02-Jul-2024 10:21:53.808 情報 [localhost-startStop-1] org.apache.catalina.startup.HostConfig.deployDirectory Deployment of web application directory C:\ScoreManagement\tomcat\webapps\Sample has finished in 242 ms
02-Jul-2024 10:21:53.812 情報 [main] org.apache.coyote.AbstractProtocol.start Starting ProtocolHandler [http-nio-8080]
02-Jul-2024 10:21:53.819 情報 [main] org.apache.coyote.AbstractProtocol.start Starting ProtocolHandler [ajp-nio-8009]
02-Jul-2024 10:21:53.822 情報 [main] org.apache.catalina.startup.Catalina.start Server startup in 1223 ms
02-Jul-2024 10:33:21.913 情報 [Thread-5] org.apache.coyote.AbstractProtocol.pause Pausing ProtocolHandler ["http-nio-8080"]
02-Jul-2024 10:33:22.257 情報 [Thread-5] org.apache.coyote.AbstractProtocol.pause Pausing ProtocolHandler ["ajp-nio-8009"]
02-Jul-2024 10:33:22.614 情報 [Thread-5] org.apache.catalina.core.StandardService.stopInternal サービス Catalina を停止します
02-Jul-2024 10:33:22.706 警告 [localhost-startStop-2] org.apache.catalina.loader.WebappClassLoaderBase.clearReferencesJdbc The web application [exam] registered the JDBC driver [org.h2.Driver] but failed to unregister it when the web application was stopped. To prevent a memory leak, the JDBC Driver has been forcibly unregistered.
02-Jul-2024 10:33:22.724 情報 [Thread-5] org.apache.coyote.AbstractProtocol.stop Stopping ProtocolHandler ["http-nio-8080"]
02-Jul-2024 10:33:22.726 情報 [Thread-5] org.apache.coyote.AbstractProtocol.stop Stopping ProtocolHandler ["ajp-nio-8009"]
02-Jul-2024 10:33:22.727 情報 [Thread-5] org.apache.coyote.AbstractProtocol.destroy Destroying ProtocolHandler ["http-nio-8080"]
02-Jul-2024 10:33:22.728 情報 [Thread-5] org.apache.coyote.AbstractProtocol.destroy Destroying ProtocolHandler ["ajp-nio-8009"]
