07-May-2024 11:48:43.065 情報 [main] org.apache.catalina.startup.VersionLoggerListener.log Server version:        Apache Tomcat/8.5.11
07-May-2024 11:48:43.069 情報 [main] org.apache.catalina.startup.VersionLoggerListener.log Server built:          Jan 10 2017 21:02:52 UTC
07-May-2024 11:48:43.069 情報 [main] org.apache.catalina.startup.VersionLoggerListener.log Server number:         8.5.11.0
07-May-2024 11:48:43.069 情報 [main] org.apache.catalina.startup.VersionLoggerListener.log OS Name:               Windows 10
07-May-2024 11:48:43.071 情報 [main] org.apache.catalina.startup.VersionLoggerListener.log OS Version:            10.0
07-May-2024 11:48:43.071 情報 [main] org.apache.catalina.startup.VersionLoggerListener.log Architecture:          x86
07-May-2024 11:48:43.071 情報 [main] org.apache.catalina.startup.VersionLoggerListener.log Java Home:             C:\Program Files (x86)\Java\jdk1.8.0_121\jre
07-May-2024 11:48:43.071 情報 [main] org.apache.catalina.startup.VersionLoggerListener.log JVM Version:           1.8.0_121-b13
07-May-2024 11:48:43.072 情報 [main] org.apache.catalina.startup.VersionLoggerListener.log JVM Vendor:            Oracle Corporation
07-May-2024 11:48:43.072 情報 [main] org.apache.catalina.startup.VersionLoggerListener.log CATALINA_BASE:         C:\work\tomcat
07-May-2024 11:48:43.072 情報 [main] org.apache.catalina.startup.VersionLoggerListener.log CATALINA_HOME:         C:\work\tomcat
07-May-2024 11:48:43.072 情報 [main] org.apache.catalina.startup.VersionLoggerListener.log Command line argument: -Djava.util.logging.config.file=C:\work\tomcat\conf\logging.properties
07-May-2024 11:48:43.073 情報 [main] org.apache.catalina.startup.VersionLoggerListener.log Command line argument: -Djava.util.logging.manager=org.apache.juli.ClassLoaderLogManager
07-May-2024 11:48:43.073 情報 [main] org.apache.catalina.startup.VersionLoggerListener.log Command line argument: -Djdk.tls.ephemeralDHKeySize=2048
07-May-2024 11:48:43.073 情報 [main] org.apache.catalina.startup.VersionLoggerListener.log Command line argument: -Djava.protocol.handler.pkgs=org.apache.catalina.webresources
07-May-2024 11:48:43.074 情報 [main] org.apache.catalina.startup.VersionLoggerListener.log Command line argument: -Dfile.encoding=UTF-8
07-May-2024 11:48:43.074 情報 [main] org.apache.catalina.startup.VersionLoggerListener.log Command line argument: -Dcatalina.base=C:\work\tomcat
07-May-2024 11:48:43.074 情報 [main] org.apache.catalina.startup.VersionLoggerListener.log Command line argument: -Dcatalina.home=C:\work\tomcat
07-May-2024 11:48:43.075 情報 [main] org.apache.catalina.startup.VersionLoggerListener.log Command line argument: -Djava.io.tmpdir=C:\work\tomcat\temp
07-May-2024 11:48:43.075 情報 [main] org.apache.catalina.core.AprLifecycleListener.lifecycleEvent The APR based Apache Tomcat Native library which allows optimal performance in production environments was not found on the java.library.path: C:\Program Files (x86)\Java\jdk1.8.0_121\bin;C:\Windows\Sun\Java\bin;C:\Windows\system32;C:\Windows;C:\Program Files (x86)\Java\jdk1.8.0_121\bin;C:\Program Files (x86)\Common Files\Oracle\Java\java8path;C:\Program Files (x86)\Common Files\Oracle\Java\javapath;C:\Windows\system32;C:\Windows;C:\Windows\System32\Wbem;C:\Windows\System32\WindowsPowerShell\v1.0\;C:\Windows\System32\OpenSSH\;C:\Program Files\Java\jdk-14\bin;C:\Program Files\nodejs\;C:\Users\y_oohara\AppData\Local\Programs\Python\Python39\Scripts\;C:\Users\y_oohara\AppData\Local\Programs\Python\Python39\;C:\Users\y_oohara\AppData\Local\Microsoft\WindowsApps;C:\Users\y_oohara\AppData\Local\Programs\Microsoft VS Code\bin;C:MinGW\bin;C:\Users\y_oohara\AppData\Roaming\npm;.
07-May-2024 11:48:43.278 情報 [main] org.apache.coyote.AbstractProtocol.init Initializing ProtocolHandler ["http-nio-8080"]
07-May-2024 11:48:43.627 情報 [main] org.apache.tomcat.util.net.NioSelectorPool.getSharedSelector Using a shared selector for servlet write/read
07-May-2024 11:48:43.630 情報 [main] org.apache.coyote.AbstractProtocol.init Initializing ProtocolHandler ["ajp-nio-8009"]
07-May-2024 11:48:43.632 情報 [main] org.apache.tomcat.util.net.NioSelectorPool.getSharedSelector Using a shared selector for servlet write/read
07-May-2024 11:48:43.632 情報 [main] org.apache.catalina.startup.Catalina.load Initialization processed in 1078 ms
07-May-2024 11:48:43.675 情報 [main] org.apache.catalina.core.StandardService.startInternal サービス Catalina を起動します
07-May-2024 11:48:43.675 情報 [main] org.apache.catalina.core.StandardEngine.startInternal Starting Servlet Engine: Apache Tomcat/8.5.11
07-May-2024 11:48:43.687 情報 [localhost-startStop-1] org.apache.catalina.startup.HostConfig.deployDirectory Webアプリケーションディレクトリ C:\work\tomcat\webapps\book を配備します
07-May-2024 11:48:44.871 情報 [localhost-startStop-1] org.apache.catalina.startup.HostConfig.deployDirectory Deployment of web application directory C:\work\tomcat\webapps\book has finished in 1,182 ms
07-May-2024 11:48:44.872 情報 [localhost-startStop-1] org.apache.catalina.startup.HostConfig.deployDirectory Webアプリケーションディレクトリ C:\work\tomcat\webapps\docs を配備します
07-May-2024 11:48:44.894 情報 [localhost-startStop-1] org.apache.catalina.startup.HostConfig.deployDirectory Deployment of web application directory C:\work\tomcat\webapps\docs has finished in 22 ms
07-May-2024 11:48:44.894 情報 [localhost-startStop-1] org.apache.catalina.startup.HostConfig.deployDirectory Webアプリケーションディレクトリ C:\work\tomcat\webapps\examples を配備します
07-May-2024 11:48:45.672 情報 [localhost-startStop-1] org.apache.catalina.startup.HostConfig.deployDirectory Deployment of web application directory C:\work\tomcat\webapps\examples has finished in 778 ms
07-May-2024 11:48:45.673 情報 [localhost-startStop-1] org.apache.catalina.startup.HostConfig.deployDirectory Webアプリケーションディレクトリ C:\work\tomcat\webapps\host-manager を配備します
07-May-2024 11:48:45.707 情報 [localhost-startStop-1] org.apache.catalina.startup.HostConfig.deployDirectory Deployment of web application directory C:\work\tomcat\webapps\host-manager has finished in 34 ms
07-May-2024 11:48:45.707 情報 [localhost-startStop-1] org.apache.catalina.startup.HostConfig.deployDirectory Webアプリケーションディレクトリ C:\work\tomcat\webapps\manager を配備します
07-May-2024 11:48:45.738 情報 [localhost-startStop-1] org.apache.catalina.startup.HostConfig.deployDirectory Deployment of web application directory C:\work\tomcat\webapps\manager has finished in 31 ms
07-May-2024 11:48:45.739 情報 [localhost-startStop-1] org.apache.catalina.startup.HostConfig.deployDirectory Webアプリケーションディレクトリ C:\work\tomcat\webapps\ROOT を配備します
07-May-2024 11:48:45.758 情報 [localhost-startStop-1] org.apache.catalina.startup.HostConfig.deployDirectory Deployment of web application directory C:\work\tomcat\webapps\ROOT has finished in 19 ms
07-May-2024 11:48:45.758 情報 [localhost-startStop-1] org.apache.catalina.startup.HostConfig.deployDirectory Webアプリケーションディレクトリ C:\work\tomcat\webapps\Sample を配備します
07-May-2024 11:48:46.436 情報 [localhost-startStop-1] org.apache.catalina.startup.HostConfig.deployDirectory Deployment of web application directory C:\work\tomcat\webapps\Sample has finished in 678 ms
07-May-2024 11:48:46.442 情報 [main] org.apache.coyote.AbstractProtocol.start Starting ProtocolHandler [http-nio-8080]
07-May-2024 11:48:46.452 情報 [main] org.apache.coyote.AbstractProtocol.start Starting ProtocolHandler [ajp-nio-8009]
07-May-2024 11:48:46.455 情報 [main] org.apache.catalina.startup.Catalina.start Server startup in 2822 ms
07-May-2024 12:25:10.665 情報 [ContainerBackgroundProcessor[StandardEngine[Catalina]]] org.apache.catalina.core.StandardContext.reload このコンテキストの再ロードを開始しました
07-May-2024 12:25:11.340 情報 [ContainerBackgroundProcessor[StandardEngine[Catalina]]] org.apache.catalina.core.StandardContext.reload このコンテキストの再ロードが完了しました
07-May-2024 12:27:32.289 情報 [ContainerBackgroundProcessor[StandardEngine[Catalina]]] org.apache.catalina.core.StandardContext.reload このコンテキストの再ロードを開始しました
07-May-2024 12:27:32.614 情報 [ContainerBackgroundProcessor[StandardEngine[Catalina]]] org.apache.catalina.core.StandardContext.reload このコンテキストの再ロードが完了しました
07-May-2024 12:42:24.538 情報 [Thread-5] org.apache.coyote.AbstractProtocol.pause Pausing ProtocolHandler ["http-nio-8080"]
07-May-2024 12:42:24.869 情報 [Thread-5] org.apache.coyote.AbstractProtocol.pause Pausing ProtocolHandler ["ajp-nio-8009"]
07-May-2024 12:42:25.164 情報 [Thread-5] org.apache.catalina.core.StandardService.stopInternal サービス Catalina を停止します
07-May-2024 12:42:25.214 情報 [Thread-5] org.apache.coyote.AbstractProtocol.stop Stopping ProtocolHandler ["http-nio-8080"]
07-May-2024 12:42:25.217 情報 [Thread-5] org.apache.coyote.AbstractProtocol.stop Stopping ProtocolHandler ["ajp-nio-8009"]
07-May-2024 12:42:25.218 情報 [Thread-5] org.apache.coyote.AbstractProtocol.destroy Destroying ProtocolHandler ["http-nio-8080"]
07-May-2024 12:42:25.220 情報 [Thread-5] org.apache.coyote.AbstractProtocol.destroy Destroying ProtocolHandler ["ajp-nio-8009"]
07-May-2024 12:42:29.516 情報 [main] org.apache.catalina.startup.VersionLoggerListener.log Server version:        Apache Tomcat/8.5.11
07-May-2024 12:42:29.522 情報 [main] org.apache.catalina.startup.VersionLoggerListener.log Server built:          Jan 10 2017 21:02:52 UTC
07-May-2024 12:42:29.523 情報 [main] org.apache.catalina.startup.VersionLoggerListener.log Server number:         8.5.11.0
07-May-2024 12:42:29.523 情報 [main] org.apache.catalina.startup.VersionLoggerListener.log OS Name:               Windows 10
07-May-2024 12:42:29.523 情報 [main] org.apache.catalina.startup.VersionLoggerListener.log OS Version:            10.0
07-May-2024 12:42:29.524 情報 [main] org.apache.catalina.startup.VersionLoggerListener.log Architecture:          x86
07-May-2024 12:42:29.524 情報 [main] org.apache.catalina.startup.VersionLoggerListener.log Java Home:             C:\Program Files (x86)\Java\jdk1.8.0_121\jre
07-May-2024 12:42:29.524 情報 [main] org.apache.catalina.startup.VersionLoggerListener.log JVM Version:           1.8.0_121-b13
07-May-2024 12:42:29.524 情報 [main] org.apache.catalina.startup.VersionLoggerListener.log JVM Vendor:            Oracle Corporation
07-May-2024 12:42:29.525 情報 [main] org.apache.catalina.startup.VersionLoggerListener.log CATALINA_BASE:         C:\work\tomcat
07-May-2024 12:42:29.525 情報 [main] org.apache.catalina.startup.VersionLoggerListener.log CATALINA_HOME:         C:\work\tomcat
07-May-2024 12:42:29.525 情報 [main] org.apache.catalina.startup.VersionLoggerListener.log Command line argument: -Djava.util.logging.config.file=C:\work\tomcat\conf\logging.properties
07-May-2024 12:42:29.526 情報 [main] org.apache.catalina.startup.VersionLoggerListener.log Command line argument: -Djava.util.logging.manager=org.apache.juli.ClassLoaderLogManager
07-May-2024 12:42:29.526 情報 [main] org.apache.catalina.startup.VersionLoggerListener.log Command line argument: -Djdk.tls.ephemeralDHKeySize=2048
07-May-2024 12:42:29.526 情報 [main] org.apache.catalina.startup.VersionLoggerListener.log Command line argument: -Djava.protocol.handler.pkgs=org.apache.catalina.webresources
07-May-2024 12:42:29.527 情報 [main] org.apache.catalina.startup.VersionLoggerListener.log Command line argument: -Dfile.encoding=UTF-8
07-May-2024 12:42:29.527 情報 [main] org.apache.catalina.startup.VersionLoggerListener.log Command line argument: -Dcatalina.base=C:\work\tomcat
07-May-2024 12:42:29.527 情報 [main] org.apache.catalina.startup.VersionLoggerListener.log Command line argument: -Dcatalina.home=C:\work\tomcat
07-May-2024 12:42:29.527 情報 [main] org.apache.catalina.startup.VersionLoggerListener.log Command line argument: -Djava.io.tmpdir=C:\work\tomcat\temp
07-May-2024 12:42:29.527 情報 [main] org.apache.catalina.core.AprLifecycleListener.lifecycleEvent The APR based Apache Tomcat Native library which allows optimal performance in production environments was not found on the java.library.path: C:\Program Files (x86)\Java\jdk1.8.0_121\bin;C:\Windows\Sun\Java\bin;C:\Windows\system32;C:\Windows;C:\Program Files (x86)\Java\jdk1.8.0_121\bin;C:\Program Files (x86)\Common Files\Oracle\Java\java8path;C:\Program Files (x86)\Common Files\Oracle\Java\javapath;C:\Windows\system32;C:\Windows;C:\Windows\System32\Wbem;C:\Windows\System32\WindowsPowerShell\v1.0\;C:\Windows\System32\OpenSSH\;C:\Program Files\Java\jdk-14\bin;C:\Program Files\nodejs\;C:\Users\y_oohara\AppData\Local\Programs\Python\Python39\Scripts\;C:\Users\y_oohara\AppData\Local\Programs\Python\Python39\;C:\Users\y_oohara\AppData\Local\Microsoft\WindowsApps;C:\Users\y_oohara\AppData\Local\Programs\Microsoft VS Code\bin;C:MinGW\bin;C:\Users\y_oohara\AppData\Roaming\npm;.
07-May-2024 12:42:29.705 情報 [main] org.apache.coyote.AbstractProtocol.init Initializing ProtocolHandler ["http-nio-8080"]
07-May-2024 12:42:30.087 情報 [main] org.apache.tomcat.util.net.NioSelectorPool.getSharedSelector Using a shared selector for servlet write/read
07-May-2024 12:42:30.090 情報 [main] org.apache.coyote.AbstractProtocol.init Initializing ProtocolHandler ["ajp-nio-8009"]
07-May-2024 12:42:30.094 情報 [main] org.apache.tomcat.util.net.NioSelectorPool.getSharedSelector Using a shared selector for servlet write/read
07-May-2024 12:42:30.095 情報 [main] org.apache.catalina.startup.Catalina.load Initialization processed in 1007 ms
07-May-2024 12:42:30.128 情報 [main] org.apache.catalina.core.StandardService.startInternal サービス Catalina を起動します
07-May-2024 12:42:30.128 情報 [main] org.apache.catalina.core.StandardEngine.startInternal Starting Servlet Engine: Apache Tomcat/8.5.11
07-May-2024 12:42:30.140 情報 [localhost-startStop-1] org.apache.catalina.startup.HostConfig.deployDirectory Webアプリケーションディレクトリ C:\work\tomcat\webapps\book を配備します
07-May-2024 12:42:30.857 情報 [localhost-startStop-1] org.apache.catalina.startup.HostConfig.deployDirectory Deployment of web application directory C:\work\tomcat\webapps\book has finished in 715 ms
07-May-2024 12:42:30.857 情報 [localhost-startStop-1] org.apache.catalina.startup.HostConfig.deployDirectory Webアプリケーションディレクトリ C:\work\tomcat\webapps\docs を配備します
07-May-2024 12:42:30.881 情報 [localhost-startStop-1] org.apache.catalina.startup.HostConfig.deployDirectory Deployment of web application directory C:\work\tomcat\webapps\docs has finished in 23 ms
07-May-2024 12:42:30.881 情報 [localhost-startStop-1] org.apache.catalina.startup.HostConfig.deployDirectory Webアプリケーションディレクトリ C:\work\tomcat\webapps\examples を配備します
07-May-2024 12:42:31.640 情報 [localhost-startStop-1] org.apache.catalina.startup.HostConfig.deployDirectory Deployment of web application directory C:\work\tomcat\webapps\examples has finished in 759 ms
07-May-2024 12:42:31.640 情報 [localhost-startStop-1] org.apache.catalina.startup.HostConfig.deployDirectory Webアプリケーションディレクトリ C:\work\tomcat\webapps\host-manager を配備します
07-May-2024 12:42:31.669 情報 [localhost-startStop-1] org.apache.catalina.startup.HostConfig.deployDirectory Deployment of web application directory C:\work\tomcat\webapps\host-manager has finished in 29 ms
07-May-2024 12:42:31.669 情報 [localhost-startStop-1] org.apache.catalina.startup.HostConfig.deployDirectory Webアプリケーションディレクトリ C:\work\tomcat\webapps\manager を配備します
07-May-2024 12:42:31.699 情報 [localhost-startStop-1] org.apache.catalina.startup.HostConfig.deployDirectory Deployment of web application directory C:\work\tomcat\webapps\manager has finished in 30 ms
07-May-2024 12:42:31.699 情報 [localhost-startStop-1] org.apache.catalina.startup.HostConfig.deployDirectory Webアプリケーションディレクトリ C:\work\tomcat\webapps\ROOT を配備します
07-May-2024 12:42:31.719 情報 [localhost-startStop-1] org.apache.catalina.startup.HostConfig.deployDirectory Deployment of web application directory C:\work\tomcat\webapps\ROOT has finished in 20 ms
07-May-2024 12:42:31.719 情報 [localhost-startStop-1] org.apache.catalina.startup.HostConfig.deployDirectory Webアプリケーションディレクトリ C:\work\tomcat\webapps\Sample を配備します
07-May-2024 12:42:32.035 情報 [localhost-startStop-1] org.apache.catalina.startup.HostConfig.deployDirectory Deployment of web application directory C:\work\tomcat\webapps\Sample has finished in 314 ms
07-May-2024 12:42:32.041 情報 [main] org.apache.coyote.AbstractProtocol.start Starting ProtocolHandler [http-nio-8080]
07-May-2024 12:42:32.048 情報 [main] org.apache.coyote.AbstractProtocol.start Starting ProtocolHandler [ajp-nio-8009]
07-May-2024 12:42:32.051 情報 [main] org.apache.catalina.startup.Catalina.start Server startup in 1956 ms
07-May-2024 14:35:37.639 情報 [Thread-5] org.apache.coyote.AbstractProtocol.pause Pausing ProtocolHandler ["http-nio-8080"]
07-May-2024 14:35:37.970 情報 [Thread-5] org.apache.coyote.AbstractProtocol.pause Pausing ProtocolHandler ["ajp-nio-8009"]
07-May-2024 14:35:38.288 情報 [Thread-5] org.apache.catalina.core.StandardService.stopInternal サービス Catalina を停止します
07-May-2024 14:35:38.353 警告 [localhost-startStop-2] org.apache.catalina.loader.WebappClassLoaderBase.clearReferencesJdbc The web application [book] registered the JDBC driver [org.h2.Driver] but failed to unregister it when the web application was stopped. To prevent a memory leak, the JDBC Driver has been forcibly unregistered.
07-May-2024 14:35:38.361 情報 [Thread-5] org.apache.coyote.AbstractProtocol.stop Stopping ProtocolHandler ["http-nio-8080"]
07-May-2024 14:35:38.364 情報 [Thread-5] org.apache.coyote.AbstractProtocol.stop Stopping ProtocolHandler ["ajp-nio-8009"]
07-May-2024 14:35:38.365 情報 [Thread-5] org.apache.coyote.AbstractProtocol.destroy Destroying ProtocolHandler ["http-nio-8080"]
07-May-2024 14:35:38.366 情報 [Thread-5] org.apache.coyote.AbstractProtocol.destroy Destroying ProtocolHandler ["ajp-nio-8009"]
