25-Jun-2024 09:27:53.394 情報 [main] org.apache.catalina.startup.VersionLoggerListener.log Server version:        Apache Tomcat/8.5.11
25-Jun-2024 09:27:53.398 情報 [main] org.apache.catalina.startup.VersionLoggerListener.log Server built:          Jan 10 2017 21:02:52 UTC
25-Jun-2024 09:27:53.399 情報 [main] org.apache.catalina.startup.VersionLoggerListener.log Server number:         8.5.11.0
25-Jun-2024 09:27:53.400 情報 [main] org.apache.catalina.startup.VersionLoggerListener.log OS Name:               Windows 10
25-Jun-2024 09:27:53.400 情報 [main] org.apache.catalina.startup.VersionLoggerListener.log OS Version:            10.0
25-Jun-2024 09:27:53.400 情報 [main] org.apache.catalina.startup.VersionLoggerListener.log Architecture:          x86
25-Jun-2024 09:27:53.400 情報 [main] org.apache.catalina.startup.VersionLoggerListener.log Java Home:             C:\Program Files (x86)\Java\jdk1.8.0_121\jre
25-Jun-2024 09:27:53.400 情報 [main] org.apache.catalina.startup.VersionLoggerListener.log JVM Version:           1.8.0_121-b13
25-Jun-2024 09:27:53.401 情報 [main] org.apache.catalina.startup.VersionLoggerListener.log JVM Vendor:            Oracle Corporation
25-Jun-2024 09:27:53.401 情報 [main] org.apache.catalina.startup.VersionLoggerListener.log CATALINA_BASE:         C:\JavaFW_kouka2\work\tomcat
25-Jun-2024 09:27:53.401 情報 [main] org.apache.catalina.startup.VersionLoggerListener.log CATALINA_HOME:         C:\JavaFW_kouka2\work\tomcat
25-Jun-2024 09:27:53.401 情報 [main] org.apache.catalina.startup.VersionLoggerListener.log Command line argument: -Djava.util.logging.config.file=C:\JavaFW_kouka2\work\tomcat\conf\logging.properties
25-Jun-2024 09:27:53.402 情報 [main] org.apache.catalina.startup.VersionLoggerListener.log Command line argument: -Djava.util.logging.manager=org.apache.juli.ClassLoaderLogManager
25-Jun-2024 09:27:53.402 情報 [main] org.apache.catalina.startup.VersionLoggerListener.log Command line argument: -Djdk.tls.ephemeralDHKeySize=2048
25-Jun-2024 09:27:53.402 情報 [main] org.apache.catalina.startup.VersionLoggerListener.log Command line argument: -Djava.protocol.handler.pkgs=org.apache.catalina.webresources
25-Jun-2024 09:27:53.403 情報 [main] org.apache.catalina.startup.VersionLoggerListener.log Command line argument: -Dfile.encoding=UTF-8
25-Jun-2024 09:27:53.403 情報 [main] org.apache.catalina.startup.VersionLoggerListener.log Command line argument: -Dcatalina.base=C:\JavaFW_kouka2\work\tomcat
25-Jun-2024 09:27:53.403 情報 [main] org.apache.catalina.startup.VersionLoggerListener.log Command line argument: -Dcatalina.home=C:\JavaFW_kouka2\work\tomcat
25-Jun-2024 09:27:53.403 情報 [main] org.apache.catalina.startup.VersionLoggerListener.log Command line argument: -Djava.io.tmpdir=C:\JavaFW_kouka2\work\tomcat\temp
25-Jun-2024 09:27:53.403 情報 [main] org.apache.catalina.core.AprLifecycleListener.lifecycleEvent The APR based Apache Tomcat Native library which allows optimal performance in production environments was not found on the java.library.path: C:\Program Files (x86)\Java\jdk1.8.0_121\bin;C:\Windows\Sun\Java\bin;C:\Windows\system32;C:\Windows;C:\Program Files (x86)\Java\jdk1.8.0_121\bin;C:\ProgramData\Oracle\Java\javapath;C:\Program Files (x86)\Common Files\Oracle\Java\java8path;C:\Program Files (x86)\Common Files\Oracle\Java\javapath;C:\Windows\system32;C:\Windows;C:\Windows\System32\Wbem;C:\Windows\System32\WindowsPowerShell\v1.0\;C:\Windows\System32\OpenSSH\;"C:\Program Files\Java\jdk-14\bin;C:\ProgramData\Oracle\Java\javapath;C:\Program Files (x86)\Common Files\Oracle\Java\java8path;C:\Program Files (x86)\Common Files\Oracle\Java\javapath;C:\Windows\system32;C:\Windows;C:\Windows\System32\Wbem;C:\Windows\System32\WindowsPowerShell\v1.0\;C:\Windows\System32\OpenSSH\;"C:\Program Files\Java\jdk-14\bin;C:\ProgramData\Oracle\Java\javapath;C:\Program Files (x86)\Common Files\Oracle\Java\java8path;C:\Program Files (x86)\Common Files\Oracle\Java\javapath;C:\Windows\system32;C:\Windows;C:\Windows\System32\Wbem;C:\Windows\System32\WindowsPowerShell\v1.0\;C:\Windows\System32\OpenSSH\;"C:\Program Files\Java\jdk-14\bin;C:\Windows\System32";C:\Program Files\nodejs\;";C:\Program Files\nodejs\;";C:\Program Files\nodejs\;C:\Users\y_oohara\AppData\Local\Programs\Python\Python39\Scripts\;C:\Users\y_oohara\AppData\Local\Programs\Python\Python39\;C:\Users\y_oohara\AppData\Local\Microsoft\WindowsApps;C:\Users\y_oohara\AppData\Local\Programs\Microsoft VS Code\bin;C:MinGW\bin;C:\Users\y_oohara\AppData\Roaming\npm;.
25-Jun-2024 09:27:53.655 情報 [main] org.apache.coyote.AbstractProtocol.init Initializing ProtocolHandler ["http-nio-8080"]
25-Jun-2024 09:27:54.102 情報 [main] org.apache.tomcat.util.net.NioSelectorPool.getSharedSelector Using a shared selector for servlet write/read
25-Jun-2024 09:27:54.107 情報 [main] org.apache.coyote.AbstractProtocol.init Initializing ProtocolHandler ["ajp-nio-8009"]
25-Jun-2024 09:27:54.110 情報 [main] org.apache.tomcat.util.net.NioSelectorPool.getSharedSelector Using a shared selector for servlet write/read
25-Jun-2024 09:27:54.111 情報 [main] org.apache.catalina.startup.Catalina.load Initialization processed in 1271 ms
25-Jun-2024 09:27:54.159 情報 [main] org.apache.catalina.core.StandardService.startInternal サービス Catalina を起動します
25-Jun-2024 09:27:54.160 情報 [main] org.apache.catalina.core.StandardEngine.startInternal Starting Servlet Engine: Apache Tomcat/8.5.11
25-Jun-2024 09:27:54.179 情報 [localhost-startStop-1] org.apache.catalina.startup.HostConfig.deployDirectory Webアプリケーションディレクトリ C:\JavaFW_kouka2\work\tomcat\webapps\book を配備します
25-Jun-2024 09:27:55.080 情報 [localhost-startStop-1] org.apache.catalina.startup.HostConfig.deployDirectory Deployment of web application directory C:\JavaFW_kouka2\work\tomcat\webapps\book has finished in 899 ms
25-Jun-2024 09:27:55.080 情報 [localhost-startStop-1] org.apache.catalina.startup.HostConfig.deployDirectory Webアプリケーションディレクトリ C:\JavaFW_kouka2\work\tomcat\webapps\docs を配備します
25-Jun-2024 09:27:55.115 情報 [localhost-startStop-1] org.apache.catalina.startup.HostConfig.deployDirectory Deployment of web application directory C:\JavaFW_kouka2\work\tomcat\webapps\docs has finished in 35 ms
25-Jun-2024 09:27:55.115 情報 [localhost-startStop-1] org.apache.catalina.startup.HostConfig.deployDirectory Webアプリケーションディレクトリ C:\JavaFW_kouka2\work\tomcat\webapps\examples を配備します
25-Jun-2024 09:27:55.760 情報 [localhost-startStop-1] org.apache.catalina.startup.HostConfig.deployDirectory Deployment of web application directory C:\JavaFW_kouka2\work\tomcat\webapps\examples has finished in 645 ms
25-Jun-2024 09:27:55.761 情報 [localhost-startStop-1] org.apache.catalina.startup.HostConfig.deployDirectory Webアプリケーションディレクトリ C:\JavaFW_kouka2\work\tomcat\webapps\host-manager を配備します
25-Jun-2024 09:27:55.814 情報 [localhost-startStop-1] org.apache.catalina.startup.HostConfig.deployDirectory Deployment of web application directory C:\JavaFW_kouka2\work\tomcat\webapps\host-manager has finished in 53 ms
25-Jun-2024 09:27:55.814 情報 [localhost-startStop-1] org.apache.catalina.startup.HostConfig.deployDirectory Webアプリケーションディレクトリ C:\JavaFW_kouka2\work\tomcat\webapps\manager を配備します
25-Jun-2024 09:27:55.864 情報 [localhost-startStop-1] org.apache.catalina.startup.HostConfig.deployDirectory Deployment of web application directory C:\JavaFW_kouka2\work\tomcat\webapps\manager has finished in 50 ms
25-Jun-2024 09:27:55.865 情報 [localhost-startStop-1] org.apache.catalina.startup.HostConfig.deployDirectory Webアプリケーションディレクトリ C:\JavaFW_kouka2\work\tomcat\webapps\ROOT を配備します
25-Jun-2024 09:27:55.892 情報 [localhost-startStop-1] org.apache.catalina.startup.HostConfig.deployDirectory Deployment of web application directory C:\JavaFW_kouka2\work\tomcat\webapps\ROOT has finished in 27 ms
25-Jun-2024 09:27:55.893 情報 [localhost-startStop-1] org.apache.catalina.startup.HostConfig.deployDirectory Webアプリケーションディレクトリ C:\JavaFW_kouka2\work\tomcat\webapps\Sample を配備します
25-Jun-2024 09:27:56.298 情報 [localhost-startStop-1] org.apache.catalina.startup.HostConfig.deployDirectory Deployment of web application directory C:\JavaFW_kouka2\work\tomcat\webapps\Sample has finished in 405 ms
25-Jun-2024 09:27:56.306 情報 [main] org.apache.coyote.AbstractProtocol.start Starting ProtocolHandler [http-nio-8080]
25-Jun-2024 09:27:56.317 情報 [main] org.apache.coyote.AbstractProtocol.start Starting ProtocolHandler [ajp-nio-8009]
25-Jun-2024 09:27:56.319 情報 [main] org.apache.catalina.startup.Catalina.start Server startup in 2207 ms
25-Jun-2024 10:08:41.016 情報 [ContainerBackgroundProcessor[StandardEngine[Catalina]]] org.apache.catalina.core.StandardContext.reload このコンテキストの再ロードを開始しました
25-Jun-2024 10:08:41.068 警告 [ContainerBackgroundProcessor[StandardEngine[Catalina]]] org.apache.catalina.loader.WebappClassLoaderBase.clearReferencesJdbc The web application [book] registered the JDBC driver [org.h2.Driver] but failed to unregister it when the web application was stopped. To prevent a memory leak, the JDBC Driver has been forcibly unregistered.
25-Jun-2024 10:08:41.409 情報 [ContainerBackgroundProcessor[StandardEngine[Catalina]]] org.apache.catalina.core.StandardContext.reload このコンテキストの再ロードが完了しました
25-Jun-2024 10:08:51.478 情報 [ContainerBackgroundProcessor[StandardEngine[Catalina]]] org.apache.catalina.core.StandardContext.reload このコンテキストの再ロードを開始しました
25-Jun-2024 10:08:51.704 情報 [ContainerBackgroundProcessor[StandardEngine[Catalina]]] org.apache.catalina.core.StandardContext.reload このコンテキストの再ロードが完了しました
25-Jun-2024 10:48:36.779 情報 [Thread-5] org.apache.coyote.AbstractProtocol.pause Pausing ProtocolHandler ["http-nio-8080"]
25-Jun-2024 10:48:37.110 情報 [Thread-5] org.apache.coyote.AbstractProtocol.pause Pausing ProtocolHandler ["ajp-nio-8009"]
25-Jun-2024 10:48:37.403 情報 [Thread-5] org.apache.catalina.core.StandardService.stopInternal サービス Catalina を停止します
25-Jun-2024 10:48:37.904 警告 [localhost-startStop-2] org.apache.catalina.loader.WebappClassLoaderBase.clearReferencesJdbc The web application [book] registered the JDBC driver [org.h2.Driver] but failed to unregister it when the web application was stopped. To prevent a memory leak, the JDBC Driver has been forcibly unregistered.
25-Jun-2024 10:48:37.915 情報 [Thread-5] org.apache.coyote.AbstractProtocol.stop Stopping ProtocolHandler ["http-nio-8080"]
25-Jun-2024 10:48:37.920 情報 [Thread-5] org.apache.coyote.AbstractProtocol.stop Stopping ProtocolHandler ["ajp-nio-8009"]
25-Jun-2024 10:48:37.924 情報 [Thread-5] org.apache.coyote.AbstractProtocol.destroy Destroying ProtocolHandler ["http-nio-8080"]
25-Jun-2024 10:48:37.926 情報 [Thread-5] org.apache.coyote.AbstractProtocol.destroy Destroying ProtocolHandler ["ajp-nio-8009"]
