10-May-2024 15:05:25.348 情報 [main] org.apache.catalina.startup.VersionLoggerListener.log Server version:        Apache Tomcat/8.5.11
10-May-2024 15:05:25.356 情報 [main] org.apache.catalina.startup.VersionLoggerListener.log Server built:          Jan 10 2017 21:02:52 UTC
10-May-2024 15:05:25.357 情報 [main] org.apache.catalina.startup.VersionLoggerListener.log Server number:         8.5.11.0
10-May-2024 15:05:25.357 情報 [main] org.apache.catalina.startup.VersionLoggerListener.log OS Name:               Windows 10
10-May-2024 15:05:25.357 情報 [main] org.apache.catalina.startup.VersionLoggerListener.log OS Version:            10.0
10-May-2024 15:05:25.357 情報 [main] org.apache.catalina.startup.VersionLoggerListener.log Architecture:          x86
10-May-2024 15:05:25.357 情報 [main] org.apache.catalina.startup.VersionLoggerListener.log Java Home:             C:\Program Files (x86)\Java\jdk1.8.0_121\jre
10-May-2024 15:05:25.358 情報 [main] org.apache.catalina.startup.VersionLoggerListener.log JVM Version:           1.8.0_121-b13
10-May-2024 15:05:25.358 情報 [main] org.apache.catalina.startup.VersionLoggerListener.log JVM Vendor:            Oracle Corporation
10-May-2024 15:05:25.358 情報 [main] org.apache.catalina.startup.VersionLoggerListener.log CATALINA_BASE:         C:\work\tomcat
10-May-2024 15:05:25.358 情報 [main] org.apache.catalina.startup.VersionLoggerListener.log CATALINA_HOME:         C:\work\tomcat
10-May-2024 15:05:25.359 情報 [main] org.apache.catalina.startup.VersionLoggerListener.log Command line argument: -Djava.util.logging.config.file=C:\work\tomcat\conf\logging.properties
10-May-2024 15:05:25.360 情報 [main] org.apache.catalina.startup.VersionLoggerListener.log Command line argument: -Djava.util.logging.manager=org.apache.juli.ClassLoaderLogManager
10-May-2024 15:05:25.360 情報 [main] org.apache.catalina.startup.VersionLoggerListener.log Command line argument: -Djdk.tls.ephemeralDHKeySize=2048
10-May-2024 15:05:25.360 情報 [main] org.apache.catalina.startup.VersionLoggerListener.log Command line argument: -Djava.protocol.handler.pkgs=org.apache.catalina.webresources
10-May-2024 15:05:25.360 情報 [main] org.apache.catalina.startup.VersionLoggerListener.log Command line argument: -Dfile.encoding=UTF-8
10-May-2024 15:05:25.361 情報 [main] org.apache.catalina.startup.VersionLoggerListener.log Command line argument: -Dcatalina.base=C:\work\tomcat
10-May-2024 15:05:25.361 情報 [main] org.apache.catalina.startup.VersionLoggerListener.log Command line argument: -Dcatalina.home=C:\work\tomcat
10-May-2024 15:05:25.361 情報 [main] org.apache.catalina.startup.VersionLoggerListener.log Command line argument: -Djava.io.tmpdir=C:\work\tomcat\temp
10-May-2024 15:05:25.361 情報 [main] org.apache.catalina.core.AprLifecycleListener.lifecycleEvent The APR based Apache Tomcat Native library which allows optimal performance in production environments was not found on the java.library.path: C:\Program Files (x86)\Java\jdk1.8.0_121\bin;C:\Windows\Sun\Java\bin;C:\Windows\system32;C:\Windows;C:\Program Files (x86)\Java\jdk1.8.0_121\bin;C:\Program Files (x86)\Common Files\Oracle\Java\java8path;C:\Program Files (x86)\Common Files\Oracle\Java\javapath;C:\Windows\system32;C:\Windows;C:\Windows\System32\Wbem;C:\Windows\System32\WindowsPowerShell\v1.0\;C:\Windows\System32\OpenSSH\;C:\Program Files\Java\jdk-14\bin;C:\Program Files\nodejs\;C:\Users\y_oohara\AppData\Local\Programs\Python\Python39\Scripts\;C:\Users\y_oohara\AppData\Local\Programs\Python\Python39\;C:\Users\y_oohara\AppData\Local\Microsoft\WindowsApps;C:\Users\y_oohara\AppData\Local\Programs\Microsoft VS Code\bin;C:MinGW\bin;C:\Users\y_oohara\AppData\Roaming\npm;.
10-May-2024 15:05:25.620 情報 [main] org.apache.coyote.AbstractProtocol.init Initializing ProtocolHandler ["http-nio-8080"]
10-May-2024 15:05:26.110 情報 [main] org.apache.tomcat.util.net.NioSelectorPool.getSharedSelector Using a shared selector for servlet write/read
10-May-2024 15:05:26.116 情報 [main] org.apache.coyote.AbstractProtocol.init Initializing ProtocolHandler ["ajp-nio-8009"]
10-May-2024 15:05:26.119 情報 [main] org.apache.tomcat.util.net.NioSelectorPool.getSharedSelector Using a shared selector for servlet write/read
10-May-2024 15:05:26.120 情報 [main] org.apache.catalina.startup.Catalina.load Initialization processed in 1371 ms
10-May-2024 15:05:26.170 情報 [main] org.apache.catalina.core.StandardService.startInternal サービス Catalina を起動します
10-May-2024 15:05:26.170 情報 [main] org.apache.catalina.core.StandardEngine.startInternal Starting Servlet Engine: Apache Tomcat/8.5.11
10-May-2024 15:05:26.186 情報 [localhost-startStop-1] org.apache.catalina.startup.HostConfig.deployDirectory Webアプリケーションディレクトリ C:\work\tomcat\webapps\book を配備します
10-May-2024 15:05:27.621 情報 [localhost-startStop-1] org.apache.catalina.startup.HostConfig.deployDirectory Deployment of web application directory C:\work\tomcat\webapps\book has finished in 1,433 ms
10-May-2024 15:05:27.621 情報 [localhost-startStop-1] org.apache.catalina.startup.HostConfig.deployDirectory Webアプリケーションディレクトリ C:\work\tomcat\webapps\docs を配備します
10-May-2024 15:05:27.652 情報 [localhost-startStop-1] org.apache.catalina.startup.HostConfig.deployDirectory Deployment of web application directory C:\work\tomcat\webapps\docs has finished in 31 ms
10-May-2024 15:05:27.653 情報 [localhost-startStop-1] org.apache.catalina.startup.HostConfig.deployDirectory Webアプリケーションディレクトリ C:\work\tomcat\webapps\examples を配備します
10-May-2024 15:05:28.720 情報 [localhost-startStop-1] org.apache.catalina.startup.HostConfig.deployDirectory Deployment of web application directory C:\work\tomcat\webapps\examples has finished in 1,067 ms
10-May-2024 15:05:28.721 情報 [localhost-startStop-1] org.apache.catalina.startup.HostConfig.deployDirectory Webアプリケーションディレクトリ C:\work\tomcat\webapps\host-manager を配備します
10-May-2024 15:05:28.769 情報 [localhost-startStop-1] org.apache.catalina.startup.HostConfig.deployDirectory Deployment of web application directory C:\work\tomcat\webapps\host-manager has finished in 48 ms
10-May-2024 15:05:28.770 情報 [localhost-startStop-1] org.apache.catalina.startup.HostConfig.deployDirectory Webアプリケーションディレクトリ C:\work\tomcat\webapps\manager を配備します
10-May-2024 15:05:28.811 情報 [localhost-startStop-1] org.apache.catalina.startup.HostConfig.deployDirectory Deployment of web application directory C:\work\tomcat\webapps\manager has finished in 41 ms
10-May-2024 15:05:28.812 情報 [localhost-startStop-1] org.apache.catalina.startup.HostConfig.deployDirectory Webアプリケーションディレクトリ C:\work\tomcat\webapps\ROOT を配備します
10-May-2024 15:05:28.841 情報 [localhost-startStop-1] org.apache.catalina.startup.HostConfig.deployDirectory Deployment of web application directory C:\work\tomcat\webapps\ROOT has finished in 29 ms
10-May-2024 15:05:28.841 情報 [localhost-startStop-1] org.apache.catalina.startup.HostConfig.deployDirectory Webアプリケーションディレクトリ C:\work\tomcat\webapps\Sample を配備します
10-May-2024 15:05:29.724 情報 [localhost-startStop-1] org.apache.catalina.startup.HostConfig.deployDirectory Deployment of web application directory C:\work\tomcat\webapps\Sample has finished in 882 ms
10-May-2024 15:05:29.731 情報 [main] org.apache.coyote.AbstractProtocol.start Starting ProtocolHandler [http-nio-8080]
10-May-2024 15:05:29.746 情報 [main] org.apache.coyote.AbstractProtocol.start Starting ProtocolHandler [ajp-nio-8009]
10-May-2024 15:05:29.749 情報 [main] org.apache.catalina.startup.Catalina.start Server startup in 3627 ms
10-May-2024 15:06:25.747 情報 [Thread-5] org.apache.coyote.AbstractProtocol.pause Pausing ProtocolHandler ["http-nio-8080"]
10-May-2024 15:06:26.113 情報 [Thread-5] org.apache.coyote.AbstractProtocol.pause Pausing ProtocolHandler ["ajp-nio-8009"]
10-May-2024 15:06:26.469 情報 [Thread-5] org.apache.catalina.core.StandardService.stopInternal サービス Catalina を停止します
10-May-2024 15:06:26.555 情報 [Thread-5] org.apache.coyote.AbstractProtocol.stop Stopping ProtocolHandler ["http-nio-8080"]
10-May-2024 15:06:26.559 情報 [Thread-5] org.apache.coyote.AbstractProtocol.stop Stopping ProtocolHandler ["ajp-nio-8009"]
10-May-2024 15:06:26.561 情報 [Thread-5] org.apache.coyote.AbstractProtocol.destroy Destroying ProtocolHandler ["http-nio-8080"]
10-May-2024 15:06:26.565 情報 [Thread-5] org.apache.coyote.AbstractProtocol.destroy Destroying ProtocolHandler ["ajp-nio-8009"]
