17-Jul-2024 14:01:17.229 情報 [main] org.apache.catalina.startup.VersionLoggerListener.log Server version:        Apache Tomcat/8.5.11
17-Jul-2024 14:01:17.237 情報 [main] org.apache.catalina.startup.VersionLoggerListener.log Server built:          Jan 10 2017 21:02:52 UTC
17-Jul-2024 14:01:17.239 情報 [main] org.apache.catalina.startup.VersionLoggerListener.log Server number:         8.5.11.0
17-Jul-2024 14:01:17.239 情報 [main] org.apache.catalina.startup.VersionLoggerListener.log OS Name:               Windows 10
17-Jul-2024 14:01:17.240 情報 [main] org.apache.catalina.startup.VersionLoggerListener.log OS Version:            10.0
17-Jul-2024 14:01:17.240 情報 [main] org.apache.catalina.startup.VersionLoggerListener.log Architecture:          x86
17-Jul-2024 14:01:17.240 情報 [main] org.apache.catalina.startup.VersionLoggerListener.log Java Home:             C:\Program Files (x86)\Java\jdk1.8.0_121\jre
17-Jul-2024 14:01:17.241 情報 [main] org.apache.catalina.startup.VersionLoggerListener.log JVM Version:           1.8.0_121-b13
17-Jul-2024 14:01:17.241 情報 [main] org.apache.catalina.startup.VersionLoggerListener.log JVM Vendor:            Oracle Corporation
17-Jul-2024 14:01:17.241 情報 [main] org.apache.catalina.startup.VersionLoggerListener.log CATALINA_BASE:         C:\ScoreManagement\tomcat
17-Jul-2024 14:01:17.241 情報 [main] org.apache.catalina.startup.VersionLoggerListener.log CATALINA_HOME:         C:\ScoreManagement\tomcat
17-Jul-2024 14:01:17.242 情報 [main] org.apache.catalina.startup.VersionLoggerListener.log Command line argument: -Djava.util.logging.config.file=C:\ScoreManagement\tomcat\conf\logging.properties
17-Jul-2024 14:01:17.242 情報 [main] org.apache.catalina.startup.VersionLoggerListener.log Command line argument: -Djava.util.logging.manager=org.apache.juli.ClassLoaderLogManager
17-Jul-2024 14:01:17.242 情報 [main] org.apache.catalina.startup.VersionLoggerListener.log Command line argument: -Djdk.tls.ephemeralDHKeySize=2048
17-Jul-2024 14:01:17.243 情報 [main] org.apache.catalina.startup.VersionLoggerListener.log Command line argument: -Djava.protocol.handler.pkgs=org.apache.catalina.webresources
17-Jul-2024 14:01:17.243 情報 [main] org.apache.catalina.startup.VersionLoggerListener.log Command line argument: -Dfile.encoding=UTF-8
17-Jul-2024 14:01:17.243 情報 [main] org.apache.catalina.startup.VersionLoggerListener.log Command line argument: -Dcatalina.base=C:\ScoreManagement\tomcat
17-Jul-2024 14:01:17.245 情報 [main] org.apache.catalina.startup.VersionLoggerListener.log Command line argument: -Dcatalina.home=C:\ScoreManagement\tomcat
17-Jul-2024 14:01:17.245 情報 [main] org.apache.catalina.startup.VersionLoggerListener.log Command line argument: -Djava.io.tmpdir=C:\ScoreManagement\tomcat\temp
17-Jul-2024 14:01:17.245 情報 [main] org.apache.catalina.core.AprLifecycleListener.lifecycleEvent The APR based Apache Tomcat Native library which allows optimal performance in production environments was not found on the java.library.path: C:\Program Files (x86)\Java\jdk1.8.0_121\bin;C:\Windows\Sun\Java\bin;C:\Windows\system32;C:\Windows;C:\Program Files (x86)\Java\jdk1.8.0_121\bin;C:\ProgramData\Oracle\Java\javapath;C:\Program Files (x86)\Common Files\Oracle\Java\java8path;C:\Program Files (x86)\Common Files\Oracle\Java\javapath;C:\Windows\system32;C:\Windows;C:\Windows\System32\Wbem;C:\Windows\System32\WindowsPowerShell\v1.0\;C:\Windows\System32\OpenSSH\;"C:\Program Files\Java\jdk-14\bin;C:\ProgramData\Oracle\Java\javapath;C:\Program Files (x86)\Common Files\Oracle\Java\java8path;C:\Program Files (x86)\Common Files\Oracle\Java\javapath;C:\Windows\system32;C:\Windows;C:\Windows\System32\Wbem;C:\Windows\System32\WindowsPowerShell\v1.0\;C:\Windows\System32\OpenSSH\;"C:\Program Files\Java\jdk-14\bin;C:\ProgramData\Oracle\Java\javapath;C:\Program Files (x86)\Common Files\Oracle\Java\java8path;C:\Program Files (x86)\Common Files\Oracle\Java\javapath;C:\Windows\system32;C:\Windows;C:\Windows\System32\Wbem;C:\Windows\System32\WindowsPowerShell\v1.0\;C:\Windows\System32\OpenSSH\;"C:\Program Files\Java\jdk-14\bin;C:\Windows\System32";C:\Program Files\nodejs\;C:\Program Files\Git\cmd";C:\Program Files\nodejs\;C:\Program Files\Git\cmd";C:\Program Files\nodejs\;C:\Program Files\Git\cmd;C:\Users\y_oohara\AppData\Local\Programs\Python\Python39\Scripts\;C:\Users\y_oohara\AppData\Local\Programs\Python\Python39\;C:\Users\y_oohara\AppData\Local\Microsoft\WindowsApps;C:\Users\y_oohara\AppData\Local\Programs\Microsoft VS Code\bin;C:MinGW\bin;C:\Users\y_oohara\AppData\Roaming\npm;.
17-Jul-2024 14:01:17.527 情報 [main] org.apache.coyote.AbstractProtocol.init Initializing ProtocolHandler ["http-nio-8080"]
17-Jul-2024 14:01:17.995 情報 [main] org.apache.tomcat.util.net.NioSelectorPool.getSharedSelector Using a shared selector for servlet write/read
17-Jul-2024 14:01:17.999 情報 [main] org.apache.coyote.AbstractProtocol.init Initializing ProtocolHandler ["ajp-nio-8009"]
17-Jul-2024 14:01:18.003 情報 [main] org.apache.tomcat.util.net.NioSelectorPool.getSharedSelector Using a shared selector for servlet write/read
17-Jul-2024 14:01:18.004 情報 [main] org.apache.catalina.startup.Catalina.load Initialization processed in 1408 ms
17-Jul-2024 14:01:18.049 情報 [main] org.apache.catalina.core.StandardService.startInternal サービス Catalina を起動します
17-Jul-2024 14:01:18.049 情報 [main] org.apache.catalina.core.StandardEngine.startInternal Starting Servlet Engine: Apache Tomcat/8.5.11
17-Jul-2024 14:01:18.066 情報 [localhost-startStop-1] org.apache.catalina.startup.HostConfig.deployDirectory Webアプリケーションディレクトリ C:\ScoreManagement\tomcat\webapps\docs を配備します
17-Jul-2024 14:01:18.497 情報 [localhost-startStop-1] org.apache.catalina.startup.HostConfig.deployDirectory Deployment of web application directory C:\ScoreManagement\tomcat\webapps\docs has finished in 428 ms
17-Jul-2024 14:01:18.497 情報 [localhost-startStop-1] org.apache.catalina.startup.HostConfig.deployDirectory Webアプリケーションディレクトリ C:\ScoreManagement\tomcat\webapps\exam を配備します
17-Jul-2024 14:01:19.421 情報 [localhost-startStop-1] org.apache.catalina.startup.HostConfig.deployDirectory Deployment of web application directory C:\ScoreManagement\tomcat\webapps\exam has finished in 924 ms
17-Jul-2024 14:01:19.421 情報 [localhost-startStop-1] org.apache.catalina.startup.HostConfig.deployDirectory Webアプリケーションディレクトリ C:\ScoreManagement\tomcat\webapps\examples を配備します
17-Jul-2024 14:01:20.266 情報 [localhost-startStop-1] org.apache.catalina.startup.HostConfig.deployDirectory Deployment of web application directory C:\ScoreManagement\tomcat\webapps\examples has finished in 845 ms
17-Jul-2024 14:01:20.267 情報 [localhost-startStop-1] org.apache.catalina.startup.HostConfig.deployDirectory Webアプリケーションディレクトリ C:\ScoreManagement\tomcat\webapps\host-manager を配備します
17-Jul-2024 14:01:20.305 情報 [localhost-startStop-1] org.apache.catalina.startup.HostConfig.deployDirectory Deployment of web application directory C:\ScoreManagement\tomcat\webapps\host-manager has finished in 38 ms
17-Jul-2024 14:01:20.306 情報 [localhost-startStop-1] org.apache.catalina.startup.HostConfig.deployDirectory Webアプリケーションディレクトリ C:\ScoreManagement\tomcat\webapps\manager を配備します
17-Jul-2024 14:01:20.350 情報 [localhost-startStop-1] org.apache.catalina.startup.HostConfig.deployDirectory Deployment of web application directory C:\ScoreManagement\tomcat\webapps\manager has finished in 44 ms
17-Jul-2024 14:01:20.351 情報 [localhost-startStop-1] org.apache.catalina.startup.HostConfig.deployDirectory Webアプリケーションディレクトリ C:\ScoreManagement\tomcat\webapps\ROOT を配備します
17-Jul-2024 14:01:20.373 情報 [localhost-startStop-1] org.apache.catalina.startup.HostConfig.deployDirectory Deployment of web application directory C:\ScoreManagement\tomcat\webapps\ROOT has finished in 22 ms
17-Jul-2024 14:01:20.374 情報 [localhost-startStop-1] org.apache.catalina.startup.HostConfig.deployDirectory Webアプリケーションディレクトリ C:\ScoreManagement\tomcat\webapps\Sample を配備します
17-Jul-2024 14:01:21.133 情報 [localhost-startStop-1] org.apache.catalina.startup.HostConfig.deployDirectory Deployment of web application directory C:\ScoreManagement\tomcat\webapps\Sample has finished in 759 ms
17-Jul-2024 14:01:21.144 情報 [main] org.apache.coyote.AbstractProtocol.start Starting ProtocolHandler [http-nio-8080]
17-Jul-2024 14:01:21.157 情報 [main] org.apache.coyote.AbstractProtocol.start Starting ProtocolHandler [ajp-nio-8009]
17-Jul-2024 14:01:21.159 情報 [main] org.apache.catalina.startup.Catalina.start Server startup in 3155 ms
17-Jul-2024 14:01:31.152 情報 [ContainerBackgroundProcessor[StandardEngine[Catalina]]] org.apache.catalina.core.StandardContext.reload このコンテキストの再ロードを開始しました
17-Jul-2024 14:01:31.434 情報 [ContainerBackgroundProcessor[StandardEngine[Catalina]]] org.apache.catalina.core.StandardContext.reload このコンテキストの再ロードが完了しました
17-Jul-2024 14:05:24.218 情報 [ContainerBackgroundProcessor[StandardEngine[Catalina]]] org.apache.catalina.core.StandardContext.reload このコンテキストの再ロードを開始しました
17-Jul-2024 14:05:24.241 警告 [ContainerBackgroundProcessor[StandardEngine[Catalina]]] org.apache.catalina.loader.WebappClassLoaderBase.clearReferencesJdbc The web application [exam] registered the JDBC driver [org.h2.Driver] but failed to unregister it when the web application was stopped. To prevent a memory leak, the JDBC Driver has been forcibly unregistered.
17-Jul-2024 14:05:24.539 情報 [ContainerBackgroundProcessor[StandardEngine[Catalina]]] org.apache.catalina.core.StandardContext.reload このコンテキストの再ロードが完了しました
17-Jul-2024 14:09:46.391 情報 [ContainerBackgroundProcessor[StandardEngine[Catalina]]] org.apache.catalina.core.StandardContext.reload このコンテキストの再ロードを開始しました
17-Jul-2024 14:09:46.779 情報 [ContainerBackgroundProcessor[StandardEngine[Catalina]]] org.apache.catalina.core.StandardContext.reload このコンテキストの再ロードが完了しました
17-Jul-2024 14:09:56.841 情報 [ContainerBackgroundProcessor[StandardEngine[Catalina]]] org.apache.catalina.core.StandardContext.reload このコンテキストの再ロードを開始しました
17-Jul-2024 14:09:57.120 情報 [ContainerBackgroundProcessor[StandardEngine[Catalina]]] org.apache.catalina.core.StandardContext.reload このコンテキストの再ロードが完了しました
17-Jul-2024 14:10:07.197 情報 [ContainerBackgroundProcessor[StandardEngine[Catalina]]] org.apache.catalina.core.StandardContext.reload このコンテキストの再ロードを開始しました
17-Jul-2024 14:10:07.419 情報 [ContainerBackgroundProcessor[StandardEngine[Catalina]]] org.apache.catalina.core.StandardContext.reload このコンテキストの再ロードが完了しました
17-Jul-2024 14:11:58.426 情報 [ContainerBackgroundProcessor[StandardEngine[Catalina]]] org.apache.catalina.core.StandardContext.reload このコンテキストの再ロードを開始しました
17-Jul-2024 14:11:58.450 警告 [ContainerBackgroundProcessor[StandardEngine[Catalina]]] org.apache.catalina.loader.WebappClassLoaderBase.clearReferencesJdbc The web application [exam] registered the JDBC driver [org.h2.Driver] but failed to unregister it when the web application was stopped. To prevent a memory leak, the JDBC Driver has been forcibly unregistered.
17-Jul-2024 14:11:58.735 情報 [ContainerBackgroundProcessor[StandardEngine[Catalina]]] org.apache.catalina.core.StandardContext.reload このコンテキストの再ロードが完了しました
17-Jul-2024 15:08:02.301 情報 [ContainerBackgroundProcessor[StandardEngine[Catalina]]] org.apache.catalina.core.StandardContext.reload このコンテキストの再ロードを開始しました
17-Jul-2024 15:08:02.319 警告 [ContainerBackgroundProcessor[StandardEngine[Catalina]]] org.apache.catalina.loader.WebappClassLoaderBase.clearReferencesJdbc The web application [exam] registered the JDBC driver [org.h2.Driver] but failed to unregister it when the web application was stopped. To prevent a memory leak, the JDBC Driver has been forcibly unregistered.
17-Jul-2024 15:08:02.785 情報 [ContainerBackgroundProcessor[StandardEngine[Catalina]]] org.apache.catalina.core.StandardContext.reload このコンテキストの再ロードが完了しました
17-Jul-2024 15:08:22.864 情報 [ContainerBackgroundProcessor[StandardEngine[Catalina]]] org.apache.catalina.core.StandardContext.reload このコンテキストの再ロードを開始しました
17-Jul-2024 15:08:23.124 情報 [ContainerBackgroundProcessor[StandardEngine[Catalina]]] org.apache.catalina.core.StandardContext.reload このコンテキストの再ロードが完了しました
17-Jul-2024 15:10:55.436 情報 [Thread-5] org.apache.coyote.AbstractProtocol.pause Pausing ProtocolHandler ["http-nio-8080"]
17-Jul-2024 15:10:55.765 情報 [Thread-5] org.apache.coyote.AbstractProtocol.pause Pausing ProtocolHandler ["ajp-nio-8009"]
17-Jul-2024 15:10:56.047 情報 [Thread-5] org.apache.catalina.core.StandardService.stopInternal サービス Catalina を停止します
17-Jul-2024 15:10:56.092 警告 [localhost-startStop-2] org.apache.catalina.loader.WebappClassLoaderBase.clearReferencesJdbc The web application [exam] registered the JDBC driver [org.h2.Driver] but failed to unregister it when the web application was stopped. To prevent a memory leak, the JDBC Driver has been forcibly unregistered.
17-Jul-2024 15:10:56.102 情報 [Thread-5] org.apache.coyote.AbstractProtocol.stop Stopping ProtocolHandler ["http-nio-8080"]
17-Jul-2024 15:10:56.106 情報 [Thread-5] org.apache.coyote.AbstractProtocol.stop Stopping ProtocolHandler ["ajp-nio-8009"]
17-Jul-2024 15:10:56.111 情報 [Thread-5] org.apache.coyote.AbstractProtocol.destroy Destroying ProtocolHandler ["http-nio-8080"]
17-Jul-2024 15:10:56.116 情報 [Thread-5] org.apache.coyote.AbstractProtocol.destroy Destroying ProtocolHandler ["ajp-nio-8009"]
