17-May-2024 11:07:11.578 情報 [main] org.apache.catalina.startup.VersionLoggerListener.log Server version:        Apache Tomcat/8.5.11
17-May-2024 11:07:11.583 情報 [main] org.apache.catalina.startup.VersionLoggerListener.log Server built:          Jan 10 2017 21:02:52 UTC
17-May-2024 11:07:11.589 情報 [main] org.apache.catalina.startup.VersionLoggerListener.log Server number:         8.5.11.0
17-May-2024 11:07:11.589 情報 [main] org.apache.catalina.startup.VersionLoggerListener.log OS Name:               Windows 10
17-May-2024 11:07:11.589 情報 [main] org.apache.catalina.startup.VersionLoggerListener.log OS Version:            10.0
17-May-2024 11:07:11.590 情報 [main] org.apache.catalina.startup.VersionLoggerListener.log Architecture:          x86
17-May-2024 11:07:11.590 情報 [main] org.apache.catalina.startup.VersionLoggerListener.log Java Home:             C:\Program Files (x86)\Java\jdk1.8.0_121\jre
17-May-2024 11:07:11.590 情報 [main] org.apache.catalina.startup.VersionLoggerListener.log JVM Version:           1.8.0_121-b13
17-May-2024 11:07:11.590 情報 [main] org.apache.catalina.startup.VersionLoggerListener.log JVM Vendor:            Oracle Corporation
17-May-2024 11:07:11.590 情報 [main] org.apache.catalina.startup.VersionLoggerListener.log CATALINA_BASE:         C:\work\tomcat
17-May-2024 11:07:11.590 情報 [main] org.apache.catalina.startup.VersionLoggerListener.log CATALINA_HOME:         C:\work\tomcat
17-May-2024 11:07:11.591 情報 [main] org.apache.catalina.startup.VersionLoggerListener.log Command line argument: -Djava.util.logging.config.file=C:\work\tomcat\conf\logging.properties
17-May-2024 11:07:11.591 情報 [main] org.apache.catalina.startup.VersionLoggerListener.log Command line argument: -Djava.util.logging.manager=org.apache.juli.ClassLoaderLogManager
17-May-2024 11:07:11.591 情報 [main] org.apache.catalina.startup.VersionLoggerListener.log Command line argument: -Djdk.tls.ephemeralDHKeySize=2048
17-May-2024 11:07:11.591 情報 [main] org.apache.catalina.startup.VersionLoggerListener.log Command line argument: -Djava.protocol.handler.pkgs=org.apache.catalina.webresources
17-May-2024 11:07:11.592 情報 [main] org.apache.catalina.startup.VersionLoggerListener.log Command line argument: -Dfile.encoding=UTF-8
17-May-2024 11:07:11.592 情報 [main] org.apache.catalina.startup.VersionLoggerListener.log Command line argument: -Dcatalina.base=C:\work\tomcat
17-May-2024 11:07:11.593 情報 [main] org.apache.catalina.startup.VersionLoggerListener.log Command line argument: -Dcatalina.home=C:\work\tomcat
17-May-2024 11:07:11.593 情報 [main] org.apache.catalina.startup.VersionLoggerListener.log Command line argument: -Djava.io.tmpdir=C:\work\tomcat\temp
17-May-2024 11:07:11.593 情報 [main] org.apache.catalina.core.AprLifecycleListener.lifecycleEvent The APR based Apache Tomcat Native library which allows optimal performance in production environments was not found on the java.library.path: C:\Program Files (x86)\Java\jdk1.8.0_121\bin;C:\Windows\Sun\Java\bin;C:\Windows\system32;C:\Windows;C:\Program Files (x86)\Java\jdk1.8.0_121\bin;C:\Program Files (x86)\Common Files\Oracle\Java\java8path;C:\Program Files (x86)\Common Files\Oracle\Java\javapath;C:\Windows\system32;C:\Windows;C:\Windows\System32\Wbem;C:\Windows\System32\WindowsPowerShell\v1.0\;C:\Windows\System32\OpenSSH\;C:\Program Files\Java\jdk-14\bin;C:\Program Files\nodejs\;C:\Users\y_oohara\AppData\Local\Programs\Python\Python39\Scripts\;C:\Users\y_oohara\AppData\Local\Programs\Python\Python39\;C:\Users\y_oohara\AppData\Local\Microsoft\WindowsApps;C:\Users\y_oohara\AppData\Local\Programs\Microsoft VS Code\bin;C:MinGW\bin;C:\Users\y_oohara\AppData\Roaming\npm;.
17-May-2024 11:07:11.739 情報 [main] org.apache.coyote.AbstractProtocol.init Initializing ProtocolHandler ["http-nio-8080"]
17-May-2024 11:07:12.123 情報 [main] org.apache.tomcat.util.net.NioSelectorPool.getSharedSelector Using a shared selector for servlet write/read
17-May-2024 11:07:12.128 情報 [main] org.apache.coyote.AbstractProtocol.init Initializing ProtocolHandler ["ajp-nio-8009"]
17-May-2024 11:07:12.131 情報 [main] org.apache.tomcat.util.net.NioSelectorPool.getSharedSelector Using a shared selector for servlet write/read
17-May-2024 11:07:12.132 情報 [main] org.apache.catalina.startup.Catalina.load Initialization processed in 920 ms
17-May-2024 11:07:12.170 情報 [main] org.apache.catalina.core.StandardService.startInternal サービス Catalina を起動します
17-May-2024 11:07:12.170 情報 [main] org.apache.catalina.core.StandardEngine.startInternal Starting Servlet Engine: Apache Tomcat/8.5.11
17-May-2024 11:07:12.182 情報 [localhost-startStop-1] org.apache.catalina.startup.HostConfig.deployDirectory Webアプリケーションディレクトリ C:\work\tomcat\webapps\book を配備します
17-May-2024 11:07:13.777 重大 [localhost-startStop-1] org.apache.catalina.core.StandardContext.startInternal One or more Filters failed to start. Full details will be found in the appropriate container log file
17-May-2024 11:07:13.777 重大 [localhost-startStop-1] org.apache.catalina.core.StandardContext.startInternal 以前のエラーのためにコンテキストの起動が失敗しました [/book]
17-May-2024 11:07:13.807 情報 [localhost-startStop-1] org.apache.catalina.startup.HostConfig.deployDirectory Deployment of web application directory C:\work\tomcat\webapps\book has finished in 1,622 ms
17-May-2024 11:07:13.808 情報 [localhost-startStop-1] org.apache.catalina.startup.HostConfig.deployDirectory Webアプリケーションディレクトリ C:\work\tomcat\webapps\docs を配備します
17-May-2024 11:07:13.860 情報 [localhost-startStop-1] org.apache.catalina.startup.HostConfig.deployDirectory Deployment of web application directory C:\work\tomcat\webapps\docs has finished in 52 ms
17-May-2024 11:07:13.861 情報 [localhost-startStop-1] org.apache.catalina.startup.HostConfig.deployDirectory Webアプリケーションディレクトリ C:\work\tomcat\webapps\examples を配備します
17-May-2024 11:07:14.902 情報 [localhost-startStop-1] org.apache.catalina.startup.HostConfig.deployDirectory Deployment of web application directory C:\work\tomcat\webapps\examples has finished in 1,041 ms
17-May-2024 11:07:14.902 情報 [localhost-startStop-1] org.apache.catalina.startup.HostConfig.deployDirectory Webアプリケーションディレクトリ C:\work\tomcat\webapps\host-manager を配備します
17-May-2024 11:07:14.946 情報 [localhost-startStop-1] org.apache.catalina.startup.HostConfig.deployDirectory Deployment of web application directory C:\work\tomcat\webapps\host-manager has finished in 44 ms
17-May-2024 11:07:14.947 情報 [localhost-startStop-1] org.apache.catalina.startup.HostConfig.deployDirectory Webアプリケーションディレクトリ C:\work\tomcat\webapps\manager を配備します
17-May-2024 11:07:14.985 情報 [localhost-startStop-1] org.apache.catalina.startup.HostConfig.deployDirectory Deployment of web application directory C:\work\tomcat\webapps\manager has finished in 38 ms
17-May-2024 11:07:14.986 情報 [localhost-startStop-1] org.apache.catalina.startup.HostConfig.deployDirectory Webアプリケーションディレクトリ C:\work\tomcat\webapps\ROOT を配備します
17-May-2024 11:07:15.012 情報 [localhost-startStop-1] org.apache.catalina.startup.HostConfig.deployDirectory Deployment of web application directory C:\work\tomcat\webapps\ROOT has finished in 25 ms
17-May-2024 11:07:15.012 情報 [localhost-startStop-1] org.apache.catalina.startup.HostConfig.deployDirectory Webアプリケーションディレクトリ C:\work\tomcat\webapps\Sample を配備します
17-May-2024 11:07:15.872 情報 [localhost-startStop-1] org.apache.catalina.startup.HostConfig.deployDirectory Deployment of web application directory C:\work\tomcat\webapps\Sample has finished in 860 ms
17-May-2024 11:07:15.880 情報 [main] org.apache.coyote.AbstractProtocol.start Starting ProtocolHandler [http-nio-8080]
17-May-2024 11:07:15.894 情報 [main] org.apache.coyote.AbstractProtocol.start Starting ProtocolHandler [ajp-nio-8009]
17-May-2024 11:07:15.900 情報 [main] org.apache.catalina.startup.Catalina.start Server startup in 3766 ms
17-May-2024 11:10:06.718 情報 [ContainerBackgroundProcessor[StandardEngine[Catalina]]] org.apache.catalina.startup.HostConfig.undeploy コンテキストパス /book のWebアプリケーションの配備を解除します
17-May-2024 11:10:06.746 情報 [localhost-startStop-2] org.apache.catalina.startup.HostConfig.deployDirectory Webアプリケーションディレクトリ C:\work\tomcat\webapps\book を配備します
17-May-2024 11:10:07.274 重大 [localhost-startStop-2] org.apache.catalina.core.StandardContext.startInternal One or more Filters failed to start. Full details will be found in the appropriate container log file
17-May-2024 11:10:07.274 重大 [localhost-startStop-2] org.apache.catalina.core.StandardContext.startInternal 以前のエラーのためにコンテキストの起動が失敗しました [/book]
17-May-2024 11:10:07.283 情報 [localhost-startStop-2] org.apache.catalina.startup.HostConfig.deployDirectory Deployment of web application directory C:\work\tomcat\webapps\book has finished in 537 ms
17-May-2024 11:35:15.423 情報 [main] org.apache.catalina.startup.VersionLoggerListener.log Server version:        Apache Tomcat/8.5.11
17-May-2024 11:35:15.430 情報 [main] org.apache.catalina.startup.VersionLoggerListener.log Server built:          Jan 10 2017 21:02:52 UTC
17-May-2024 11:35:15.430 情報 [main] org.apache.catalina.startup.VersionLoggerListener.log Server number:         8.5.11.0
17-May-2024 11:35:15.430 情報 [main] org.apache.catalina.startup.VersionLoggerListener.log OS Name:               Windows 10
17-May-2024 11:35:15.430 情報 [main] org.apache.catalina.startup.VersionLoggerListener.log OS Version:            10.0
17-May-2024 11:35:15.431 情報 [main] org.apache.catalina.startup.VersionLoggerListener.log Architecture:          x86
17-May-2024 11:35:15.431 情報 [main] org.apache.catalina.startup.VersionLoggerListener.log Java Home:             C:\Program Files (x86)\Java\jdk1.8.0_121\jre
17-May-2024 11:35:15.431 情報 [main] org.apache.catalina.startup.VersionLoggerListener.log JVM Version:           1.8.0_121-b13
17-May-2024 11:35:15.431 情報 [main] org.apache.catalina.startup.VersionLoggerListener.log JVM Vendor:            Oracle Corporation
17-May-2024 11:35:15.431 情報 [main] org.apache.catalina.startup.VersionLoggerListener.log CATALINA_BASE:         C:\work\tomcat
17-May-2024 11:35:15.431 情報 [main] org.apache.catalina.startup.VersionLoggerListener.log CATALINA_HOME:         C:\work\tomcat
17-May-2024 11:35:15.432 情報 [main] org.apache.catalina.startup.VersionLoggerListener.log Command line argument: -Djava.util.logging.config.file=C:\work\tomcat\conf\logging.properties
17-May-2024 11:35:15.433 情報 [main] org.apache.catalina.startup.VersionLoggerListener.log Command line argument: -Djava.util.logging.manager=org.apache.juli.ClassLoaderLogManager
17-May-2024 11:35:15.433 情報 [main] org.apache.catalina.startup.VersionLoggerListener.log Command line argument: -Djdk.tls.ephemeralDHKeySize=2048
17-May-2024 11:35:15.433 情報 [main] org.apache.catalina.startup.VersionLoggerListener.log Command line argument: -Djava.protocol.handler.pkgs=org.apache.catalina.webresources
17-May-2024 11:35:15.434 情報 [main] org.apache.catalina.startup.VersionLoggerListener.log Command line argument: -Dfile.encoding=UTF-8
17-May-2024 11:35:15.434 情報 [main] org.apache.catalina.startup.VersionLoggerListener.log Command line argument: -Dcatalina.base=C:\work\tomcat
17-May-2024 11:35:15.434 情報 [main] org.apache.catalina.startup.VersionLoggerListener.log Command line argument: -Dcatalina.home=C:\work\tomcat
17-May-2024 11:35:15.434 情報 [main] org.apache.catalina.startup.VersionLoggerListener.log Command line argument: -Djava.io.tmpdir=C:\work\tomcat\temp
17-May-2024 11:35:15.434 情報 [main] org.apache.catalina.core.AprLifecycleListener.lifecycleEvent The APR based Apache Tomcat Native library which allows optimal performance in production environments was not found on the java.library.path: C:\Program Files (x86)\Java\jdk1.8.0_121\bin;C:\Windows\Sun\Java\bin;C:\Windows\system32;C:\Windows;C:\Program Files (x86)\Java\jdk1.8.0_121\bin;C:\Program Files (x86)\Common Files\Oracle\Java\java8path;C:\Program Files (x86)\Common Files\Oracle\Java\javapath;C:\Windows\system32;C:\Windows;C:\Windows\System32\Wbem;C:\Windows\System32\WindowsPowerShell\v1.0\;C:\Windows\System32\OpenSSH\;C:\Program Files\Java\jdk-14\bin;C:\Program Files\nodejs\;C:\Users\y_oohara\AppData\Local\Programs\Python\Python39\Scripts\;C:\Users\y_oohara\AppData\Local\Programs\Python\Python39\;C:\Users\y_oohara\AppData\Local\Microsoft\WindowsApps;C:\Users\y_oohara\AppData\Local\Programs\Microsoft VS Code\bin;C:MinGW\bin;C:\Users\y_oohara\AppData\Roaming\npm;.
17-May-2024 11:35:15.589 情報 [main] org.apache.coyote.AbstractProtocol.init Initializing ProtocolHandler ["http-nio-8080"]
17-May-2024 11:35:16.012 情報 [main] org.apache.tomcat.util.net.NioSelectorPool.getSharedSelector Using a shared selector for servlet write/read
17-May-2024 11:35:16.016 情報 [main] org.apache.coyote.AbstractProtocol.init Initializing ProtocolHandler ["ajp-nio-8009"]
17-May-2024 11:35:16.019 情報 [main] org.apache.tomcat.util.net.NioSelectorPool.getSharedSelector Using a shared selector for servlet write/read
17-May-2024 11:35:16.020 情報 [main] org.apache.catalina.startup.Catalina.load Initialization processed in 966 ms
17-May-2024 11:35:16.054 情報 [main] org.apache.catalina.core.StandardService.startInternal サービス Catalina を起動します
17-May-2024 11:35:16.055 情報 [main] org.apache.catalina.core.StandardEngine.startInternal Starting Servlet Engine: Apache Tomcat/8.5.11
17-May-2024 11:35:16.067 情報 [localhost-startStop-1] org.apache.catalina.startup.HostConfig.deployDirectory Webアプリケーションディレクトリ C:\work\tomcat\webapps\book を配備します
17-May-2024 11:35:17.274 重大 [localhost-startStop-1] org.apache.catalina.core.StandardContext.startInternal One or more Filters failed to start. Full details will be found in the appropriate container log file
17-May-2024 11:35:17.274 重大 [localhost-startStop-1] org.apache.catalina.core.StandardContext.startInternal 以前のエラーのためにコンテキストの起動が失敗しました [/book]
17-May-2024 11:35:17.299 情報 [localhost-startStop-1] org.apache.catalina.startup.HostConfig.deployDirectory Deployment of web application directory C:\work\tomcat\webapps\book has finished in 1,230 ms
17-May-2024 11:35:17.301 情報 [localhost-startStop-1] org.apache.catalina.startup.HostConfig.deployDirectory Webアプリケーションディレクトリ C:\work\tomcat\webapps\docs を配備します
17-May-2024 11:35:17.339 情報 [localhost-startStop-1] org.apache.catalina.startup.HostConfig.deployDirectory Deployment of web application directory C:\work\tomcat\webapps\docs has finished in 38 ms
17-May-2024 11:35:17.339 情報 [localhost-startStop-1] org.apache.catalina.startup.HostConfig.deployDirectory Webアプリケーションディレクトリ C:\work\tomcat\webapps\examples を配備します
17-May-2024 11:35:18.026 情報 [localhost-startStop-1] org.apache.catalina.startup.HostConfig.deployDirectory Deployment of web application directory C:\work\tomcat\webapps\examples has finished in 686 ms
17-May-2024 11:35:18.026 情報 [localhost-startStop-1] org.apache.catalina.startup.HostConfig.deployDirectory Webアプリケーションディレクトリ C:\work\tomcat\webapps\host-manager を配備します
17-May-2024 11:35:18.057 情報 [localhost-startStop-1] org.apache.catalina.startup.HostConfig.deployDirectory Deployment of web application directory C:\work\tomcat\webapps\host-manager has finished in 31 ms
17-May-2024 11:35:18.057 情報 [localhost-startStop-1] org.apache.catalina.startup.HostConfig.deployDirectory Webアプリケーションディレクトリ C:\work\tomcat\webapps\manager を配備します
17-May-2024 11:35:18.090 情報 [localhost-startStop-1] org.apache.catalina.startup.HostConfig.deployDirectory Deployment of web application directory C:\work\tomcat\webapps\manager has finished in 33 ms
17-May-2024 11:35:18.091 情報 [localhost-startStop-1] org.apache.catalina.startup.HostConfig.deployDirectory Webアプリケーションディレクトリ C:\work\tomcat\webapps\ROOT を配備します
17-May-2024 11:35:18.112 情報 [localhost-startStop-1] org.apache.catalina.startup.HostConfig.deployDirectory Deployment of web application directory C:\work\tomcat\webapps\ROOT has finished in 21 ms
17-May-2024 11:35:18.113 情報 [localhost-startStop-1] org.apache.catalina.startup.HostConfig.deployDirectory Webアプリケーションディレクトリ C:\work\tomcat\webapps\Sample を配備します
17-May-2024 11:35:18.799 情報 [localhost-startStop-1] org.apache.catalina.startup.HostConfig.deployDirectory Deployment of web application directory C:\work\tomcat\webapps\Sample has finished in 686 ms
17-May-2024 11:35:18.805 情報 [main] org.apache.coyote.AbstractProtocol.start Starting ProtocolHandler [http-nio-8080]
17-May-2024 11:35:18.816 情報 [main] org.apache.coyote.AbstractProtocol.start Starting ProtocolHandler [ajp-nio-8009]
17-May-2024 11:35:18.819 情報 [main] org.apache.catalina.startup.Catalina.start Server startup in 2798 ms
17-May-2024 11:36:35.844 情報 [Thread-5] org.apache.coyote.AbstractProtocol.pause Pausing ProtocolHandler ["http-nio-8080"]
17-May-2024 11:36:36.072 情報 [Thread-5] org.apache.coyote.AbstractProtocol.pause Pausing ProtocolHandler ["ajp-nio-8009"]
17-May-2024 11:36:36.351 情報 [Thread-5] org.apache.catalina.core.StandardService.stopInternal サービス Catalina を停止します
17-May-2024 11:36:36.397 情報 [Thread-5] org.apache.coyote.AbstractProtocol.stop Stopping ProtocolHandler ["http-nio-8080"]
17-May-2024 11:36:36.399 情報 [Thread-5] org.apache.coyote.AbstractProtocol.stop Stopping ProtocolHandler ["ajp-nio-8009"]
17-May-2024 11:36:36.401 情報 [Thread-5] org.apache.coyote.AbstractProtocol.destroy Destroying ProtocolHandler ["http-nio-8080"]
17-May-2024 11:36:36.402 情報 [Thread-5] org.apache.coyote.AbstractProtocol.destroy Destroying ProtocolHandler ["ajp-nio-8009"]
17-May-2024 11:36:37.925 情報 [main] org.apache.catalina.startup.VersionLoggerListener.log Server version:        Apache Tomcat/8.5.11
17-May-2024 11:36:37.929 情報 [main] org.apache.catalina.startup.VersionLoggerListener.log Server built:          Jan 10 2017 21:02:52 UTC
17-May-2024 11:36:37.930 情報 [main] org.apache.catalina.startup.VersionLoggerListener.log Server number:         8.5.11.0
17-May-2024 11:36:37.930 情報 [main] org.apache.catalina.startup.VersionLoggerListener.log OS Name:               Windows 10
17-May-2024 11:36:37.930 情報 [main] org.apache.catalina.startup.VersionLoggerListener.log OS Version:            10.0
17-May-2024 11:36:37.930 情報 [main] org.apache.catalina.startup.VersionLoggerListener.log Architecture:          x86
17-May-2024 11:36:37.930 情報 [main] org.apache.catalina.startup.VersionLoggerListener.log Java Home:             C:\Program Files (x86)\Java\jdk1.8.0_121\jre
17-May-2024 11:36:37.931 情報 [main] org.apache.catalina.startup.VersionLoggerListener.log JVM Version:           1.8.0_121-b13
17-May-2024 11:36:37.931 情報 [main] org.apache.catalina.startup.VersionLoggerListener.log JVM Vendor:            Oracle Corporation
17-May-2024 11:36:37.932 情報 [main] org.apache.catalina.startup.VersionLoggerListener.log CATALINA_BASE:         C:\work\tomcat
17-May-2024 11:36:37.932 情報 [main] org.apache.catalina.startup.VersionLoggerListener.log CATALINA_HOME:         C:\work\tomcat
17-May-2024 11:36:37.933 情報 [main] org.apache.catalina.startup.VersionLoggerListener.log Command line argument: -Djava.util.logging.config.file=C:\work\tomcat\conf\logging.properties
17-May-2024 11:36:37.933 情報 [main] org.apache.catalina.startup.VersionLoggerListener.log Command line argument: -Djava.util.logging.manager=org.apache.juli.ClassLoaderLogManager
17-May-2024 11:36:37.933 情報 [main] org.apache.catalina.startup.VersionLoggerListener.log Command line argument: -Djdk.tls.ephemeralDHKeySize=2048
17-May-2024 11:36:37.933 情報 [main] org.apache.catalina.startup.VersionLoggerListener.log Command line argument: -Djava.protocol.handler.pkgs=org.apache.catalina.webresources
17-May-2024 11:36:37.933 情報 [main] org.apache.catalina.startup.VersionLoggerListener.log Command line argument: -Dfile.encoding=UTF-8
17-May-2024 11:36:37.935 情報 [main] org.apache.catalina.startup.VersionLoggerListener.log Command line argument: -Dcatalina.base=C:\work\tomcat
17-May-2024 11:36:37.936 情報 [main] org.apache.catalina.startup.VersionLoggerListener.log Command line argument: -Dcatalina.home=C:\work\tomcat
17-May-2024 11:36:37.936 情報 [main] org.apache.catalina.startup.VersionLoggerListener.log Command line argument: -Djava.io.tmpdir=C:\work\tomcat\temp
17-May-2024 11:36:37.936 情報 [main] org.apache.catalina.core.AprLifecycleListener.lifecycleEvent The APR based Apache Tomcat Native library which allows optimal performance in production environments was not found on the java.library.path: C:\Program Files (x86)\Java\jdk1.8.0_121\bin;C:\Windows\Sun\Java\bin;C:\Windows\system32;C:\Windows;C:\Program Files (x86)\Java\jdk1.8.0_121\bin;C:\Program Files (x86)\Common Files\Oracle\Java\java8path;C:\Program Files (x86)\Common Files\Oracle\Java\javapath;C:\Windows\system32;C:\Windows;C:\Windows\System32\Wbem;C:\Windows\System32\WindowsPowerShell\v1.0\;C:\Windows\System32\OpenSSH\;C:\Program Files\Java\jdk-14\bin;C:\Program Files\nodejs\;C:\Users\y_oohara\AppData\Local\Programs\Python\Python39\Scripts\;C:\Users\y_oohara\AppData\Local\Programs\Python\Python39\;C:\Users\y_oohara\AppData\Local\Microsoft\WindowsApps;C:\Users\y_oohara\AppData\Local\Programs\Microsoft VS Code\bin;C:MinGW\bin;C:\Users\y_oohara\AppData\Roaming\npm;.
17-May-2024 11:36:38.055 情報 [main] org.apache.coyote.AbstractProtocol.init Initializing ProtocolHandler ["http-nio-8080"]
17-May-2024 11:36:38.416 情報 [main] org.apache.tomcat.util.net.NioSelectorPool.getSharedSelector Using a shared selector for servlet write/read
17-May-2024 11:36:38.420 情報 [main] org.apache.coyote.AbstractProtocol.init Initializing ProtocolHandler ["ajp-nio-8009"]
17-May-2024 11:36:38.424 情報 [main] org.apache.tomcat.util.net.NioSelectorPool.getSharedSelector Using a shared selector for servlet write/read
17-May-2024 11:36:38.424 情報 [main] org.apache.catalina.startup.Catalina.load Initialization processed in 805 ms
17-May-2024 11:36:38.456 情報 [main] org.apache.catalina.core.StandardService.startInternal サービス Catalina を起動します
17-May-2024 11:36:38.456 情報 [main] org.apache.catalina.core.StandardEngine.startInternal Starting Servlet Engine: Apache Tomcat/8.5.11
17-May-2024 11:36:38.468 情報 [localhost-startStop-1] org.apache.catalina.startup.HostConfig.deployDirectory Webアプリケーションディレクトリ C:\work\tomcat\webapps\book を配備します
17-May-2024 11:36:39.185 重大 [localhost-startStop-1] org.apache.catalina.core.StandardContext.startInternal One or more Filters failed to start. Full details will be found in the appropriate container log file
17-May-2024 11:36:39.186 重大 [localhost-startStop-1] org.apache.catalina.core.StandardContext.startInternal 以前のエラーのためにコンテキストの起動が失敗しました [/book]
17-May-2024 11:36:39.201 情報 [localhost-startStop-1] org.apache.catalina.startup.HostConfig.deployDirectory Deployment of web application directory C:\work\tomcat\webapps\book has finished in 731 ms
17-May-2024 11:36:39.201 情報 [localhost-startStop-1] org.apache.catalina.startup.HostConfig.deployDirectory Webアプリケーションディレクトリ C:\work\tomcat\webapps\docs を配備します
17-May-2024 11:36:39.233 情報 [localhost-startStop-1] org.apache.catalina.startup.HostConfig.deployDirectory Deployment of web application directory C:\work\tomcat\webapps\docs has finished in 32 ms
17-May-2024 11:36:39.233 情報 [localhost-startStop-1] org.apache.catalina.startup.HostConfig.deployDirectory Webアプリケーションディレクトリ C:\work\tomcat\webapps\examples を配備します
17-May-2024 11:36:39.560 情報 [localhost-startStop-1] org.apache.catalina.startup.HostConfig.deployDirectory Deployment of web application directory C:\work\tomcat\webapps\examples has finished in 327 ms
17-May-2024 11:36:39.560 情報 [localhost-startStop-1] org.apache.catalina.startup.HostConfig.deployDirectory Webアプリケーションディレクトリ C:\work\tomcat\webapps\host-manager を配備します
17-May-2024 11:36:39.596 情報 [localhost-startStop-1] org.apache.catalina.startup.HostConfig.deployDirectory Deployment of web application directory C:\work\tomcat\webapps\host-manager has finished in 36 ms
17-May-2024 11:36:39.597 情報 [localhost-startStop-1] org.apache.catalina.startup.HostConfig.deployDirectory Webアプリケーションディレクトリ C:\work\tomcat\webapps\manager を配備します
17-May-2024 11:36:39.623 情報 [localhost-startStop-1] org.apache.catalina.startup.HostConfig.deployDirectory Deployment of web application directory C:\work\tomcat\webapps\manager has finished in 26 ms
17-May-2024 11:36:39.624 情報 [localhost-startStop-1] org.apache.catalina.startup.HostConfig.deployDirectory Webアプリケーションディレクトリ C:\work\tomcat\webapps\ROOT を配備します
17-May-2024 11:36:39.643 情報 [localhost-startStop-1] org.apache.catalina.startup.HostConfig.deployDirectory Deployment of web application directory C:\work\tomcat\webapps\ROOT has finished in 19 ms
17-May-2024 11:36:39.643 情報 [localhost-startStop-1] org.apache.catalina.startup.HostConfig.deployDirectory Webアプリケーションディレクトリ C:\work\tomcat\webapps\Sample を配備します
17-May-2024 11:36:39.907 情報 [localhost-startStop-1] org.apache.catalina.startup.HostConfig.deployDirectory Deployment of web application directory C:\work\tomcat\webapps\Sample has finished in 264 ms
17-May-2024 11:36:39.909 情報 [main] org.apache.coyote.AbstractProtocol.start Starting ProtocolHandler [http-nio-8080]
17-May-2024 11:36:39.920 情報 [main] org.apache.coyote.AbstractProtocol.start Starting ProtocolHandler [ajp-nio-8009]
17-May-2024 11:36:39.923 情報 [main] org.apache.catalina.startup.Catalina.start Server startup in 1498 ms
17-May-2024 12:26:19.593 情報 [Thread-5] org.apache.coyote.AbstractProtocol.pause Pausing ProtocolHandler ["http-nio-8080"]
17-May-2024 12:26:19.993 情報 [Thread-5] org.apache.coyote.AbstractProtocol.pause Pausing ProtocolHandler ["ajp-nio-8009"]
17-May-2024 12:26:20.380 情報 [Thread-5] org.apache.catalina.core.StandardService.stopInternal サービス Catalina を停止します
17-May-2024 12:26:20.470 情報 [Thread-5] org.apache.coyote.AbstractProtocol.stop Stopping ProtocolHandler ["http-nio-8080"]
17-May-2024 12:26:20.473 情報 [Thread-5] org.apache.coyote.AbstractProtocol.stop Stopping ProtocolHandler ["ajp-nio-8009"]
17-May-2024 12:26:20.476 情報 [Thread-5] org.apache.coyote.AbstractProtocol.destroy Destroying ProtocolHandler ["http-nio-8080"]
17-May-2024 12:26:20.477 情報 [Thread-5] org.apache.coyote.AbstractProtocol.destroy Destroying ProtocolHandler ["ajp-nio-8009"]
17-May-2024 15:00:05.410 情報 [main] org.apache.catalina.startup.VersionLoggerListener.log Server version:        Apache Tomcat/8.5.11
17-May-2024 15:00:05.414 情報 [main] org.apache.catalina.startup.VersionLoggerListener.log Server built:          Jan 10 2017 21:02:52 UTC
17-May-2024 15:00:05.415 情報 [main] org.apache.catalina.startup.VersionLoggerListener.log Server number:         8.5.11.0
17-May-2024 15:00:05.415 情報 [main] org.apache.catalina.startup.VersionLoggerListener.log OS Name:               Windows 10
17-May-2024 15:00:05.415 情報 [main] org.apache.catalina.startup.VersionLoggerListener.log OS Version:            10.0
17-May-2024 15:00:05.416 情報 [main] org.apache.catalina.startup.VersionLoggerListener.log Architecture:          x86
17-May-2024 15:00:05.416 情報 [main] org.apache.catalina.startup.VersionLoggerListener.log Java Home:             C:\Program Files (x86)\Java\jdk1.8.0_121\jre
17-May-2024 15:00:05.416 情報 [main] org.apache.catalina.startup.VersionLoggerListener.log JVM Version:           1.8.0_121-b13
17-May-2024 15:00:05.416 情報 [main] org.apache.catalina.startup.VersionLoggerListener.log JVM Vendor:            Oracle Corporation
17-May-2024 15:00:05.417 情報 [main] org.apache.catalina.startup.VersionLoggerListener.log CATALINA_BASE:         C:\work\tomcat
17-May-2024 15:00:05.417 情報 [main] org.apache.catalina.startup.VersionLoggerListener.log CATALINA_HOME:         C:\work\tomcat
17-May-2024 15:00:05.417 情報 [main] org.apache.catalina.startup.VersionLoggerListener.log Command line argument: -Djava.util.logging.config.file=C:\work\tomcat\conf\logging.properties
17-May-2024 15:00:05.417 情報 [main] org.apache.catalina.startup.VersionLoggerListener.log Command line argument: -Djava.util.logging.manager=org.apache.juli.ClassLoaderLogManager
17-May-2024 15:00:05.418 情報 [main] org.apache.catalina.startup.VersionLoggerListener.log Command line argument: -Djdk.tls.ephemeralDHKeySize=2048
17-May-2024 15:00:05.418 情報 [main] org.apache.catalina.startup.VersionLoggerListener.log Command line argument: -Djava.protocol.handler.pkgs=org.apache.catalina.webresources
17-May-2024 15:00:05.418 情報 [main] org.apache.catalina.startup.VersionLoggerListener.log Command line argument: -Dfile.encoding=UTF-8
17-May-2024 15:00:05.418 情報 [main] org.apache.catalina.startup.VersionLoggerListener.log Command line argument: -Dcatalina.base=C:\work\tomcat
17-May-2024 15:00:05.419 情報 [main] org.apache.catalina.startup.VersionLoggerListener.log Command line argument: -Dcatalina.home=C:\work\tomcat
17-May-2024 15:00:05.419 情報 [main] org.apache.catalina.startup.VersionLoggerListener.log Command line argument: -Djava.io.tmpdir=C:\work\tomcat\temp
17-May-2024 15:00:05.419 情報 [main] org.apache.catalina.core.AprLifecycleListener.lifecycleEvent The APR based Apache Tomcat Native library which allows optimal performance in production environments was not found on the java.library.path: C:\Program Files (x86)\Java\jdk1.8.0_121\bin;C:\Windows\Sun\Java\bin;C:\Windows\system32;C:\Windows;C:\Program Files (x86)\Java\jdk1.8.0_121\bin;C:\Program Files (x86)\Common Files\Oracle\Java\java8path;C:\Program Files (x86)\Common Files\Oracle\Java\javapath;C:\Windows\system32;C:\Windows;C:\Windows\System32\Wbem;C:\Windows\System32\WindowsPowerShell\v1.0\;C:\Windows\System32\OpenSSH\;C:\Program Files\Java\jdk-14\bin;C:\Program Files\nodejs\;C:\Users\y_oohara\AppData\Local\Programs\Python\Python39\Scripts\;C:\Users\y_oohara\AppData\Local\Programs\Python\Python39\;C:\Users\y_oohara\AppData\Local\Microsoft\WindowsApps;C:\Users\y_oohara\AppData\Local\Programs\Microsoft VS Code\bin;C:MinGW\bin;C:\Users\y_oohara\AppData\Roaming\npm;.
17-May-2024 15:00:05.532 情報 [main] org.apache.coyote.AbstractProtocol.init Initializing ProtocolHandler ["http-nio-8080"]
17-May-2024 15:00:05.859 情報 [main] org.apache.tomcat.util.net.NioSelectorPool.getSharedSelector Using a shared selector for servlet write/read
17-May-2024 15:00:05.862 情報 [main] org.apache.coyote.AbstractProtocol.init Initializing ProtocolHandler ["ajp-nio-8009"]
17-May-2024 15:00:05.864 情報 [main] org.apache.tomcat.util.net.NioSelectorPool.getSharedSelector Using a shared selector for servlet write/read
17-May-2024 15:00:05.865 情報 [main] org.apache.catalina.startup.Catalina.load Initialization processed in 746 ms
17-May-2024 15:00:05.893 情報 [main] org.apache.catalina.core.StandardService.startInternal サービス Catalina を起動します
17-May-2024 15:00:05.893 情報 [main] org.apache.catalina.core.StandardEngine.startInternal Starting Servlet Engine: Apache Tomcat/8.5.11
17-May-2024 15:00:05.903 情報 [localhost-startStop-1] org.apache.catalina.startup.HostConfig.deployDirectory Webアプリケーションディレクトリ C:\work\tomcat\webapps\book を配備します
17-May-2024 15:00:07.120 重大 [localhost-startStop-1] org.apache.catalina.core.StandardContext.startInternal One or more Filters failed to start. Full details will be found in the appropriate container log file
17-May-2024 15:00:07.120 重大 [localhost-startStop-1] org.apache.catalina.core.StandardContext.startInternal 以前のエラーのためにコンテキストの起動が失敗しました [/book]
17-May-2024 15:00:07.143 情報 [localhost-startStop-1] org.apache.catalina.startup.HostConfig.deployDirectory Deployment of web application directory C:\work\tomcat\webapps\book has finished in 1,238 ms
17-May-2024 15:00:07.143 情報 [localhost-startStop-1] org.apache.catalina.startup.HostConfig.deployDirectory Webアプリケーションディレクトリ C:\work\tomcat\webapps\docs を配備します
17-May-2024 15:00:07.182 情報 [localhost-startStop-1] org.apache.catalina.startup.HostConfig.deployDirectory Deployment of web application directory C:\work\tomcat\webapps\docs has finished in 39 ms
17-May-2024 15:00:07.182 情報 [localhost-startStop-1] org.apache.catalina.startup.HostConfig.deployDirectory Webアプリケーションディレクトリ C:\work\tomcat\webapps\examples を配備します
17-May-2024 15:00:07.994 情報 [localhost-startStop-1] org.apache.catalina.startup.HostConfig.deployDirectory Deployment of web application directory C:\work\tomcat\webapps\examples has finished in 812 ms
17-May-2024 15:00:07.994 情報 [localhost-startStop-1] org.apache.catalina.startup.HostConfig.deployDirectory Webアプリケーションディレクトリ C:\work\tomcat\webapps\host-manager を配備します
17-May-2024 15:00:08.030 情報 [localhost-startStop-1] org.apache.catalina.startup.HostConfig.deployDirectory Deployment of web application directory C:\work\tomcat\webapps\host-manager has finished in 36 ms
17-May-2024 15:00:08.030 情報 [localhost-startStop-1] org.apache.catalina.startup.HostConfig.deployDirectory Webアプリケーションディレクトリ C:\work\tomcat\webapps\manager を配備します
17-May-2024 15:00:08.066 情報 [localhost-startStop-1] org.apache.catalina.startup.HostConfig.deployDirectory Deployment of web application directory C:\work\tomcat\webapps\manager has finished in 36 ms
17-May-2024 15:00:08.066 情報 [localhost-startStop-1] org.apache.catalina.startup.HostConfig.deployDirectory Webアプリケーションディレクトリ C:\work\tomcat\webapps\ROOT を配備します
17-May-2024 15:00:08.089 情報 [localhost-startStop-1] org.apache.catalina.startup.HostConfig.deployDirectory Deployment of web application directory C:\work\tomcat\webapps\ROOT has finished in 23 ms
17-May-2024 15:00:08.089 情報 [localhost-startStop-1] org.apache.catalina.startup.HostConfig.deployDirectory Webアプリケーションディレクトリ C:\work\tomcat\webapps\Sample を配備します
17-May-2024 15:00:08.759 情報 [localhost-startStop-1] org.apache.catalina.startup.HostConfig.deployDirectory Deployment of web application directory C:\work\tomcat\webapps\Sample has finished in 670 ms
17-May-2024 15:00:08.767 情報 [main] org.apache.coyote.AbstractProtocol.start Starting ProtocolHandler [http-nio-8080]
17-May-2024 15:00:08.775 情報 [main] org.apache.coyote.AbstractProtocol.start Starting ProtocolHandler [ajp-nio-8009]
17-May-2024 15:00:08.778 情報 [main] org.apache.catalina.startup.Catalina.start Server startup in 2912 ms
17-May-2024 15:09:05.306 情報 [Thread-5] org.apache.coyote.AbstractProtocol.pause Pausing ProtocolHandler ["http-nio-8080"]
17-May-2024 15:09:05.596 情報 [Thread-5] org.apache.coyote.AbstractProtocol.pause Pausing ProtocolHandler ["ajp-nio-8009"]
17-May-2024 15:09:05.891 情報 [Thread-5] org.apache.catalina.core.StandardService.stopInternal サービス Catalina を停止します
17-May-2024 15:09:05.945 情報 [Thread-5] org.apache.coyote.AbstractProtocol.stop Stopping ProtocolHandler ["http-nio-8080"]
17-May-2024 15:09:05.946 情報 [Thread-5] org.apache.coyote.AbstractProtocol.stop Stopping ProtocolHandler ["ajp-nio-8009"]
17-May-2024 15:09:05.948 情報 [Thread-5] org.apache.coyote.AbstractProtocol.destroy Destroying ProtocolHandler ["http-nio-8080"]
17-May-2024 15:09:05.949 情報 [Thread-5] org.apache.coyote.AbstractProtocol.destroy Destroying ProtocolHandler ["ajp-nio-8009"]
17-May-2024 15:09:07.197 情報 [main] org.apache.catalina.startup.VersionLoggerListener.log Server version:        Apache Tomcat/8.5.11
17-May-2024 15:09:07.202 情報 [main] org.apache.catalina.startup.VersionLoggerListener.log Server built:          Jan 10 2017 21:02:52 UTC
17-May-2024 15:09:07.202 情報 [main] org.apache.catalina.startup.VersionLoggerListener.log Server number:         8.5.11.0
17-May-2024 15:09:07.202 情報 [main] org.apache.catalina.startup.VersionLoggerListener.log OS Name:               Windows 10
17-May-2024 15:09:07.202 情報 [main] org.apache.catalina.startup.VersionLoggerListener.log OS Version:            10.0
17-May-2024 15:09:07.202 情報 [main] org.apache.catalina.startup.VersionLoggerListener.log Architecture:          x86
17-May-2024 15:09:07.202 情報 [main] org.apache.catalina.startup.VersionLoggerListener.log Java Home:             C:\Program Files (x86)\Java\jdk1.8.0_121\jre
17-May-2024 15:09:07.202 情報 [main] org.apache.catalina.startup.VersionLoggerListener.log JVM Version:           1.8.0_121-b13
17-May-2024 15:09:07.203 情報 [main] org.apache.catalina.startup.VersionLoggerListener.log JVM Vendor:            Oracle Corporation
17-May-2024 15:09:07.203 情報 [main] org.apache.catalina.startup.VersionLoggerListener.log CATALINA_BASE:         C:\work\tomcat
17-May-2024 15:09:07.203 情報 [main] org.apache.catalina.startup.VersionLoggerListener.log CATALINA_HOME:         C:\work\tomcat
17-May-2024 15:09:07.204 情報 [main] org.apache.catalina.startup.VersionLoggerListener.log Command line argument: -Djava.util.logging.config.file=C:\work\tomcat\conf\logging.properties
17-May-2024 15:09:07.204 情報 [main] org.apache.catalina.startup.VersionLoggerListener.log Command line argument: -Djava.util.logging.manager=org.apache.juli.ClassLoaderLogManager
17-May-2024 15:09:07.204 情報 [main] org.apache.catalina.startup.VersionLoggerListener.log Command line argument: -Djdk.tls.ephemeralDHKeySize=2048
17-May-2024 15:09:07.205 情報 [main] org.apache.catalina.startup.VersionLoggerListener.log Command line argument: -Djava.protocol.handler.pkgs=org.apache.catalina.webresources
17-May-2024 15:09:07.206 情報 [main] org.apache.catalina.startup.VersionLoggerListener.log Command line argument: -Dfile.encoding=UTF-8
17-May-2024 15:09:07.206 情報 [main] org.apache.catalina.startup.VersionLoggerListener.log Command line argument: -Dcatalina.base=C:\work\tomcat
17-May-2024 15:09:07.207 情報 [main] org.apache.catalina.startup.VersionLoggerListener.log Command line argument: -Dcatalina.home=C:\work\tomcat
17-May-2024 15:09:07.207 情報 [main] org.apache.catalina.startup.VersionLoggerListener.log Command line argument: -Djava.io.tmpdir=C:\work\tomcat\temp
17-May-2024 15:09:07.207 情報 [main] org.apache.catalina.core.AprLifecycleListener.lifecycleEvent The APR based Apache Tomcat Native library which allows optimal performance in production environments was not found on the java.library.path: C:\Program Files (x86)\Java\jdk1.8.0_121\bin;C:\Windows\Sun\Java\bin;C:\Windows\system32;C:\Windows;C:\Program Files (x86)\Java\jdk1.8.0_121\bin;C:\Program Files (x86)\Common Files\Oracle\Java\java8path;C:\Program Files (x86)\Common Files\Oracle\Java\javapath;C:\Windows\system32;C:\Windows;C:\Windows\System32\Wbem;C:\Windows\System32\WindowsPowerShell\v1.0\;C:\Windows\System32\OpenSSH\;C:\Program Files\Java\jdk-14\bin;C:\Program Files\nodejs\;C:\Users\y_oohara\AppData\Local\Programs\Python\Python39\Scripts\;C:\Users\y_oohara\AppData\Local\Programs\Python\Python39\;C:\Users\y_oohara\AppData\Local\Microsoft\WindowsApps;C:\Users\y_oohara\AppData\Local\Programs\Microsoft VS Code\bin;C:MinGW\bin;C:\Users\y_oohara\AppData\Roaming\npm;.
17-May-2024 15:09:07.319 情報 [main] org.apache.coyote.AbstractProtocol.init Initializing ProtocolHandler ["http-nio-8080"]
17-May-2024 15:09:07.627 情報 [main] org.apache.tomcat.util.net.NioSelectorPool.getSharedSelector Using a shared selector for servlet write/read
17-May-2024 15:09:07.631 情報 [main] org.apache.coyote.AbstractProtocol.init Initializing ProtocolHandler ["ajp-nio-8009"]
17-May-2024 15:09:07.633 情報 [main] org.apache.tomcat.util.net.NioSelectorPool.getSharedSelector Using a shared selector for servlet write/read
17-May-2024 15:09:07.633 情報 [main] org.apache.catalina.startup.Catalina.load Initialization processed in 736 ms
17-May-2024 15:09:07.661 情報 [main] org.apache.catalina.core.StandardService.startInternal サービス Catalina を起動します
17-May-2024 15:09:07.662 情報 [main] org.apache.catalina.core.StandardEngine.startInternal Starting Servlet Engine: Apache Tomcat/8.5.11
17-May-2024 15:09:07.671 情報 [localhost-startStop-1] org.apache.catalina.startup.HostConfig.deployDirectory Webアプリケーションディレクトリ C:\work\tomcat\webapps\book を配備します
17-May-2024 15:09:08.353 情報 [localhost-startStop-1] org.apache.catalina.startup.HostConfig.deployDirectory Deployment of web application directory C:\work\tomcat\webapps\book has finished in 680 ms
17-May-2024 15:09:08.354 情報 [localhost-startStop-1] org.apache.catalina.startup.HostConfig.deployDirectory Webアプリケーションディレクトリ C:\work\tomcat\webapps\docs を配備します
17-May-2024 15:09:08.374 情報 [localhost-startStop-1] org.apache.catalina.startup.HostConfig.deployDirectory Deployment of web application directory C:\work\tomcat\webapps\docs has finished in 20 ms
17-May-2024 15:09:08.374 情報 [localhost-startStop-1] org.apache.catalina.startup.HostConfig.deployDirectory Webアプリケーションディレクトリ C:\work\tomcat\webapps\examples を配備します
17-May-2024 15:09:08.685 情報 [localhost-startStop-1] org.apache.catalina.startup.HostConfig.deployDirectory Deployment of web application directory C:\work\tomcat\webapps\examples has finished in 311 ms
17-May-2024 15:09:08.685 情報 [localhost-startStop-1] org.apache.catalina.startup.HostConfig.deployDirectory Webアプリケーションディレクトリ C:\work\tomcat\webapps\host-manager を配備します
17-May-2024 15:09:08.716 情報 [localhost-startStop-1] org.apache.catalina.startup.HostConfig.deployDirectory Deployment of web application directory C:\work\tomcat\webapps\host-manager has finished in 31 ms
17-May-2024 15:09:08.717 情報 [localhost-startStop-1] org.apache.catalina.startup.HostConfig.deployDirectory Webアプリケーションディレクトリ C:\work\tomcat\webapps\manager を配備します
17-May-2024 15:09:08.742 情報 [localhost-startStop-1] org.apache.catalina.startup.HostConfig.deployDirectory Deployment of web application directory C:\work\tomcat\webapps\manager has finished in 25 ms
17-May-2024 15:09:08.743 情報 [localhost-startStop-1] org.apache.catalina.startup.HostConfig.deployDirectory Webアプリケーションディレクトリ C:\work\tomcat\webapps\ROOT を配備します
17-May-2024 15:09:08.769 情報 [localhost-startStop-1] org.apache.catalina.startup.HostConfig.deployDirectory Deployment of web application directory C:\work\tomcat\webapps\ROOT has finished in 26 ms
17-May-2024 15:09:08.769 情報 [localhost-startStop-1] org.apache.catalina.startup.HostConfig.deployDirectory Webアプリケーションディレクトリ C:\work\tomcat\webapps\Sample を配備します
17-May-2024 15:09:09.074 情報 [localhost-startStop-1] org.apache.catalina.startup.HostConfig.deployDirectory Deployment of web application directory C:\work\tomcat\webapps\Sample has finished in 305 ms
17-May-2024 15:09:09.077 情報 [main] org.apache.coyote.AbstractProtocol.start Starting ProtocolHandler [http-nio-8080]
17-May-2024 15:09:09.087 情報 [main] org.apache.coyote.AbstractProtocol.start Starting ProtocolHandler [ajp-nio-8009]
17-May-2024 15:09:09.089 情報 [main] org.apache.catalina.startup.Catalina.start Server startup in 1454 ms
17-May-2024 15:11:28.312 情報 [Thread-5] org.apache.coyote.AbstractProtocol.pause Pausing ProtocolHandler ["http-nio-8080"]
17-May-2024 15:11:28.701 情報 [Thread-5] org.apache.coyote.AbstractProtocol.pause Pausing ProtocolHandler ["ajp-nio-8009"]
17-May-2024 15:11:29.059 情報 [Thread-5] org.apache.catalina.core.StandardService.stopInternal サービス Catalina を停止します
17-May-2024 15:11:29.123 情報 [Thread-5] org.apache.coyote.AbstractProtocol.stop Stopping ProtocolHandler ["http-nio-8080"]
17-May-2024 15:11:29.125 情報 [Thread-5] org.apache.coyote.AbstractProtocol.stop Stopping ProtocolHandler ["ajp-nio-8009"]
17-May-2024 15:11:29.127 情報 [Thread-5] org.apache.coyote.AbstractProtocol.destroy Destroying ProtocolHandler ["http-nio-8080"]
17-May-2024 15:11:29.127 情報 [Thread-5] org.apache.coyote.AbstractProtocol.destroy Destroying ProtocolHandler ["ajp-nio-8009"]
