26-Jun-2024 09:23:11.654 情報 [main] org.apache.catalina.startup.VersionLoggerListener.log Server version:        Apache Tomcat/8.5.11
26-Jun-2024 09:23:11.662 情報 [main] org.apache.catalina.startup.VersionLoggerListener.log Server built:          Jan 10 2017 21:02:52 UTC
26-Jun-2024 09:23:11.663 情報 [main] org.apache.catalina.startup.VersionLoggerListener.log Server number:         8.5.11.0
26-Jun-2024 09:23:11.663 情報 [main] org.apache.catalina.startup.VersionLoggerListener.log OS Name:               Windows 10
26-Jun-2024 09:23:11.664 情報 [main] org.apache.catalina.startup.VersionLoggerListener.log OS Version:            10.0
26-Jun-2024 09:23:11.664 情報 [main] org.apache.catalina.startup.VersionLoggerListener.log Architecture:          x86
26-Jun-2024 09:23:11.664 情報 [main] org.apache.catalina.startup.VersionLoggerListener.log Java Home:             C:\Program Files (x86)\Java\jdk1.8.0_121\jre
26-Jun-2024 09:23:11.664 情報 [main] org.apache.catalina.startup.VersionLoggerListener.log JVM Version:           1.8.0_121-b13
26-Jun-2024 09:23:11.664 情報 [main] org.apache.catalina.startup.VersionLoggerListener.log JVM Vendor:            Oracle Corporation
26-Jun-2024 09:23:11.664 情報 [main] org.apache.catalina.startup.VersionLoggerListener.log CATALINA_BASE:         C:\JavaFW_kouka2\work\tomcat
26-Jun-2024 09:23:11.665 情報 [main] org.apache.catalina.startup.VersionLoggerListener.log CATALINA_HOME:         C:\JavaFW_kouka2\work\tomcat
26-Jun-2024 09:23:11.665 情報 [main] org.apache.catalina.startup.VersionLoggerListener.log Command line argument: -Djava.util.logging.config.file=C:\JavaFW_kouka2\work\tomcat\conf\logging.properties
26-Jun-2024 09:23:11.665 情報 [main] org.apache.catalina.startup.VersionLoggerListener.log Command line argument: -Djava.util.logging.manager=org.apache.juli.ClassLoaderLogManager
26-Jun-2024 09:23:11.666 情報 [main] org.apache.catalina.startup.VersionLoggerListener.log Command line argument: -Djdk.tls.ephemeralDHKeySize=2048
26-Jun-2024 09:23:11.666 情報 [main] org.apache.catalina.startup.VersionLoggerListener.log Command line argument: -Djava.protocol.handler.pkgs=org.apache.catalina.webresources
26-Jun-2024 09:23:11.666 情報 [main] org.apache.catalina.startup.VersionLoggerListener.log Command line argument: -Dfile.encoding=UTF-8
26-Jun-2024 09:23:11.666 情報 [main] org.apache.catalina.startup.VersionLoggerListener.log Command line argument: -Dcatalina.base=C:\JavaFW_kouka2\work\tomcat
26-Jun-2024 09:23:11.667 情報 [main] org.apache.catalina.startup.VersionLoggerListener.log Command line argument: -Dcatalina.home=C:\JavaFW_kouka2\work\tomcat
26-Jun-2024 09:23:11.667 情報 [main] org.apache.catalina.startup.VersionLoggerListener.log Command line argument: -Djava.io.tmpdir=C:\JavaFW_kouka2\work\tomcat\temp
26-Jun-2024 09:23:11.667 情報 [main] org.apache.catalina.core.AprLifecycleListener.lifecycleEvent The APR based Apache Tomcat Native library which allows optimal performance in production environments was not found on the java.library.path: C:\Program Files (x86)\Java\jdk1.8.0_121\bin;C:\Windows\Sun\Java\bin;C:\Windows\system32;C:\Windows;C:\Program Files (x86)\Java\jdk1.8.0_121\bin;C:\ProgramData\Oracle\Java\javapath;C:\Program Files (x86)\Common Files\Oracle\Java\java8path;C:\Program Files (x86)\Common Files\Oracle\Java\javapath;C:\Windows\system32;C:\Windows;C:\Windows\System32\Wbem;C:\Windows\System32\WindowsPowerShell\v1.0\;C:\Windows\System32\OpenSSH\;"C:\Program Files\Java\jdk-14\bin;C:\ProgramData\Oracle\Java\javapath;C:\Program Files (x86)\Common Files\Oracle\Java\java8path;C:\Program Files (x86)\Common Files\Oracle\Java\javapath;C:\Windows\system32;C:\Windows;C:\Windows\System32\Wbem;C:\Windows\System32\WindowsPowerShell\v1.0\;C:\Windows\System32\OpenSSH\;"C:\Program Files\Java\jdk-14\bin;C:\ProgramData\Oracle\Java\javapath;C:\Program Files (x86)\Common Files\Oracle\Java\java8path;C:\Program Files (x86)\Common Files\Oracle\Java\javapath;C:\Windows\system32;C:\Windows;C:\Windows\System32\Wbem;C:\Windows\System32\WindowsPowerShell\v1.0\;C:\Windows\System32\OpenSSH\;"C:\Program Files\Java\jdk-14\bin;C:\Windows\System32";C:\Program Files\nodejs\;";C:\Program Files\nodejs\;";C:\Program Files\nodejs\;C:\Users\y_oohara\AppData\Local\Programs\Python\Python39\Scripts\;C:\Users\y_oohara\AppData\Local\Programs\Python\Python39\;C:\Users\y_oohara\AppData\Local\Microsoft\WindowsApps;C:\Users\y_oohara\AppData\Local\Programs\Microsoft VS Code\bin;C:MinGW\bin;C:\Users\y_oohara\AppData\Roaming\npm;.
26-Jun-2024 09:23:11.924 情報 [main] org.apache.coyote.AbstractProtocol.init Initializing ProtocolHandler ["http-nio-8080"]
26-Jun-2024 09:23:12.361 情報 [main] org.apache.tomcat.util.net.NioSelectorPool.getSharedSelector Using a shared selector for servlet write/read
26-Jun-2024 09:23:12.364 情報 [main] org.apache.coyote.AbstractProtocol.init Initializing ProtocolHandler ["ajp-nio-8009"]
26-Jun-2024 09:23:12.366 情報 [main] org.apache.tomcat.util.net.NioSelectorPool.getSharedSelector Using a shared selector for servlet write/read
26-Jun-2024 09:23:12.367 情報 [main] org.apache.catalina.startup.Catalina.load Initialization processed in 1278 ms
26-Jun-2024 09:23:12.412 情報 [main] org.apache.catalina.core.StandardService.startInternal サービス Catalina を起動します
26-Jun-2024 09:23:12.413 情報 [main] org.apache.catalina.core.StandardEngine.startInternal Starting Servlet Engine: Apache Tomcat/8.5.11
26-Jun-2024 09:23:12.429 情報 [localhost-startStop-1] org.apache.catalina.startup.HostConfig.deployDirectory Webアプリケーションディレクトリ C:\JavaFW_kouka2\work\tomcat\webapps\book を配備します
26-Jun-2024 09:23:13.713 情報 [localhost-startStop-1] org.apache.catalina.startup.HostConfig.deployDirectory Deployment of web application directory C:\JavaFW_kouka2\work\tomcat\webapps\book has finished in 1,281 ms
26-Jun-2024 09:23:13.713 情報 [localhost-startStop-1] org.apache.catalina.startup.HostConfig.deployDirectory Webアプリケーションディレクトリ C:\JavaFW_kouka2\work\tomcat\webapps\docs を配備します
26-Jun-2024 09:23:13.741 情報 [localhost-startStop-1] org.apache.catalina.startup.HostConfig.deployDirectory Deployment of web application directory C:\JavaFW_kouka2\work\tomcat\webapps\docs has finished in 28 ms
26-Jun-2024 09:23:13.742 情報 [localhost-startStop-1] org.apache.catalina.startup.HostConfig.deployDirectory Webアプリケーションディレクトリ C:\JavaFW_kouka2\work\tomcat\webapps\examples を配備します
26-Jun-2024 09:23:14.687 情報 [localhost-startStop-1] org.apache.catalina.startup.HostConfig.deployDirectory Deployment of web application directory C:\JavaFW_kouka2\work\tomcat\webapps\examples has finished in 945 ms
26-Jun-2024 09:23:14.687 情報 [localhost-startStop-1] org.apache.catalina.startup.HostConfig.deployDirectory Webアプリケーションディレクトリ C:\JavaFW_kouka2\work\tomcat\webapps\host-manager を配備します
26-Jun-2024 09:23:14.734 情報 [localhost-startStop-1] org.apache.catalina.startup.HostConfig.deployDirectory Deployment of web application directory C:\JavaFW_kouka2\work\tomcat\webapps\host-manager has finished in 47 ms
26-Jun-2024 09:23:14.734 情報 [localhost-startStop-1] org.apache.catalina.startup.HostConfig.deployDirectory Webアプリケーションディレクトリ C:\JavaFW_kouka2\work\tomcat\webapps\manager を配備します
26-Jun-2024 09:23:14.769 情報 [localhost-startStop-1] org.apache.catalina.startup.HostConfig.deployDirectory Deployment of web application directory C:\JavaFW_kouka2\work\tomcat\webapps\manager has finished in 35 ms
26-Jun-2024 09:23:14.770 情報 [localhost-startStop-1] org.apache.catalina.startup.HostConfig.deployDirectory Webアプリケーションディレクトリ C:\JavaFW_kouka2\work\tomcat\webapps\ROOT を配備します
26-Jun-2024 09:23:14.792 情報 [localhost-startStop-1] org.apache.catalina.startup.HostConfig.deployDirectory Deployment of web application directory C:\JavaFW_kouka2\work\tomcat\webapps\ROOT has finished in 22 ms
26-Jun-2024 09:23:14.792 情報 [localhost-startStop-1] org.apache.catalina.startup.HostConfig.deployDirectory Webアプリケーションディレクトリ C:\JavaFW_kouka2\work\tomcat\webapps\Sample を配備します
26-Jun-2024 09:23:15.629 情報 [localhost-startStop-1] org.apache.catalina.startup.HostConfig.deployDirectory Deployment of web application directory C:\JavaFW_kouka2\work\tomcat\webapps\Sample has finished in 836 ms
26-Jun-2024 09:23:15.636 情報 [main] org.apache.coyote.AbstractProtocol.start Starting ProtocolHandler [http-nio-8080]
26-Jun-2024 09:23:15.650 情報 [main] org.apache.coyote.AbstractProtocol.start Starting ProtocolHandler [ajp-nio-8009]
26-Jun-2024 09:23:15.658 情報 [main] org.apache.catalina.startup.Catalina.start Server startup in 3290 ms
26-Jun-2024 10:03:37.570 情報 [ContainerBackgroundProcessor[StandardEngine[Catalina]]] org.apache.catalina.core.StandardContext.reload このコンテキストの再ロードを開始しました
26-Jun-2024 10:03:37.610 警告 [ContainerBackgroundProcessor[StandardEngine[Catalina]]] org.apache.catalina.loader.WebappClassLoaderBase.clearReferencesJdbc The web application [book] registered the JDBC driver [org.h2.Driver] but failed to unregister it when the web application was stopped. To prevent a memory leak, the JDBC Driver has been forcibly unregistered.
26-Jun-2024 10:03:37.974 情報 [ContainerBackgroundProcessor[StandardEngine[Catalina]]] org.apache.catalina.core.StandardContext.reload このコンテキストの再ロードが完了しました
26-Jun-2024 10:07:49.496 情報 [ContainerBackgroundProcessor[StandardEngine[Catalina]]] org.apache.catalina.core.StandardContext.reload このコンテキストの再ロードを開始しました
26-Jun-2024 10:07:49.724 情報 [ContainerBackgroundProcessor[StandardEngine[Catalina]]] org.apache.catalina.core.StandardContext.reload このコンテキストの再ロードが完了しました
26-Jun-2024 10:09:00.240 情報 [ContainerBackgroundProcessor[StandardEngine[Catalina]]] org.apache.catalina.core.StandardContext.reload このコンテキストの再ロードを開始しました
26-Jun-2024 10:09:00.467 情報 [ContainerBackgroundProcessor[StandardEngine[Catalina]]] org.apache.catalina.core.StandardContext.reload このコンテキストの再ロードが完了しました
26-Jun-2024 10:09:10.645 情報 [ContainerBackgroundProcessor[StandardEngine[Catalina]]] org.apache.catalina.core.StandardContext.reload このコンテキストの再ロードを開始しました
26-Jun-2024 10:09:10.652 警告 [ContainerBackgroundProcessor[StandardEngine[Catalina]]] org.apache.catalina.loader.WebappClassLoaderBase.clearReferencesJdbc The web application [book] registered the JDBC driver [org.h2.Driver] but failed to unregister it when the web application was stopped. To prevent a memory leak, the JDBC Driver has been forcibly unregistered.
26-Jun-2024 10:09:10.910 情報 [ContainerBackgroundProcessor[StandardEngine[Catalina]]] org.apache.catalina.core.StandardContext.reload このコンテキストの再ロードが完了しました
26-Jun-2024 10:09:16.934 情報 [Thread-5] org.apache.coyote.AbstractProtocol.pause Pausing ProtocolHandler ["http-nio-8080"]
26-Jun-2024 10:09:17.285 情報 [Thread-5] org.apache.coyote.AbstractProtocol.pause Pausing ProtocolHandler ["ajp-nio-8009"]
26-Jun-2024 10:09:17.611 情報 [Thread-5] org.apache.catalina.core.StandardService.stopInternal サービス Catalina を停止します
26-Jun-2024 10:09:17.653 情報 [Thread-5] org.apache.coyote.AbstractProtocol.stop Stopping ProtocolHandler ["http-nio-8080"]
26-Jun-2024 10:09:17.655 情報 [Thread-5] org.apache.coyote.AbstractProtocol.stop Stopping ProtocolHandler ["ajp-nio-8009"]
26-Jun-2024 10:09:17.658 情報 [Thread-5] org.apache.coyote.AbstractProtocol.destroy Destroying ProtocolHandler ["http-nio-8080"]
26-Jun-2024 10:09:17.660 情報 [Thread-5] org.apache.coyote.AbstractProtocol.destroy Destroying ProtocolHandler ["ajp-nio-8009"]
26-Jun-2024 10:09:21.980 情報 [main] org.apache.catalina.startup.VersionLoggerListener.log Server version:        Apache Tomcat/8.5.11
26-Jun-2024 10:09:21.987 情報 [main] org.apache.catalina.startup.VersionLoggerListener.log Server built:          Jan 10 2017 21:02:52 UTC
26-Jun-2024 10:09:21.987 情報 [main] org.apache.catalina.startup.VersionLoggerListener.log Server number:         8.5.11.0
26-Jun-2024 10:09:21.987 情報 [main] org.apache.catalina.startup.VersionLoggerListener.log OS Name:               Windows 10
26-Jun-2024 10:09:21.988 情報 [main] org.apache.catalina.startup.VersionLoggerListener.log OS Version:            10.0
26-Jun-2024 10:09:21.988 情報 [main] org.apache.catalina.startup.VersionLoggerListener.log Architecture:          x86
26-Jun-2024 10:09:21.988 情報 [main] org.apache.catalina.startup.VersionLoggerListener.log Java Home:             C:\Program Files (x86)\Java\jdk1.8.0_121\jre
26-Jun-2024 10:09:21.988 情報 [main] org.apache.catalina.startup.VersionLoggerListener.log JVM Version:           1.8.0_121-b13
26-Jun-2024 10:09:21.989 情報 [main] org.apache.catalina.startup.VersionLoggerListener.log JVM Vendor:            Oracle Corporation
26-Jun-2024 10:09:21.989 情報 [main] org.apache.catalina.startup.VersionLoggerListener.log CATALINA_BASE:         C:\JavaFW_kouka2\work\tomcat
26-Jun-2024 10:09:21.989 情報 [main] org.apache.catalina.startup.VersionLoggerListener.log CATALINA_HOME:         C:\JavaFW_kouka2\work\tomcat
26-Jun-2024 10:09:21.990 情報 [main] org.apache.catalina.startup.VersionLoggerListener.log Command line argument: -Djava.util.logging.config.file=C:\JavaFW_kouka2\work\tomcat\conf\logging.properties
26-Jun-2024 10:09:21.990 情報 [main] org.apache.catalina.startup.VersionLoggerListener.log Command line argument: -Djava.util.logging.manager=org.apache.juli.ClassLoaderLogManager
26-Jun-2024 10:09:21.990 情報 [main] org.apache.catalina.startup.VersionLoggerListener.log Command line argument: -Djdk.tls.ephemeralDHKeySize=2048
26-Jun-2024 10:09:21.991 情報 [main] org.apache.catalina.startup.VersionLoggerListener.log Command line argument: -Djava.protocol.handler.pkgs=org.apache.catalina.webresources
26-Jun-2024 10:09:21.991 情報 [main] org.apache.catalina.startup.VersionLoggerListener.log Command line argument: -Dfile.encoding=UTF-8
26-Jun-2024 10:09:21.991 情報 [main] org.apache.catalina.startup.VersionLoggerListener.log Command line argument: -Dcatalina.base=C:\JavaFW_kouka2\work\tomcat
26-Jun-2024 10:09:21.991 情報 [main] org.apache.catalina.startup.VersionLoggerListener.log Command line argument: -Dcatalina.home=C:\JavaFW_kouka2\work\tomcat
26-Jun-2024 10:09:21.992 情報 [main] org.apache.catalina.startup.VersionLoggerListener.log Command line argument: -Djava.io.tmpdir=C:\JavaFW_kouka2\work\tomcat\temp
26-Jun-2024 10:09:21.992 情報 [main] org.apache.catalina.core.AprLifecycleListener.lifecycleEvent The APR based Apache Tomcat Native library which allows optimal performance in production environments was not found on the java.library.path: C:\Program Files (x86)\Java\jdk1.8.0_121\bin;C:\Windows\Sun\Java\bin;C:\Windows\system32;C:\Windows;C:\Program Files (x86)\Java\jdk1.8.0_121\bin;C:\ProgramData\Oracle\Java\javapath;C:\Program Files (x86)\Common Files\Oracle\Java\java8path;C:\Program Files (x86)\Common Files\Oracle\Java\javapath;C:\Windows\system32;C:\Windows;C:\Windows\System32\Wbem;C:\Windows\System32\WindowsPowerShell\v1.0\;C:\Windows\System32\OpenSSH\;"C:\Program Files\Java\jdk-14\bin;C:\ProgramData\Oracle\Java\javapath;C:\Program Files (x86)\Common Files\Oracle\Java\java8path;C:\Program Files (x86)\Common Files\Oracle\Java\javapath;C:\Windows\system32;C:\Windows;C:\Windows\System32\Wbem;C:\Windows\System32\WindowsPowerShell\v1.0\;C:\Windows\System32\OpenSSH\;"C:\Program Files\Java\jdk-14\bin;C:\ProgramData\Oracle\Java\javapath;C:\Program Files (x86)\Common Files\Oracle\Java\java8path;C:\Program Files (x86)\Common Files\Oracle\Java\javapath;C:\Windows\system32;C:\Windows;C:\Windows\System32\Wbem;C:\Windows\System32\WindowsPowerShell\v1.0\;C:\Windows\System32\OpenSSH\;"C:\Program Files\Java\jdk-14\bin;C:\Windows\System32";C:\Program Files\nodejs\;";C:\Program Files\nodejs\;";C:\Program Files\nodejs\;C:\Users\y_oohara\AppData\Local\Programs\Python\Python39\Scripts\;C:\Users\y_oohara\AppData\Local\Programs\Python\Python39\;C:\Users\y_oohara\AppData\Local\Microsoft\WindowsApps;C:\Users\y_oohara\AppData\Local\Programs\Microsoft VS Code\bin;C:MinGW\bin;C:\Users\y_oohara\AppData\Roaming\npm;.
26-Jun-2024 10:09:22.215 情報 [main] org.apache.coyote.AbstractProtocol.init Initializing ProtocolHandler ["http-nio-8080"]
26-Jun-2024 10:09:22.589 情報 [main] org.apache.tomcat.util.net.NioSelectorPool.getSharedSelector Using a shared selector for servlet write/read
26-Jun-2024 10:09:22.592 情報 [main] org.apache.coyote.AbstractProtocol.init Initializing ProtocolHandler ["ajp-nio-8009"]
26-Jun-2024 10:09:22.594 情報 [main] org.apache.tomcat.util.net.NioSelectorPool.getSharedSelector Using a shared selector for servlet write/read
26-Jun-2024 10:09:22.595 情報 [main] org.apache.catalina.startup.Catalina.load Initialization processed in 1116 ms
26-Jun-2024 10:09:22.632 情報 [main] org.apache.catalina.core.StandardService.startInternal サービス Catalina を起動します
26-Jun-2024 10:09:22.633 情報 [main] org.apache.catalina.core.StandardEngine.startInternal Starting Servlet Engine: Apache Tomcat/8.5.11
26-Jun-2024 10:09:22.644 情報 [localhost-startStop-1] org.apache.catalina.startup.HostConfig.deployDirectory Webアプリケーションディレクトリ C:\JavaFW_kouka2\work\tomcat\webapps\book を配備します
26-Jun-2024 10:09:23.292 情報 [localhost-startStop-1] org.apache.catalina.startup.HostConfig.deployDirectory Deployment of web application directory C:\JavaFW_kouka2\work\tomcat\webapps\book has finished in 646 ms
26-Jun-2024 10:09:23.292 情報 [localhost-startStop-1] org.apache.catalina.startup.HostConfig.deployDirectory Webアプリケーションディレクトリ C:\JavaFW_kouka2\work\tomcat\webapps\docs を配備します
26-Jun-2024 10:09:23.314 情報 [localhost-startStop-1] org.apache.catalina.startup.HostConfig.deployDirectory Deployment of web application directory C:\JavaFW_kouka2\work\tomcat\webapps\docs has finished in 22 ms
26-Jun-2024 10:09:23.315 情報 [localhost-startStop-1] org.apache.catalina.startup.HostConfig.deployDirectory Webアプリケーションディレクトリ C:\JavaFW_kouka2\work\tomcat\webapps\examples を配備します
26-Jun-2024 10:09:24.107 情報 [localhost-startStop-1] org.apache.catalina.startup.HostConfig.deployDirectory Deployment of web application directory C:\JavaFW_kouka2\work\tomcat\webapps\examples has finished in 792 ms
26-Jun-2024 10:09:24.108 情報 [localhost-startStop-1] org.apache.catalina.startup.HostConfig.deployDirectory Webアプリケーションディレクトリ C:\JavaFW_kouka2\work\tomcat\webapps\host-manager を配備します
26-Jun-2024 10:09:24.149 情報 [localhost-startStop-1] org.apache.catalina.startup.HostConfig.deployDirectory Deployment of web application directory C:\JavaFW_kouka2\work\tomcat\webapps\host-manager has finished in 41 ms
26-Jun-2024 10:09:24.150 情報 [localhost-startStop-1] org.apache.catalina.startup.HostConfig.deployDirectory Webアプリケーションディレクトリ C:\JavaFW_kouka2\work\tomcat\webapps\manager を配備します
26-Jun-2024 10:09:24.185 情報 [localhost-startStop-1] org.apache.catalina.startup.HostConfig.deployDirectory Deployment of web application directory C:\JavaFW_kouka2\work\tomcat\webapps\manager has finished in 34 ms
26-Jun-2024 10:09:24.185 情報 [localhost-startStop-1] org.apache.catalina.startup.HostConfig.deployDirectory Webアプリケーションディレクトリ C:\JavaFW_kouka2\work\tomcat\webapps\ROOT を配備します
26-Jun-2024 10:09:24.208 情報 [localhost-startStop-1] org.apache.catalina.startup.HostConfig.deployDirectory Deployment of web application directory C:\JavaFW_kouka2\work\tomcat\webapps\ROOT has finished in 22 ms
26-Jun-2024 10:09:24.208 情報 [localhost-startStop-1] org.apache.catalina.startup.HostConfig.deployDirectory Webアプリケーションディレクトリ C:\JavaFW_kouka2\work\tomcat\webapps\Sample を配備します
26-Jun-2024 10:09:24.550 情報 [localhost-startStop-1] org.apache.catalina.startup.HostConfig.deployDirectory Deployment of web application directory C:\JavaFW_kouka2\work\tomcat\webapps\Sample has finished in 342 ms
26-Jun-2024 10:09:24.558 情報 [main] org.apache.coyote.AbstractProtocol.start Starting ProtocolHandler [http-nio-8080]
26-Jun-2024 10:09:24.570 情報 [main] org.apache.coyote.AbstractProtocol.start Starting ProtocolHandler [ajp-nio-8009]
26-Jun-2024 10:09:24.572 情報 [main] org.apache.catalina.startup.Catalina.start Server startup in 1977 ms
26-Jun-2024 10:09:54.761 情報 [ContainerBackgroundProcessor[StandardEngine[Catalina]]] org.apache.catalina.core.StandardContext.reload このコンテキストの再ロードを開始しました
26-Jun-2024 10:09:55.061 情報 [ContainerBackgroundProcessor[StandardEngine[Catalina]]] org.apache.catalina.core.StandardContext.reload このコンテキストの再ロードが完了しました
26-Jun-2024 10:10:00.687 情報 [Thread-5] org.apache.coyote.AbstractProtocol.pause Pausing ProtocolHandler ["http-nio-8080"]
26-Jun-2024 10:10:00.993 情報 [Thread-5] org.apache.coyote.AbstractProtocol.pause Pausing ProtocolHandler ["ajp-nio-8009"]
26-Jun-2024 10:10:01.305 情報 [Thread-5] org.apache.catalina.core.StandardService.stopInternal サービス Catalina を停止します
26-Jun-2024 10:10:01.358 情報 [Thread-5] org.apache.coyote.AbstractProtocol.stop Stopping ProtocolHandler ["http-nio-8080"]
26-Jun-2024 10:10:01.360 情報 [Thread-5] org.apache.coyote.AbstractProtocol.stop Stopping ProtocolHandler ["ajp-nio-8009"]
26-Jun-2024 10:10:01.361 情報 [Thread-5] org.apache.coyote.AbstractProtocol.destroy Destroying ProtocolHandler ["http-nio-8080"]
26-Jun-2024 10:10:01.361 情報 [Thread-5] org.apache.coyote.AbstractProtocol.destroy Destroying ProtocolHandler ["ajp-nio-8009"]
26-Jun-2024 10:10:02.492 情報 [main] org.apache.catalina.startup.VersionLoggerListener.log Server version:        Apache Tomcat/8.5.11
26-Jun-2024 10:10:02.497 情報 [main] org.apache.catalina.startup.VersionLoggerListener.log Server built:          Jan 10 2017 21:02:52 UTC
26-Jun-2024 10:10:02.497 情報 [main] org.apache.catalina.startup.VersionLoggerListener.log Server number:         8.5.11.0
26-Jun-2024 10:10:02.498 情報 [main] org.apache.catalina.startup.VersionLoggerListener.log OS Name:               Windows 10
26-Jun-2024 10:10:02.498 情報 [main] org.apache.catalina.startup.VersionLoggerListener.log OS Version:            10.0
26-Jun-2024 10:10:02.498 情報 [main] org.apache.catalina.startup.VersionLoggerListener.log Architecture:          x86
26-Jun-2024 10:10:02.498 情報 [main] org.apache.catalina.startup.VersionLoggerListener.log Java Home:             C:\Program Files (x86)\Java\jdk1.8.0_121\jre
26-Jun-2024 10:10:02.499 情報 [main] org.apache.catalina.startup.VersionLoggerListener.log JVM Version:           1.8.0_121-b13
26-Jun-2024 10:10:02.499 情報 [main] org.apache.catalina.startup.VersionLoggerListener.log JVM Vendor:            Oracle Corporation
26-Jun-2024 10:10:02.499 情報 [main] org.apache.catalina.startup.VersionLoggerListener.log CATALINA_BASE:         C:\JavaFW_kouka2\work\tomcat
26-Jun-2024 10:10:02.499 情報 [main] org.apache.catalina.startup.VersionLoggerListener.log CATALINA_HOME:         C:\JavaFW_kouka2\work\tomcat
26-Jun-2024 10:10:02.500 情報 [main] org.apache.catalina.startup.VersionLoggerListener.log Command line argument: -Djava.util.logging.config.file=C:\JavaFW_kouka2\work\tomcat\conf\logging.properties
26-Jun-2024 10:10:02.500 情報 [main] org.apache.catalina.startup.VersionLoggerListener.log Command line argument: -Djava.util.logging.manager=org.apache.juli.ClassLoaderLogManager
26-Jun-2024 10:10:02.501 情報 [main] org.apache.catalina.startup.VersionLoggerListener.log Command line argument: -Djdk.tls.ephemeralDHKeySize=2048
26-Jun-2024 10:10:02.501 情報 [main] org.apache.catalina.startup.VersionLoggerListener.log Command line argument: -Djava.protocol.handler.pkgs=org.apache.catalina.webresources
26-Jun-2024 10:10:02.501 情報 [main] org.apache.catalina.startup.VersionLoggerListener.log Command line argument: -Dfile.encoding=UTF-8
26-Jun-2024 10:10:02.501 情報 [main] org.apache.catalina.startup.VersionLoggerListener.log Command line argument: -Dcatalina.base=C:\JavaFW_kouka2\work\tomcat
26-Jun-2024 10:10:02.501 情報 [main] org.apache.catalina.startup.VersionLoggerListener.log Command line argument: -Dcatalina.home=C:\JavaFW_kouka2\work\tomcat
26-Jun-2024 10:10:02.501 情報 [main] org.apache.catalina.startup.VersionLoggerListener.log Command line argument: -Djava.io.tmpdir=C:\JavaFW_kouka2\work\tomcat\temp
26-Jun-2024 10:10:02.502 情報 [main] org.apache.catalina.core.AprLifecycleListener.lifecycleEvent The APR based Apache Tomcat Native library which allows optimal performance in production environments was not found on the java.library.path: C:\Program Files (x86)\Java\jdk1.8.0_121\bin;C:\Windows\Sun\Java\bin;C:\Windows\system32;C:\Windows;C:\Program Files (x86)\Java\jdk1.8.0_121\bin;C:\ProgramData\Oracle\Java\javapath;C:\Program Files (x86)\Common Files\Oracle\Java\java8path;C:\Program Files (x86)\Common Files\Oracle\Java\javapath;C:\Windows\system32;C:\Windows;C:\Windows\System32\Wbem;C:\Windows\System32\WindowsPowerShell\v1.0\;C:\Windows\System32\OpenSSH\;"C:\Program Files\Java\jdk-14\bin;C:\ProgramData\Oracle\Java\javapath;C:\Program Files (x86)\Common Files\Oracle\Java\java8path;C:\Program Files (x86)\Common Files\Oracle\Java\javapath;C:\Windows\system32;C:\Windows;C:\Windows\System32\Wbem;C:\Windows\System32\WindowsPowerShell\v1.0\;C:\Windows\System32\OpenSSH\;"C:\Program Files\Java\jdk-14\bin;C:\ProgramData\Oracle\Java\javapath;C:\Program Files (x86)\Common Files\Oracle\Java\java8path;C:\Program Files (x86)\Common Files\Oracle\Java\javapath;C:\Windows\system32;C:\Windows;C:\Windows\System32\Wbem;C:\Windows\System32\WindowsPowerShell\v1.0\;C:\Windows\System32\OpenSSH\;"C:\Program Files\Java\jdk-14\bin;C:\Windows\System32";C:\Program Files\nodejs\;";C:\Program Files\nodejs\;";C:\Program Files\nodejs\;C:\Users\y_oohara\AppData\Local\Programs\Python\Python39\Scripts\;C:\Users\y_oohara\AppData\Local\Programs\Python\Python39\;C:\Users\y_oohara\AppData\Local\Microsoft\WindowsApps;C:\Users\y_oohara\AppData\Local\Programs\Microsoft VS Code\bin;C:MinGW\bin;C:\Users\y_oohara\AppData\Roaming\npm;.
26-Jun-2024 10:10:02.647 情報 [main] org.apache.coyote.AbstractProtocol.init Initializing ProtocolHandler ["http-nio-8080"]
26-Jun-2024 10:10:02.980 情報 [main] org.apache.tomcat.util.net.NioSelectorPool.getSharedSelector Using a shared selector for servlet write/read
26-Jun-2024 10:10:02.984 情報 [main] org.apache.coyote.AbstractProtocol.init Initializing ProtocolHandler ["ajp-nio-8009"]
26-Jun-2024 10:10:02.988 情報 [main] org.apache.tomcat.util.net.NioSelectorPool.getSharedSelector Using a shared selector for servlet write/read
26-Jun-2024 10:10:02.988 情報 [main] org.apache.catalina.startup.Catalina.load Initialization processed in 839 ms
26-Jun-2024 10:10:03.015 情報 [main] org.apache.catalina.core.StandardService.startInternal サービス Catalina を起動します
26-Jun-2024 10:10:03.015 情報 [main] org.apache.catalina.core.StandardEngine.startInternal Starting Servlet Engine: Apache Tomcat/8.5.11
26-Jun-2024 10:10:03.026 情報 [localhost-startStop-1] org.apache.catalina.startup.HostConfig.deployDirectory Webアプリケーションディレクトリ C:\JavaFW_kouka2\work\tomcat\webapps\book を配備します
26-Jun-2024 10:10:03.690 情報 [localhost-startStop-1] org.apache.catalina.startup.HostConfig.deployDirectory Deployment of web application directory C:\JavaFW_kouka2\work\tomcat\webapps\book has finished in 662 ms
26-Jun-2024 10:10:03.690 情報 [localhost-startStop-1] org.apache.catalina.startup.HostConfig.deployDirectory Webアプリケーションディレクトリ C:\JavaFW_kouka2\work\tomcat\webapps\docs を配備します
26-Jun-2024 10:10:03.713 情報 [localhost-startStop-1] org.apache.catalina.startup.HostConfig.deployDirectory Deployment of web application directory C:\JavaFW_kouka2\work\tomcat\webapps\docs has finished in 23 ms
26-Jun-2024 10:10:03.713 情報 [localhost-startStop-1] org.apache.catalina.startup.HostConfig.deployDirectory Webアプリケーションディレクトリ C:\JavaFW_kouka2\work\tomcat\webapps\examples を配備します
26-Jun-2024 10:10:04.020 情報 [localhost-startStop-1] org.apache.catalina.startup.HostConfig.deployDirectory Deployment of web application directory C:\JavaFW_kouka2\work\tomcat\webapps\examples has finished in 307 ms
26-Jun-2024 10:10:04.021 情報 [localhost-startStop-1] org.apache.catalina.startup.HostConfig.deployDirectory Webアプリケーションディレクトリ C:\JavaFW_kouka2\work\tomcat\webapps\host-manager を配備します
26-Jun-2024 10:10:04.057 情報 [localhost-startStop-1] org.apache.catalina.startup.HostConfig.deployDirectory Deployment of web application directory C:\JavaFW_kouka2\work\tomcat\webapps\host-manager has finished in 36 ms
26-Jun-2024 10:10:04.058 情報 [localhost-startStop-1] org.apache.catalina.startup.HostConfig.deployDirectory Webアプリケーションディレクトリ C:\JavaFW_kouka2\work\tomcat\webapps\manager を配備します
26-Jun-2024 10:10:04.085 情報 [localhost-startStop-1] org.apache.catalina.startup.HostConfig.deployDirectory Deployment of web application directory C:\JavaFW_kouka2\work\tomcat\webapps\manager has finished in 26 ms
26-Jun-2024 10:10:04.085 情報 [localhost-startStop-1] org.apache.catalina.startup.HostConfig.deployDirectory Webアプリケーションディレクトリ C:\JavaFW_kouka2\work\tomcat\webapps\ROOT を配備します
26-Jun-2024 10:10:04.104 情報 [localhost-startStop-1] org.apache.catalina.startup.HostConfig.deployDirectory Deployment of web application directory C:\JavaFW_kouka2\work\tomcat\webapps\ROOT has finished in 19 ms
26-Jun-2024 10:10:04.105 情報 [localhost-startStop-1] org.apache.catalina.startup.HostConfig.deployDirectory Webアプリケーションディレクトリ C:\JavaFW_kouka2\work\tomcat\webapps\Sample を配備します
26-Jun-2024 10:10:04.377 情報 [localhost-startStop-1] org.apache.catalina.startup.HostConfig.deployDirectory Deployment of web application directory C:\JavaFW_kouka2\work\tomcat\webapps\Sample has finished in 272 ms
26-Jun-2024 10:10:04.380 情報 [main] org.apache.coyote.AbstractProtocol.start Starting ProtocolHandler [http-nio-8080]
26-Jun-2024 10:10:04.388 情報 [main] org.apache.coyote.AbstractProtocol.start Starting ProtocolHandler [ajp-nio-8009]
26-Jun-2024 10:10:04.390 情報 [main] org.apache.catalina.startup.Catalina.start Server startup in 1401 ms
26-Jun-2024 10:26:39.168 情報 [Thread-5] org.apache.coyote.AbstractProtocol.pause Pausing ProtocolHandler ["http-nio-8080"]
26-Jun-2024 10:26:39.450 情報 [Thread-5] org.apache.coyote.AbstractProtocol.pause Pausing ProtocolHandler ["ajp-nio-8009"]
26-Jun-2024 10:26:39.730 情報 [Thread-5] org.apache.catalina.core.StandardService.stopInternal サービス Catalina を停止します
26-Jun-2024 10:26:39.786 警告 [localhost-startStop-2] org.apache.catalina.loader.WebappClassLoaderBase.clearReferencesJdbc The web application [book] registered the JDBC driver [org.h2.Driver] but failed to unregister it when the web application was stopped. To prevent a memory leak, the JDBC Driver has been forcibly unregistered.
26-Jun-2024 10:26:39.796 情報 [Thread-5] org.apache.coyote.AbstractProtocol.stop Stopping ProtocolHandler ["http-nio-8080"]
26-Jun-2024 10:26:39.798 情報 [Thread-5] org.apache.coyote.AbstractProtocol.stop Stopping ProtocolHandler ["ajp-nio-8009"]
26-Jun-2024 10:26:39.800 情報 [Thread-5] org.apache.coyote.AbstractProtocol.destroy Destroying ProtocolHandler ["http-nio-8080"]
26-Jun-2024 10:26:39.803 情報 [Thread-5] org.apache.coyote.AbstractProtocol.destroy Destroying ProtocolHandler ["ajp-nio-8009"]
26-Jun-2024 10:26:41.866 情報 [main] org.apache.catalina.startup.VersionLoggerListener.log Server version:        Apache Tomcat/8.5.11
26-Jun-2024 10:26:41.870 情報 [main] org.apache.catalina.startup.VersionLoggerListener.log Server built:          Jan 10 2017 21:02:52 UTC
26-Jun-2024 10:26:41.872 情報 [main] org.apache.catalina.startup.VersionLoggerListener.log Server number:         8.5.11.0
26-Jun-2024 10:26:41.872 情報 [main] org.apache.catalina.startup.VersionLoggerListener.log OS Name:               Windows 10
26-Jun-2024 10:26:41.873 情報 [main] org.apache.catalina.startup.VersionLoggerListener.log OS Version:            10.0
26-Jun-2024 10:26:41.873 情報 [main] org.apache.catalina.startup.VersionLoggerListener.log Architecture:          x86
26-Jun-2024 10:26:41.874 情報 [main] org.apache.catalina.startup.VersionLoggerListener.log Java Home:             C:\Program Files (x86)\Java\jdk1.8.0_121\jre
26-Jun-2024 10:26:41.874 情報 [main] org.apache.catalina.startup.VersionLoggerListener.log JVM Version:           1.8.0_121-b13
26-Jun-2024 10:26:41.874 情報 [main] org.apache.catalina.startup.VersionLoggerListener.log JVM Vendor:            Oracle Corporation
26-Jun-2024 10:26:41.874 情報 [main] org.apache.catalina.startup.VersionLoggerListener.log CATALINA_BASE:         C:\JavaFW_kouka2\work\tomcat
26-Jun-2024 10:26:41.874 情報 [main] org.apache.catalina.startup.VersionLoggerListener.log CATALINA_HOME:         C:\JavaFW_kouka2\work\tomcat
26-Jun-2024 10:26:41.875 情報 [main] org.apache.catalina.startup.VersionLoggerListener.log Command line argument: -Djava.util.logging.config.file=C:\JavaFW_kouka2\work\tomcat\conf\logging.properties
26-Jun-2024 10:26:41.875 情報 [main] org.apache.catalina.startup.VersionLoggerListener.log Command line argument: -Djava.util.logging.manager=org.apache.juli.ClassLoaderLogManager
26-Jun-2024 10:26:41.876 情報 [main] org.apache.catalina.startup.VersionLoggerListener.log Command line argument: -Djdk.tls.ephemeralDHKeySize=2048
26-Jun-2024 10:26:41.876 情報 [main] org.apache.catalina.startup.VersionLoggerListener.log Command line argument: -Djava.protocol.handler.pkgs=org.apache.catalina.webresources
26-Jun-2024 10:26:41.876 情報 [main] org.apache.catalina.startup.VersionLoggerListener.log Command line argument: -Dfile.encoding=UTF-8
26-Jun-2024 10:26:41.877 情報 [main] org.apache.catalina.startup.VersionLoggerListener.log Command line argument: -Dcatalina.base=C:\JavaFW_kouka2\work\tomcat
26-Jun-2024 10:26:41.877 情報 [main] org.apache.catalina.startup.VersionLoggerListener.log Command line argument: -Dcatalina.home=C:\JavaFW_kouka2\work\tomcat
26-Jun-2024 10:26:41.878 情報 [main] org.apache.catalina.startup.VersionLoggerListener.log Command line argument: -Djava.io.tmpdir=C:\JavaFW_kouka2\work\tomcat\temp
26-Jun-2024 10:26:41.879 情報 [main] org.apache.catalina.core.AprLifecycleListener.lifecycleEvent The APR based Apache Tomcat Native library which allows optimal performance in production environments was not found on the java.library.path: C:\Program Files (x86)\Java\jdk1.8.0_121\bin;C:\Windows\Sun\Java\bin;C:\Windows\system32;C:\Windows;C:\Program Files (x86)\Java\jdk1.8.0_121\bin;C:\ProgramData\Oracle\Java\javapath;C:\Program Files (x86)\Common Files\Oracle\Java\java8path;C:\Program Files (x86)\Common Files\Oracle\Java\javapath;C:\Windows\system32;C:\Windows;C:\Windows\System32\Wbem;C:\Windows\System32\WindowsPowerShell\v1.0\;C:\Windows\System32\OpenSSH\;"C:\Program Files\Java\jdk-14\bin;C:\ProgramData\Oracle\Java\javapath;C:\Program Files (x86)\Common Files\Oracle\Java\java8path;C:\Program Files (x86)\Common Files\Oracle\Java\javapath;C:\Windows\system32;C:\Windows;C:\Windows\System32\Wbem;C:\Windows\System32\WindowsPowerShell\v1.0\;C:\Windows\System32\OpenSSH\;"C:\Program Files\Java\jdk-14\bin;C:\ProgramData\Oracle\Java\javapath;C:\Program Files (x86)\Common Files\Oracle\Java\java8path;C:\Program Files (x86)\Common Files\Oracle\Java\javapath;C:\Windows\system32;C:\Windows;C:\Windows\System32\Wbem;C:\Windows\System32\WindowsPowerShell\v1.0\;C:\Windows\System32\OpenSSH\;"C:\Program Files\Java\jdk-14\bin;C:\Windows\System32";C:\Program Files\nodejs\;";C:\Program Files\nodejs\;";C:\Program Files\nodejs\;C:\Users\y_oohara\AppData\Local\Programs\Python\Python39\Scripts\;C:\Users\y_oohara\AppData\Local\Programs\Python\Python39\;C:\Users\y_oohara\AppData\Local\Microsoft\WindowsApps;C:\Users\y_oohara\AppData\Local\Programs\Microsoft VS Code\bin;C:MinGW\bin;C:\Users\y_oohara\AppData\Roaming\npm;.
26-Jun-2024 10:26:42.034 情報 [main] org.apache.coyote.AbstractProtocol.init Initializing ProtocolHandler ["http-nio-8080"]
26-Jun-2024 10:26:42.461 情報 [main] org.apache.tomcat.util.net.NioSelectorPool.getSharedSelector Using a shared selector for servlet write/read
26-Jun-2024 10:26:42.467 情報 [main] org.apache.coyote.AbstractProtocol.init Initializing ProtocolHandler ["ajp-nio-8009"]
26-Jun-2024 10:26:42.470 情報 [main] org.apache.tomcat.util.net.NioSelectorPool.getSharedSelector Using a shared selector for servlet write/read
26-Jun-2024 10:26:42.470 情報 [main] org.apache.catalina.startup.Catalina.load Initialization processed in 938 ms
26-Jun-2024 10:26:42.515 情報 [main] org.apache.catalina.core.StandardService.startInternal サービス Catalina を起動します
26-Jun-2024 10:26:42.515 情報 [main] org.apache.catalina.core.StandardEngine.startInternal Starting Servlet Engine: Apache Tomcat/8.5.11
26-Jun-2024 10:26:42.534 情報 [localhost-startStop-1] org.apache.catalina.startup.HostConfig.deployDirectory Webアプリケーションディレクトリ C:\JavaFW_kouka2\work\tomcat\webapps\book を配備します
26-Jun-2024 10:26:43.322 情報 [localhost-startStop-1] org.apache.catalina.startup.HostConfig.deployDirectory Deployment of web application directory C:\JavaFW_kouka2\work\tomcat\webapps\book has finished in 787 ms
26-Jun-2024 10:26:43.323 情報 [localhost-startStop-1] org.apache.catalina.startup.HostConfig.deployDirectory Webアプリケーションディレクトリ C:\JavaFW_kouka2\work\tomcat\webapps\docs を配備します
26-Jun-2024 10:26:43.351 情報 [localhost-startStop-1] org.apache.catalina.startup.HostConfig.deployDirectory Deployment of web application directory C:\JavaFW_kouka2\work\tomcat\webapps\docs has finished in 27 ms
26-Jun-2024 10:26:43.352 情報 [localhost-startStop-1] org.apache.catalina.startup.HostConfig.deployDirectory Webアプリケーションディレクトリ C:\JavaFW_kouka2\work\tomcat\webapps\examples を配備します
26-Jun-2024 10:26:43.738 情報 [localhost-startStop-1] org.apache.catalina.startup.HostConfig.deployDirectory Deployment of web application directory C:\JavaFW_kouka2\work\tomcat\webapps\examples has finished in 386 ms
26-Jun-2024 10:26:43.738 情報 [localhost-startStop-1] org.apache.catalina.startup.HostConfig.deployDirectory Webアプリケーションディレクトリ C:\JavaFW_kouka2\work\tomcat\webapps\host-manager を配備します
26-Jun-2024 10:26:43.779 情報 [localhost-startStop-1] org.apache.catalina.startup.HostConfig.deployDirectory Deployment of web application directory C:\JavaFW_kouka2\work\tomcat\webapps\host-manager has finished in 41 ms
26-Jun-2024 10:26:43.780 情報 [localhost-startStop-1] org.apache.catalina.startup.HostConfig.deployDirectory Webアプリケーションディレクトリ C:\JavaFW_kouka2\work\tomcat\webapps\manager を配備します
26-Jun-2024 10:26:43.821 情報 [localhost-startStop-1] org.apache.catalina.startup.HostConfig.deployDirectory Deployment of web application directory C:\JavaFW_kouka2\work\tomcat\webapps\manager has finished in 41 ms
26-Jun-2024 10:26:43.822 情報 [localhost-startStop-1] org.apache.catalina.startup.HostConfig.deployDirectory Webアプリケーションディレクトリ C:\JavaFW_kouka2\work\tomcat\webapps\ROOT を配備します
26-Jun-2024 10:26:43.845 情報 [localhost-startStop-1] org.apache.catalina.startup.HostConfig.deployDirectory Deployment of web application directory C:\JavaFW_kouka2\work\tomcat\webapps\ROOT has finished in 23 ms
26-Jun-2024 10:26:43.845 情報 [localhost-startStop-1] org.apache.catalina.startup.HostConfig.deployDirectory Webアプリケーションディレクトリ C:\JavaFW_kouka2\work\tomcat\webapps\Sample を配備します
26-Jun-2024 10:26:44.230 情報 [localhost-startStop-1] org.apache.catalina.startup.HostConfig.deployDirectory Deployment of web application directory C:\JavaFW_kouka2\work\tomcat\webapps\Sample has finished in 385 ms
26-Jun-2024 10:26:44.239 情報 [main] org.apache.coyote.AbstractProtocol.start Starting ProtocolHandler [http-nio-8080]
26-Jun-2024 10:26:44.247 情報 [main] org.apache.coyote.AbstractProtocol.start Starting ProtocolHandler [ajp-nio-8009]
26-Jun-2024 10:26:44.250 情報 [main] org.apache.catalina.startup.Catalina.start Server startup in 1780 ms
26-Jun-2024 10:39:20.856 情報 [ContainerBackgroundProcessor[StandardEngine[Catalina]]] org.apache.catalina.core.StandardContext.reload このコンテキストの再ロードを開始しました
26-Jun-2024 10:39:20.871 警告 [ContainerBackgroundProcessor[StandardEngine[Catalina]]] org.apache.catalina.loader.WebappClassLoaderBase.clearReferencesJdbc The web application [book] registered the JDBC driver [org.h2.Driver] but failed to unregister it when the web application was stopped. To prevent a memory leak, the JDBC Driver has been forcibly unregistered.
26-Jun-2024 10:39:21.120 情報 [ContainerBackgroundProcessor[StandardEngine[Catalina]]] org.apache.catalina.core.StandardContext.reload このコンテキストの再ロードが完了しました
26-Jun-2024 12:32:50.155 情報 [Thread-5] org.apache.coyote.AbstractProtocol.pause Pausing ProtocolHandler ["http-nio-8080"]
26-Jun-2024 12:32:50.463 情報 [Thread-5] org.apache.coyote.AbstractProtocol.pause Pausing ProtocolHandler ["ajp-nio-8009"]
26-Jun-2024 12:32:50.804 情報 [Thread-5] org.apache.catalina.core.StandardService.stopInternal サービス Catalina を停止します
26-Jun-2024 12:32:51.230 警告 [localhost-startStop-2] org.apache.catalina.loader.WebappClassLoaderBase.clearReferencesJdbc The web application [book] registered the JDBC driver [org.h2.Driver] but failed to unregister it when the web application was stopped. To prevent a memory leak, the JDBC Driver has been forcibly unregistered.
26-Jun-2024 12:32:51.237 情報 [Thread-5] org.apache.coyote.AbstractProtocol.stop Stopping ProtocolHandler ["http-nio-8080"]
26-Jun-2024 12:32:51.240 情報 [Thread-5] org.apache.coyote.AbstractProtocol.stop Stopping ProtocolHandler ["ajp-nio-8009"]
26-Jun-2024 12:32:51.241 情報 [Thread-5] org.apache.coyote.AbstractProtocol.destroy Destroying ProtocolHandler ["http-nio-8080"]
26-Jun-2024 12:32:51.244 情報 [Thread-5] org.apache.coyote.AbstractProtocol.destroy Destroying ProtocolHandler ["ajp-nio-8009"]
26-Jun-2024 12:32:55.511 情報 [main] org.apache.catalina.startup.VersionLoggerListener.log Server version:        Apache Tomcat/8.5.11
26-Jun-2024 12:32:55.515 情報 [main] org.apache.catalina.startup.VersionLoggerListener.log Server built:          Jan 10 2017 21:02:52 UTC
26-Jun-2024 12:32:55.516 情報 [main] org.apache.catalina.startup.VersionLoggerListener.log Server number:         8.5.11.0
26-Jun-2024 12:32:55.516 情報 [main] org.apache.catalina.startup.VersionLoggerListener.log OS Name:               Windows 10
26-Jun-2024 12:32:55.516 情報 [main] org.apache.catalina.startup.VersionLoggerListener.log OS Version:            10.0
26-Jun-2024 12:32:55.517 情報 [main] org.apache.catalina.startup.VersionLoggerListener.log Architecture:          x86
26-Jun-2024 12:32:55.517 情報 [main] org.apache.catalina.startup.VersionLoggerListener.log Java Home:             C:\Program Files (x86)\Java\jdk1.8.0_121\jre
26-Jun-2024 12:32:55.517 情報 [main] org.apache.catalina.startup.VersionLoggerListener.log JVM Version:           1.8.0_121-b13
26-Jun-2024 12:32:55.517 情報 [main] org.apache.catalina.startup.VersionLoggerListener.log JVM Vendor:            Oracle Corporation
26-Jun-2024 12:32:55.518 情報 [main] org.apache.catalina.startup.VersionLoggerListener.log CATALINA_BASE:         C:\JavaFW_kouka2\work\tomcat
26-Jun-2024 12:32:55.518 情報 [main] org.apache.catalina.startup.VersionLoggerListener.log CATALINA_HOME:         C:\JavaFW_kouka2\work\tomcat
26-Jun-2024 12:32:55.518 情報 [main] org.apache.catalina.startup.VersionLoggerListener.log Command line argument: -Djava.util.logging.config.file=C:\JavaFW_kouka2\work\tomcat\conf\logging.properties
26-Jun-2024 12:32:55.519 情報 [main] org.apache.catalina.startup.VersionLoggerListener.log Command line argument: -Djava.util.logging.manager=org.apache.juli.ClassLoaderLogManager
26-Jun-2024 12:32:55.519 情報 [main] org.apache.catalina.startup.VersionLoggerListener.log Command line argument: -Djdk.tls.ephemeralDHKeySize=2048
26-Jun-2024 12:32:55.519 情報 [main] org.apache.catalina.startup.VersionLoggerListener.log Command line argument: -Djava.protocol.handler.pkgs=org.apache.catalina.webresources
26-Jun-2024 12:32:55.520 情報 [main] org.apache.catalina.startup.VersionLoggerListener.log Command line argument: -Dfile.encoding=UTF-8
26-Jun-2024 12:32:55.520 情報 [main] org.apache.catalina.startup.VersionLoggerListener.log Command line argument: -Dcatalina.base=C:\JavaFW_kouka2\work\tomcat
26-Jun-2024 12:32:55.520 情報 [main] org.apache.catalina.startup.VersionLoggerListener.log Command line argument: -Dcatalina.home=C:\JavaFW_kouka2\work\tomcat
26-Jun-2024 12:32:55.520 情報 [main] org.apache.catalina.startup.VersionLoggerListener.log Command line argument: -Djava.io.tmpdir=C:\JavaFW_kouka2\work\tomcat\temp
26-Jun-2024 12:32:55.521 情報 [main] org.apache.catalina.core.AprLifecycleListener.lifecycleEvent The APR based Apache Tomcat Native library which allows optimal performance in production environments was not found on the java.library.path: C:\Program Files (x86)\Java\jdk1.8.0_121\bin;C:\Windows\Sun\Java\bin;C:\Windows\system32;C:\Windows;C:\Program Files (x86)\Java\jdk1.8.0_121\bin;C:\ProgramData\Oracle\Java\javapath;C:\Program Files (x86)\Common Files\Oracle\Java\java8path;C:\Program Files (x86)\Common Files\Oracle\Java\javapath;C:\Windows\system32;C:\Windows;C:\Windows\System32\Wbem;C:\Windows\System32\WindowsPowerShell\v1.0\;C:\Windows\System32\OpenSSH\;"C:\Program Files\Java\jdk-14\bin;C:\ProgramData\Oracle\Java\javapath;C:\Program Files (x86)\Common Files\Oracle\Java\java8path;C:\Program Files (x86)\Common Files\Oracle\Java\javapath;C:\Windows\system32;C:\Windows;C:\Windows\System32\Wbem;C:\Windows\System32\WindowsPowerShell\v1.0\;C:\Windows\System32\OpenSSH\;"C:\Program Files\Java\jdk-14\bin;C:\ProgramData\Oracle\Java\javapath;C:\Program Files (x86)\Common Files\Oracle\Java\java8path;C:\Program Files (x86)\Common Files\Oracle\Java\javapath;C:\Windows\system32;C:\Windows;C:\Windows\System32\Wbem;C:\Windows\System32\WindowsPowerShell\v1.0\;C:\Windows\System32\OpenSSH\;"C:\Program Files\Java\jdk-14\bin;C:\Windows\System32";C:\Program Files\nodejs\;";C:\Program Files\nodejs\;";C:\Program Files\nodejs\;C:\Users\y_oohara\AppData\Local\Programs\Python\Python39\Scripts\;C:\Users\y_oohara\AppData\Local\Programs\Python\Python39\;C:\Users\y_oohara\AppData\Local\Microsoft\WindowsApps;C:\Users\y_oohara\AppData\Local\Programs\Microsoft VS Code\bin;C:MinGW\bin;C:\Users\y_oohara\AppData\Roaming\npm;.
26-Jun-2024 12:32:55.688 情報 [main] org.apache.coyote.AbstractProtocol.init Initializing ProtocolHandler ["http-nio-8080"]
26-Jun-2024 12:32:56.091 情報 [main] org.apache.tomcat.util.net.NioSelectorPool.getSharedSelector Using a shared selector for servlet write/read
26-Jun-2024 12:32:56.095 情報 [main] org.apache.coyote.AbstractProtocol.init Initializing ProtocolHandler ["ajp-nio-8009"]
26-Jun-2024 12:32:56.099 情報 [main] org.apache.tomcat.util.net.NioSelectorPool.getSharedSelector Using a shared selector for servlet write/read
26-Jun-2024 12:32:56.099 情報 [main] org.apache.catalina.startup.Catalina.load Initialization processed in 928 ms
26-Jun-2024 12:32:56.145 情報 [main] org.apache.catalina.core.StandardService.startInternal サービス Catalina を起動します
26-Jun-2024 12:32:56.145 情報 [main] org.apache.catalina.core.StandardEngine.startInternal Starting Servlet Engine: Apache Tomcat/8.5.11
26-Jun-2024 12:32:56.166 情報 [localhost-startStop-1] org.apache.catalina.startup.HostConfig.deployDirectory Webアプリケーションディレクトリ C:\JavaFW_kouka2\work\tomcat\webapps\book を配備します
26-Jun-2024 12:32:57.105 情報 [localhost-startStop-1] org.apache.catalina.startup.HostConfig.deployDirectory Deployment of web application directory C:\JavaFW_kouka2\work\tomcat\webapps\book has finished in 937 ms
26-Jun-2024 12:32:57.105 情報 [localhost-startStop-1] org.apache.catalina.startup.HostConfig.deployDirectory Webアプリケーションディレクトリ C:\JavaFW_kouka2\work\tomcat\webapps\docs を配備します
26-Jun-2024 12:32:57.129 情報 [localhost-startStop-1] org.apache.catalina.startup.HostConfig.deployDirectory Deployment of web application directory C:\JavaFW_kouka2\work\tomcat\webapps\docs has finished in 24 ms
26-Jun-2024 12:32:57.129 情報 [localhost-startStop-1] org.apache.catalina.startup.HostConfig.deployDirectory Webアプリケーションディレクトリ C:\JavaFW_kouka2\work\tomcat\webapps\examples を配備します
26-Jun-2024 12:32:57.911 情報 [localhost-startStop-1] org.apache.catalina.startup.HostConfig.deployDirectory Deployment of web application directory C:\JavaFW_kouka2\work\tomcat\webapps\examples has finished in 782 ms
26-Jun-2024 12:32:57.913 情報 [localhost-startStop-1] org.apache.catalina.startup.HostConfig.deployDirectory Webアプリケーションディレクトリ C:\JavaFW_kouka2\work\tomcat\webapps\host-manager を配備します
26-Jun-2024 12:32:58.088 情報 [localhost-startStop-1] org.apache.catalina.startup.HostConfig.deployDirectory Deployment of web application directory C:\JavaFW_kouka2\work\tomcat\webapps\host-manager has finished in 175 ms
26-Jun-2024 12:32:58.094 情報 [localhost-startStop-1] org.apache.catalina.startup.HostConfig.deployDirectory Webアプリケーションディレクトリ C:\JavaFW_kouka2\work\tomcat\webapps\manager を配備します
26-Jun-2024 12:32:58.171 情報 [localhost-startStop-1] org.apache.catalina.startup.HostConfig.deployDirectory Deployment of web application directory C:\JavaFW_kouka2\work\tomcat\webapps\manager has finished in 77 ms
26-Jun-2024 12:32:58.173 情報 [localhost-startStop-1] org.apache.catalina.startup.HostConfig.deployDirectory Webアプリケーションディレクトリ C:\JavaFW_kouka2\work\tomcat\webapps\ROOT を配備します
26-Jun-2024 12:32:58.214 情報 [localhost-startStop-1] org.apache.catalina.startup.HostConfig.deployDirectory Deployment of web application directory C:\JavaFW_kouka2\work\tomcat\webapps\ROOT has finished in 41 ms
26-Jun-2024 12:32:58.239 情報 [localhost-startStop-1] org.apache.catalina.startup.HostConfig.deployDirectory Webアプリケーションディレクトリ C:\JavaFW_kouka2\work\tomcat\webapps\Sample を配備します
26-Jun-2024 12:32:58.868 情報 [localhost-startStop-1] org.apache.catalina.startup.HostConfig.deployDirectory Deployment of web application directory C:\JavaFW_kouka2\work\tomcat\webapps\Sample has finished in 629 ms
26-Jun-2024 12:32:58.874 情報 [main] org.apache.coyote.AbstractProtocol.start Starting ProtocolHandler [http-nio-8080]
26-Jun-2024 12:32:58.886 情報 [main] org.apache.coyote.AbstractProtocol.start Starting ProtocolHandler [ajp-nio-8009]
26-Jun-2024 12:32:58.889 情報 [main] org.apache.catalina.startup.Catalina.start Server startup in 2789 ms
26-Jun-2024 12:33:00.163 情報 [Thread-5] org.apache.coyote.AbstractProtocol.pause Pausing ProtocolHandler ["http-nio-8080"]
26-Jun-2024 12:33:00.528 情報 [Thread-5] org.apache.coyote.AbstractProtocol.pause Pausing ProtocolHandler ["ajp-nio-8009"]
26-Jun-2024 12:33:01.249 情報 [Thread-5] org.apache.catalina.core.StandardService.stopInternal サービス Catalina を停止します
26-Jun-2024 12:33:01.331 情報 [Thread-5] org.apache.coyote.AbstractProtocol.stop Stopping ProtocolHandler ["http-nio-8080"]
26-Jun-2024 12:33:01.335 情報 [Thread-5] org.apache.coyote.AbstractProtocol.stop Stopping ProtocolHandler ["ajp-nio-8009"]
26-Jun-2024 12:33:01.342 情報 [Thread-5] org.apache.coyote.AbstractProtocol.destroy Destroying ProtocolHandler ["http-nio-8080"]
26-Jun-2024 12:33:01.344 情報 [Thread-5] org.apache.coyote.AbstractProtocol.destroy Destroying ProtocolHandler ["ajp-nio-8009"]
