17-Apr-2024 11:23:12.291 情報 [localhost-startStop-1] org.apache.catalina.core.ApplicationContext.log ContextListener: contextInitialized()
17-Apr-2024 11:23:12.291 情報 [localhost-startStop-1] org.apache.catalina.core.ApplicationContext.log SessionListener: contextInitialized()
17-Apr-2024 11:34:55.009 情報 [localhost-startStop-2] org.apache.catalina.core.ApplicationContext.log SessionListener: contextDestroyed()
17-Apr-2024 11:34:55.010 情報 [localhost-startStop-2] org.apache.catalina.core.ApplicationContext.log ContextListener: contextDestroyed()
17-Apr-2024 11:34:57.738 情報 [localhost-startStop-1] org.apache.catalina.core.ApplicationContext.log ContextListener: contextInitialized()
17-Apr-2024 11:34:57.738 情報 [localhost-startStop-1] org.apache.catalina.core.ApplicationContext.log SessionListener: contextInitialized()
17-Apr-2024 13:17:13.571 情報 [localhost-startStop-7] org.apache.catalina.core.ApplicationContext.log SessionListener: contextDestroyed()
17-Apr-2024 13:17:13.571 情報 [localhost-startStop-7] org.apache.catalina.core.ApplicationContext.log ContextListener: contextDestroyed()
17-Apr-2024 13:51:23.758 情報 [localhost-startStop-1] org.apache.catalina.core.ApplicationContext.log ContextListener: contextInitialized()
17-Apr-2024 13:51:23.758 情報 [localhost-startStop-1] org.apache.catalina.core.ApplicationContext.log SessionListener: contextInitialized()
17-Apr-2024 14:05:42.132 重大 [http-nio-8080-exec-1] org.apache.catalina.core.ApplicationDispatcher.invoke サーブレット jsp のServlet.service()が例外を投げました
 org.apache.jasper.JasperException: JSPのクラスをコンパイルできません: 

JSPファイル: /kadai/chap8/mondai2-error.jsp の中の1行目でエラーが発生しました
page cannot be resolved to a type
1: <%page contentType="text/html; charset=UTF-8" %>
2: <%@include file="../../header.html" %>
3: 
4: <%@page isErrorPage="true" %>


JSPファイル: /kadai/chap8/mondai2-error.jsp の中の1行目でエラーが発生しました
Syntax error, insert ";" to complete LocalVariableDeclarationStatement
1: <%page contentType="text/html; charset=UTF-8" %>
2: <%@include file="../../header.html" %>
3: 
4: <%@page isErrorPage="true" %>


Stacktrace:
	at org.apache.jasper.compiler.DefaultErrorHandler.javacError(DefaultErrorHandler.java:102)
	at org.apache.jasper.compiler.ErrorDispatcher.javacError(ErrorDispatcher.java:212)
	at org.apache.jasper.compiler.JDTCompiler.generateClass(JDTCompiler.java:457)
	at org.apache.jasper.compiler.Compiler.compile(Compiler.java:377)
	at org.apache.jasper.compiler.Compiler.compile(Compiler.java:349)
	at org.apache.jasper.compiler.Compiler.compile(Compiler.java:333)
	at org.apache.jasper.JspCompilationContext.compile(JspCompilationContext.java:600)
	at org.apache.jasper.servlet.JspServletWrapper.service(JspServletWrapper.java:368)
	at org.apache.jasper.servlet.JspServlet.serviceJspFile(JspServlet.java:385)
	at org.apache.jasper.servlet.JspServlet.service(JspServlet.java:329)
	at javax.servlet.http.HttpServlet.service(HttpServlet.java:729)
	at org.apache.catalina.core.ApplicationFilterChain.internalDoFilter(ApplicationFilterChain.java:230)
	at org.apache.catalina.core.ApplicationFilterChain.doFilter(ApplicationFilterChain.java:165)
	at org.apache.tomcat.websocket.server.WsFilter.doFilter(WsFilter.java:52)
	at org.apache.catalina.core.ApplicationFilterChain.internalDoFilter(ApplicationFilterChain.java:192)
	at org.apache.catalina.core.ApplicationFilterChain.doFilter(ApplicationFilterChain.java:165)
	at org.apache.catalina.core.ApplicationDispatcher.invoke(ApplicationDispatcher.java:726)
	at org.apache.catalina.core.ApplicationDispatcher.processRequest(ApplicationDispatcher.java:469)
	at org.apache.catalina.core.ApplicationDispatcher.doForward(ApplicationDispatcher.java:394)
	at org.apache.catalina.core.ApplicationDispatcher.forward(ApplicationDispatcher.java:311)
	at org.apache.jasper.runtime.PageContextImpl.doForward(PageContextImpl.java:742)
	at org.apache.jasper.runtime.PageContextImpl.forward(PageContextImpl.java:712)
	at org.apache.jasper.runtime.PageContextImpl.doHandlePageException(PageContextImpl.java:866)
	at org.apache.jasper.runtime.PageContextImpl.handlePageException(PageContextImpl.java:838)
	at org.apache.jsp.kadai.chap8.mondai2_jsp._jspService(mondai2_jsp.java:149)
	at org.apache.jasper.runtime.HttpJspBase.service(HttpJspBase.java:70)
	at javax.servlet.http.HttpServlet.service(HttpServlet.java:729)
	at org.apache.jasper.servlet.JspServletWrapper.service(JspServletWrapper.java:443)
	at org.apache.jasper.servlet.JspServlet.serviceJspFile(JspServlet.java:385)
	at org.apache.jasper.servlet.JspServlet.service(JspServlet.java:329)
	at javax.servlet.http.HttpServlet.service(HttpServlet.java:729)
	at org.apache.catalina.core.ApplicationFilterChain.internalDoFilter(ApplicationFilterChain.java:230)
	at org.apache.catalina.core.ApplicationFilterChain.doFilter(ApplicationFilterChain.java:165)
	at org.apache.tomcat.websocket.server.WsFilter.doFilter(WsFilter.java:52)
	at org.apache.catalina.core.ApplicationFilterChain.internalDoFilter(ApplicationFilterChain.java:192)
	at org.apache.catalina.core.ApplicationFilterChain.doFilter(ApplicationFilterChain.java:165)
	at tool.EncodingFilter.doFilter(EncodingFilter.java:22)
	at org.apache.catalina.core.ApplicationFilterChain.internalDoFilter(ApplicationFilterChain.java:192)
	at org.apache.catalina.core.ApplicationFilterChain.doFilter(ApplicationFilterChain.java:165)
	at org.apache.catalina.core.StandardWrapperValve.invoke(StandardWrapperValve.java:198)
	at org.apache.catalina.core.StandardContextValve.invoke(StandardContextValve.java:96)
	at org.apache.catalina.authenticator.AuthenticatorBase.invoke(AuthenticatorBase.java:474)
	at org.apache.catalina.core.StandardHostValve.invoke(StandardHostValve.java:140)
	at org.apache.catalina.valves.ErrorReportValve.invoke(ErrorReportValve.java:79)
	at org.apache.catalina.valves.AbstractAccessLogValve.invoke(AbstractAccessLogValve.java:624)
	at org.apache.catalina.core.StandardEngineValve.invoke(StandardEngineValve.java:87)
	at org.apache.catalina.connector.CoyoteAdapter.service(CoyoteAdapter.java:349)
	at org.apache.coyote.http11.Http11Processor.service(Http11Processor.java:783)
	at org.apache.coyote.AbstractProcessorLight.process(AbstractProcessorLight.java:66)
	at org.apache.coyote.AbstractProtocol$ConnectionHandler.process(AbstractProtocol.java:798)
	at org.apache.tomcat.util.net.NioEndpoint$SocketProcessor.doRun(NioEndpoint.java:1434)
	at org.apache.tomcat.util.net.SocketProcessorBase.run(SocketProcessorBase.java:49)
	at java.util.concurrent.ThreadPoolExecutor.runWorker(ThreadPoolExecutor.java:1142)
	at java.util.concurrent.ThreadPoolExecutor$Worker.run(ThreadPoolExecutor.java:617)
	at org.apache.tomcat.util.threads.TaskThread$WrappingRunnable.run(TaskThread.java:61)
	at java.lang.Thread.run(Thread.java:745)

17-Apr-2024 14:05:42.132 重大 [http-nio-8080-exec-1] org.apache.catalina.core.StandardWrapperValve.invoke Servlet.service() for servlet [jsp] in context with path [/book] threw exception [JSPのクラスをコンパイルできません: 

JSPファイル: /kadai/chap8/mondai2-error.jsp の中の1行目でエラーが発生しました
page cannot be resolved to a type
1: <%page contentType="text/html; charset=UTF-8" %>
2: <%@include file="../../header.html" %>
3: 
4: <%@page isErrorPage="true" %>


JSPファイル: /kadai/chap8/mondai2-error.jsp の中の1行目でエラーが発生しました
Syntax error, insert ";" to complete LocalVariableDeclarationStatement
1: <%page contentType="text/html; charset=UTF-8" %>
2: <%@include file="../../header.html" %>
3: 
4: <%@page isErrorPage="true" %>


Stacktrace:] with root cause
 org.apache.jasper.JasperException: JSPのクラスをコンパイルできません: 

JSPファイル: /kadai/chap8/mondai2-error.jsp の中の1行目でエラーが発生しました
page cannot be resolved to a type
1: <%page contentType="text/html; charset=UTF-8" %>
2: <%@include file="../../header.html" %>
3: 
4: <%@page isErrorPage="true" %>


JSPファイル: /kadai/chap8/mondai2-error.jsp の中の1行目でエラーが発生しました
Syntax error, insert ";" to complete LocalVariableDeclarationStatement
1: <%page contentType="text/html; charset=UTF-8" %>
2: <%@include file="../../header.html" %>
3: 
4: <%@page isErrorPage="true" %>


Stacktrace:
	at org.apache.jasper.compiler.DefaultErrorHandler.javacError(DefaultErrorHandler.java:102)
	at org.apache.jasper.compiler.ErrorDispatcher.javacError(ErrorDispatcher.java:212)
	at org.apache.jasper.compiler.JDTCompiler.generateClass(JDTCompiler.java:457)
	at org.apache.jasper.compiler.Compiler.compile(Compiler.java:377)
	at org.apache.jasper.compiler.Compiler.compile(Compiler.java:349)
	at org.apache.jasper.compiler.Compiler.compile(Compiler.java:333)
	at org.apache.jasper.JspCompilationContext.compile(JspCompilationContext.java:600)
	at org.apache.jasper.servlet.JspServletWrapper.service(JspServletWrapper.java:368)
	at org.apache.jasper.servlet.JspServlet.serviceJspFile(JspServlet.java:385)
	at org.apache.jasper.servlet.JspServlet.service(JspServlet.java:329)
	at javax.servlet.http.HttpServlet.service(HttpServlet.java:729)
	at org.apache.catalina.core.ApplicationFilterChain.internalDoFilter(ApplicationFilterChain.java:230)
	at org.apache.catalina.core.ApplicationFilterChain.doFilter(ApplicationFilterChain.java:165)
	at org.apache.tomcat.websocket.server.WsFilter.doFilter(WsFilter.java:52)
	at org.apache.catalina.core.ApplicationFilterChain.internalDoFilter(ApplicationFilterChain.java:192)
	at org.apache.catalina.core.ApplicationFilterChain.doFilter(ApplicationFilterChain.java:165)
	at org.apache.catalina.core.ApplicationDispatcher.invoke(ApplicationDispatcher.java:726)
	at org.apache.catalina.core.ApplicationDispatcher.processRequest(ApplicationDispatcher.java:469)
	at org.apache.catalina.core.ApplicationDispatcher.doForward(ApplicationDispatcher.java:394)
	at org.apache.catalina.core.ApplicationDispatcher.forward(ApplicationDispatcher.java:311)
	at org.apache.jasper.runtime.PageContextImpl.doForward(PageContextImpl.java:742)
	at org.apache.jasper.runtime.PageContextImpl.forward(PageContextImpl.java:712)
	at org.apache.jasper.runtime.PageContextImpl.doHandlePageException(PageContextImpl.java:866)
	at org.apache.jasper.runtime.PageContextImpl.handlePageException(PageContextImpl.java:838)
	at org.apache.jsp.kadai.chap8.mondai2_jsp._jspService(mondai2_jsp.java:149)
	at org.apache.jasper.runtime.HttpJspBase.service(HttpJspBase.java:70)
	at javax.servlet.http.HttpServlet.service(HttpServlet.java:729)
	at org.apache.jasper.servlet.JspServletWrapper.service(JspServletWrapper.java:443)
	at org.apache.jasper.servlet.JspServlet.serviceJspFile(JspServlet.java:385)
	at org.apache.jasper.servlet.JspServlet.service(JspServlet.java:329)
	at javax.servlet.http.HttpServlet.service(HttpServlet.java:729)
	at org.apache.catalina.core.ApplicationFilterChain.internalDoFilter(ApplicationFilterChain.java:230)
	at org.apache.catalina.core.ApplicationFilterChain.doFilter(ApplicationFilterChain.java:165)
	at org.apache.tomcat.websocket.server.WsFilter.doFilter(WsFilter.java:52)
	at org.apache.catalina.core.ApplicationFilterChain.internalDoFilter(ApplicationFilterChain.java:192)
	at org.apache.catalina.core.ApplicationFilterChain.doFilter(ApplicationFilterChain.java:165)
	at tool.EncodingFilter.doFilter(EncodingFilter.java:22)
	at org.apache.catalina.core.ApplicationFilterChain.internalDoFilter(ApplicationFilterChain.java:192)
	at org.apache.catalina.core.ApplicationFilterChain.doFilter(ApplicationFilterChain.java:165)
	at org.apache.catalina.core.StandardWrapperValve.invoke(StandardWrapperValve.java:198)
	at org.apache.catalina.core.StandardContextValve.invoke(StandardContextValve.java:96)
	at org.apache.catalina.authenticator.AuthenticatorBase.invoke(AuthenticatorBase.java:474)
	at org.apache.catalina.core.StandardHostValve.invoke(StandardHostValve.java:140)
	at org.apache.catalina.valves.ErrorReportValve.invoke(ErrorReportValve.java:79)
	at org.apache.catalina.valves.AbstractAccessLogValve.invoke(AbstractAccessLogValve.java:624)
	at org.apache.catalina.core.StandardEngineValve.invoke(StandardEngineValve.java:87)
	at org.apache.catalina.connector.CoyoteAdapter.service(CoyoteAdapter.java:349)
	at org.apache.coyote.http11.Http11Processor.service(Http11Processor.java:783)
	at org.apache.coyote.AbstractProcessorLight.process(AbstractProcessorLight.java:66)
	at org.apache.coyote.AbstractProtocol$ConnectionHandler.process(AbstractProtocol.java:798)
	at org.apache.tomcat.util.net.NioEndpoint$SocketProcessor.doRun(NioEndpoint.java:1434)
	at org.apache.tomcat.util.net.SocketProcessorBase.run(SocketProcessorBase.java:49)
	at java.util.concurrent.ThreadPoolExecutor.runWorker(ThreadPoolExecutor.java:1142)
	at java.util.concurrent.ThreadPoolExecutor$Worker.run(ThreadPoolExecutor.java:617)
	at org.apache.tomcat.util.threads.TaskThread$WrappingRunnable.run(TaskThread.java:61)
	at java.lang.Thread.run(Thread.java:745)

17-Apr-2024 14:07:01.766 重大 [http-nio-8080-exec-5] org.apache.catalina.core.ApplicationDispatcher.invoke サーブレット jsp のServlet.service()が例外を投げました
 org.apache.jasper.JasperException: JSPのクラスをコンパイルできません: 

JSPファイル: /kadai/chap8/mondai2-error.jsp の中の1行目でエラーが発生しました
page cannot be resolved to a type
1: <%page contentType="text/html; charset=UTF-8" %>
2: <%@include file="../../header.html" %>
3: 
4: <%@page isErrorPage="true" %>


JSPファイル: /kadai/chap8/mondai2-error.jsp の中の1行目でエラーが発生しました
Syntax error, insert ";" to complete LocalVariableDeclarationStatement
1: <%page contentType="text/html; charset=UTF-8" %>
2: <%@include file="../../header.html" %>
3: 
4: <%@page isErrorPage="true" %>


Stacktrace:
	at org.apache.jasper.compiler.DefaultErrorHandler.javacError(DefaultErrorHandler.java:102)
	at org.apache.jasper.compiler.ErrorDispatcher.javacError(ErrorDispatcher.java:212)
	at org.apache.jasper.compiler.JDTCompiler.generateClass(JDTCompiler.java:457)
	at org.apache.jasper.compiler.Compiler.compile(Compiler.java:377)
	at org.apache.jasper.compiler.Compiler.compile(Compiler.java:349)
	at org.apache.jasper.compiler.Compiler.compile(Compiler.java:333)
	at org.apache.jasper.JspCompilationContext.compile(JspCompilationContext.java:600)
	at org.apache.jasper.servlet.JspServletWrapper.service(JspServletWrapper.java:368)
	at org.apache.jasper.servlet.JspServlet.serviceJspFile(JspServlet.java:385)
	at org.apache.jasper.servlet.JspServlet.service(JspServlet.java:329)
	at javax.servlet.http.HttpServlet.service(HttpServlet.java:729)
	at org.apache.catalina.core.ApplicationFilterChain.internalDoFilter(ApplicationFilterChain.java:230)
	at org.apache.catalina.core.ApplicationFilterChain.doFilter(ApplicationFilterChain.java:165)
	at org.apache.tomcat.websocket.server.WsFilter.doFilter(WsFilter.java:52)
	at org.apache.catalina.core.ApplicationFilterChain.internalDoFilter(ApplicationFilterChain.java:192)
	at org.apache.catalina.core.ApplicationFilterChain.doFilter(ApplicationFilterChain.java:165)
	at org.apache.catalina.core.ApplicationDispatcher.invoke(ApplicationDispatcher.java:726)
	at org.apache.catalina.core.ApplicationDispatcher.processRequest(ApplicationDispatcher.java:469)
	at org.apache.catalina.core.ApplicationDispatcher.doForward(ApplicationDispatcher.java:394)
	at org.apache.catalina.core.ApplicationDispatcher.forward(ApplicationDispatcher.java:311)
	at org.apache.jasper.runtime.PageContextImpl.doForward(PageContextImpl.java:742)
	at org.apache.jasper.runtime.PageContextImpl.forward(PageContextImpl.java:712)
	at org.apache.jasper.runtime.PageContextImpl.doHandlePageException(PageContextImpl.java:866)
	at org.apache.jasper.runtime.PageContextImpl.handlePageException(PageContextImpl.java:838)
	at org.apache.jsp.kadai.chap8.mondai2_jsp._jspService(mondai2_jsp.java:149)
	at org.apache.jasper.runtime.HttpJspBase.service(HttpJspBase.java:70)
	at javax.servlet.http.HttpServlet.service(HttpServlet.java:729)
	at org.apache.jasper.servlet.JspServletWrapper.service(JspServletWrapper.java:443)
	at org.apache.jasper.servlet.JspServlet.serviceJspFile(JspServlet.java:385)
	at org.apache.jasper.servlet.JspServlet.service(JspServlet.java:329)
	at javax.servlet.http.HttpServlet.service(HttpServlet.java:729)
	at org.apache.catalina.core.ApplicationFilterChain.internalDoFilter(ApplicationFilterChain.java:230)
	at org.apache.catalina.core.ApplicationFilterChain.doFilter(ApplicationFilterChain.java:165)
	at org.apache.tomcat.websocket.server.WsFilter.doFilter(WsFilter.java:52)
	at org.apache.catalina.core.ApplicationFilterChain.internalDoFilter(ApplicationFilterChain.java:192)
	at org.apache.catalina.core.ApplicationFilterChain.doFilter(ApplicationFilterChain.java:165)
	at tool.EncodingFilter.doFilter(EncodingFilter.java:22)
	at org.apache.catalina.core.ApplicationFilterChain.internalDoFilter(ApplicationFilterChain.java:192)
	at org.apache.catalina.core.ApplicationFilterChain.doFilter(ApplicationFilterChain.java:165)
	at org.apache.catalina.core.StandardWrapperValve.invoke(StandardWrapperValve.java:198)
	at org.apache.catalina.core.StandardContextValve.invoke(StandardContextValve.java:96)
	at org.apache.catalina.authenticator.AuthenticatorBase.invoke(AuthenticatorBase.java:474)
	at org.apache.catalina.core.StandardHostValve.invoke(StandardHostValve.java:140)
	at org.apache.catalina.valves.ErrorReportValve.invoke(ErrorReportValve.java:79)
	at org.apache.catalina.valves.AbstractAccessLogValve.invoke(AbstractAccessLogValve.java:624)
	at org.apache.catalina.core.StandardEngineValve.invoke(StandardEngineValve.java:87)
	at org.apache.catalina.connector.CoyoteAdapter.service(CoyoteAdapter.java:349)
	at org.apache.coyote.http11.Http11Processor.service(Http11Processor.java:783)
	at org.apache.coyote.AbstractProcessorLight.process(AbstractProcessorLight.java:66)
	at org.apache.coyote.AbstractProtocol$ConnectionHandler.process(AbstractProtocol.java:798)
	at org.apache.tomcat.util.net.NioEndpoint$SocketProcessor.doRun(NioEndpoint.java:1434)
	at org.apache.tomcat.util.net.SocketProcessorBase.run(SocketProcessorBase.java:49)
	at java.util.concurrent.ThreadPoolExecutor.runWorker(ThreadPoolExecutor.java:1142)
	at java.util.concurrent.ThreadPoolExecutor$Worker.run(ThreadPoolExecutor.java:617)
	at org.apache.tomcat.util.threads.TaskThread$WrappingRunnable.run(TaskThread.java:61)
	at java.lang.Thread.run(Thread.java:745)

17-Apr-2024 14:07:01.766 重大 [http-nio-8080-exec-5] org.apache.catalina.core.StandardWrapperValve.invoke Servlet.service() for servlet [jsp] in context with path [/book] threw exception [JSPのクラスをコンパイルできません: 

JSPファイル: /kadai/chap8/mondai2-error.jsp の中の1行目でエラーが発生しました
page cannot be resolved to a type
1: <%page contentType="text/html; charset=UTF-8" %>
2: <%@include file="../../header.html" %>
3: 
4: <%@page isErrorPage="true" %>


JSPファイル: /kadai/chap8/mondai2-error.jsp の中の1行目でエラーが発生しました
Syntax error, insert ";" to complete LocalVariableDeclarationStatement
1: <%page contentType="text/html; charset=UTF-8" %>
2: <%@include file="../../header.html" %>
3: 
4: <%@page isErrorPage="true" %>


Stacktrace:] with root cause
 org.apache.jasper.JasperException: JSPのクラスをコンパイルできません: 

JSPファイル: /kadai/chap8/mondai2-error.jsp の中の1行目でエラーが発生しました
page cannot be resolved to a type
1: <%page contentType="text/html; charset=UTF-8" %>
2: <%@include file="../../header.html" %>
3: 
4: <%@page isErrorPage="true" %>


JSPファイル: /kadai/chap8/mondai2-error.jsp の中の1行目でエラーが発生しました
Syntax error, insert ";" to complete LocalVariableDeclarationStatement
1: <%page contentType="text/html; charset=UTF-8" %>
2: <%@include file="../../header.html" %>
3: 
4: <%@page isErrorPage="true" %>


Stacktrace:
	at org.apache.jasper.compiler.DefaultErrorHandler.javacError(DefaultErrorHandler.java:102)
	at org.apache.jasper.compiler.ErrorDispatcher.javacError(ErrorDispatcher.java:212)
	at org.apache.jasper.compiler.JDTCompiler.generateClass(JDTCompiler.java:457)
	at org.apache.jasper.compiler.Compiler.compile(Compiler.java:377)
	at org.apache.jasper.compiler.Compiler.compile(Compiler.java:349)
	at org.apache.jasper.compiler.Compiler.compile(Compiler.java:333)
	at org.apache.jasper.JspCompilationContext.compile(JspCompilationContext.java:600)
	at org.apache.jasper.servlet.JspServletWrapper.service(JspServletWrapper.java:368)
	at org.apache.jasper.servlet.JspServlet.serviceJspFile(JspServlet.java:385)
	at org.apache.jasper.servlet.JspServlet.service(JspServlet.java:329)
	at javax.servlet.http.HttpServlet.service(HttpServlet.java:729)
	at org.apache.catalina.core.ApplicationFilterChain.internalDoFilter(ApplicationFilterChain.java:230)
	at org.apache.catalina.core.ApplicationFilterChain.doFilter(ApplicationFilterChain.java:165)
	at org.apache.tomcat.websocket.server.WsFilter.doFilter(WsFilter.java:52)
	at org.apache.catalina.core.ApplicationFilterChain.internalDoFilter(ApplicationFilterChain.java:192)
	at org.apache.catalina.core.ApplicationFilterChain.doFilter(ApplicationFilterChain.java:165)
	at org.apache.catalina.core.ApplicationDispatcher.invoke(ApplicationDispatcher.java:726)
	at org.apache.catalina.core.ApplicationDispatcher.processRequest(ApplicationDispatcher.java:469)
	at org.apache.catalina.core.ApplicationDispatcher.doForward(ApplicationDispatcher.java:394)
	at org.apache.catalina.core.ApplicationDispatcher.forward(ApplicationDispatcher.java:311)
	at org.apache.jasper.runtime.PageContextImpl.doForward(PageContextImpl.java:742)
	at org.apache.jasper.runtime.PageContextImpl.forward(PageContextImpl.java:712)
	at org.apache.jasper.runtime.PageContextImpl.doHandlePageException(PageContextImpl.java:866)
	at org.apache.jasper.runtime.PageContextImpl.handlePageException(PageContextImpl.java:838)
	at org.apache.jsp.kadai.chap8.mondai2_jsp._jspService(mondai2_jsp.java:149)
	at org.apache.jasper.runtime.HttpJspBase.service(HttpJspBase.java:70)
	at javax.servlet.http.HttpServlet.service(HttpServlet.java:729)
	at org.apache.jasper.servlet.JspServletWrapper.service(JspServletWrapper.java:443)
	at org.apache.jasper.servlet.JspServlet.serviceJspFile(JspServlet.java:385)
	at org.apache.jasper.servlet.JspServlet.service(JspServlet.java:329)
	at javax.servlet.http.HttpServlet.service(HttpServlet.java:729)
	at org.apache.catalina.core.ApplicationFilterChain.internalDoFilter(ApplicationFilterChain.java:230)
	at org.apache.catalina.core.ApplicationFilterChain.doFilter(ApplicationFilterChain.java:165)
	at org.apache.tomcat.websocket.server.WsFilter.doFilter(WsFilter.java:52)
	at org.apache.catalina.core.ApplicationFilterChain.internalDoFilter(ApplicationFilterChain.java:192)
	at org.apache.catalina.core.ApplicationFilterChain.doFilter(ApplicationFilterChain.java:165)
	at tool.EncodingFilter.doFilter(EncodingFilter.java:22)
	at org.apache.catalina.core.ApplicationFilterChain.internalDoFilter(ApplicationFilterChain.java:192)
	at org.apache.catalina.core.ApplicationFilterChain.doFilter(ApplicationFilterChain.java:165)
	at org.apache.catalina.core.StandardWrapperValve.invoke(StandardWrapperValve.java:198)
	at org.apache.catalina.core.StandardContextValve.invoke(StandardContextValve.java:96)
	at org.apache.catalina.authenticator.AuthenticatorBase.invoke(AuthenticatorBase.java:474)
	at org.apache.catalina.core.StandardHostValve.invoke(StandardHostValve.java:140)
	at org.apache.catalina.valves.ErrorReportValve.invoke(ErrorReportValve.java:79)
	at org.apache.catalina.valves.AbstractAccessLogValve.invoke(AbstractAccessLogValve.java:624)
	at org.apache.catalina.core.StandardEngineValve.invoke(StandardEngineValve.java:87)
	at org.apache.catalina.connector.CoyoteAdapter.service(CoyoteAdapter.java:349)
	at org.apache.coyote.http11.Http11Processor.service(Http11Processor.java:783)
	at org.apache.coyote.AbstractProcessorLight.process(AbstractProcessorLight.java:66)
	at org.apache.coyote.AbstractProtocol$ConnectionHandler.process(AbstractProtocol.java:798)
	at org.apache.tomcat.util.net.NioEndpoint$SocketProcessor.doRun(NioEndpoint.java:1434)
	at org.apache.tomcat.util.net.SocketProcessorBase.run(SocketProcessorBase.java:49)
	at java.util.concurrent.ThreadPoolExecutor.runWorker(ThreadPoolExecutor.java:1142)
	at java.util.concurrent.ThreadPoolExecutor$Worker.run(ThreadPoolExecutor.java:617)
	at org.apache.tomcat.util.threads.TaskThread$WrappingRunnable.run(TaskThread.java:61)
	at java.lang.Thread.run(Thread.java:745)

17-Apr-2024 14:14:01.475 重大 [http-nio-8080-exec-1] org.apache.catalina.core.StandardWrapperValve.invoke Servlet.service() for servlet [jsp] in context with path [/book] threw exception [JSPのクラスをコンパイルできません: 

JSPファイル: /kadai/chap8/mondai2.jsp の中の6行目でエラーが発生しました
Syntax error on tokens, Expression expected instead
3: <%@page errorPage="mondai2-error.jsp" %>
4: <% request.setCharacterEncoding("UTF-8"); %>
5: <% try{
6:     <p>こんにちは、<%= request.getParameter("user") %>さん</p>
7:     <p>10年後は<%= Integer.parseInt(request.getParameter("age")) + 10 %>歳ですね!</p>
8: %>
9: <% }catch(e){


JSPファイル: /kadai/chap8/mondai2.jsp の中の6行目でエラーが発生しました
Syntax error, insert ";" to complete BlockStatements
3: <%@page errorPage="mondai2-error.jsp" %>
4: <% request.setCharacterEncoding("UTF-8"); %>
5: <% try{
6:     <p>こんにちは、<%= request.getParameter("user") %>さん</p>
7:     <p>10年後は<%= Integer.parseInt(request.getParameter("age")) + 10 %>歳ですね!</p>
8: %>
9: <% }catch(e){


JSPファイル: /kadai/chap8/mondai2.jsp の中の9行目でエラーが発生しました
Syntax error, insert "VariableDeclaratorId" to complete FormalParameter
6:     <p>こんにちは、<%= request.getParameter("user") %>さん</p>
7:     <p>10年後は<%= Integer.parseInt(request.getParameter("age")) + 10 %>歳ですね!</p>
8: %>
9: <% }catch(e){
10:     out.println("<p>年齢の欄には、数値の入力をお願いします。</p>");
11: 
12:     out.println("<p>以下エラー内容です。</p>");


JSPファイル: /kadai/chap8/mondai2.jsp の中の16行目でエラーが発生しました
Syntax error on tokens, delete these tokens
13:     out.println(e);
14: }
15: 
16: <%@include file="../../footer.html" %>


JSPファイル: /kadai/chap8/mondai2.jsp の中の16行目でエラーが発生しました
Syntax error on token "file", VariableDeclaratorId expected after this token
13:     out.println(e);
14: }
15: 
16: <%@include file="../../footer.html" %>


JSPファイル: /kadai/chap8/mondai2.jsp の中の16行目でエラーが発生しました
Syntax error, insert ";" to complete LocalVariableDeclarationStatement
13:     out.println(e);
14: }
15: 
16: <%@include file="../../footer.html" %>


Stacktrace:] with root cause
 org.apache.jasper.JasperException: JSPのクラスをコンパイルできません: 

JSPファイル: /kadai/chap8/mondai2.jsp の中の6行目でエラーが発生しました
Syntax error on tokens, Expression expected instead
3: <%@page errorPage="mondai2-error.jsp" %>
4: <% request.setCharacterEncoding("UTF-8"); %>
5: <% try{
6:     <p>こんにちは、<%= request.getParameter("user") %>さん</p>
7:     <p>10年後は<%= Integer.parseInt(request.getParameter("age")) + 10 %>歳ですね!</p>
8: %>
9: <% }catch(e){


JSPファイル: /kadai/chap8/mondai2.jsp の中の6行目でエラーが発生しました
Syntax error, insert ";" to complete BlockStatements
3: <%@page errorPage="mondai2-error.jsp" %>
4: <% request.setCharacterEncoding("UTF-8"); %>
5: <% try{
6:     <p>こんにちは、<%= request.getParameter("user") %>さん</p>
7:     <p>10年後は<%= Integer.parseInt(request.getParameter("age")) + 10 %>歳ですね!</p>
8: %>
9: <% }catch(e){


JSPファイル: /kadai/chap8/mondai2.jsp の中の9行目でエラーが発生しました
Syntax error, insert "VariableDeclaratorId" to complete FormalParameter
6:     <p>こんにちは、<%= request.getParameter("user") %>さん</p>
7:     <p>10年後は<%= Integer.parseInt(request.getParameter("age")) + 10 %>歳ですね!</p>
8: %>
9: <% }catch(e){
10:     out.println("<p>年齢の欄には、数値の入力をお願いします。</p>");
11: 
12:     out.println("<p>以下エラー内容です。</p>");


JSPファイル: /kadai/chap8/mondai2.jsp の中の16行目でエラーが発生しました
Syntax error on tokens, delete these tokens
13:     out.println(e);
14: }
15: 
16: <%@include file="../../footer.html" %>


JSPファイル: /kadai/chap8/mondai2.jsp の中の16行目でエラーが発生しました
Syntax error on token "file", VariableDeclaratorId expected after this token
13:     out.println(e);
14: }
15: 
16: <%@include file="../../footer.html" %>


JSPファイル: /kadai/chap8/mondai2.jsp の中の16行目でエラーが発生しました
Syntax error, insert ";" to complete LocalVariableDeclarationStatement
13:     out.println(e);
14: }
15: 
16: <%@include file="../../footer.html" %>


Stacktrace:
	at org.apache.jasper.compiler.DefaultErrorHandler.javacError(DefaultErrorHandler.java:102)
	at org.apache.jasper.compiler.ErrorDispatcher.javacError(ErrorDispatcher.java:212)
	at org.apache.jasper.compiler.JDTCompiler.generateClass(JDTCompiler.java:457)
	at org.apache.jasper.compiler.Compiler.compile(Compiler.java:377)
	at org.apache.jasper.compiler.Compiler.compile(Compiler.java:349)
	at org.apache.jasper.compiler.Compiler.compile(Compiler.java:333)
	at org.apache.jasper.JspCompilationContext.compile(JspCompilationContext.java:600)
	at org.apache.jasper.servlet.JspServletWrapper.service(JspServletWrapper.java:368)
	at org.apache.jasper.servlet.JspServlet.serviceJspFile(JspServlet.java:385)
	at org.apache.jasper.servlet.JspServlet.service(JspServlet.java:329)
	at javax.servlet.http.HttpServlet.service(HttpServlet.java:729)
	at org.apache.catalina.core.ApplicationFilterChain.internalDoFilter(ApplicationFilterChain.java:230)
	at org.apache.catalina.core.ApplicationFilterChain.doFilter(ApplicationFilterChain.java:165)
	at org.apache.tomcat.websocket.server.WsFilter.doFilter(WsFilter.java:52)
	at org.apache.catalina.core.ApplicationFilterChain.internalDoFilter(ApplicationFilterChain.java:192)
	at org.apache.catalina.core.ApplicationFilterChain.doFilter(ApplicationFilterChain.java:165)
	at tool.EncodingFilter.doFilter(EncodingFilter.java:22)
	at org.apache.catalina.core.ApplicationFilterChain.internalDoFilter(ApplicationFilterChain.java:192)
	at org.apache.catalina.core.ApplicationFilterChain.doFilter(ApplicationFilterChain.java:165)
	at org.apache.catalina.core.StandardWrapperValve.invoke(StandardWrapperValve.java:198)
	at org.apache.catalina.core.StandardContextValve.invoke(StandardContextValve.java:96)
	at org.apache.catalina.authenticator.AuthenticatorBase.invoke(AuthenticatorBase.java:474)
	at org.apache.catalina.core.StandardHostValve.invoke(StandardHostValve.java:140)
	at org.apache.catalina.valves.ErrorReportValve.invoke(ErrorReportValve.java:79)
	at org.apache.catalina.valves.AbstractAccessLogValve.invoke(AbstractAccessLogValve.java:624)
	at org.apache.catalina.core.StandardEngineValve.invoke(StandardEngineValve.java:87)
	at org.apache.catalina.connector.CoyoteAdapter.service(CoyoteAdapter.java:349)
	at org.apache.coyote.http11.Http11Processor.service(Http11Processor.java:783)
	at org.apache.coyote.AbstractProcessorLight.process(AbstractProcessorLight.java:66)
	at org.apache.coyote.AbstractProtocol$ConnectionHandler.process(AbstractProtocol.java:798)
	at org.apache.tomcat.util.net.NioEndpoint$SocketProcessor.doRun(NioEndpoint.java:1434)
	at org.apache.tomcat.util.net.SocketProcessorBase.run(SocketProcessorBase.java:49)
	at java.util.concurrent.ThreadPoolExecutor.runWorker(ThreadPoolExecutor.java:1142)
	at java.util.concurrent.ThreadPoolExecutor$Worker.run(ThreadPoolExecutor.java:617)
	at org.apache.tomcat.util.threads.TaskThread$WrappingRunnable.run(TaskThread.java:61)
	at java.lang.Thread.run(Thread.java:745)

17-Apr-2024 14:14:27.569 重大 [http-nio-8080-exec-5] org.apache.catalina.core.StandardWrapperValve.invoke Servlet.service() for servlet [jsp] in context with path [/book] threw exception [JSPのクラスをコンパイルできません: 

JSPファイル: /kadai/chap8/mondai2.jsp の中の6行目でエラーが発生しました
Syntax error on tokens, Expression expected instead
3: 
4: <% request.setCharacterEncoding("UTF-8"); %>
5: <% try{
6:     <p>こんにちは、<%= request.getParameter("user") %>さん</p>
7:     <p>10年後は<%= Integer.parseInt(request.getParameter("age")) + 10 %>歳ですね!</p>
8: %>
9: <% }catch(e){


JSPファイル: /kadai/chap8/mondai2.jsp の中の6行目でエラーが発生しました
Syntax error, insert ";" to complete BlockStatements
3: 
4: <% request.setCharacterEncoding("UTF-8"); %>
5: <% try{
6:     <p>こんにちは、<%= request.getParameter("user") %>さん</p>
7:     <p>10年後は<%= Integer.parseInt(request.getParameter("age")) + 10 %>歳ですね!</p>
8: %>
9: <% }catch(e){


JSPファイル: /kadai/chap8/mondai2.jsp の中の9行目でエラーが発生しました
Syntax error, insert "VariableDeclaratorId" to complete FormalParameter
6:     <p>こんにちは、<%= request.getParameter("user") %>さん</p>
7:     <p>10年後は<%= Integer.parseInt(request.getParameter("age")) + 10 %>歳ですね!</p>
8: %>
9: <% }catch(e){
10:     out.println("<p>年齢の欄には、数値の入力をお願いします。</p>");
11: 
12:     out.println("<p>以下エラー内容です。</p>");


JSPファイル: /kadai/chap8/mondai2.jsp の中の16行目でエラーが発生しました
Syntax error on tokens, delete these tokens
13:     out.println(e);
14: }
15: 
16: <%@include file="../../footer.html" %>


JSPファイル: /kadai/chap8/mondai2.jsp の中の16行目でエラーが発生しました
Syntax error on token "file", VariableDeclaratorId expected after this token
13:     out.println(e);
14: }
15: 
16: <%@include file="../../footer.html" %>


JSPファイル: /kadai/chap8/mondai2.jsp の中の16行目でエラーが発生しました
Syntax error, insert ";" to complete LocalVariableDeclarationStatement
13:     out.println(e);
14: }
15: 
16: <%@include file="../../footer.html" %>


Stacktrace:] with root cause
 org.apache.jasper.JasperException: JSPのクラスをコンパイルできません: 

JSPファイル: /kadai/chap8/mondai2.jsp の中の6行目でエラーが発生しました
Syntax error on tokens, Expression expected instead
3: 
4: <% request.setCharacterEncoding("UTF-8"); %>
5: <% try{
6:     <p>こんにちは、<%= request.getParameter("user") %>さん</p>
7:     <p>10年後は<%= Integer.parseInt(request.getParameter("age")) + 10 %>歳ですね!</p>
8: %>
9: <% }catch(e){


JSPファイル: /kadai/chap8/mondai2.jsp の中の6行目でエラーが発生しました
Syntax error, insert ";" to complete BlockStatements
3: 
4: <% request.setCharacterEncoding("UTF-8"); %>
5: <% try{
6:     <p>こんにちは、<%= request.getParameter("user") %>さん</p>
7:     <p>10年後は<%= Integer.parseInt(request.getParameter("age")) + 10 %>歳ですね!</p>
8: %>
9: <% }catch(e){


JSPファイル: /kadai/chap8/mondai2.jsp の中の9行目でエラーが発生しました
Syntax error, insert "VariableDeclaratorId" to complete FormalParameter
6:     <p>こんにちは、<%= request.getParameter("user") %>さん</p>
7:     <p>10年後は<%= Integer.parseInt(request.getParameter("age")) + 10 %>歳ですね!</p>
8: %>
9: <% }catch(e){
10:     out.println("<p>年齢の欄には、数値の入力をお願いします。</p>");
11: 
12:     out.println("<p>以下エラー内容です。</p>");


JSPファイル: /kadai/chap8/mondai2.jsp の中の16行目でエラーが発生しました
Syntax error on tokens, delete these tokens
13:     out.println(e);
14: }
15: 
16: <%@include file="../../footer.html" %>


JSPファイル: /kadai/chap8/mondai2.jsp の中の16行目でエラーが発生しました
Syntax error on token "file", VariableDeclaratorId expected after this token
13:     out.println(e);
14: }
15: 
16: <%@include file="../../footer.html" %>


JSPファイル: /kadai/chap8/mondai2.jsp の中の16行目でエラーが発生しました
Syntax error, insert ";" to complete LocalVariableDeclarationStatement
13:     out.println(e);
14: }
15: 
16: <%@include file="../../footer.html" %>


Stacktrace:
	at org.apache.jasper.compiler.DefaultErrorHandler.javacError(DefaultErrorHandler.java:102)
	at org.apache.jasper.compiler.ErrorDispatcher.javacError(ErrorDispatcher.java:212)
	at org.apache.jasper.compiler.JDTCompiler.generateClass(JDTCompiler.java:457)
	at org.apache.jasper.compiler.Compiler.compile(Compiler.java:377)
	at org.apache.jasper.compiler.Compiler.compile(Compiler.java:349)
	at org.apache.jasper.compiler.Compiler.compile(Compiler.java:333)
	at org.apache.jasper.JspCompilationContext.compile(JspCompilationContext.java:600)
	at org.apache.jasper.servlet.JspServletWrapper.service(JspServletWrapper.java:368)
	at org.apache.jasper.servlet.JspServlet.serviceJspFile(JspServlet.java:385)
	at org.apache.jasper.servlet.JspServlet.service(JspServlet.java:329)
	at javax.servlet.http.HttpServlet.service(HttpServlet.java:729)
	at org.apache.catalina.core.ApplicationFilterChain.internalDoFilter(ApplicationFilterChain.java:230)
	at org.apache.catalina.core.ApplicationFilterChain.doFilter(ApplicationFilterChain.java:165)
	at org.apache.tomcat.websocket.server.WsFilter.doFilter(WsFilter.java:52)
	at org.apache.catalina.core.ApplicationFilterChain.internalDoFilter(ApplicationFilterChain.java:192)
	at org.apache.catalina.core.ApplicationFilterChain.doFilter(ApplicationFilterChain.java:165)
	at tool.EncodingFilter.doFilter(EncodingFilter.java:22)
	at org.apache.catalina.core.ApplicationFilterChain.internalDoFilter(ApplicationFilterChain.java:192)
	at org.apache.catalina.core.ApplicationFilterChain.doFilter(ApplicationFilterChain.java:165)
	at org.apache.catalina.core.StandardWrapperValve.invoke(StandardWrapperValve.java:198)
	at org.apache.catalina.core.StandardContextValve.invoke(StandardContextValve.java:96)
	at org.apache.catalina.authenticator.AuthenticatorBase.invoke(AuthenticatorBase.java:474)
	at org.apache.catalina.core.StandardHostValve.invoke(StandardHostValve.java:140)
	at org.apache.catalina.valves.ErrorReportValve.invoke(ErrorReportValve.java:79)
	at org.apache.catalina.valves.AbstractAccessLogValve.invoke(AbstractAccessLogValve.java:624)
	at org.apache.catalina.core.StandardEngineValve.invoke(StandardEngineValve.java:87)
	at org.apache.catalina.connector.CoyoteAdapter.service(CoyoteAdapter.java:349)
	at org.apache.coyote.http11.Http11Processor.service(Http11Processor.java:783)
	at org.apache.coyote.AbstractProcessorLight.process(AbstractProcessorLight.java:66)
	at org.apache.coyote.AbstractProtocol$ConnectionHandler.process(AbstractProtocol.java:798)
	at org.apache.tomcat.util.net.NioEndpoint$SocketProcessor.doRun(NioEndpoint.java:1434)
	at org.apache.tomcat.util.net.SocketProcessorBase.run(SocketProcessorBase.java:49)
	at java.util.concurrent.ThreadPoolExecutor.runWorker(ThreadPoolExecutor.java:1142)
	at java.util.concurrent.ThreadPoolExecutor$Worker.run(ThreadPoolExecutor.java:617)
	at org.apache.tomcat.util.threads.TaskThread$WrappingRunnable.run(TaskThread.java:61)
	at java.lang.Thread.run(Thread.java:745)

17-Apr-2024 14:14:59.084 重大 [http-nio-8080-exec-9] org.apache.catalina.core.StandardWrapperValve.invoke Servlet.service() for servlet [jsp] in context with path [/book] threw exception [JSPのクラスをコンパイルできません: 

JSPファイル: /kadai/chap8/mondai2.jsp の中の6行目でエラーが発生しました
Syntax error on tokens, Expression expected instead
3: 
4: <% request.setCharacterEncoding("UTF-8"); %>
5: <% try{
6:     <p>こんにちは、<%= request.getParameter("user") %>さん</p>
7:     <p>10年後は<%= Integer.parseInt(request.getParameter("age")) + 10 %>歳ですね!</p>
8: %>
9: <% }catch(e){


JSPファイル: /kadai/chap8/mondai2.jsp の中の6行目でエラーが発生しました
Syntax error, insert ";" to complete BlockStatements
3: 
4: <% request.setCharacterEncoding("UTF-8"); %>
5: <% try{
6:     <p>こんにちは、<%= request.getParameter("user") %>さん</p>
7:     <p>10年後は<%= Integer.parseInt(request.getParameter("age")) + 10 %>歳ですね!</p>
8: %>
9: <% }catch(e){


JSPファイル: /kadai/chap8/mondai2.jsp の中の9行目でエラーが発生しました
Syntax error, insert "VariableDeclaratorId" to complete FormalParameter
6:     <p>こんにちは、<%= request.getParameter("user") %>さん</p>
7:     <p>10年後は<%= Integer.parseInt(request.getParameter("age")) + 10 %>歳ですね!</p>
8: %>
9: <% }catch(e){
10:     out.println("<p>年齢の欄には、数値の入力をお願いします。</p>");
11: 
12:     out.println("<p>以下エラー内容です。</p>");


JSPファイル: /kadai/chap8/mondai2.jsp の中の13行目でエラーが発生しました
Syntax error on token "e", delete this token
10:     out.println("<p>年齢の欄には、数値の入力をお願いします。</p>");
11: 
12:     out.println("<p>以下エラー内容です。</p>");
13:     out.println(Exception e);
14: }
15: 
16: <%@include file="../../footer.html" %>


JSPファイル: /kadai/chap8/mondai2.jsp の中の16行目でエラーが発生しました
Syntax error on tokens, delete these tokens
13:     out.println(Exception e);
14: }
15: 
16: <%@include file="../../footer.html" %>


JSPファイル: /kadai/chap8/mondai2.jsp の中の16行目でエラーが発生しました
Syntax error on token "file", VariableDeclaratorId expected after this token
13:     out.println(Exception e);
14: }
15: 
16: <%@include file="../../footer.html" %>


JSPファイル: /kadai/chap8/mondai2.jsp の中の16行目でエラーが発生しました
Syntax error, insert ";" to complete LocalVariableDeclarationStatement
13:     out.println(Exception e);
14: }
15: 
16: <%@include file="../../footer.html" %>


Stacktrace:] with root cause
 org.apache.jasper.JasperException: JSPのクラスをコンパイルできません: 

JSPファイル: /kadai/chap8/mondai2.jsp の中の6行目でエラーが発生しました
Syntax error on tokens, Expression expected instead
3: 
4: <% request.setCharacterEncoding("UTF-8"); %>
5: <% try{
6:     <p>こんにちは、<%= request.getParameter("user") %>さん</p>
7:     <p>10年後は<%= Integer.parseInt(request.getParameter("age")) + 10 %>歳ですね!</p>
8: %>
9: <% }catch(e){


JSPファイル: /kadai/chap8/mondai2.jsp の中の6行目でエラーが発生しました
Syntax error, insert ";" to complete BlockStatements
3: 
4: <% request.setCharacterEncoding("UTF-8"); %>
5: <% try{
6:     <p>こんにちは、<%= request.getParameter("user") %>さん</p>
7:     <p>10年後は<%= Integer.parseInt(request.getParameter("age")) + 10 %>歳ですね!</p>
8: %>
9: <% }catch(e){


JSPファイル: /kadai/chap8/mondai2.jsp の中の9行目でエラーが発生しました
Syntax error, insert "VariableDeclaratorId" to complete FormalParameter
6:     <p>こんにちは、<%= request.getParameter("user") %>さん</p>
7:     <p>10年後は<%= Integer.parseInt(request.getParameter("age")) + 10 %>歳ですね!</p>
8: %>
9: <% }catch(e){
10:     out.println("<p>年齢の欄には、数値の入力をお願いします。</p>");
11: 
12:     out.println("<p>以下エラー内容です。</p>");


JSPファイル: /kadai/chap8/mondai2.jsp の中の13行目でエラーが発生しました
Syntax error on token "e", delete this token
10:     out.println("<p>年齢の欄には、数値の入力をお願いします。</p>");
11: 
12:     out.println("<p>以下エラー内容です。</p>");
13:     out.println(Exception e);
14: }
15: 
16: <%@include file="../../footer.html" %>


JSPファイル: /kadai/chap8/mondai2.jsp の中の16行目でエラーが発生しました
Syntax error on tokens, delete these tokens
13:     out.println(Exception e);
14: }
15: 
16: <%@include file="../../footer.html" %>


JSPファイル: /kadai/chap8/mondai2.jsp の中の16行目でエラーが発生しました
Syntax error on token "file", VariableDeclaratorId expected after this token
13:     out.println(Exception e);
14: }
15: 
16: <%@include file="../../footer.html" %>


JSPファイル: /kadai/chap8/mondai2.jsp の中の16行目でエラーが発生しました
Syntax error, insert ";" to complete LocalVariableDeclarationStatement
13:     out.println(Exception e);
14: }
15: 
16: <%@include file="../../footer.html" %>


Stacktrace:
	at org.apache.jasper.compiler.DefaultErrorHandler.javacError(DefaultErrorHandler.java:102)
	at org.apache.jasper.compiler.ErrorDispatcher.javacError(ErrorDispatcher.java:212)
	at org.apache.jasper.compiler.JDTCompiler.generateClass(JDTCompiler.java:457)
	at org.apache.jasper.compiler.Compiler.compile(Compiler.java:377)
	at org.apache.jasper.compiler.Compiler.compile(Compiler.java:349)
	at org.apache.jasper.compiler.Compiler.compile(Compiler.java:333)
	at org.apache.jasper.JspCompilationContext.compile(JspCompilationContext.java:600)
	at org.apache.jasper.servlet.JspServletWrapper.service(JspServletWrapper.java:368)
	at org.apache.jasper.servlet.JspServlet.serviceJspFile(JspServlet.java:385)
	at org.apache.jasper.servlet.JspServlet.service(JspServlet.java:329)
	at javax.servlet.http.HttpServlet.service(HttpServlet.java:729)
	at org.apache.catalina.core.ApplicationFilterChain.internalDoFilter(ApplicationFilterChain.java:230)
	at org.apache.catalina.core.ApplicationFilterChain.doFilter(ApplicationFilterChain.java:165)
	at org.apache.tomcat.websocket.server.WsFilter.doFilter(WsFilter.java:52)
	at org.apache.catalina.core.ApplicationFilterChain.internalDoFilter(ApplicationFilterChain.java:192)
	at org.apache.catalina.core.ApplicationFilterChain.doFilter(ApplicationFilterChain.java:165)
	at tool.EncodingFilter.doFilter(EncodingFilter.java:22)
	at org.apache.catalina.core.ApplicationFilterChain.internalDoFilter(ApplicationFilterChain.java:192)
	at org.apache.catalina.core.ApplicationFilterChain.doFilter(ApplicationFilterChain.java:165)
	at org.apache.catalina.core.StandardWrapperValve.invoke(StandardWrapperValve.java:198)
	at org.apache.catalina.core.StandardContextValve.invoke(StandardContextValve.java:96)
	at org.apache.catalina.authenticator.AuthenticatorBase.invoke(AuthenticatorBase.java:474)
	at org.apache.catalina.core.StandardHostValve.invoke(StandardHostValve.java:140)
	at org.apache.catalina.valves.ErrorReportValve.invoke(ErrorReportValve.java:79)
	at org.apache.catalina.valves.AbstractAccessLogValve.invoke(AbstractAccessLogValve.java:624)
	at org.apache.catalina.core.StandardEngineValve.invoke(StandardEngineValve.java:87)
	at org.apache.catalina.connector.CoyoteAdapter.service(CoyoteAdapter.java:349)
	at org.apache.coyote.http11.Http11Processor.service(Http11Processor.java:783)
	at org.apache.coyote.AbstractProcessorLight.process(AbstractProcessorLight.java:66)
	at org.apache.coyote.AbstractProtocol$ConnectionHandler.process(AbstractProtocol.java:798)
	at org.apache.tomcat.util.net.NioEndpoint$SocketProcessor.doRun(NioEndpoint.java:1434)
	at org.apache.tomcat.util.net.SocketProcessorBase.run(SocketProcessorBase.java:49)
	at java.util.concurrent.ThreadPoolExecutor.runWorker(ThreadPoolExecutor.java:1142)
	at java.util.concurrent.ThreadPoolExecutor$Worker.run(ThreadPoolExecutor.java:617)
	at org.apache.tomcat.util.threads.TaskThread$WrappingRunnable.run(TaskThread.java:61)
	at java.lang.Thread.run(Thread.java:745)

17-Apr-2024 14:15:51.649 重大 [http-nio-8080-exec-3] org.apache.catalina.core.StandardWrapperValve.invoke Servlet.service() for servlet [jsp] in context with path [/book] threw exception [JSPのクラスをコンパイルできません: 

JSPファイル: /kadai/chap8/mondai2.jsp の中の6行目でエラーが発生しました
Syntax error on token(s), misplaced construct(s)
3: 
4: <% request.setCharacterEncoding("UTF-8"); %>
5: <% try{
6:     out.println("<p>こんにちは、<%= request.getParameter("user") %>さん</p>");
7:     out.println("<p>10年後は<%= Integer.parseInt(request.getParameter("age")) + 10 %>歳ですね!</p>");
8: %>
9: <% }catch(e){


JSPファイル: /kadai/chap8/mondai2.jsp の中の6行目でエラーが発生しました
String literal is not properly closed by a double-quote
3: 
4: <% request.setCharacterEncoding("UTF-8"); %>
5: <% try{
6:     out.println("<p>こんにちは、<%= request.getParameter("user") %>さん</p>");
7:     out.println("<p>10年後は<%= Integer.parseInt(request.getParameter("age")) + 10 %>歳ですね!</p>");
8: %>
9: <% }catch(e){


JSPファイル: /kadai/chap8/mondai2.jsp の中の6行目でエラーが発生しました
String literal is not properly closed by a double-quote
3: 
4: <% request.setCharacterEncoding("UTF-8"); %>
5: <% try{
6:     out.println("<p>こんにちは、<%= request.getParameter("user") %>さん</p>");
7:     out.println("<p>10年後は<%= Integer.parseInt(request.getParameter("age")) + 10 %>歳ですね!</p>");
8: %>
9: <% }catch(e){


JSPファイル: /kadai/chap8/mondai2.jsp の中の6行目でエラーが発生しました
Syntax error on token ".", ; expected
3: 
4: <% request.setCharacterEncoding("UTF-8"); %>
5: <% try{
6:     out.println("<p>こんにちは、<%= request.getParameter("user") %>さん</p>");
7:     out.println("<p>10年後は<%= Integer.parseInt(request.getParameter("age")) + 10 %>歳ですね!</p>");
8: %>
9: <% }catch(e){


JSPファイル: /kadai/chap8/mondai2.jsp の中の7行目でエラーが発生しました
Syntax error, insert "VariableDeclaratorId" to complete FormalParameter
4: <% request.setCharacterEncoding("UTF-8"); %>
5: <% try{
6:     out.println("<p>こんにちは、<%= request.getParameter("user") %>さん</p>");
7:     out.println("<p>10年後は<%= Integer.parseInt(request.getParameter("age")) + 10 %>歳ですね!</p>");
8: %>
9: <% }catch(e){
10:     out.println("<p>年齢の欄には、数値の入力をお願いします。</p>");


JSPファイル: /kadai/chap8/mondai2.jsp の中の12行目でエラーが発生しました
Syntax error on token "e", delete this token
9: <% }catch(e){
10:     out.println("<p>年齢の欄には、数値の入力をお願いします。</p>");
11: 
12:     out.println("<p>以下エラー内容です。</p>");
13:     out.println(Exception e);
14: }
15: 


JSPファイル: /kadai/chap8/mondai2.jsp の中の15行目でエラーが発生しました
Syntax error on tokens, delete these tokens
12:     out.println("<p>以下エラー内容です。</p>");
13:     out.println(Exception e);
14: }
15: 
16: <%@include file="../../footer.html" %>


JSPファイル: /kadai/chap8/mondai2.jsp の中の15行目でエラーが発生しました
Syntax error on token "file", VariableDeclaratorId expected after this token
12:     out.println("<p>以下エラー内容です。</p>");
13:     out.println(Exception e);
14: }
15: 
16: <%@include file="../../footer.html" %>


JSPファイル: /kadai/chap8/mondai2.jsp の中の15行目でエラーが発生しました
Syntax error, insert ";" to complete LocalVariableDeclarationStatement
12:     out.println("<p>以下エラー内容です。</p>");
13:     out.println(Exception e);
14: }
15: 
16: <%@include file="../../footer.html" %>


Stacktrace:] with root cause
 org.apache.jasper.JasperException: JSPのクラスをコンパイルできません: 

JSPファイル: /kadai/chap8/mondai2.jsp の中の6行目でエラーが発生しました
Syntax error on token(s), misplaced construct(s)
3: 
4: <% request.setCharacterEncoding("UTF-8"); %>
5: <% try{
6:     out.println("<p>こんにちは、<%= request.getParameter("user") %>さん</p>");
7:     out.println("<p>10年後は<%= Integer.parseInt(request.getParameter("age")) + 10 %>歳ですね!</p>");
8: %>
9: <% }catch(e){


JSPファイル: /kadai/chap8/mondai2.jsp の中の6行目でエラーが発生しました
String literal is not properly closed by a double-quote
3: 
4: <% request.setCharacterEncoding("UTF-8"); %>
5: <% try{
6:     out.println("<p>こんにちは、<%= request.getParameter("user") %>さん</p>");
7:     out.println("<p>10年後は<%= Integer.parseInt(request.getParameter("age")) + 10 %>歳ですね!</p>");
8: %>
9: <% }catch(e){


JSPファイル: /kadai/chap8/mondai2.jsp の中の6行目でエラーが発生しました
String literal is not properly closed by a double-quote
3: 
4: <% request.setCharacterEncoding("UTF-8"); %>
5: <% try{
6:     out.println("<p>こんにちは、<%= request.getParameter("user") %>さん</p>");
7:     out.println("<p>10年後は<%= Integer.parseInt(request.getParameter("age")) + 10 %>歳ですね!</p>");
8: %>
9: <% }catch(e){


JSPファイル: /kadai/chap8/mondai2.jsp の中の6行目でエラーが発生しました
Syntax error on token ".", ; expected
3: 
4: <% request.setCharacterEncoding("UTF-8"); %>
5: <% try{
6:     out.println("<p>こんにちは、<%= request.getParameter("user") %>さん</p>");
7:     out.println("<p>10年後は<%= Integer.parseInt(request.getParameter("age")) + 10 %>歳ですね!</p>");
8: %>
9: <% }catch(e){


JSPファイル: /kadai/chap8/mondai2.jsp の中の7行目でエラーが発生しました
Syntax error, insert "VariableDeclaratorId" to complete FormalParameter
4: <% request.setCharacterEncoding("UTF-8"); %>
5: <% try{
6:     out.println("<p>こんにちは、<%= request.getParameter("user") %>さん</p>");
7:     out.println("<p>10年後は<%= Integer.parseInt(request.getParameter("age")) + 10 %>歳ですね!</p>");
8: %>
9: <% }catch(e){
10:     out.println("<p>年齢の欄には、数値の入力をお願いします。</p>");


JSPファイル: /kadai/chap8/mondai2.jsp の中の12行目でエラーが発生しました
Syntax error on token "e", delete this token
9: <% }catch(e){
10:     out.println("<p>年齢の欄には、数値の入力をお願いします。</p>");
11: 
12:     out.println("<p>以下エラー内容です。</p>");
13:     out.println(Exception e);
14: }
15: 


JSPファイル: /kadai/chap8/mondai2.jsp の中の15行目でエラーが発生しました
Syntax error on tokens, delete these tokens
12:     out.println("<p>以下エラー内容です。</p>");
13:     out.println(Exception e);
14: }
15: 
16: <%@include file="../../footer.html" %>


JSPファイル: /kadai/chap8/mondai2.jsp の中の15行目でエラーが発生しました
Syntax error on token "file", VariableDeclaratorId expected after this token
12:     out.println("<p>以下エラー内容です。</p>");
13:     out.println(Exception e);
14: }
15: 
16: <%@include file="../../footer.html" %>


JSPファイル: /kadai/chap8/mondai2.jsp の中の15行目でエラーが発生しました
Syntax error, insert ";" to complete LocalVariableDeclarationStatement
12:     out.println("<p>以下エラー内容です。</p>");
13:     out.println(Exception e);
14: }
15: 
16: <%@include file="../../footer.html" %>


Stacktrace:
	at org.apache.jasper.compiler.DefaultErrorHandler.javacError(DefaultErrorHandler.java:102)
	at org.apache.jasper.compiler.ErrorDispatcher.javacError(ErrorDispatcher.java:212)
	at org.apache.jasper.compiler.JDTCompiler.generateClass(JDTCompiler.java:457)
	at org.apache.jasper.compiler.Compiler.compile(Compiler.java:377)
	at org.apache.jasper.compiler.Compiler.compile(Compiler.java:349)
	at org.apache.jasper.compiler.Compiler.compile(Compiler.java:333)
	at org.apache.jasper.JspCompilationContext.compile(JspCompilationContext.java:600)
	at org.apache.jasper.servlet.JspServletWrapper.service(JspServletWrapper.java:368)
	at org.apache.jasper.servlet.JspServlet.serviceJspFile(JspServlet.java:385)
	at org.apache.jasper.servlet.JspServlet.service(JspServlet.java:329)
	at javax.servlet.http.HttpServlet.service(HttpServlet.java:729)
	at org.apache.catalina.core.ApplicationFilterChain.internalDoFilter(ApplicationFilterChain.java:230)
	at org.apache.catalina.core.ApplicationFilterChain.doFilter(ApplicationFilterChain.java:165)
	at org.apache.tomcat.websocket.server.WsFilter.doFilter(WsFilter.java:52)
	at org.apache.catalina.core.ApplicationFilterChain.internalDoFilter(ApplicationFilterChain.java:192)
	at org.apache.catalina.core.ApplicationFilterChain.doFilter(ApplicationFilterChain.java:165)
	at tool.EncodingFilter.doFilter(EncodingFilter.java:22)
	at org.apache.catalina.core.ApplicationFilterChain.internalDoFilter(ApplicationFilterChain.java:192)
	at org.apache.catalina.core.ApplicationFilterChain.doFilter(ApplicationFilterChain.java:165)
	at org.apache.catalina.core.StandardWrapperValve.invoke(StandardWrapperValve.java:198)
	at org.apache.catalina.core.StandardContextValve.invoke(StandardContextValve.java:96)
	at org.apache.catalina.authenticator.AuthenticatorBase.invoke(AuthenticatorBase.java:474)
	at org.apache.catalina.core.StandardHostValve.invoke(StandardHostValve.java:140)
	at org.apache.catalina.valves.ErrorReportValve.invoke(ErrorReportValve.java:79)
	at org.apache.catalina.valves.AbstractAccessLogValve.invoke(AbstractAccessLogValve.java:624)
	at org.apache.catalina.core.StandardEngineValve.invoke(StandardEngineValve.java:87)
	at org.apache.catalina.connector.CoyoteAdapter.service(CoyoteAdapter.java:349)
	at org.apache.coyote.http11.Http11Processor.service(Http11Processor.java:783)
	at org.apache.coyote.AbstractProcessorLight.process(AbstractProcessorLight.java:66)
	at org.apache.coyote.AbstractProtocol$ConnectionHandler.process(AbstractProtocol.java:798)
	at org.apache.tomcat.util.net.NioEndpoint$SocketProcessor.doRun(NioEndpoint.java:1434)
	at org.apache.tomcat.util.net.SocketProcessorBase.run(SocketProcessorBase.java:49)
	at java.util.concurrent.ThreadPoolExecutor.runWorker(ThreadPoolExecutor.java:1142)
	at java.util.concurrent.ThreadPoolExecutor$Worker.run(ThreadPoolExecutor.java:617)
	at org.apache.tomcat.util.threads.TaskThread$WrappingRunnable.run(TaskThread.java:61)
	at java.lang.Thread.run(Thread.java:745)

17-Apr-2024 14:16:56.137 重大 [http-nio-8080-exec-7] org.apache.catalina.core.StandardWrapperValve.invoke Servlet.service() for servlet [jsp] in context with path [/book] threw exception [JSPのクラスをコンパイルできません: 

JSPファイル: /kadai/chap8/mondai2.jsp の中の6行目でエラーが発生しました
Syntax error on token(s), misplaced construct(s)
3: 
4: <% request.setCharacterEncoding("UTF-8"); %>
5: <% try{
6:     out.println("<p>こんにちは、<%= request.getParameter("user") %>さん</p>");
7:     out.println("<p>10年後は<%= Integer.parseInt(request.getParameter("age")) + 10 %>歳ですね!</p>");
8: }%>
9: <% catch(Exception e){


JSPファイル: /kadai/chap8/mondai2.jsp の中の6行目でエラーが発生しました
String literal is not properly closed by a double-quote
3: 
4: <% request.setCharacterEncoding("UTF-8"); %>
5: <% try{
6:     out.println("<p>こんにちは、<%= request.getParameter("user") %>さん</p>");
7:     out.println("<p>10年後は<%= Integer.parseInt(request.getParameter("age")) + 10 %>歳ですね!</p>");
8: }%>
9: <% catch(Exception e){


JSPファイル: /kadai/chap8/mondai2.jsp の中の6行目でエラーが発生しました
String literal is not properly closed by a double-quote
3: 
4: <% request.setCharacterEncoding("UTF-8"); %>
5: <% try{
6:     out.println("<p>こんにちは、<%= request.getParameter("user") %>さん</p>");
7:     out.println("<p>10年後は<%= Integer.parseInt(request.getParameter("age")) + 10 %>歳ですね!</p>");
8: }%>
9: <% catch(Exception e){


JSPファイル: /kadai/chap8/mondai2.jsp の中の6行目でエラーが発生しました
String literal is not properly closed by a double-quote
3: 
4: <% request.setCharacterEncoding("UTF-8"); %>
5: <% try{
6:     out.println("<p>こんにちは、<%= request.getParameter("user") %>さん</p>");
7:     out.println("<p>10年後は<%= Integer.parseInt(request.getParameter("age")) + 10 %>歳ですね!</p>");
8: }%>
9: <% catch(Exception e){


JSPファイル: /kadai/chap8/mondai2.jsp の中の6行目でエラーが発生しました
Syntax error on token ".", ; expected
3: 
4: <% request.setCharacterEncoding("UTF-8"); %>
5: <% try{
6:     out.println("<p>こんにちは、<%= request.getParameter("user") %>さん</p>");
7:     out.println("<p>10年後は<%= Integer.parseInt(request.getParameter("age")) + 10 %>歳ですね!</p>");
8: }%>
9: <% catch(Exception e){


JSPファイル: /kadai/chap8/mondai2.jsp の中の7行目でエラーが発生しました
Syntax error, insert "}" to complete Block
4: <% request.setCharacterEncoding("UTF-8"); %>
5: <% try{
6:     out.println("<p>こんにちは、<%= request.getParameter("user") %>さん</p>");
7:     out.println("<p>10年後は<%= Integer.parseInt(request.getParameter("age")) + 10 %>歳ですね!</p>");
8: }%>
9: <% catch(Exception e){
10:     out.println("<p>年齢の欄には、数値の入力をお願いします。</p>");


JSPファイル: /kadai/chap8/mondai2.jsp の中の15行目でエラーが発生しました
Syntax error on tokens, delete these tokens
12:     out.println("<p>以下エラー内容です。</p>");
13:     out.println(e);
14: }
15: 
16: <%@include file="../../footer.html" %>


JSPファイル: /kadai/chap8/mondai2.jsp の中の15行目でエラーが発生しました
Syntax error on token "file", VariableDeclaratorId expected after this token
12:     out.println("<p>以下エラー内容です。</p>");
13:     out.println(e);
14: }
15: 
16: <%@include file="../../footer.html" %>


JSPファイル: /kadai/chap8/mondai2.jsp の中の15行目でエラーが発生しました
Syntax error, insert ";" to complete LocalVariableDeclarationStatement
12:     out.println("<p>以下エラー内容です。</p>");
13:     out.println(e);
14: }
15: 
16: <%@include file="../../footer.html" %>


An error occurred at line: [160] in the generated java file: [C:\work\tomcat\work\Catalina\localhost\book\org\apache\jsp\kadai\chap8\mondai2_jsp.java]
Syntax error on token "}", delete this token

An error occurred at line: [161] in the generated java file: [C:\work\tomcat\work\Catalina\localhost\book\org\apache\jsp\kadai\chap8\mondai2_jsp.java]
Syntax error, insert "}" to complete ClassBody

Stacktrace:] with root cause
 org.apache.jasper.JasperException: JSPのクラスをコンパイルできません: 

JSPファイル: /kadai/chap8/mondai2.jsp の中の6行目でエラーが発生しました
Syntax error on token(s), misplaced construct(s)
3: 
4: <% request.setCharacterEncoding("UTF-8"); %>
5: <% try{
6:     out.println("<p>こんにちは、<%= request.getParameter("user") %>さん</p>");
7:     out.println("<p>10年後は<%= Integer.parseInt(request.getParameter("age")) + 10 %>歳ですね!</p>");
8: }%>
9: <% catch(Exception e){


JSPファイル: /kadai/chap8/mondai2.jsp の中の6行目でエラーが発生しました
String literal is not properly closed by a double-quote
3: 
4: <% request.setCharacterEncoding("UTF-8"); %>
5: <% try{
6:     out.println("<p>こんにちは、<%= request.getParameter("user") %>さん</p>");
7:     out.println("<p>10年後は<%= Integer.parseInt(request.getParameter("age")) + 10 %>歳ですね!</p>");
8: }%>
9: <% catch(Exception e){


JSPファイル: /kadai/chap8/mondai2.jsp の中の6行目でエラーが発生しました
String literal is not properly closed by a double-quote
3: 
4: <% request.setCharacterEncoding("UTF-8"); %>
5: <% try{
6:     out.println("<p>こんにちは、<%= request.getParameter("user") %>さん</p>");
7:     out.println("<p>10年後は<%= Integer.parseInt(request.getParameter("age")) + 10 %>歳ですね!</p>");
8: }%>
9: <% catch(Exception e){


JSPファイル: /kadai/chap8/mondai2.jsp の中の6行目でエラーが発生しました
String literal is not properly closed by a double-quote
3: 
4: <% request.setCharacterEncoding("UTF-8"); %>
5: <% try{
6:     out.println("<p>こんにちは、<%= request.getParameter("user") %>さん</p>");
7:     out.println("<p>10年後は<%= Integer.parseInt(request.getParameter("age")) + 10 %>歳ですね!</p>");
8: }%>
9: <% catch(Exception e){


JSPファイル: /kadai/chap8/mondai2.jsp の中の6行目でエラーが発生しました
Syntax error on token ".", ; expected
3: 
4: <% request.setCharacterEncoding("UTF-8"); %>
5: <% try{
6:     out.println("<p>こんにちは、<%= request.getParameter("user") %>さん</p>");
7:     out.println("<p>10年後は<%= Integer.parseInt(request.getParameter("age")) + 10 %>歳ですね!</p>");
8: }%>
9: <% catch(Exception e){


JSPファイル: /kadai/chap8/mondai2.jsp の中の7行目でエラーが発生しました
Syntax error, insert "}" to complete Block
4: <% request.setCharacterEncoding("UTF-8"); %>
5: <% try{
6:     out.println("<p>こんにちは、<%= request.getParameter("user") %>さん</p>");
7:     out.println("<p>10年後は<%= Integer.parseInt(request.getParameter("age")) + 10 %>歳ですね!</p>");
8: }%>
9: <% catch(Exception e){
10:     out.println("<p>年齢の欄には、数値の入力をお願いします。</p>");


JSPファイル: /kadai/chap8/mondai2.jsp の中の15行目でエラーが発生しました
Syntax error on tokens, delete these tokens
12:     out.println("<p>以下エラー内容です。</p>");
13:     out.println(e);
14: }
15: 
16: <%@include file="../../footer.html" %>


JSPファイル: /kadai/chap8/mondai2.jsp の中の15行目でエラーが発生しました
Syntax error on token "file", VariableDeclaratorId expected after this token
12:     out.println("<p>以下エラー内容です。</p>");
13:     out.println(e);
14: }
15: 
16: <%@include file="../../footer.html" %>


JSPファイル: /kadai/chap8/mondai2.jsp の中の15行目でエラーが発生しました
Syntax error, insert ";" to complete LocalVariableDeclarationStatement
12:     out.println("<p>以下エラー内容です。</p>");
13:     out.println(e);
14: }
15: 
16: <%@include file="../../footer.html" %>


An error occurred at line: [160] in the generated java file: [C:\work\tomcat\work\Catalina\localhost\book\org\apache\jsp\kadai\chap8\mondai2_jsp.java]
Syntax error on token "}", delete this token

An error occurred at line: [161] in the generated java file: [C:\work\tomcat\work\Catalina\localhost\book\org\apache\jsp\kadai\chap8\mondai2_jsp.java]
Syntax error, insert "}" to complete ClassBody

Stacktrace:
	at org.apache.jasper.compiler.DefaultErrorHandler.javacError(DefaultErrorHandler.java:102)
	at org.apache.jasper.compiler.ErrorDispatcher.javacError(ErrorDispatcher.java:212)
	at org.apache.jasper.compiler.JDTCompiler.generateClass(JDTCompiler.java:457)
	at org.apache.jasper.compiler.Compiler.compile(Compiler.java:377)
	at org.apache.jasper.compiler.Compiler.compile(Compiler.java:349)
	at org.apache.jasper.compiler.Compiler.compile(Compiler.java:333)
	at org.apache.jasper.JspCompilationContext.compile(JspCompilationContext.java:600)
	at org.apache.jasper.servlet.JspServletWrapper.service(JspServletWrapper.java:368)
	at org.apache.jasper.servlet.JspServlet.serviceJspFile(JspServlet.java:385)
	at org.apache.jasper.servlet.JspServlet.service(JspServlet.java:329)
	at javax.servlet.http.HttpServlet.service(HttpServlet.java:729)
	at org.apache.catalina.core.ApplicationFilterChain.internalDoFilter(ApplicationFilterChain.java:230)
	at org.apache.catalina.core.ApplicationFilterChain.doFilter(ApplicationFilterChain.java:165)
	at org.apache.tomcat.websocket.server.WsFilter.doFilter(WsFilter.java:52)
	at org.apache.catalina.core.ApplicationFilterChain.internalDoFilter(ApplicationFilterChain.java:192)
	at org.apache.catalina.core.ApplicationFilterChain.doFilter(ApplicationFilterChain.java:165)
	at tool.EncodingFilter.doFilter(EncodingFilter.java:22)
	at org.apache.catalina.core.ApplicationFilterChain.internalDoFilter(ApplicationFilterChain.java:192)
	at org.apache.catalina.core.ApplicationFilterChain.doFilter(ApplicationFilterChain.java:165)
	at org.apache.catalina.core.StandardWrapperValve.invoke(StandardWrapperValve.java:198)
	at org.apache.catalina.core.StandardContextValve.invoke(StandardContextValve.java:96)
	at org.apache.catalina.authenticator.AuthenticatorBase.invoke(AuthenticatorBase.java:474)
	at org.apache.catalina.core.StandardHostValve.invoke(StandardHostValve.java:140)
	at org.apache.catalina.valves.ErrorReportValve.invoke(ErrorReportValve.java:79)
	at org.apache.catalina.valves.AbstractAccessLogValve.invoke(AbstractAccessLogValve.java:624)
	at org.apache.catalina.core.StandardEngineValve.invoke(StandardEngineValve.java:87)
	at org.apache.catalina.connector.CoyoteAdapter.service(CoyoteAdapter.java:349)
	at org.apache.coyote.http11.Http11Processor.service(Http11Processor.java:783)
	at org.apache.coyote.AbstractProcessorLight.process(AbstractProcessorLight.java:66)
	at org.apache.coyote.AbstractProtocol$ConnectionHandler.process(AbstractProtocol.java:798)
	at org.apache.tomcat.util.net.NioEndpoint$SocketProcessor.doRun(NioEndpoint.java:1434)
	at org.apache.tomcat.util.net.SocketProcessorBase.run(SocketProcessorBase.java:49)
	at java.util.concurrent.ThreadPoolExecutor.runWorker(ThreadPoolExecutor.java:1142)
	at java.util.concurrent.ThreadPoolExecutor$Worker.run(ThreadPoolExecutor.java:617)
	at org.apache.tomcat.util.threads.TaskThread$WrappingRunnable.run(TaskThread.java:61)
	at java.lang.Thread.run(Thread.java:745)

17-Apr-2024 14:43:59.928 情報 [localhost-startStop-2] org.apache.catalina.core.ApplicationContext.log SessionListener: contextDestroyed()
17-Apr-2024 14:43:59.928 情報 [localhost-startStop-2] org.apache.catalina.core.ApplicationContext.log ContextListener: contextDestroyed()
17-Apr-2024 14:44:02.374 情報 [localhost-startStop-1] org.apache.catalina.core.ApplicationContext.log ContextListener: contextInitialized()
17-Apr-2024 14:44:02.375 情報 [localhost-startStop-1] org.apache.catalina.core.ApplicationContext.log SessionListener: contextInitialized()
17-Apr-2024 14:44:05.405 情報 [http-nio-8080-exec-1] org.apache.catalina.core.ApplicationContext.log サーブレット kadai.chap9.mondai11 を利用不可能にマークします
17-Apr-2024 14:44:05.405 重大 [http-nio-8080-exec-1] org.apache.catalina.core.StandardWrapperValve.invoke サーブレット kadai.chap9.mondai11 に例外を割り当てます
 java.lang.ClassNotFoundException: kadai.chap9.mondai11
	at org.apache.catalina.loader.WebappClassLoaderBase.loadClass(WebappClassLoaderBase.java:1285)
	at org.apache.catalina.loader.WebappClassLoaderBase.loadClass(WebappClassLoaderBase.java:1119)
	at org.apache.catalina.core.DefaultInstanceManager.loadClass(DefaultInstanceManager.java:520)
	at org.apache.catalina.core.DefaultInstanceManager.loadClassMaybePrivileged(DefaultInstanceManager.java:501)
	at org.apache.catalina.core.DefaultInstanceManager.newInstance(DefaultInstanceManager.java:118)
	at org.apache.catalina.core.StandardWrapper.loadServlet(StandardWrapper.java:1050)
	at org.apache.catalina.core.StandardWrapper.allocate(StandardWrapper.java:779)
	at org.apache.catalina.core.StandardWrapperValve.invoke(StandardWrapperValve.java:133)
	at org.apache.catalina.core.StandardContextValve.invoke(StandardContextValve.java:96)
	at org.apache.catalina.authenticator.AuthenticatorBase.invoke(AuthenticatorBase.java:474)
	at org.apache.catalina.core.StandardHostValve.invoke(StandardHostValve.java:140)
	at org.apache.catalina.valves.ErrorReportValve.invoke(ErrorReportValve.java:79)
	at org.apache.catalina.valves.AbstractAccessLogValve.invoke(AbstractAccessLogValve.java:624)
	at org.apache.catalina.core.StandardEngineValve.invoke(StandardEngineValve.java:87)
	at org.apache.catalina.connector.CoyoteAdapter.service(CoyoteAdapter.java:349)
	at org.apache.coyote.http11.Http11Processor.service(Http11Processor.java:783)
	at org.apache.coyote.AbstractProcessorLight.process(AbstractProcessorLight.java:66)
	at org.apache.coyote.AbstractProtocol$ConnectionHandler.process(AbstractProtocol.java:798)
	at org.apache.tomcat.util.net.NioEndpoint$SocketProcessor.doRun(NioEndpoint.java:1434)
	at org.apache.tomcat.util.net.SocketProcessorBase.run(SocketProcessorBase.java:49)
	at java.util.concurrent.ThreadPoolExecutor.runWorker(ThreadPoolExecutor.java:1142)
	at java.util.concurrent.ThreadPoolExecutor$Worker.run(ThreadPoolExecutor.java:617)
	at org.apache.tomcat.util.threads.TaskThread$WrappingRunnable.run(TaskThread.java:61)
	at java.lang.Thread.run(Thread.java:745)

17-Apr-2024 14:57:20.698 情報 [localhost-startStop-2] org.apache.catalina.core.ApplicationContext.log SessionListener: contextDestroyed()
17-Apr-2024 14:57:20.698 情報 [localhost-startStop-2] org.apache.catalina.core.ApplicationContext.log ContextListener: contextDestroyed()
17-Apr-2024 14:57:25.564 情報 [localhost-startStop-1] org.apache.catalina.core.ApplicationContext.log ContextListener: contextInitialized()
17-Apr-2024 14:57:25.564 情報 [localhost-startStop-1] org.apache.catalina.core.ApplicationContext.log SessionListener: contextInitialized()
17-Apr-2024 14:57:28.572 情報 [http-nio-8080-exec-1] org.apache.catalina.core.ApplicationContext.log サーブレット kadai.chap9.mondai11 を利用不可能にマークします
17-Apr-2024 14:57:28.572 重大 [http-nio-8080-exec-1] org.apache.catalina.core.StandardWrapperValve.invoke サーブレット kadai.chap9.mondai11 に例外を割り当てます
 java.lang.ClassNotFoundException: kadai.chap9.mondai11
	at org.apache.catalina.loader.WebappClassLoaderBase.loadClass(WebappClassLoaderBase.java:1285)
	at org.apache.catalina.loader.WebappClassLoaderBase.loadClass(WebappClassLoaderBase.java:1119)
	at org.apache.catalina.core.DefaultInstanceManager.loadClass(DefaultInstanceManager.java:520)
	at org.apache.catalina.core.DefaultInstanceManager.loadClassMaybePrivileged(DefaultInstanceManager.java:501)
	at org.apache.catalina.core.DefaultInstanceManager.newInstance(DefaultInstanceManager.java:118)
	at org.apache.catalina.core.StandardWrapper.loadServlet(StandardWrapper.java:1050)
	at org.apache.catalina.core.StandardWrapper.allocate(StandardWrapper.java:779)
	at org.apache.catalina.core.StandardWrapperValve.invoke(StandardWrapperValve.java:133)
	at org.apache.catalina.core.StandardContextValve.invoke(StandardContextValve.java:96)
	at org.apache.catalina.authenticator.AuthenticatorBase.invoke(AuthenticatorBase.java:474)
	at org.apache.catalina.core.StandardHostValve.invoke(StandardHostValve.java:140)
	at org.apache.catalina.valves.ErrorReportValve.invoke(ErrorReportValve.java:79)
	at org.apache.catalina.valves.AbstractAccessLogValve.invoke(AbstractAccessLogValve.java:624)
	at org.apache.catalina.core.StandardEngineValve.invoke(StandardEngineValve.java:87)
	at org.apache.catalina.connector.CoyoteAdapter.service(CoyoteAdapter.java:349)
	at org.apache.coyote.http11.Http11Processor.service(Http11Processor.java:783)
	at org.apache.coyote.AbstractProcessorLight.process(AbstractProcessorLight.java:66)
	at org.apache.coyote.AbstractProtocol$ConnectionHandler.process(AbstractProtocol.java:798)
	at org.apache.tomcat.util.net.NioEndpoint$SocketProcessor.doRun(NioEndpoint.java:1434)
	at org.apache.tomcat.util.net.SocketProcessorBase.run(SocketProcessorBase.java:49)
	at java.util.concurrent.ThreadPoolExecutor.runWorker(ThreadPoolExecutor.java:1142)
	at java.util.concurrent.ThreadPoolExecutor$Worker.run(ThreadPoolExecutor.java:617)
	at org.apache.tomcat.util.threads.TaskThread$WrappingRunnable.run(TaskThread.java:61)
	at java.lang.Thread.run(Thread.java:745)

17-Apr-2024 14:57:42.625 情報 [localhost-startStop-2] org.apache.catalina.core.ApplicationContext.log SessionListener: contextDestroyed()
17-Apr-2024 14:57:42.625 情報 [localhost-startStop-2] org.apache.catalina.core.ApplicationContext.log ContextListener: contextDestroyed()
17-Apr-2024 14:58:10.662 情報 [localhost-startStop-1] org.apache.catalina.core.ApplicationContext.log ContextListener: contextInitialized()
17-Apr-2024 14:58:10.662 情報 [localhost-startStop-1] org.apache.catalina.core.ApplicationContext.log SessionListener: contextInitialized()
17-Apr-2024 14:58:13.126 情報 [http-nio-8080-exec-1] org.apache.catalina.core.ApplicationContext.log サーブレット kadai.chap9.mondai11 を利用不可能にマークします
17-Apr-2024 14:58:13.126 重大 [http-nio-8080-exec-1] org.apache.catalina.core.StandardWrapperValve.invoke サーブレット kadai.chap9.mondai11 に例外を割り当てます
 java.lang.ClassNotFoundException: kadai.chap9.mondai11
	at org.apache.catalina.loader.WebappClassLoaderBase.loadClass(WebappClassLoaderBase.java:1285)
	at org.apache.catalina.loader.WebappClassLoaderBase.loadClass(WebappClassLoaderBase.java:1119)
	at org.apache.catalina.core.DefaultInstanceManager.loadClass(DefaultInstanceManager.java:520)
	at org.apache.catalina.core.DefaultInstanceManager.loadClassMaybePrivileged(DefaultInstanceManager.java:501)
	at org.apache.catalina.core.DefaultInstanceManager.newInstance(DefaultInstanceManager.java:118)
	at org.apache.catalina.core.StandardWrapper.loadServlet(StandardWrapper.java:1050)
	at org.apache.catalina.core.StandardWrapper.allocate(StandardWrapper.java:779)
	at org.apache.catalina.core.StandardWrapperValve.invoke(StandardWrapperValve.java:133)
	at org.apache.catalina.core.StandardContextValve.invoke(StandardContextValve.java:96)
	at org.apache.catalina.authenticator.AuthenticatorBase.invoke(AuthenticatorBase.java:474)
	at org.apache.catalina.core.StandardHostValve.invoke(StandardHostValve.java:140)
	at org.apache.catalina.valves.ErrorReportValve.invoke(ErrorReportValve.java:79)
	at org.apache.catalina.valves.AbstractAccessLogValve.invoke(AbstractAccessLogValve.java:624)
	at org.apache.catalina.core.StandardEngineValve.invoke(StandardEngineValve.java:87)
	at org.apache.catalina.connector.CoyoteAdapter.service(CoyoteAdapter.java:349)
	at org.apache.coyote.http11.Http11Processor.service(Http11Processor.java:783)
	at org.apache.coyote.AbstractProcessorLight.process(AbstractProcessorLight.java:66)
	at org.apache.coyote.AbstractProtocol$ConnectionHandler.process(AbstractProtocol.java:798)
	at org.apache.tomcat.util.net.NioEndpoint$SocketProcessor.doRun(NioEndpoint.java:1434)
	at org.apache.tomcat.util.net.SocketProcessorBase.run(SocketProcessorBase.java:49)
	at java.util.concurrent.ThreadPoolExecutor.runWorker(ThreadPoolExecutor.java:1142)
	at java.util.concurrent.ThreadPoolExecutor$Worker.run(ThreadPoolExecutor.java:617)
	at org.apache.tomcat.util.threads.TaskThread$WrappingRunnable.run(TaskThread.java:61)
	at java.lang.Thread.run(Thread.java:745)

17-Apr-2024 15:05:23.142 情報 [localhost-startStop-2] org.apache.catalina.core.ApplicationContext.log SessionListener: contextDestroyed()
17-Apr-2024 15:05:23.142 情報 [localhost-startStop-2] org.apache.catalina.core.ApplicationContext.log ContextListener: contextDestroyed()
17-Apr-2024 15:06:57.400 情報 [localhost-startStop-1] org.apache.catalina.core.ApplicationContext.log ContextListener: contextInitialized()
17-Apr-2024 15:06:57.400 情報 [localhost-startStop-1] org.apache.catalina.core.ApplicationContext.log SessionListener: contextInitialized()
17-Apr-2024 15:07:03.303 情報 [http-nio-8080-exec-2] org.apache.catalina.core.ApplicationContext.log サーブレット kadai.chap9.mondai11 を利用不可能にマークします
17-Apr-2024 15:07:03.304 重大 [http-nio-8080-exec-2] org.apache.catalina.core.StandardWrapperValve.invoke サーブレット kadai.chap9.mondai11 に例外を割り当てます
 java.lang.ClassNotFoundException: kadai.chap9.mondai11
	at org.apache.catalina.loader.WebappClassLoaderBase.loadClass(WebappClassLoaderBase.java:1285)
	at org.apache.catalina.loader.WebappClassLoaderBase.loadClass(WebappClassLoaderBase.java:1119)
	at org.apache.catalina.core.DefaultInstanceManager.loadClass(DefaultInstanceManager.java:520)
	at org.apache.catalina.core.DefaultInstanceManager.loadClassMaybePrivileged(DefaultInstanceManager.java:501)
	at org.apache.catalina.core.DefaultInstanceManager.newInstance(DefaultInstanceManager.java:118)
	at org.apache.catalina.core.StandardWrapper.loadServlet(StandardWrapper.java:1050)
	at org.apache.catalina.core.StandardWrapper.allocate(StandardWrapper.java:779)
	at org.apache.catalina.core.StandardWrapperValve.invoke(StandardWrapperValve.java:133)
	at org.apache.catalina.core.StandardContextValve.invoke(StandardContextValve.java:96)
	at org.apache.catalina.authenticator.AuthenticatorBase.invoke(AuthenticatorBase.java:474)
	at org.apache.catalina.core.StandardHostValve.invoke(StandardHostValve.java:140)
	at org.apache.catalina.valves.ErrorReportValve.invoke(ErrorReportValve.java:79)
	at org.apache.catalina.valves.AbstractAccessLogValve.invoke(AbstractAccessLogValve.java:624)
	at org.apache.catalina.core.StandardEngineValve.invoke(StandardEngineValve.java:87)
	at org.apache.catalina.connector.CoyoteAdapter.service(CoyoteAdapter.java:349)
	at org.apache.coyote.http11.Http11Processor.service(Http11Processor.java:783)
	at org.apache.coyote.AbstractProcessorLight.process(AbstractProcessorLight.java:66)
	at org.apache.coyote.AbstractProtocol$ConnectionHandler.process(AbstractProtocol.java:798)
	at org.apache.tomcat.util.net.NioEndpoint$SocketProcessor.doRun(NioEndpoint.java:1434)
	at org.apache.tomcat.util.net.SocketProcessorBase.run(SocketProcessorBase.java:49)
	at java.util.concurrent.ThreadPoolExecutor.runWorker(ThreadPoolExecutor.java:1142)
	at java.util.concurrent.ThreadPoolExecutor$Worker.run(ThreadPoolExecutor.java:617)
	at org.apache.tomcat.util.threads.TaskThread$WrappingRunnable.run(TaskThread.java:61)
	at java.lang.Thread.run(Thread.java:745)

17-Apr-2024 15:09:52.969 情報 [http-nio-8080-exec-8] org.apache.catalina.core.ApplicationContext.log サーブレット kadai.chap9.mondai11 を利用不可能にマークします
17-Apr-2024 15:09:52.969 重大 [http-nio-8080-exec-8] org.apache.catalina.core.StandardWrapperValve.invoke サーブレット kadai.chap9.mondai11 に例外を割り当てます
 java.lang.ClassNotFoundException: kadai.chap9.mondai11
	at org.apache.catalina.loader.WebappClassLoaderBase.loadClass(WebappClassLoaderBase.java:1285)
	at org.apache.catalina.loader.WebappClassLoaderBase.loadClass(WebappClassLoaderBase.java:1119)
	at org.apache.catalina.core.DefaultInstanceManager.loadClass(DefaultInstanceManager.java:520)
	at org.apache.catalina.core.DefaultInstanceManager.loadClassMaybePrivileged(DefaultInstanceManager.java:501)
	at org.apache.catalina.core.DefaultInstanceManager.newInstance(DefaultInstanceManager.java:118)
	at org.apache.catalina.core.StandardWrapper.loadServlet(StandardWrapper.java:1050)
	at org.apache.catalina.core.StandardWrapper.allocate(StandardWrapper.java:779)
	at org.apache.catalina.core.StandardWrapperValve.invoke(StandardWrapperValve.java:133)
	at org.apache.catalina.core.StandardContextValve.invoke(StandardContextValve.java:96)
	at org.apache.catalina.authenticator.AuthenticatorBase.invoke(AuthenticatorBase.java:474)
	at org.apache.catalina.core.StandardHostValve.invoke(StandardHostValve.java:140)
	at org.apache.catalina.valves.ErrorReportValve.invoke(ErrorReportValve.java:79)
	at org.apache.catalina.valves.AbstractAccessLogValve.invoke(AbstractAccessLogValve.java:624)
	at org.apache.catalina.core.StandardEngineValve.invoke(StandardEngineValve.java:87)
	at org.apache.catalina.connector.CoyoteAdapter.service(CoyoteAdapter.java:349)
	at org.apache.coyote.http11.Http11Processor.service(Http11Processor.java:783)
	at org.apache.coyote.AbstractProcessorLight.process(AbstractProcessorLight.java:66)
	at org.apache.coyote.AbstractProtocol$ConnectionHandler.process(AbstractProtocol.java:798)
	at org.apache.tomcat.util.net.NioEndpoint$SocketProcessor.doRun(NioEndpoint.java:1434)
	at org.apache.tomcat.util.net.SocketProcessorBase.run(SocketProcessorBase.java:49)
	at java.util.concurrent.ThreadPoolExecutor.runWorker(ThreadPoolExecutor.java:1142)
	at java.util.concurrent.ThreadPoolExecutor$Worker.run(ThreadPoolExecutor.java:617)
	at org.apache.tomcat.util.threads.TaskThread$WrappingRunnable.run(TaskThread.java:61)
	at java.lang.Thread.run(Thread.java:745)

17-Apr-2024 15:09:58.705 情報 [localhost-startStop-2] org.apache.catalina.core.ApplicationContext.log SessionListener: contextDestroyed()
17-Apr-2024 15:09:58.705 情報 [localhost-startStop-2] org.apache.catalina.core.ApplicationContext.log ContextListener: contextDestroyed()
