08-Jul-2024 10:59:49.740 情報 [localhost-startStop-1] org.apache.catalina.core.ApplicationContext.log ContextListener: contextInitialized()
08-Jul-2024 10:59:49.740 情報 [localhost-startStop-1] org.apache.catalina.core.ApplicationContext.log SessionListener: contextInitialized()
08-Jul-2024 11:11:29.206 情報 [localhost-startStop-2] org.apache.catalina.core.ApplicationContext.log SessionListener: contextDestroyed()
08-Jul-2024 11:11:29.206 情報 [localhost-startStop-2] org.apache.catalina.core.ApplicationContext.log ContextListener: contextDestroyed()
08-Jul-2024 11:11:32.906 情報 [localhost-startStop-1] org.apache.catalina.core.ApplicationContext.log ContextListener: contextInitialized()
08-Jul-2024 11:11:32.906 情報 [localhost-startStop-1] org.apache.catalina.core.ApplicationContext.log SessionListener: contextInitialized()
08-Jul-2024 11:16:04.033 情報 [localhost-startStop-2] org.apache.catalina.core.ApplicationContext.log SessionListener: contextDestroyed()
08-Jul-2024 11:16:04.033 情報 [localhost-startStop-2] org.apache.catalina.core.ApplicationContext.log ContextListener: contextDestroyed()
08-Jul-2024 11:16:07.305 情報 [localhost-startStop-1] org.apache.catalina.core.ApplicationContext.log ContextListener: contextInitialized()
08-Jul-2024 11:16:07.305 情報 [localhost-startStop-1] org.apache.catalina.core.ApplicationContext.log SessionListener: contextInitialized()
08-Jul-2024 11:30:40.871 重大 [http-nio-8080-exec-11] org.apache.catalina.core.ApplicationDispatcher.invoke サーブレット jsp のServlet.service()が例外を投げました
 javax.servlet.jsp.JspTagException: &lt;forEach&gt; 内で供給された "items" を反復処理する方法が不明です
	at org.apache.taglibs.standard.tag.common.core.ForEachSupport.toIterator(ForEachSupport.java:90)
	at org.apache.taglibs.standard.tag.common.core.ForEachSupport.prepare(ForEachSupport.java:72)
	at javax.servlet.jsp.jstl.core.LoopTagSupport.doStartTag(LoopTagSupport.java:241)
	at org.apache.jsp.scoremanager.main.student_005fupdate_jsp._jspx_meth_c_005fforEach_005f0(student_005fupdate_jsp.java:404)
	at org.apache.jsp.scoremanager.main.student_005fupdate_jsp._jspx_meth_c_005fparam_005f2(student_005fupdate_jsp.java:349)
	at org.apache.jsp.scoremanager.main.student_005fupdate_jsp._jspx_meth_c_005fimport_005f0(student_005fupdate_jsp.java:197)
	at org.apache.jsp.scoremanager.main.student_005fupdate_jsp._jspService(student_005fupdate_jsp.java:140)
	at org.apache.jasper.runtime.HttpJspBase.service(HttpJspBase.java:70)
	at javax.servlet.http.HttpServlet.service(HttpServlet.java:729)
	at org.apache.jasper.servlet.JspServletWrapper.service(JspServletWrapper.java:443)
	at org.apache.jasper.servlet.JspServlet.serviceJspFile(JspServlet.java:385)
	at org.apache.jasper.servlet.JspServlet.service(JspServlet.java:329)
	at javax.servlet.http.HttpServlet.service(HttpServlet.java:729)
	at org.apache.catalina.core.ApplicationFilterChain.internalDoFilter(ApplicationFilterChain.java:230)
	at org.apache.catalina.core.ApplicationFilterChain.doFilter(ApplicationFilterChain.java:165)
	at org.apache.tomcat.websocket.server.WsFilter.doFilter(WsFilter.java:52)
	at org.apache.catalina.core.ApplicationFilterChain.internalDoFilter(ApplicationFilterChain.java:192)
	at org.apache.catalina.core.ApplicationFilterChain.doFilter(ApplicationFilterChain.java:165)
	at org.apache.catalina.core.ApplicationDispatcher.invoke(ApplicationDispatcher.java:726)
	at org.apache.catalina.core.ApplicationDispatcher.processRequest(ApplicationDispatcher.java:469)
	at org.apache.catalina.core.ApplicationDispatcher.doForward(ApplicationDispatcher.java:394)
	at org.apache.catalina.core.ApplicationDispatcher.forward(ApplicationDispatcher.java:311)
	at scoremanager.main.StudentUpdateAction.execute(StudentUpdateAction.java:36)
	at tool.FrontController.doGet(FrontController.java:25)
	at javax.servlet.http.HttpServlet.service(HttpServlet.java:622)
	at javax.servlet.http.HttpServlet.service(HttpServlet.java:729)
	at org.apache.catalina.core.ApplicationFilterChain.internalDoFilter(ApplicationFilterChain.java:230)
	at org.apache.catalina.core.ApplicationFilterChain.doFilter(ApplicationFilterChain.java:165)
	at org.apache.tomcat.websocket.server.WsFilter.doFilter(WsFilter.java:52)
	at org.apache.catalina.core.ApplicationFilterChain.internalDoFilter(ApplicationFilterChain.java:192)
	at org.apache.catalina.core.ApplicationFilterChain.doFilter(ApplicationFilterChain.java:165)
	at tool.LoginRequiredFilter.doFilter(LoginRequiredFilter.java:35)
	at org.apache.catalina.core.ApplicationFilterChain.internalDoFilter(ApplicationFilterChain.java:192)
	at org.apache.catalina.core.ApplicationFilterChain.doFilter(ApplicationFilterChain.java:165)
	at tool.EncodingFilter.doFilter(EncodingFilter.java:25)
	at org.apache.catalina.core.ApplicationFilterChain.internalDoFilter(ApplicationFilterChain.java:192)
	at org.apache.catalina.core.ApplicationFilterChain.doFilter(ApplicationFilterChain.java:165)
	at org.apache.catalina.core.StandardWrapperValve.invoke(StandardWrapperValve.java:198)
	at org.apache.catalina.core.StandardContextValve.invoke(StandardContextValve.java:96)
	at org.apache.catalina.authenticator.AuthenticatorBase.invoke(AuthenticatorBase.java:474)
	at org.apache.catalina.core.StandardHostValve.invoke(StandardHostValve.java:140)
	at org.apache.catalina.valves.ErrorReportValve.invoke(ErrorReportValve.java:79)
	at org.apache.catalina.valves.AbstractAccessLogValve.invoke(AbstractAccessLogValve.java:624)
	at org.apache.catalina.core.StandardEngineValve.invoke(StandardEngineValve.java:87)
	at org.apache.catalina.connector.CoyoteAdapter.service(CoyoteAdapter.java:349)
	at org.apache.coyote.http11.Http11Processor.service(Http11Processor.java:783)
	at org.apache.coyote.AbstractProcessorLight.process(AbstractProcessorLight.java:66)
	at org.apache.coyote.AbstractProtocol$ConnectionHandler.process(AbstractProtocol.java:798)
	at org.apache.tomcat.util.net.NioEndpoint$SocketProcessor.doRun(NioEndpoint.java:1434)
	at org.apache.tomcat.util.net.SocketProcessorBase.run(SocketProcessorBase.java:49)
	at java.util.concurrent.ThreadPoolExecutor.runWorker(ThreadPoolExecutor.java:1142)
	at java.util.concurrent.ThreadPoolExecutor$Worker.run(ThreadPoolExecutor.java:617)
	at org.apache.tomcat.util.threads.TaskThread$WrappingRunnable.run(TaskThread.java:61)
	at java.lang.Thread.run(Thread.java:745)

08-Jul-2024 11:30:44.594 重大 [http-nio-8080-exec-21] org.apache.catalina.core.ApplicationDispatcher.invoke サーブレット jsp のServlet.service()が例外を投げました
 javax.servlet.jsp.JspTagException: &lt;forEach&gt; 内で供給された "items" を反復処理する方法が不明です
	at org.apache.taglibs.standard.tag.common.core.ForEachSupport.toIterator(ForEachSupport.java:90)
	at org.apache.taglibs.standard.tag.common.core.ForEachSupport.prepare(ForEachSupport.java:72)
	at javax.servlet.jsp.jstl.core.LoopTagSupport.doStartTag(LoopTagSupport.java:241)
	at org.apache.jsp.scoremanager.main.student_005fupdate_jsp._jspx_meth_c_005fforEach_005f0(student_005fupdate_jsp.java:404)
	at org.apache.jsp.scoremanager.main.student_005fupdate_jsp._jspx_meth_c_005fparam_005f2(student_005fupdate_jsp.java:349)
	at org.apache.jsp.scoremanager.main.student_005fupdate_jsp._jspx_meth_c_005fimport_005f0(student_005fupdate_jsp.java:197)
	at org.apache.jsp.scoremanager.main.student_005fupdate_jsp._jspService(student_005fupdate_jsp.java:140)
	at org.apache.jasper.runtime.HttpJspBase.service(HttpJspBase.java:70)
	at javax.servlet.http.HttpServlet.service(HttpServlet.java:729)
	at org.apache.jasper.servlet.JspServletWrapper.service(JspServletWrapper.java:443)
	at org.apache.jasper.servlet.JspServlet.serviceJspFile(JspServlet.java:385)
	at org.apache.jasper.servlet.JspServlet.service(JspServlet.java:329)
	at javax.servlet.http.HttpServlet.service(HttpServlet.java:729)
	at org.apache.catalina.core.ApplicationFilterChain.internalDoFilter(ApplicationFilterChain.java:230)
	at org.apache.catalina.core.ApplicationFilterChain.doFilter(ApplicationFilterChain.java:165)
	at org.apache.tomcat.websocket.server.WsFilter.doFilter(WsFilter.java:52)
	at org.apache.catalina.core.ApplicationFilterChain.internalDoFilter(ApplicationFilterChain.java:192)
	at org.apache.catalina.core.ApplicationFilterChain.doFilter(ApplicationFilterChain.java:165)
	at org.apache.catalina.core.ApplicationDispatcher.invoke(ApplicationDispatcher.java:726)
	at org.apache.catalina.core.ApplicationDispatcher.processRequest(ApplicationDispatcher.java:469)
	at org.apache.catalina.core.ApplicationDispatcher.doForward(ApplicationDispatcher.java:394)
	at org.apache.catalina.core.ApplicationDispatcher.forward(ApplicationDispatcher.java:311)
	at scoremanager.main.StudentUpdateAction.execute(StudentUpdateAction.java:36)
	at tool.FrontController.doGet(FrontController.java:25)
	at javax.servlet.http.HttpServlet.service(HttpServlet.java:622)
	at javax.servlet.http.HttpServlet.service(HttpServlet.java:729)
	at org.apache.catalina.core.ApplicationFilterChain.internalDoFilter(ApplicationFilterChain.java:230)
	at org.apache.catalina.core.ApplicationFilterChain.doFilter(ApplicationFilterChain.java:165)
	at org.apache.tomcat.websocket.server.WsFilter.doFilter(WsFilter.java:52)
	at org.apache.catalina.core.ApplicationFilterChain.internalDoFilter(ApplicationFilterChain.java:192)
	at org.apache.catalina.core.ApplicationFilterChain.doFilter(ApplicationFilterChain.java:165)
	at tool.LoginRequiredFilter.doFilter(LoginRequiredFilter.java:35)
	at org.apache.catalina.core.ApplicationFilterChain.internalDoFilter(ApplicationFilterChain.java:192)
	at org.apache.catalina.core.ApplicationFilterChain.doFilter(ApplicationFilterChain.java:165)
	at tool.EncodingFilter.doFilter(EncodingFilter.java:25)
	at org.apache.catalina.core.ApplicationFilterChain.internalDoFilter(ApplicationFilterChain.java:192)
	at org.apache.catalina.core.ApplicationFilterChain.doFilter(ApplicationFilterChain.java:165)
	at org.apache.catalina.core.StandardWrapperValve.invoke(StandardWrapperValve.java:198)
	at org.apache.catalina.core.StandardContextValve.invoke(StandardContextValve.java:96)
	at org.apache.catalina.authenticator.AuthenticatorBase.invoke(AuthenticatorBase.java:474)
	at org.apache.catalina.core.StandardHostValve.invoke(StandardHostValve.java:140)
	at org.apache.catalina.valves.ErrorReportValve.invoke(ErrorReportValve.java:79)
	at org.apache.catalina.valves.AbstractAccessLogValve.invoke(AbstractAccessLogValve.java:624)
	at org.apache.catalina.core.StandardEngineValve.invoke(StandardEngineValve.java:87)
	at org.apache.catalina.connector.CoyoteAdapter.service(CoyoteAdapter.java:349)
	at org.apache.coyote.http11.Http11Processor.service(Http11Processor.java:783)
	at org.apache.coyote.AbstractProcessorLight.process(AbstractProcessorLight.java:66)
	at org.apache.coyote.AbstractProtocol$ConnectionHandler.process(AbstractProtocol.java:798)
	at org.apache.tomcat.util.net.NioEndpoint$SocketProcessor.doRun(NioEndpoint.java:1434)
	at org.apache.tomcat.util.net.SocketProcessorBase.run(SocketProcessorBase.java:49)
	at java.util.concurrent.ThreadPoolExecutor.runWorker(ThreadPoolExecutor.java:1142)
	at java.util.concurrent.ThreadPoolExecutor$Worker.run(ThreadPoolExecutor.java:617)
	at org.apache.tomcat.util.threads.TaskThread$WrappingRunnable.run(TaskThread.java:61)
	at java.lang.Thread.run(Thread.java:745)

08-Jul-2024 11:30:49.608 重大 [http-nio-8080-exec-22] org.apache.catalina.core.ApplicationDispatcher.invoke サーブレット jsp のServlet.service()が例外を投げました
 javax.servlet.jsp.JspTagException: &lt;forEach&gt; 内で供給された "items" を反復処理する方法が不明です
	at org.apache.taglibs.standard.tag.common.core.ForEachSupport.toIterator(ForEachSupport.java:90)
	at org.apache.taglibs.standard.tag.common.core.ForEachSupport.prepare(ForEachSupport.java:72)
	at javax.servlet.jsp.jstl.core.LoopTagSupport.doStartTag(LoopTagSupport.java:241)
	at org.apache.jsp.scoremanager.main.student_005fupdate_jsp._jspx_meth_c_005fforEach_005f0(student_005fupdate_jsp.java:404)
	at org.apache.jsp.scoremanager.main.student_005fupdate_jsp._jspx_meth_c_005fparam_005f2(student_005fupdate_jsp.java:349)
	at org.apache.jsp.scoremanager.main.student_005fupdate_jsp._jspx_meth_c_005fimport_005f0(student_005fupdate_jsp.java:197)
	at org.apache.jsp.scoremanager.main.student_005fupdate_jsp._jspService(student_005fupdate_jsp.java:140)
	at org.apache.jasper.runtime.HttpJspBase.service(HttpJspBase.java:70)
	at javax.servlet.http.HttpServlet.service(HttpServlet.java:729)
	at org.apache.jasper.servlet.JspServletWrapper.service(JspServletWrapper.java:443)
	at org.apache.jasper.servlet.JspServlet.serviceJspFile(JspServlet.java:385)
	at org.apache.jasper.servlet.JspServlet.service(JspServlet.java:329)
	at javax.servlet.http.HttpServlet.service(HttpServlet.java:729)
	at org.apache.catalina.core.ApplicationFilterChain.internalDoFilter(ApplicationFilterChain.java:230)
	at org.apache.catalina.core.ApplicationFilterChain.doFilter(ApplicationFilterChain.java:165)
	at org.apache.tomcat.websocket.server.WsFilter.doFilter(WsFilter.java:52)
	at org.apache.catalina.core.ApplicationFilterChain.internalDoFilter(ApplicationFilterChain.java:192)
	at org.apache.catalina.core.ApplicationFilterChain.doFilter(ApplicationFilterChain.java:165)
	at org.apache.catalina.core.ApplicationDispatcher.invoke(ApplicationDispatcher.java:726)
	at org.apache.catalina.core.ApplicationDispatcher.processRequest(ApplicationDispatcher.java:469)
	at org.apache.catalina.core.ApplicationDispatcher.doForward(ApplicationDispatcher.java:394)
	at org.apache.catalina.core.ApplicationDispatcher.forward(ApplicationDispatcher.java:311)
	at scoremanager.main.StudentUpdateAction.execute(StudentUpdateAction.java:36)
	at tool.FrontController.doGet(FrontController.java:25)
	at javax.servlet.http.HttpServlet.service(HttpServlet.java:622)
	at javax.servlet.http.HttpServlet.service(HttpServlet.java:729)
	at org.apache.catalina.core.ApplicationFilterChain.internalDoFilter(ApplicationFilterChain.java:230)
	at org.apache.catalina.core.ApplicationFilterChain.doFilter(ApplicationFilterChain.java:165)
	at org.apache.tomcat.websocket.server.WsFilter.doFilter(WsFilter.java:52)
	at org.apache.catalina.core.ApplicationFilterChain.internalDoFilter(ApplicationFilterChain.java:192)
	at org.apache.catalina.core.ApplicationFilterChain.doFilter(ApplicationFilterChain.java:165)
	at tool.LoginRequiredFilter.doFilter(LoginRequiredFilter.java:35)
	at org.apache.catalina.core.ApplicationFilterChain.internalDoFilter(ApplicationFilterChain.java:192)
	at org.apache.catalina.core.ApplicationFilterChain.doFilter(ApplicationFilterChain.java:165)
	at tool.EncodingFilter.doFilter(EncodingFilter.java:25)
	at org.apache.catalina.core.ApplicationFilterChain.internalDoFilter(ApplicationFilterChain.java:192)
	at org.apache.catalina.core.ApplicationFilterChain.doFilter(ApplicationFilterChain.java:165)
	at org.apache.catalina.core.StandardWrapperValve.invoke(StandardWrapperValve.java:198)
	at org.apache.catalina.core.StandardContextValve.invoke(StandardContextValve.java:96)
	at org.apache.catalina.authenticator.AuthenticatorBase.invoke(AuthenticatorBase.java:474)
	at org.apache.catalina.core.StandardHostValve.invoke(StandardHostValve.java:140)
	at org.apache.catalina.valves.ErrorReportValve.invoke(ErrorReportValve.java:79)
	at org.apache.catalina.valves.AbstractAccessLogValve.invoke(AbstractAccessLogValve.java:624)
	at org.apache.catalina.core.StandardEngineValve.invoke(StandardEngineValve.java:87)
	at org.apache.catalina.connector.CoyoteAdapter.service(CoyoteAdapter.java:349)
	at org.apache.coyote.http11.Http11Processor.service(Http11Processor.java:783)
	at org.apache.coyote.AbstractProcessorLight.process(AbstractProcessorLight.java:66)
	at org.apache.coyote.AbstractProtocol$ConnectionHandler.process(AbstractProtocol.java:798)
	at org.apache.tomcat.util.net.NioEndpoint$SocketProcessor.doRun(NioEndpoint.java:1434)
	at org.apache.tomcat.util.net.SocketProcessorBase.run(SocketProcessorBase.java:49)
	at java.util.concurrent.ThreadPoolExecutor.runWorker(ThreadPoolExecutor.java:1142)
	at java.util.concurrent.ThreadPoolExecutor$Worker.run(ThreadPoolExecutor.java:617)
	at org.apache.tomcat.util.threads.TaskThread$WrappingRunnable.run(TaskThread.java:61)
	at java.lang.Thread.run(Thread.java:745)

08-Jul-2024 11:30:53.966 重大 [http-nio-8080-exec-13] org.apache.catalina.core.ApplicationDispatcher.invoke サーブレット jsp のServlet.service()が例外を投げました
 javax.servlet.jsp.JspTagException: &lt;forEach&gt; 内で供給された "items" を反復処理する方法が不明です
	at org.apache.taglibs.standard.tag.common.core.ForEachSupport.toIterator(ForEachSupport.java:90)
	at org.apache.taglibs.standard.tag.common.core.ForEachSupport.prepare(ForEachSupport.java:72)
	at javax.servlet.jsp.jstl.core.LoopTagSupport.doStartTag(LoopTagSupport.java:241)
	at org.apache.jsp.scoremanager.main.student_005fupdate_jsp._jspx_meth_c_005fforEach_005f0(student_005fupdate_jsp.java:404)
	at org.apache.jsp.scoremanager.main.student_005fupdate_jsp._jspx_meth_c_005fparam_005f2(student_005fupdate_jsp.java:349)
	at org.apache.jsp.scoremanager.main.student_005fupdate_jsp._jspx_meth_c_005fimport_005f0(student_005fupdate_jsp.java:197)
	at org.apache.jsp.scoremanager.main.student_005fupdate_jsp._jspService(student_005fupdate_jsp.java:140)
	at org.apache.jasper.runtime.HttpJspBase.service(HttpJspBase.java:70)
	at javax.servlet.http.HttpServlet.service(HttpServlet.java:729)
	at org.apache.jasper.servlet.JspServletWrapper.service(JspServletWrapper.java:443)
	at org.apache.jasper.servlet.JspServlet.serviceJspFile(JspServlet.java:385)
	at org.apache.jasper.servlet.JspServlet.service(JspServlet.java:329)
	at javax.servlet.http.HttpServlet.service(HttpServlet.java:729)
	at org.apache.catalina.core.ApplicationFilterChain.internalDoFilter(ApplicationFilterChain.java:230)
	at org.apache.catalina.core.ApplicationFilterChain.doFilter(ApplicationFilterChain.java:165)
	at org.apache.tomcat.websocket.server.WsFilter.doFilter(WsFilter.java:52)
	at org.apache.catalina.core.ApplicationFilterChain.internalDoFilter(ApplicationFilterChain.java:192)
	at org.apache.catalina.core.ApplicationFilterChain.doFilter(ApplicationFilterChain.java:165)
	at org.apache.catalina.core.ApplicationDispatcher.invoke(ApplicationDispatcher.java:726)
	at org.apache.catalina.core.ApplicationDispatcher.processRequest(ApplicationDispatcher.java:469)
	at org.apache.catalina.core.ApplicationDispatcher.doForward(ApplicationDispatcher.java:394)
	at org.apache.catalina.core.ApplicationDispatcher.forward(ApplicationDispatcher.java:311)
	at scoremanager.main.StudentUpdateAction.execute(StudentUpdateAction.java:36)
	at tool.FrontController.doGet(FrontController.java:25)
	at javax.servlet.http.HttpServlet.service(HttpServlet.java:622)
	at javax.servlet.http.HttpServlet.service(HttpServlet.java:729)
	at org.apache.catalina.core.ApplicationFilterChain.internalDoFilter(ApplicationFilterChain.java:230)
	at org.apache.catalina.core.ApplicationFilterChain.doFilter(ApplicationFilterChain.java:165)
	at org.apache.tomcat.websocket.server.WsFilter.doFilter(WsFilter.java:52)
	at org.apache.catalina.core.ApplicationFilterChain.internalDoFilter(ApplicationFilterChain.java:192)
	at org.apache.catalina.core.ApplicationFilterChain.doFilter(ApplicationFilterChain.java:165)
	at tool.LoginRequiredFilter.doFilter(LoginRequiredFilter.java:35)
	at org.apache.catalina.core.ApplicationFilterChain.internalDoFilter(ApplicationFilterChain.java:192)
	at org.apache.catalina.core.ApplicationFilterChain.doFilter(ApplicationFilterChain.java:165)
	at tool.EncodingFilter.doFilter(EncodingFilter.java:25)
	at org.apache.catalina.core.ApplicationFilterChain.internalDoFilter(ApplicationFilterChain.java:192)
	at org.apache.catalina.core.ApplicationFilterChain.doFilter(ApplicationFilterChain.java:165)
	at org.apache.catalina.core.StandardWrapperValve.invoke(StandardWrapperValve.java:198)
	at org.apache.catalina.core.StandardContextValve.invoke(StandardContextValve.java:96)
	at org.apache.catalina.authenticator.AuthenticatorBase.invoke(AuthenticatorBase.java:474)
	at org.apache.catalina.core.StandardHostValve.invoke(StandardHostValve.java:140)
	at org.apache.catalina.valves.ErrorReportValve.invoke(ErrorReportValve.java:79)
	at org.apache.catalina.valves.AbstractAccessLogValve.invoke(AbstractAccessLogValve.java:624)
	at org.apache.catalina.core.StandardEngineValve.invoke(StandardEngineValve.java:87)
	at org.apache.catalina.connector.CoyoteAdapter.service(CoyoteAdapter.java:349)
	at org.apache.coyote.http11.Http11Processor.service(Http11Processor.java:783)
	at org.apache.coyote.AbstractProcessorLight.process(AbstractProcessorLight.java:66)
	at org.apache.coyote.AbstractProtocol$ConnectionHandler.process(AbstractProtocol.java:798)
	at org.apache.tomcat.util.net.NioEndpoint$SocketProcessor.doRun(NioEndpoint.java:1434)
	at org.apache.tomcat.util.net.SocketProcessorBase.run(SocketProcessorBase.java:49)
	at java.util.concurrent.ThreadPoolExecutor.runWorker(ThreadPoolExecutor.java:1142)
	at java.util.concurrent.ThreadPoolExecutor$Worker.run(ThreadPoolExecutor.java:617)
	at org.apache.tomcat.util.threads.TaskThread$WrappingRunnable.run(TaskThread.java:61)
	at java.lang.Thread.run(Thread.java:745)

08-Jul-2024 11:34:15.632 重大 [http-nio-8080-exec-34] org.apache.catalina.core.ApplicationDispatcher.invoke サーブレット jsp のServlet.service()が例外を投げました
 javax.servlet.jsp.JspTagException: &lt;forEach&gt; 内で供給された "items" を反復処理する方法が不明です
	at org.apache.taglibs.standard.tag.common.core.ForEachSupport.toIterator(ForEachSupport.java:90)
	at org.apache.taglibs.standard.tag.common.core.ForEachSupport.prepare(ForEachSupport.java:72)
	at javax.servlet.jsp.jstl.core.LoopTagSupport.doStartTag(LoopTagSupport.java:241)
	at org.apache.jsp.scoremanager.main.student_005fupdate_jsp._jspx_meth_c_005fforEach_005f0(student_005fupdate_jsp.java:404)
	at org.apache.jsp.scoremanager.main.student_005fupdate_jsp._jspx_meth_c_005fparam_005f2(student_005fupdate_jsp.java:349)
	at org.apache.jsp.scoremanager.main.student_005fupdate_jsp._jspx_meth_c_005fimport_005f0(student_005fupdate_jsp.java:197)
	at org.apache.jsp.scoremanager.main.student_005fupdate_jsp._jspService(student_005fupdate_jsp.java:140)
	at org.apache.jasper.runtime.HttpJspBase.service(HttpJspBase.java:70)
	at javax.servlet.http.HttpServlet.service(HttpServlet.java:729)
	at org.apache.jasper.servlet.JspServletWrapper.service(JspServletWrapper.java:443)
	at org.apache.jasper.servlet.JspServlet.serviceJspFile(JspServlet.java:385)
	at org.apache.jasper.servlet.JspServlet.service(JspServlet.java:329)
	at javax.servlet.http.HttpServlet.service(HttpServlet.java:729)
	at org.apache.catalina.core.ApplicationFilterChain.internalDoFilter(ApplicationFilterChain.java:230)
	at org.apache.catalina.core.ApplicationFilterChain.doFilter(ApplicationFilterChain.java:165)
	at org.apache.tomcat.websocket.server.WsFilter.doFilter(WsFilter.java:52)
	at org.apache.catalina.core.ApplicationFilterChain.internalDoFilter(ApplicationFilterChain.java:192)
	at org.apache.catalina.core.ApplicationFilterChain.doFilter(ApplicationFilterChain.java:165)
	at org.apache.catalina.core.ApplicationDispatcher.invoke(ApplicationDispatcher.java:726)
	at org.apache.catalina.core.ApplicationDispatcher.processRequest(ApplicationDispatcher.java:469)
	at org.apache.catalina.core.ApplicationDispatcher.doForward(ApplicationDispatcher.java:394)
	at org.apache.catalina.core.ApplicationDispatcher.forward(ApplicationDispatcher.java:311)
	at scoremanager.main.StudentUpdateAction.execute(StudentUpdateAction.java:37)
	at tool.FrontController.doGet(FrontController.java:25)
	at javax.servlet.http.HttpServlet.service(HttpServlet.java:622)
	at javax.servlet.http.HttpServlet.service(HttpServlet.java:729)
	at org.apache.catalina.core.ApplicationFilterChain.internalDoFilter(ApplicationFilterChain.java:230)
	at org.apache.catalina.core.ApplicationFilterChain.doFilter(ApplicationFilterChain.java:165)
	at org.apache.tomcat.websocket.server.WsFilter.doFilter(WsFilter.java:52)
	at org.apache.catalina.core.ApplicationFilterChain.internalDoFilter(ApplicationFilterChain.java:192)
	at org.apache.catalina.core.ApplicationFilterChain.doFilter(ApplicationFilterChain.java:165)
	at tool.LoginRequiredFilter.doFilter(LoginRequiredFilter.java:35)
	at org.apache.catalina.core.ApplicationFilterChain.internalDoFilter(ApplicationFilterChain.java:192)
	at org.apache.catalina.core.ApplicationFilterChain.doFilter(ApplicationFilterChain.java:165)
	at tool.EncodingFilter.doFilter(EncodingFilter.java:25)
	at org.apache.catalina.core.ApplicationFilterChain.internalDoFilter(ApplicationFilterChain.java:192)
	at org.apache.catalina.core.ApplicationFilterChain.doFilter(ApplicationFilterChain.java:165)
	at org.apache.catalina.core.StandardWrapperValve.invoke(StandardWrapperValve.java:198)
	at org.apache.catalina.core.StandardContextValve.invoke(StandardContextValve.java:96)
	at org.apache.catalina.authenticator.AuthenticatorBase.invoke(AuthenticatorBase.java:474)
	at org.apache.catalina.core.StandardHostValve.invoke(StandardHostValve.java:140)
	at org.apache.catalina.valves.ErrorReportValve.invoke(ErrorReportValve.java:79)
	at org.apache.catalina.valves.AbstractAccessLogValve.invoke(AbstractAccessLogValve.java:624)
	at org.apache.catalina.core.StandardEngineValve.invoke(StandardEngineValve.java:87)
	at org.apache.catalina.connector.CoyoteAdapter.service(CoyoteAdapter.java:349)
	at org.apache.coyote.http11.Http11Processor.service(Http11Processor.java:783)
	at org.apache.coyote.AbstractProcessorLight.process(AbstractProcessorLight.java:66)
	at org.apache.coyote.AbstractProtocol$ConnectionHandler.process(AbstractProtocol.java:798)
	at org.apache.tomcat.util.net.NioEndpoint$SocketProcessor.doRun(NioEndpoint.java:1434)
	at org.apache.tomcat.util.net.SocketProcessorBase.run(SocketProcessorBase.java:49)
	at java.util.concurrent.ThreadPoolExecutor.runWorker(ThreadPoolExecutor.java:1142)
	at java.util.concurrent.ThreadPoolExecutor$Worker.run(ThreadPoolExecutor.java:617)
	at org.apache.tomcat.util.threads.TaskThread$WrappingRunnable.run(TaskThread.java:61)
	at java.lang.Thread.run(Thread.java:745)

08-Jul-2024 11:35:58.299 重大 [http-nio-8080-exec-37] org.apache.catalina.core.ApplicationDispatcher.invoke サーブレット jsp のServlet.service()が例外を投げました
 javax.servlet.jsp.JspTagException: &lt;forEach&gt; 内で供給された "items" を反復処理する方法が不明です
	at org.apache.taglibs.standard.tag.common.core.ForEachSupport.toIterator(ForEachSupport.java:90)
	at org.apache.taglibs.standard.tag.common.core.ForEachSupport.prepare(ForEachSupport.java:72)
	at javax.servlet.jsp.jstl.core.LoopTagSupport.doStartTag(LoopTagSupport.java:241)
	at org.apache.jsp.scoremanager.main.student_005fupdate_jsp._jspx_meth_c_005fforEach_005f0(student_005fupdate_jsp.java:404)
	at org.apache.jsp.scoremanager.main.student_005fupdate_jsp._jspx_meth_c_005fparam_005f2(student_005fupdate_jsp.java:349)
	at org.apache.jsp.scoremanager.main.student_005fupdate_jsp._jspx_meth_c_005fimport_005f0(student_005fupdate_jsp.java:197)
	at org.apache.jsp.scoremanager.main.student_005fupdate_jsp._jspService(student_005fupdate_jsp.java:140)
	at org.apache.jasper.runtime.HttpJspBase.service(HttpJspBase.java:70)
	at javax.servlet.http.HttpServlet.service(HttpServlet.java:729)
	at org.apache.jasper.servlet.JspServletWrapper.service(JspServletWrapper.java:443)
	at org.apache.jasper.servlet.JspServlet.serviceJspFile(JspServlet.java:385)
	at org.apache.jasper.servlet.JspServlet.service(JspServlet.java:329)
	at javax.servlet.http.HttpServlet.service(HttpServlet.java:729)
	at org.apache.catalina.core.ApplicationFilterChain.internalDoFilter(ApplicationFilterChain.java:230)
	at org.apache.catalina.core.ApplicationFilterChain.doFilter(ApplicationFilterChain.java:165)
	at org.apache.tomcat.websocket.server.WsFilter.doFilter(WsFilter.java:52)
	at org.apache.catalina.core.ApplicationFilterChain.internalDoFilter(ApplicationFilterChain.java:192)
	at org.apache.catalina.core.ApplicationFilterChain.doFilter(ApplicationFilterChain.java:165)
	at org.apache.catalina.core.ApplicationDispatcher.invoke(ApplicationDispatcher.java:726)
	at org.apache.catalina.core.ApplicationDispatcher.processRequest(ApplicationDispatcher.java:469)
	at org.apache.catalina.core.ApplicationDispatcher.doForward(ApplicationDispatcher.java:394)
	at org.apache.catalina.core.ApplicationDispatcher.forward(ApplicationDispatcher.java:311)
	at scoremanager.main.StudentUpdateAction.execute(StudentUpdateAction.java:37)
	at tool.FrontController.doGet(FrontController.java:25)
	at javax.servlet.http.HttpServlet.service(HttpServlet.java:622)
	at javax.servlet.http.HttpServlet.service(HttpServlet.java:729)
	at org.apache.catalina.core.ApplicationFilterChain.internalDoFilter(ApplicationFilterChain.java:230)
	at org.apache.catalina.core.ApplicationFilterChain.doFilter(ApplicationFilterChain.java:165)
	at org.apache.tomcat.websocket.server.WsFilter.doFilter(WsFilter.java:52)
	at org.apache.catalina.core.ApplicationFilterChain.internalDoFilter(ApplicationFilterChain.java:192)
	at org.apache.catalina.core.ApplicationFilterChain.doFilter(ApplicationFilterChain.java:165)
	at tool.LoginRequiredFilter.doFilter(LoginRequiredFilter.java:35)
	at org.apache.catalina.core.ApplicationFilterChain.internalDoFilter(ApplicationFilterChain.java:192)
	at org.apache.catalina.core.ApplicationFilterChain.doFilter(ApplicationFilterChain.java:165)
	at tool.EncodingFilter.doFilter(EncodingFilter.java:25)
	at org.apache.catalina.core.ApplicationFilterChain.internalDoFilter(ApplicationFilterChain.java:192)
	at org.apache.catalina.core.ApplicationFilterChain.doFilter(ApplicationFilterChain.java:165)
	at org.apache.catalina.core.StandardWrapperValve.invoke(StandardWrapperValve.java:198)
	at org.apache.catalina.core.StandardContextValve.invoke(StandardContextValve.java:96)
	at org.apache.catalina.authenticator.AuthenticatorBase.invoke(AuthenticatorBase.java:474)
	at org.apache.catalina.core.StandardHostValve.invoke(StandardHostValve.java:140)
	at org.apache.catalina.valves.ErrorReportValve.invoke(ErrorReportValve.java:79)
	at org.apache.catalina.valves.AbstractAccessLogValve.invoke(AbstractAccessLogValve.java:624)
	at org.apache.catalina.core.StandardEngineValve.invoke(StandardEngineValve.java:87)
	at org.apache.catalina.connector.CoyoteAdapter.service(CoyoteAdapter.java:349)
	at org.apache.coyote.http11.Http11Processor.service(Http11Processor.java:783)
	at org.apache.coyote.AbstractProcessorLight.process(AbstractProcessorLight.java:66)
	at org.apache.coyote.AbstractProtocol$ConnectionHandler.process(AbstractProtocol.java:798)
	at org.apache.tomcat.util.net.NioEndpoint$SocketProcessor.doRun(NioEndpoint.java:1434)
	at org.apache.tomcat.util.net.SocketProcessorBase.run(SocketProcessorBase.java:49)
	at java.util.concurrent.ThreadPoolExecutor.runWorker(ThreadPoolExecutor.java:1142)
	at java.util.concurrent.ThreadPoolExecutor$Worker.run(ThreadPoolExecutor.java:617)
	at org.apache.tomcat.util.threads.TaskThread$WrappingRunnable.run(TaskThread.java:61)
	at java.lang.Thread.run(Thread.java:745)

08-Jul-2024 11:38:10.588 情報 [localhost-startStop-2] org.apache.catalina.core.ApplicationContext.log SessionListener: contextDestroyed()
08-Jul-2024 11:38:10.588 情報 [localhost-startStop-2] org.apache.catalina.core.ApplicationContext.log ContextListener: contextDestroyed()
08-Jul-2024 11:38:13.729 情報 [localhost-startStop-1] org.apache.catalina.core.ApplicationContext.log ContextListener: contextInitialized()
08-Jul-2024 11:38:13.729 情報 [localhost-startStop-1] org.apache.catalina.core.ApplicationContext.log SessionListener: contextInitialized()
08-Jul-2024 11:39:21.329 重大 [http-nio-8080-exec-8] org.apache.catalina.core.ApplicationDispatcher.invoke サーブレット jsp のServlet.service()が例外を投げました
 javax.servlet.jsp.JspTagException: &lt;forEach&gt; 内で供給された "items" を反復処理する方法が不明です
	at org.apache.taglibs.standard.tag.common.core.ForEachSupport.toIterator(ForEachSupport.java:90)
	at org.apache.taglibs.standard.tag.common.core.ForEachSupport.prepare(ForEachSupport.java:72)
	at javax.servlet.jsp.jstl.core.LoopTagSupport.doStartTag(LoopTagSupport.java:241)
	at org.apache.jsp.scoremanager.main.student_005fupdate_jsp._jspx_meth_c_005fforEach_005f0(student_005fupdate_jsp.java:404)
	at org.apache.jsp.scoremanager.main.student_005fupdate_jsp._jspx_meth_c_005fparam_005f2(student_005fupdate_jsp.java:349)
	at org.apache.jsp.scoremanager.main.student_005fupdate_jsp._jspx_meth_c_005fimport_005f0(student_005fupdate_jsp.java:196)
	at org.apache.jsp.scoremanager.main.student_005fupdate_jsp._jspService(student_005fupdate_jsp.java:140)
	at org.apache.jasper.runtime.HttpJspBase.service(HttpJspBase.java:70)
	at javax.servlet.http.HttpServlet.service(HttpServlet.java:729)
	at org.apache.jasper.servlet.JspServletWrapper.service(JspServletWrapper.java:443)
	at org.apache.jasper.servlet.JspServlet.serviceJspFile(JspServlet.java:385)
	at org.apache.jasper.servlet.JspServlet.service(JspServlet.java:329)
	at javax.servlet.http.HttpServlet.service(HttpServlet.java:729)
	at org.apache.catalina.core.ApplicationFilterChain.internalDoFilter(ApplicationFilterChain.java:230)
	at org.apache.catalina.core.ApplicationFilterChain.doFilter(ApplicationFilterChain.java:165)
	at org.apache.tomcat.websocket.server.WsFilter.doFilter(WsFilter.java:52)
	at org.apache.catalina.core.ApplicationFilterChain.internalDoFilter(ApplicationFilterChain.java:192)
	at org.apache.catalina.core.ApplicationFilterChain.doFilter(ApplicationFilterChain.java:165)
	at org.apache.catalina.core.ApplicationDispatcher.invoke(ApplicationDispatcher.java:726)
	at org.apache.catalina.core.ApplicationDispatcher.processRequest(ApplicationDispatcher.java:469)
	at org.apache.catalina.core.ApplicationDispatcher.doForward(ApplicationDispatcher.java:394)
	at org.apache.catalina.core.ApplicationDispatcher.forward(ApplicationDispatcher.java:311)
	at scoremanager.main.StudentUpdateAction.execute(StudentUpdateAction.java:37)
	at tool.FrontController.doGet(FrontController.java:25)
	at javax.servlet.http.HttpServlet.service(HttpServlet.java:622)
	at javax.servlet.http.HttpServlet.service(HttpServlet.java:729)
	at org.apache.catalina.core.ApplicationFilterChain.internalDoFilter(ApplicationFilterChain.java:230)
	at org.apache.catalina.core.ApplicationFilterChain.doFilter(ApplicationFilterChain.java:165)
	at org.apache.tomcat.websocket.server.WsFilter.doFilter(WsFilter.java:52)
	at org.apache.catalina.core.ApplicationFilterChain.internalDoFilter(ApplicationFilterChain.java:192)
	at org.apache.catalina.core.ApplicationFilterChain.doFilter(ApplicationFilterChain.java:165)
	at tool.LoginRequiredFilter.doFilter(LoginRequiredFilter.java:35)
	at org.apache.catalina.core.ApplicationFilterChain.internalDoFilter(ApplicationFilterChain.java:192)
	at org.apache.catalina.core.ApplicationFilterChain.doFilter(ApplicationFilterChain.java:165)
	at tool.EncodingFilter.doFilter(EncodingFilter.java:25)
	at org.apache.catalina.core.ApplicationFilterChain.internalDoFilter(ApplicationFilterChain.java:192)
	at org.apache.catalina.core.ApplicationFilterChain.doFilter(ApplicationFilterChain.java:165)
	at org.apache.catalina.core.StandardWrapperValve.invoke(StandardWrapperValve.java:198)
	at org.apache.catalina.core.StandardContextValve.invoke(StandardContextValve.java:96)
	at org.apache.catalina.authenticator.AuthenticatorBase.invoke(AuthenticatorBase.java:474)
	at org.apache.catalina.core.StandardHostValve.invoke(StandardHostValve.java:140)
	at org.apache.catalina.valves.ErrorReportValve.invoke(ErrorReportValve.java:79)
	at org.apache.catalina.valves.AbstractAccessLogValve.invoke(AbstractAccessLogValve.java:624)
	at org.apache.catalina.core.StandardEngineValve.invoke(StandardEngineValve.java:87)
	at org.apache.catalina.connector.CoyoteAdapter.service(CoyoteAdapter.java:349)
	at org.apache.coyote.http11.Http11Processor.service(Http11Processor.java:783)
	at org.apache.coyote.AbstractProcessorLight.process(AbstractProcessorLight.java:66)
	at org.apache.coyote.AbstractProtocol$ConnectionHandler.process(AbstractProtocol.java:798)
	at org.apache.tomcat.util.net.NioEndpoint$SocketProcessor.doRun(NioEndpoint.java:1434)
	at org.apache.tomcat.util.net.SocketProcessorBase.run(SocketProcessorBase.java:49)
	at java.util.concurrent.ThreadPoolExecutor.runWorker(ThreadPoolExecutor.java:1142)
	at java.util.concurrent.ThreadPoolExecutor$Worker.run(ThreadPoolExecutor.java:617)
	at org.apache.tomcat.util.threads.TaskThread$WrappingRunnable.run(TaskThread.java:61)
	at java.lang.Thread.run(Thread.java:745)

08-Jul-2024 11:39:24.442 重大 [http-nio-8080-exec-1] org.apache.catalina.core.ApplicationDispatcher.invoke サーブレット jsp のServlet.service()が例外を投げました
 javax.servlet.jsp.JspTagException: &lt;forEach&gt; 内で供給された "items" を反復処理する方法が不明です
	at org.apache.taglibs.standard.tag.common.core.ForEachSupport.toIterator(ForEachSupport.java:90)
	at org.apache.taglibs.standard.tag.common.core.ForEachSupport.prepare(ForEachSupport.java:72)
	at javax.servlet.jsp.jstl.core.LoopTagSupport.doStartTag(LoopTagSupport.java:241)
	at org.apache.jsp.scoremanager.main.student_005fupdate_jsp._jspx_meth_c_005fforEach_005f0(student_005fupdate_jsp.java:404)
	at org.apache.jsp.scoremanager.main.student_005fupdate_jsp._jspx_meth_c_005fparam_005f2(student_005fupdate_jsp.java:349)
	at org.apache.jsp.scoremanager.main.student_005fupdate_jsp._jspx_meth_c_005fimport_005f0(student_005fupdate_jsp.java:196)
	at org.apache.jsp.scoremanager.main.student_005fupdate_jsp._jspService(student_005fupdate_jsp.java:140)
	at org.apache.jasper.runtime.HttpJspBase.service(HttpJspBase.java:70)
	at javax.servlet.http.HttpServlet.service(HttpServlet.java:729)
	at org.apache.jasper.servlet.JspServletWrapper.service(JspServletWrapper.java:443)
	at org.apache.jasper.servlet.JspServlet.serviceJspFile(JspServlet.java:385)
	at org.apache.jasper.servlet.JspServlet.service(JspServlet.java:329)
	at javax.servlet.http.HttpServlet.service(HttpServlet.java:729)
	at org.apache.catalina.core.ApplicationFilterChain.internalDoFilter(ApplicationFilterChain.java:230)
	at org.apache.catalina.core.ApplicationFilterChain.doFilter(ApplicationFilterChain.java:165)
	at org.apache.tomcat.websocket.server.WsFilter.doFilter(WsFilter.java:52)
	at org.apache.catalina.core.ApplicationFilterChain.internalDoFilter(ApplicationFilterChain.java:192)
	at org.apache.catalina.core.ApplicationFilterChain.doFilter(ApplicationFilterChain.java:165)
	at org.apache.catalina.core.ApplicationDispatcher.invoke(ApplicationDispatcher.java:726)
	at org.apache.catalina.core.ApplicationDispatcher.processRequest(ApplicationDispatcher.java:469)
	at org.apache.catalina.core.ApplicationDispatcher.doForward(ApplicationDispatcher.java:394)
	at org.apache.catalina.core.ApplicationDispatcher.forward(ApplicationDispatcher.java:311)
	at scoremanager.main.StudentUpdateAction.execute(StudentUpdateAction.java:37)
	at tool.FrontController.doGet(FrontController.java:25)
	at javax.servlet.http.HttpServlet.service(HttpServlet.java:622)
	at javax.servlet.http.HttpServlet.service(HttpServlet.java:729)
	at org.apache.catalina.core.ApplicationFilterChain.internalDoFilter(ApplicationFilterChain.java:230)
	at org.apache.catalina.core.ApplicationFilterChain.doFilter(ApplicationFilterChain.java:165)
	at org.apache.tomcat.websocket.server.WsFilter.doFilter(WsFilter.java:52)
	at org.apache.catalina.core.ApplicationFilterChain.internalDoFilter(ApplicationFilterChain.java:192)
	at org.apache.catalina.core.ApplicationFilterChain.doFilter(ApplicationFilterChain.java:165)
	at tool.LoginRequiredFilter.doFilter(LoginRequiredFilter.java:35)
	at org.apache.catalina.core.ApplicationFilterChain.internalDoFilter(ApplicationFilterChain.java:192)
	at org.apache.catalina.core.ApplicationFilterChain.doFilter(ApplicationFilterChain.java:165)
	at tool.EncodingFilter.doFilter(EncodingFilter.java:25)
	at org.apache.catalina.core.ApplicationFilterChain.internalDoFilter(ApplicationFilterChain.java:192)
	at org.apache.catalina.core.ApplicationFilterChain.doFilter(ApplicationFilterChain.java:165)
	at org.apache.catalina.core.StandardWrapperValve.invoke(StandardWrapperValve.java:198)
	at org.apache.catalina.core.StandardContextValve.invoke(StandardContextValve.java:96)
	at org.apache.catalina.authenticator.AuthenticatorBase.invoke(AuthenticatorBase.java:474)
	at org.apache.catalina.core.StandardHostValve.invoke(StandardHostValve.java:140)
	at org.apache.catalina.valves.ErrorReportValve.invoke(ErrorReportValve.java:79)
	at org.apache.catalina.valves.AbstractAccessLogValve.invoke(AbstractAccessLogValve.java:624)
	at org.apache.catalina.core.StandardEngineValve.invoke(StandardEngineValve.java:87)
	at org.apache.catalina.connector.CoyoteAdapter.service(CoyoteAdapter.java:349)
	at org.apache.coyote.http11.Http11Processor.service(Http11Processor.java:783)
	at org.apache.coyote.AbstractProcessorLight.process(AbstractProcessorLight.java:66)
	at org.apache.coyote.AbstractProtocol$ConnectionHandler.process(AbstractProtocol.java:798)
	at org.apache.tomcat.util.net.NioEndpoint$SocketProcessor.doRun(NioEndpoint.java:1434)
	at org.apache.tomcat.util.net.SocketProcessorBase.run(SocketProcessorBase.java:49)
	at java.util.concurrent.ThreadPoolExecutor.runWorker(ThreadPoolExecutor.java:1142)
	at java.util.concurrent.ThreadPoolExecutor$Worker.run(ThreadPoolExecutor.java:617)
	at org.apache.tomcat.util.threads.TaskThread$WrappingRunnable.run(TaskThread.java:61)
	at java.lang.Thread.run(Thread.java:745)

08-Jul-2024 11:42:14.509 情報 [localhost-startStop-2] org.apache.catalina.core.ApplicationContext.log SessionListener: contextDestroyed()
08-Jul-2024 11:42:14.509 情報 [localhost-startStop-2] org.apache.catalina.core.ApplicationContext.log ContextListener: contextDestroyed()
08-Jul-2024 11:42:17.549 情報 [localhost-startStop-1] org.apache.catalina.core.ApplicationContext.log ContextListener: contextInitialized()
08-Jul-2024 11:42:17.549 情報 [localhost-startStop-1] org.apache.catalina.core.ApplicationContext.log SessionListener: contextInitialized()
08-Jul-2024 12:01:02.236 情報 [localhost-startStop-2] org.apache.catalina.core.ApplicationContext.log SessionListener: contextDestroyed()
08-Jul-2024 12:01:02.236 情報 [localhost-startStop-2] org.apache.catalina.core.ApplicationContext.log ContextListener: contextDestroyed()
08-Jul-2024 12:01:06.694 情報 [localhost-startStop-1] org.apache.catalina.core.ApplicationContext.log ContextListener: contextInitialized()
08-Jul-2024 12:01:06.694 情報 [localhost-startStop-1] org.apache.catalina.core.ApplicationContext.log SessionListener: contextInitialized()
08-Jul-2024 12:01:34.383 重大 [http-nio-8080-exec-5] org.apache.catalina.core.ApplicationDispatcher.invoke サーブレット jsp のServlet.service()が例外を投げました
 org.apache.jasper.JasperException: 絶対URI:  http://sun.com/jsp/jstl/core はweb.xmlとこのアプリケーションを配備したJARファイルのどちらかでも解決できません
	at org.apache.jasper.compiler.DefaultErrorHandler.jspError(DefaultErrorHandler.java:55)
	at org.apache.jasper.compiler.ErrorDispatcher.dispatch(ErrorDispatcher.java:293)
	at org.apache.jasper.compiler.ErrorDispatcher.jspError(ErrorDispatcher.java:80)
	at org.apache.jasper.compiler.TagLibraryInfoImpl.generateTldResourcePath(TagLibraryInfoImpl.java:251)
	at org.apache.jasper.compiler.TagLibraryInfoImpl.<init>(TagLibraryInfoImpl.java:122)
	at org.apache.jasper.compiler.Parser.parseTaglibDirective(Parser.java:434)
	at org.apache.jasper.compiler.Parser.parseDirective(Parser.java:492)
	at org.apache.jasper.compiler.Parser.parseElements(Parser.java:1448)
	at org.apache.jasper.compiler.Parser.parse(Parser.java:145)
	at org.apache.jasper.compiler.ParserController.doParse(ParserController.java:244)
	at org.apache.jasper.compiler.ParserController.parse(ParserController.java:105)
	at org.apache.jasper.compiler.Compiler.generateJava(Compiler.java:201)
	at org.apache.jasper.compiler.Compiler.compile(Compiler.java:372)
	at org.apache.jasper.compiler.Compiler.compile(Compiler.java:349)
	at org.apache.jasper.compiler.Compiler.compile(Compiler.java:333)
	at org.apache.jasper.JspCompilationContext.compile(JspCompilationContext.java:600)
	at org.apache.jasper.servlet.JspServletWrapper.service(JspServletWrapper.java:368)
	at org.apache.jasper.servlet.JspServlet.serviceJspFile(JspServlet.java:385)
	at org.apache.jasper.servlet.JspServlet.service(JspServlet.java:329)
	at javax.servlet.http.HttpServlet.service(HttpServlet.java:729)
	at org.apache.catalina.core.ApplicationFilterChain.internalDoFilter(ApplicationFilterChain.java:230)
	at org.apache.catalina.core.ApplicationFilterChain.doFilter(ApplicationFilterChain.java:165)
	at org.apache.tomcat.websocket.server.WsFilter.doFilter(WsFilter.java:52)
	at org.apache.catalina.core.ApplicationFilterChain.internalDoFilter(ApplicationFilterChain.java:192)
	at org.apache.catalina.core.ApplicationFilterChain.doFilter(ApplicationFilterChain.java:165)
	at org.apache.catalina.core.ApplicationDispatcher.invoke(ApplicationDispatcher.java:726)
	at org.apache.catalina.core.ApplicationDispatcher.processRequest(ApplicationDispatcher.java:469)
	at org.apache.catalina.core.ApplicationDispatcher.doForward(ApplicationDispatcher.java:394)
	at org.apache.catalina.core.ApplicationDispatcher.forward(ApplicationDispatcher.java:311)
	at scoremanager.main.StudentCreateExceptionAction.execute(StudentCreateExceptionAction.java:40)
	at tool.FrontController.doGet(FrontController.java:25)
	at tool.FrontController.doPost(FrontController.java:39)
	at javax.servlet.http.HttpServlet.service(HttpServlet.java:648)
	at javax.servlet.http.HttpServlet.service(HttpServlet.java:729)
	at org.apache.catalina.core.ApplicationFilterChain.internalDoFilter(ApplicationFilterChain.java:230)
	at org.apache.catalina.core.ApplicationFilterChain.doFilter(ApplicationFilterChain.java:165)
	at org.apache.tomcat.websocket.server.WsFilter.doFilter(WsFilter.java:52)
	at org.apache.catalina.core.ApplicationFilterChain.internalDoFilter(ApplicationFilterChain.java:192)
	at org.apache.catalina.core.ApplicationFilterChain.doFilter(ApplicationFilterChain.java:165)
	at tool.LoginRequiredFilter.doFilter(LoginRequiredFilter.java:35)
	at org.apache.catalina.core.ApplicationFilterChain.internalDoFilter(ApplicationFilterChain.java:192)
	at org.apache.catalina.core.ApplicationFilterChain.doFilter(ApplicationFilterChain.java:165)
	at tool.EncodingFilter.doFilter(EncodingFilter.java:25)
	at org.apache.catalina.core.ApplicationFilterChain.internalDoFilter(ApplicationFilterChain.java:192)
	at org.apache.catalina.core.ApplicationFilterChain.doFilter(ApplicationFilterChain.java:165)
	at org.apache.catalina.core.StandardWrapperValve.invoke(StandardWrapperValve.java:198)
	at org.apache.catalina.core.StandardContextValve.invoke(StandardContextValve.java:96)
	at org.apache.catalina.authenticator.AuthenticatorBase.invoke(AuthenticatorBase.java:474)
	at org.apache.catalina.core.StandardHostValve.invoke(StandardHostValve.java:140)
	at org.apache.catalina.valves.ErrorReportValve.invoke(ErrorReportValve.java:79)
	at org.apache.catalina.valves.AbstractAccessLogValve.invoke(AbstractAccessLogValve.java:624)
	at org.apache.catalina.core.StandardEngineValve.invoke(StandardEngineValve.java:87)
	at org.apache.catalina.connector.CoyoteAdapter.service(CoyoteAdapter.java:349)
	at org.apache.coyote.http11.Http11Processor.service(Http11Processor.java:783)
	at org.apache.coyote.AbstractProcessorLight.process(AbstractProcessorLight.java:66)
	at org.apache.coyote.AbstractProtocol$ConnectionHandler.process(AbstractProtocol.java:798)
	at org.apache.tomcat.util.net.NioEndpoint$SocketProcessor.doRun(NioEndpoint.java:1434)
	at org.apache.tomcat.util.net.SocketProcessorBase.run(SocketProcessorBase.java:49)
	at java.util.concurrent.ThreadPoolExecutor.runWorker(ThreadPoolExecutor.java:1142)
	at java.util.concurrent.ThreadPoolExecutor$Worker.run(ThreadPoolExecutor.java:617)
	at org.apache.tomcat.util.threads.TaskThread$WrappingRunnable.run(TaskThread.java:61)
	at java.lang.Thread.run(Thread.java:745)

08-Jul-2024 13:52:51.064 情報 [localhost-startStop-2] org.apache.catalina.core.ApplicationContext.log SessionListener: contextDestroyed()
08-Jul-2024 13:52:51.064 情報 [localhost-startStop-2] org.apache.catalina.core.ApplicationContext.log ContextListener: contextDestroyed()
08-Jul-2024 14:18:00.895 情報 [localhost-startStop-1] org.apache.catalina.core.ApplicationContext.log ContextListener: contextInitialized()
08-Jul-2024 14:18:00.895 情報 [localhost-startStop-1] org.apache.catalina.core.ApplicationContext.log SessionListener: contextInitialized()
08-Jul-2024 14:22:30.917 情報 [localhost-startStop-2] org.apache.catalina.core.ApplicationContext.log SessionListener: contextDestroyed()
08-Jul-2024 14:22:30.917 情報 [localhost-startStop-2] org.apache.catalina.core.ApplicationContext.log ContextListener: contextDestroyed()
08-Jul-2024 14:22:33.776 情報 [localhost-startStop-1] org.apache.catalina.core.ApplicationContext.log ContextListener: contextInitialized()
08-Jul-2024 14:22:33.776 情報 [localhost-startStop-1] org.apache.catalina.core.ApplicationContext.log SessionListener: contextInitialized()
08-Jul-2024 15:06:33.953 情報 [localhost-startStop-2] org.apache.catalina.core.ApplicationContext.log SessionListener: contextDestroyed()
08-Jul-2024 15:06:33.953 情報 [localhost-startStop-2] org.apache.catalina.core.ApplicationContext.log ContextListener: contextDestroyed()
