16-Jul-2024 09:32:58.617 情報 [localhost-startStop-1] org.apache.catalina.core.ApplicationContext.log ContextListener: contextInitialized()
16-Jul-2024 09:32:58.617 情報 [localhost-startStop-1] org.apache.catalina.core.ApplicationContext.log SessionListener: contextInitialized()
16-Jul-2024 09:33:10.991 重大 [http-nio-8080-exec-9] org.apache.catalina.core.ApplicationDispatcher.invoke サーブレット jsp のServlet.service()が例外を投げました
 org.apache.jasper.JasperException: /scoremanager/main/test_list.jsp (line: 125, column: 14) ${ タグが終了していません
	at org.apache.jasper.compiler.DefaultErrorHandler.jspError(DefaultErrorHandler.java:41)
	at org.apache.jasper.compiler.ErrorDispatcher.dispatch(ErrorDispatcher.java:291)
	at org.apache.jasper.compiler.ErrorDispatcher.jspError(ErrorDispatcher.java:97)
	at org.apache.jasper.compiler.Parser.parseELExpression(Parser.java:770)
	at org.apache.jasper.compiler.Parser.parseElements(Parser.java:1466)
	at org.apache.jasper.compiler.Parser.parseBody(Parser.java:1686)
	at org.apache.jasper.compiler.Parser.parseOptionalBody(Parser.java:1019)
	at org.apache.jasper.compiler.Parser.parseCustomTag(Parser.java:1294)
	at org.apache.jasper.compiler.Parser.parseElements(Parser.java:1473)
	at org.apache.jasper.compiler.Parser.parseBody(Parser.java:1686)
	at org.apache.jasper.compiler.Parser.parseOptionalBody(Parser.java:1019)
	at org.apache.jasper.compiler.Parser.parseCustomTag(Parser.java:1294)
	at org.apache.jasper.compiler.Parser.parseElements(Parser.java:1473)
	at org.apache.jasper.compiler.Parser.parseBody(Parser.java:1686)
	at org.apache.jasper.compiler.Parser.parseOptionalBody(Parser.java:1019)
	at org.apache.jasper.compiler.Parser.parseCustomTag(Parser.java:1294)
	at org.apache.jasper.compiler.Parser.parseElements(Parser.java:1473)
	at org.apache.jasper.compiler.Parser.parseBody(Parser.java:1686)
	at org.apache.jasper.compiler.Parser.parseOptionalBody(Parser.java:1019)
	at org.apache.jasper.compiler.Parser.parseCustomTag(Parser.java:1294)
	at org.apache.jasper.compiler.Parser.parseElements(Parser.java:1473)
	at org.apache.jasper.compiler.Parser.parseBody(Parser.java:1686)
	at org.apache.jasper.compiler.Parser.parseOptionalBody(Parser.java:1019)
	at org.apache.jasper.compiler.Parser.parseCustomTag(Parser.java:1294)
	at org.apache.jasper.compiler.Parser.parseElements(Parser.java:1473)
	at org.apache.jasper.compiler.Parser.parse(Parser.java:145)
	at org.apache.jasper.compiler.ParserController.doParse(ParserController.java:244)
	at org.apache.jasper.compiler.ParserController.parse(ParserController.java:105)
	at org.apache.jasper.compiler.Compiler.generateJava(Compiler.java:201)
	at org.apache.jasper.compiler.Compiler.compile(Compiler.java:372)
	at org.apache.jasper.compiler.Compiler.compile(Compiler.java:349)
	at org.apache.jasper.compiler.Compiler.compile(Compiler.java:333)
	at org.apache.jasper.JspCompilationContext.compile(JspCompilationContext.java:600)
	at org.apache.jasper.servlet.JspServletWrapper.service(JspServletWrapper.java:368)
	at org.apache.jasper.servlet.JspServlet.serviceJspFile(JspServlet.java:385)
	at org.apache.jasper.servlet.JspServlet.service(JspServlet.java:329)
	at javax.servlet.http.HttpServlet.service(HttpServlet.java:729)
	at org.apache.catalina.core.ApplicationFilterChain.internalDoFilter(ApplicationFilterChain.java:230)
	at org.apache.catalina.core.ApplicationFilterChain.doFilter(ApplicationFilterChain.java:165)
	at org.apache.tomcat.websocket.server.WsFilter.doFilter(WsFilter.java:52)
	at org.apache.catalina.core.ApplicationFilterChain.internalDoFilter(ApplicationFilterChain.java:192)
	at org.apache.catalina.core.ApplicationFilterChain.doFilter(ApplicationFilterChain.java:165)
	at org.apache.catalina.core.ApplicationDispatcher.invoke(ApplicationDispatcher.java:726)
	at org.apache.catalina.core.ApplicationDispatcher.processRequest(ApplicationDispatcher.java:469)
	at org.apache.catalina.core.ApplicationDispatcher.doForward(ApplicationDispatcher.java:394)
	at org.apache.catalina.core.ApplicationDispatcher.forward(ApplicationDispatcher.java:311)
	at scoremanager.main.TestListAction.execute(TestListAction.java:65)
	at tool.FrontController.doGet(FrontController.java:25)
	at javax.servlet.http.HttpServlet.service(HttpServlet.java:622)
	at javax.servlet.http.HttpServlet.service(HttpServlet.java:729)
	at org.apache.catalina.core.ApplicationFilterChain.internalDoFilter(ApplicationFilterChain.java:230)
	at org.apache.catalina.core.ApplicationFilterChain.doFilter(ApplicationFilterChain.java:165)
	at org.apache.tomcat.websocket.server.WsFilter.doFilter(WsFilter.java:52)
	at org.apache.catalina.core.ApplicationFilterChain.internalDoFilter(ApplicationFilterChain.java:192)
	at org.apache.catalina.core.ApplicationFilterChain.doFilter(ApplicationFilterChain.java:165)
	at tool.LoginRequiredFilter.doFilter(LoginRequiredFilter.java:35)
	at org.apache.catalina.core.ApplicationFilterChain.internalDoFilter(ApplicationFilterChain.java:192)
	at org.apache.catalina.core.ApplicationFilterChain.doFilter(ApplicationFilterChain.java:165)
	at tool.EncodingFilter.doFilter(EncodingFilter.java:25)
	at org.apache.catalina.core.ApplicationFilterChain.internalDoFilter(ApplicationFilterChain.java:192)
	at org.apache.catalina.core.ApplicationFilterChain.doFilter(ApplicationFilterChain.java:165)
	at org.apache.catalina.core.StandardWrapperValve.invoke(StandardWrapperValve.java:198)
	at org.apache.catalina.core.StandardContextValve.invoke(StandardContextValve.java:96)
	at org.apache.catalina.authenticator.AuthenticatorBase.invoke(AuthenticatorBase.java:474)
	at org.apache.catalina.core.StandardHostValve.invoke(StandardHostValve.java:140)
	at org.apache.catalina.valves.ErrorReportValve.invoke(ErrorReportValve.java:79)
	at org.apache.catalina.valves.AbstractAccessLogValve.invoke(AbstractAccessLogValve.java:624)
	at org.apache.catalina.core.StandardEngineValve.invoke(StandardEngineValve.java:87)
	at org.apache.catalina.connector.CoyoteAdapter.service(CoyoteAdapter.java:349)
	at org.apache.coyote.http11.Http11Processor.service(Http11Processor.java:783)
	at org.apache.coyote.AbstractProcessorLight.process(AbstractProcessorLight.java:66)
	at org.apache.coyote.AbstractProtocol$ConnectionHandler.process(AbstractProtocol.java:798)
	at org.apache.tomcat.util.net.NioEndpoint$SocketProcessor.doRun(NioEndpoint.java:1434)
	at org.apache.tomcat.util.net.SocketProcessorBase.run(SocketProcessorBase.java:49)
	at java.util.concurrent.ThreadPoolExecutor.runWorker(ThreadPoolExecutor.java:1142)
	at java.util.concurrent.ThreadPoolExecutor$Worker.run(ThreadPoolExecutor.java:617)
	at org.apache.tomcat.util.threads.TaskThread$WrappingRunnable.run(TaskThread.java:61)
	at java.lang.Thread.run(Thread.java:745)

16-Jul-2024 12:01:05.907 情報 [localhost-startStop-2] org.apache.catalina.core.ApplicationContext.log SessionListener: contextDestroyed()
16-Jul-2024 12:01:05.907 情報 [localhost-startStop-2] org.apache.catalina.core.ApplicationContext.log ContextListener: contextDestroyed()
16-Jul-2024 12:01:13.046 情報 [localhost-startStop-1] org.apache.catalina.core.ApplicationContext.log ContextListener: contextInitialized()
16-Jul-2024 12:01:13.046 情報 [localhost-startStop-1] org.apache.catalina.core.ApplicationContext.log SessionListener: contextInitialized()
16-Jul-2024 12:36:04.312 情報 [localhost-startStop-2] org.apache.catalina.core.ApplicationContext.log SessionListener: contextDestroyed()
16-Jul-2024 12:36:04.312 情報 [localhost-startStop-2] org.apache.catalina.core.ApplicationContext.log ContextListener: contextDestroyed()
