29-Mar-2024 09:46:13.768 情報 [localhost-startStop-1] org.apache.catalina.core.ApplicationContext.log ContextListener: contextInitialized()
29-Mar-2024 09:46:13.768 情報 [localhost-startStop-1] org.apache.catalina.core.ApplicationContext.log SessionListener: contextInitialized()
29-Mar-2024 09:52:23.766 情報 [localhost-startStop-2] org.apache.catalina.core.ApplicationContext.log SessionListener: contextDestroyed()
29-Mar-2024 09:52:23.766 情報 [localhost-startStop-2] org.apache.catalina.core.ApplicationContext.log ContextListener: contextDestroyed()
29-Mar-2024 09:52:27.667 情報 [localhost-startStop-1] org.apache.catalina.core.ApplicationContext.log ContextListener: contextInitialized()
29-Mar-2024 09:52:27.667 情報 [localhost-startStop-1] org.apache.catalina.core.ApplicationContext.log SessionListener: contextInitialized()
29-Mar-2024 10:34:12.803 重大 [http-nio-8080-exec-32] org.apache.catalina.core.StandardWrapperValve.invoke Servlet.service() for servlet [jsp] in context with path [/book] threw exception [JSPのクラスをコンパイルできません: 

JSPファイル: /chapter7/hello5.jsp の中の4行目でエラーが発生しました
Syntax error on token "import", delete this token
1: <%@page contentType="text/html; charset=UTF-8" %>
2: <%@include file="../header.html" %>
3: 
4: <%page import="java.util.Date" %>
5: 
6: <p>Hello!</p>
7: <p>こんにちは!</p>


JSPファイル: /chapter7/hello5.jsp の中の4行目でエラーが発生しました
Syntax error, insert ";" to complete Statement
1: <%@page contentType="text/html; charset=UTF-8" %>
2: <%@include file="../header.html" %>
3: 
4: <%page import="java.util.Date" %>
5: 
6: <p>Hello!</p>
7: <p>こんにちは!</p>


JSPファイル: /chapter7/hello5.jsp の中の9行目でエラーが発生しました
Date cannot be resolved to a type
6: <p>Hello!</p>
7: <p>こんにちは!</p>
8: 
9: <p><%= new Date() %></p>
10: 
11: 
12: <%@include file="../footer.html" %>


Stacktrace:] with root cause
 org.apache.jasper.JasperException: JSPのクラスをコンパイルできません: 

JSPファイル: /chapter7/hello5.jsp の中の4行目でエラーが発生しました
Syntax error on token "import", delete this token
1: <%@page contentType="text/html; charset=UTF-8" %>
2: <%@include file="../header.html" %>
3: 
4: <%page import="java.util.Date" %>
5: 
6: <p>Hello!</p>
7: <p>こんにちは!</p>


JSPファイル: /chapter7/hello5.jsp の中の4行目でエラーが発生しました
Syntax error, insert ";" to complete Statement
1: <%@page contentType="text/html; charset=UTF-8" %>
2: <%@include file="../header.html" %>
3: 
4: <%page import="java.util.Date" %>
5: 
6: <p>Hello!</p>
7: <p>こんにちは!</p>


JSPファイル: /chapter7/hello5.jsp の中の9行目でエラーが発生しました
Date cannot be resolved to a type
6: <p>Hello!</p>
7: <p>こんにちは!</p>
8: 
9: <p><%= new Date() %></p>
10: 
11: 
12: <%@include file="../footer.html" %>


Stacktrace:
	at org.apache.jasper.compiler.DefaultErrorHandler.javacError(DefaultErrorHandler.java:102)
	at org.apache.jasper.compiler.ErrorDispatcher.javacError(ErrorDispatcher.java:212)
	at org.apache.jasper.compiler.JDTCompiler.generateClass(JDTCompiler.java:457)
	at org.apache.jasper.compiler.Compiler.compile(Compiler.java:377)
	at org.apache.jasper.compiler.Compiler.compile(Compiler.java:349)
	at org.apache.jasper.compiler.Compiler.compile(Compiler.java:333)
	at org.apache.jasper.JspCompilationContext.compile(JspCompilationContext.java:600)
	at org.apache.jasper.servlet.JspServletWrapper.service(JspServletWrapper.java:368)
	at org.apache.jasper.servlet.JspServlet.serviceJspFile(JspServlet.java:385)
	at org.apache.jasper.servlet.JspServlet.service(JspServlet.java:329)
	at javax.servlet.http.HttpServlet.service(HttpServlet.java:729)
	at org.apache.catalina.core.ApplicationFilterChain.internalDoFilter(ApplicationFilterChain.java:230)
	at org.apache.catalina.core.ApplicationFilterChain.doFilter(ApplicationFilterChain.java:165)
	at org.apache.tomcat.websocket.server.WsFilter.doFilter(WsFilter.java:52)
	at org.apache.catalina.core.ApplicationFilterChain.internalDoFilter(ApplicationFilterChain.java:192)
	at org.apache.catalina.core.ApplicationFilterChain.doFilter(ApplicationFilterChain.java:165)
	at org.apache.catalina.core.StandardWrapperValve.invoke(StandardWrapperValve.java:198)
	at org.apache.catalina.core.StandardContextValve.invoke(StandardContextValve.java:96)
	at org.apache.catalina.authenticator.AuthenticatorBase.invoke(AuthenticatorBase.java:474)
	at org.apache.catalina.core.StandardHostValve.invoke(StandardHostValve.java:140)
	at org.apache.catalina.valves.ErrorReportValve.invoke(ErrorReportValve.java:79)
	at org.apache.catalina.valves.AbstractAccessLogValve.invoke(AbstractAccessLogValve.java:624)
	at org.apache.catalina.core.StandardEngineValve.invoke(StandardEngineValve.java:87)
	at org.apache.catalina.connector.CoyoteAdapter.service(CoyoteAdapter.java:349)
	at org.apache.coyote.http11.Http11Processor.service(Http11Processor.java:783)
	at org.apache.coyote.AbstractProcessorLight.process(AbstractProcessorLight.java:66)
	at org.apache.coyote.AbstractProtocol$ConnectionHandler.process(AbstractProtocol.java:798)
	at org.apache.tomcat.util.net.NioEndpoint$SocketProcessor.doRun(NioEndpoint.java:1434)
	at org.apache.tomcat.util.net.SocketProcessorBase.run(SocketProcessorBase.java:49)
	at java.util.concurrent.ThreadPoolExecutor.runWorker(ThreadPoolExecutor.java:1142)
	at java.util.concurrent.ThreadPoolExecutor$Worker.run(ThreadPoolExecutor.java:617)
	at org.apache.tomcat.util.threads.TaskThread$WrappingRunnable.run(TaskThread.java:61)
	at java.lang.Thread.run(Thread.java:745)

29-Mar-2024 10:35:14.263 重大 [http-nio-8080-exec-24] org.apache.catalina.core.StandardWrapperValve.invoke Servlet.service() for servlet [jsp] in context with path [/book] threw exception [JSPのクラスをコンパイルできません: 

JSPファイル: /chapter7/hello5.jsp の中の4行目でエラーが発生しました
Syntax error on token "import", delete this token
1: <%@page contentType="text/html; charset=UTF-8" %>
2: <%@include file="../header.html" %>
3: 
4: <%page import="java.util.Date" %>
5: 
6: <p>Hello!</p>
7: <p>こんにちは!</p>


JSPファイル: /chapter7/hello5.jsp の中の4行目でエラーが発生しました
Syntax error, insert ";" to complete Statement
1: <%@page contentType="text/html; charset=UTF-8" %>
2: <%@include file="../header.html" %>
3: 
4: <%page import="java.util.Date" %>
5: 
6: <p>Hello!</p>
7: <p>こんにちは!</p>


JSPファイル: /chapter7/hello5.jsp の中の9行目でエラーが発生しました
Date cannot be resolved to a type
6: <p>Hello!</p>
7: <p>こんにちは!</p>
8: 
9: <p><%=new Date() %></p>
10: 
11: 
12: <%@include file="../footer.html" %>


Stacktrace:] with root cause
 org.apache.jasper.JasperException: JSPのクラスをコンパイルできません: 

JSPファイル: /chapter7/hello5.jsp の中の4行目でエラーが発生しました
Syntax error on token "import", delete this token
1: <%@page contentType="text/html; charset=UTF-8" %>
2: <%@include file="../header.html" %>
3: 
4: <%page import="java.util.Date" %>
5: 
6: <p>Hello!</p>
7: <p>こんにちは!</p>


JSPファイル: /chapter7/hello5.jsp の中の4行目でエラーが発生しました
Syntax error, insert ";" to complete Statement
1: <%@page contentType="text/html; charset=UTF-8" %>
2: <%@include file="../header.html" %>
3: 
4: <%page import="java.util.Date" %>
5: 
6: <p>Hello!</p>
7: <p>こんにちは!</p>


JSPファイル: /chapter7/hello5.jsp の中の9行目でエラーが発生しました
Date cannot be resolved to a type
6: <p>Hello!</p>
7: <p>こんにちは!</p>
8: 
9: <p><%=new Date() %></p>
10: 
11: 
12: <%@include file="../footer.html" %>


Stacktrace:
	at org.apache.jasper.compiler.DefaultErrorHandler.javacError(DefaultErrorHandler.java:102)
	at org.apache.jasper.compiler.ErrorDispatcher.javacError(ErrorDispatcher.java:212)
	at org.apache.jasper.compiler.JDTCompiler.generateClass(JDTCompiler.java:457)
	at org.apache.jasper.compiler.Compiler.compile(Compiler.java:377)
	at org.apache.jasper.compiler.Compiler.compile(Compiler.java:349)
	at org.apache.jasper.compiler.Compiler.compile(Compiler.java:333)
	at org.apache.jasper.JspCompilationContext.compile(JspCompilationContext.java:600)
	at org.apache.jasper.servlet.JspServletWrapper.service(JspServletWrapper.java:368)
	at org.apache.jasper.servlet.JspServlet.serviceJspFile(JspServlet.java:385)
	at org.apache.jasper.servlet.JspServlet.service(JspServlet.java:329)
	at javax.servlet.http.HttpServlet.service(HttpServlet.java:729)
	at org.apache.catalina.core.ApplicationFilterChain.internalDoFilter(ApplicationFilterChain.java:230)
	at org.apache.catalina.core.ApplicationFilterChain.doFilter(ApplicationFilterChain.java:165)
	at org.apache.tomcat.websocket.server.WsFilter.doFilter(WsFilter.java:52)
	at org.apache.catalina.core.ApplicationFilterChain.internalDoFilter(ApplicationFilterChain.java:192)
	at org.apache.catalina.core.ApplicationFilterChain.doFilter(ApplicationFilterChain.java:165)
	at org.apache.catalina.core.StandardWrapperValve.invoke(StandardWrapperValve.java:198)
	at org.apache.catalina.core.StandardContextValve.invoke(StandardContextValve.java:96)
	at org.apache.catalina.authenticator.AuthenticatorBase.invoke(AuthenticatorBase.java:474)
	at org.apache.catalina.core.StandardHostValve.invoke(StandardHostValve.java:140)
	at org.apache.catalina.valves.ErrorReportValve.invoke(ErrorReportValve.java:79)
	at org.apache.catalina.valves.AbstractAccessLogValve.invoke(AbstractAccessLogValve.java:624)
	at org.apache.catalina.core.StandardEngineValve.invoke(StandardEngineValve.java:87)
	at org.apache.catalina.connector.CoyoteAdapter.service(CoyoteAdapter.java:349)
	at org.apache.coyote.http11.Http11Processor.service(Http11Processor.java:783)
	at org.apache.coyote.AbstractProcessorLight.process(AbstractProcessorLight.java:66)
	at org.apache.coyote.AbstractProtocol$ConnectionHandler.process(AbstractProtocol.java:798)
	at org.apache.tomcat.util.net.NioEndpoint$SocketProcessor.doRun(NioEndpoint.java:1434)
	at org.apache.tomcat.util.net.SocketProcessorBase.run(SocketProcessorBase.java:49)
	at java.util.concurrent.ThreadPoolExecutor.runWorker(ThreadPoolExecutor.java:1142)
	at java.util.concurrent.ThreadPoolExecutor$Worker.run(ThreadPoolExecutor.java:617)
	at org.apache.tomcat.util.threads.TaskThread$WrappingRunnable.run(TaskThread.java:61)
	at java.lang.Thread.run(Thread.java:745)

29-Mar-2024 12:04:06.717 情報 [localhost-startStop-2] org.apache.catalina.core.ApplicationContext.log SessionListener: contextDestroyed()
29-Mar-2024 12:04:06.717 情報 [localhost-startStop-2] org.apache.catalina.core.ApplicationContext.log ContextListener: contextDestroyed()
